[2025-05-02T07:47:08.663+0000] {local_task_job_runner.py:120} INFO - ::group::Pre task execution logs
[2025-05-02T07:47:09.896+0000] {taskinstance.py:2076} INFO - Dependencies all met for dep_context=non-requeueable deps ti=<TaskInstance: random_user_pipeline.insert_postgres scheduled__2025-04-30T00:00:00+00:00 [queued]>
[2025-05-02T07:47:09.994+0000] {taskinstance.py:2076} INFO - Dependencies all met for dep_context=requeueable deps ti=<TaskInstance: random_user_pipeline.insert_postgres scheduled__2025-04-30T00:00:00+00:00 [queued]>
[2025-05-02T07:47:10.001+0000] {taskinstance.py:2306} INFO - Starting attempt 1 of 2
[2025-05-02T07:47:10.108+0000] {taskinstance.py:2330} INFO - Executing <Task(PythonOperator): insert_postgres> on 2025-04-30 00:00:00+00:00
[2025-05-02T07:47:10.137+0000] {standard_task_runner.py:90} INFO - Running: ['airflow', 'tasks', 'run', 'random_user_pipeline', 'insert_***', 'scheduled__2025-04-30T00:00:00+00:00', '--job-id', '206', '--raw', '--subdir', 'DAGS_FOLDER/random_user_pipeline.py', '--cfg-path', '/tmp/tmprkjivbmo']
[2025-05-02T07:47:10.158+0000] {standard_task_runner.py:91} INFO - Job 206: Subtask insert_***
[2025-05-02T07:47:10.175+0000] {logging_mixin.py:188} WARNING - /home/airflow/.local/lib/python3.12/site-packages/airflow/task/task_runner/standard_task_runner.py:61 DeprecationWarning: This process (pid=1824) is multi-threaded, use of fork() may lead to deadlocks in the child.
[2025-05-02T07:47:10.184+0000] {standard_task_runner.py:63} INFO - Started process 1827 to run task
[2025-05-02T07:47:15.629+0000] {task_command.py:426} INFO - Running <TaskInstance: random_user_pipeline.insert_postgres scheduled__2025-04-30T00:00:00+00:00 [running]> on host 4158771de208
[2025-05-02T07:47:26.662+0000] {taskinstance.py:2648} INFO - Exporting env vars: AIRFLOW_CTX_DAG_OWNER='airflow' AIRFLOW_CTX_DAG_ID='random_user_pipeline' AIRFLOW_CTX_TASK_ID='insert_***' AIRFLOW_CTX_EXECUTION_DATE='2025-04-30T00:00:00+00:00' AIRFLOW_CTX_TRY_NUMBER='1' AIRFLOW_CTX_DAG_RUN_ID='scheduled__2025-04-30T00:00:00+00:00'
[2025-05-02T07:47:26.673+0000] {taskinstance.py:430} INFO - ::endgroup::
[2025-05-02T07:47:26.751+0000] {logging_mixin.py:188} INFO - Parsed using ast.literal_eval (Python dict string).
[2025-05-02T07:47:30.014+0000] {logging_mixin.py:188} INFO - ✅ Database connection established.
[2025-05-02T07:47:30.032+0000] {logging_mixin.py:188} INFO - ✅ Table ready.
[2025-05-02T07:47:30.036+0000] {logging_mixin.py:188} INFO - 
--- Inserting product ---
[2025-05-02T07:47:30.049+0000] {logging_mixin.py:188} INFO - Name: Non dolorem libero voluptas.
[2025-05-02T07:47:30.053+0000] {logging_mixin.py:188} INFO - Description: Distinctio magnam quia sint quo eum dolore animi. Quia repellat in saepe quasi eaque est qui minima. Nihil accusantium reprehenderit consequatur. Sed facere non voluptatem ipsam nulla et dolor.
[2025-05-02T07:47:30.060+0000] {logging_mixin.py:188} INFO - EAN: 6419020424682
[2025-05-02T07:47:30.065+0000] {logging_mixin.py:188} INFO - UPC: 573625309507
[2025-05-02T07:47:30.076+0000] {logging_mixin.py:188} INFO - Image: http://placeimg.com/640/480/tech
[2025-05-02T07:47:30.077+0000] {logging_mixin.py:188} INFO - Net Price: 521201756.48
[2025-05-02T07:47:30.086+0000] {logging_mixin.py:188} INFO - Taxes: 22.0
[2025-05-02T07:47:30.103+0000] {logging_mixin.py:188} INFO - Price: 635866142.91
[2025-05-02T07:47:30.120+0000] {logging_mixin.py:188} INFO - 
--- Inserting product ---
[2025-05-02T07:47:30.122+0000] {logging_mixin.py:188} INFO - Name: Inventore est a aut quia.
[2025-05-02T07:47:30.124+0000] {logging_mixin.py:188} INFO - Description: A labore voluptates ullam corrupti. Dicta quidem ex officiis quis dolore non inventore non. Quidem quia quia tempora qui molestiae dolores.
[2025-05-02T07:47:30.128+0000] {logging_mixin.py:188} INFO - EAN: 7499371304375
[2025-05-02T07:47:30.129+0000] {logging_mixin.py:188} INFO - UPC: 241758172427
[2025-05-02T07:47:30.131+0000] {logging_mixin.py:188} INFO - Image: http://placeimg.com/640/480/tech
[2025-05-02T07:47:30.134+0000] {logging_mixin.py:188} INFO - Net Price: 130.97
[2025-05-02T07:47:30.139+0000] {logging_mixin.py:188} INFO - Taxes: 22.0
[2025-05-02T07:47:30.147+0000] {logging_mixin.py:188} INFO - Price: 159.78
[2025-05-02T07:47:30.153+0000] {logging_mixin.py:188} INFO - 
--- Inserting product ---
[2025-05-02T07:47:30.161+0000] {logging_mixin.py:188} INFO - Name: Sit modi officia iste iste.
[2025-05-02T07:47:30.172+0000] {logging_mixin.py:188} INFO - Description: Corrupti omnis labore quam ullam. Est quidem natus cum eum voluptas numquam sint. Inventore sit debitis nemo nobis quia eligendi velit.
[2025-05-02T07:47:30.187+0000] {logging_mixin.py:188} INFO - EAN: 7698345709417
[2025-05-02T07:47:30.190+0000] {logging_mixin.py:188} INFO - UPC: 076617385277
[2025-05-02T07:47:30.200+0000] {logging_mixin.py:188} INFO - Image: http://placeimg.com/640/480/tech
[2025-05-02T07:47:30.207+0000] {logging_mixin.py:188} INFO - Net Price: 867962.38
[2025-05-02T07:47:30.212+0000] {logging_mixin.py:188} INFO - Taxes: 22.0
[2025-05-02T07:47:30.230+0000] {logging_mixin.py:188} INFO - Price: 1058914.1
[2025-05-02T07:47:30.239+0000] {logging_mixin.py:188} INFO - 
--- Inserting product ---
[2025-05-02T07:47:30.259+0000] {logging_mixin.py:188} INFO - Name: Natus velit vel omnis.
[2025-05-02T07:47:30.269+0000] {logging_mixin.py:188} INFO - Description: Quos sunt iure saepe explicabo dolorem veniam. Quasi repellat dicta accusamus.
[2025-05-02T07:47:30.286+0000] {logging_mixin.py:188} INFO - EAN: 9276031073585
[2025-05-02T07:47:30.336+0000] {logging_mixin.py:188} INFO - UPC: 723881150363
[2025-05-02T07:47:30.367+0000] {logging_mixin.py:188} INFO - Image: http://placeimg.com/640/480/tech
[2025-05-02T07:47:30.385+0000] {logging_mixin.py:188} INFO - Net Price: 439.19
[2025-05-02T07:47:30.407+0000] {logging_mixin.py:188} INFO - Taxes: 22.0
[2025-05-02T07:47:30.421+0000] {logging_mixin.py:188} INFO - Price: 535.81
[2025-05-02T07:47:30.448+0000] {logging_mixin.py:188} INFO - 
--- Inserting product ---
[2025-05-02T07:47:30.465+0000] {logging_mixin.py:188} INFO - Name: Vero et cupiditate numquam.
[2025-05-02T07:47:30.475+0000] {logging_mixin.py:188} INFO - Description: Et at accusantium deserunt eaque voluptatem sit. Magnam deleniti nisi enim hic. Accusamus et et quos iste eligendi atque. Dolor aut laudantium facere.
[2025-05-02T07:47:30.481+0000] {logging_mixin.py:188} INFO - EAN: 2880367400624
[2025-05-02T07:47:30.484+0000] {logging_mixin.py:188} INFO - UPC: 755177482425
[2025-05-02T07:47:30.488+0000] {logging_mixin.py:188} INFO - Image: http://placeimg.com/640/480/tech
[2025-05-02T07:47:30.492+0000] {logging_mixin.py:188} INFO - Net Price: 5949262.96
[2025-05-02T07:47:30.499+0000] {logging_mixin.py:188} INFO - Taxes: 22.0
[2025-05-02T07:47:30.500+0000] {logging_mixin.py:188} INFO - Price: 7258100.81
[2025-05-02T07:47:30.507+0000] {logging_mixin.py:188} INFO - 
--- Inserting product ---
[2025-05-02T07:47:30.510+0000] {logging_mixin.py:188} INFO - Name: Aut voluptas cum voluptatem.
[2025-05-02T07:47:30.513+0000] {logging_mixin.py:188} INFO - Description: Laborum eum nulla aspernatur rem consequuntur. Illo molestias consequuntur qui quam praesentium quisquam recusandae. Ut quia consequuntur possimus voluptatem excepturi ut.
[2025-05-02T07:47:30.516+0000] {logging_mixin.py:188} INFO - EAN: 7425312128212
[2025-05-02T07:47:30.517+0000] {logging_mixin.py:188} INFO - UPC: 655801051484
[2025-05-02T07:47:30.519+0000] {logging_mixin.py:188} INFO - Image: http://placeimg.com/640/480/tech
[2025-05-02T07:47:30.520+0000] {logging_mixin.py:188} INFO - Net Price: 3.28
[2025-05-02T07:47:30.522+0000] {logging_mixin.py:188} INFO - Taxes: 22.0
[2025-05-02T07:47:30.524+0000] {logging_mixin.py:188} INFO - Price: 4.0
[2025-05-02T07:47:30.532+0000] {logging_mixin.py:188} INFO - 
--- Inserting product ---
[2025-05-02T07:47:30.534+0000] {logging_mixin.py:188} INFO - Name: Dolor odit quas velit ipsa.
[2025-05-02T07:47:30.537+0000] {logging_mixin.py:188} INFO - Description: Accusamus et laudantium et. Aut est id mollitia nisi in id sapiente. Veritatis beatae minima molestiae error commodi quaerat omnis. Qui repudiandae iusto ut cupiditate placeat accusantium.
[2025-05-02T07:47:30.540+0000] {logging_mixin.py:188} INFO - EAN: 5380352310879
[2025-05-02T07:47:30.544+0000] {logging_mixin.py:188} INFO - UPC: 393558543921
[2025-05-02T07:47:30.550+0000] {logging_mixin.py:188} INFO - Image: http://placeimg.com/640/480/tech
[2025-05-02T07:47:30.556+0000] {logging_mixin.py:188} INFO - Net Price: 14.03
[2025-05-02T07:47:30.562+0000] {logging_mixin.py:188} INFO - Taxes: 22.0
[2025-05-02T07:47:30.567+0000] {logging_mixin.py:188} INFO - Price: 17.12
[2025-05-02T07:47:30.581+0000] {logging_mixin.py:188} INFO - 
--- Inserting product ---
[2025-05-02T07:47:30.594+0000] {logging_mixin.py:188} INFO - Name: Nesciunt omnis nisi autem.
[2025-05-02T07:47:30.599+0000] {logging_mixin.py:188} INFO - Description: In dignissimos praesentium sunt repellat rerum expedita cumque. Ratione voluptatem aliquam ad error. Nam quisquam eos eum sit. Explicabo non ut magnam perspiciatis qui voluptas repellat.
[2025-05-02T07:47:30.636+0000] {logging_mixin.py:188} INFO - EAN: 6819781460637
[2025-05-02T07:47:30.639+0000] {logging_mixin.py:188} INFO - UPC: 558376495610
[2025-05-02T07:47:30.644+0000] {logging_mixin.py:188} INFO - Image: http://placeimg.com/640/480/tech
[2025-05-02T07:47:30.646+0000] {logging_mixin.py:188} INFO - Net Price: 663945459.69
[2025-05-02T07:47:30.657+0000] {logging_mixin.py:188} INFO - Taxes: 22.0
[2025-05-02T07:47:30.659+0000] {logging_mixin.py:188} INFO - Price: 810013460.82
[2025-05-02T07:47:30.686+0000] {logging_mixin.py:188} INFO - 
--- Inserting product ---
[2025-05-02T07:47:30.711+0000] {logging_mixin.py:188} INFO - Name: Et optio dolores magni.
[2025-05-02T07:47:30.721+0000] {logging_mixin.py:188} INFO - Description: Et dolorem repellendus qui nobis. Eveniet et nisi excepturi ipsam ea atque atque quasi. Atque dolor dolorem nam facere.
[2025-05-02T07:47:30.723+0000] {logging_mixin.py:188} INFO - EAN: 3682189254350
[2025-05-02T07:47:30.725+0000] {logging_mixin.py:188} INFO - UPC: 604215549641
[2025-05-02T07:47:30.731+0000] {logging_mixin.py:188} INFO - Image: http://placeimg.com/640/480/tech
[2025-05-02T07:47:30.740+0000] {logging_mixin.py:188} INFO - Net Price: 2643.61
[2025-05-02T07:47:30.754+0000] {logging_mixin.py:188} INFO - Taxes: 22.0
[2025-05-02T07:47:30.762+0000] {logging_mixin.py:188} INFO - Price: 3225.2
[2025-05-02T07:47:30.781+0000] {logging_mixin.py:188} INFO - 
--- Inserting product ---
[2025-05-02T07:47:30.802+0000] {logging_mixin.py:188} INFO - Name: Placeat quos qui ipsa.
[2025-05-02T07:47:30.813+0000] {logging_mixin.py:188} INFO - Description: Eaque natus ex sed et consequuntur rerum. Quidem minima inventore saepe reprehenderit porro quos. Animi dolorem a aut quasi architecto quod quam at. Illo numquam impedit tenetur nihil.
[2025-05-02T07:47:30.829+0000] {logging_mixin.py:188} INFO - EAN: 7201298169780
[2025-05-02T07:47:30.839+0000] {logging_mixin.py:188} INFO - UPC: 653021263069
[2025-05-02T07:47:30.845+0000] {logging_mixin.py:188} INFO - Image: http://placeimg.com/640/480/tech
[2025-05-02T07:47:30.847+0000] {logging_mixin.py:188} INFO - Net Price: 86327903.1
[2025-05-02T07:47:30.849+0000] {logging_mixin.py:188} INFO - Taxes: 22.0
[2025-05-02T07:47:30.855+0000] {logging_mixin.py:188} INFO - Price: 105320041.78
[2025-05-02T07:47:30.883+0000] {logging_mixin.py:188} INFO - 
✅ Inserted 10 products successfully.
[2025-05-02T07:47:30.888+0000] {logging_mixin.py:188} INFO - 🔒 DB connection closed.
[2025-05-02T07:47:30.896+0000] {python.py:237} INFO - Done. Returned value was: None
[2025-05-02T07:47:30.918+0000] {taskinstance.py:441} INFO - ::group::Post task execution logs
[2025-05-02T07:47:32.524+0000] {taskinstance.py:1206} INFO - Marking task as SUCCESS. dag_id=random_user_pipeline, task_id=insert_***, run_id=scheduled__2025-04-30T00:00:00+00:00, execution_date=20250430T000000, start_date=20250502T074709, end_date=20250502T074732
[2025-05-02T07:47:33.016+0000] {local_task_job_runner.py:240} INFO - Task exited with return code 0
[2025-05-02T07:47:35.034+0000] {taskinstance.py:3503} INFO - 0 downstream tasks scheduled from follow-on schedule check
[2025-05-02T07:47:35.070+0000] {local_task_job_runner.py:222} INFO - ::endgroup::
