[2025-06-04T02:46:36.722+0000] {local_task_job_runner.py:120} INFO - ::group::Pre task execution logs
[2025-06-04T02:46:37.323+0000] {taskinstance.py:2076} INFO - Dependencies all met for dep_context=non-requeueable deps ti=<TaskInstance: random_user_pipeline.wait_for_existing_data scheduled__2025-06-03T00:00:00+00:00 [queued]>
[2025-06-04T02:46:37.417+0000] {taskinstance.py:2076} INFO - Dependencies all met for dep_context=requeueable deps ti=<TaskInstance: random_user_pipeline.wait_for_existing_data scheduled__2025-06-03T00:00:00+00:00 [queued]>
[2025-06-04T02:46:37.421+0000] {taskinstance.py:2306} INFO - Starting attempt 1 of 2
[2025-06-04T02:46:37.557+0000] {taskinstance.py:2330} INFO - Executing <Task(SqlSensor): wait_for_existing_data> on 2025-06-03 00:00:00+00:00
[2025-06-04T02:46:37.588+0000] {standard_task_runner.py:90} INFO - Running: ['airflow', 'tasks', 'run', 'random_user_pipeline', 'wait_for_existing_data', 'scheduled__2025-06-03T00:00:00+00:00', '--job-id', '464', '--raw', '--subdir', 'DAGS_FOLDER/random_user_pipeline.py', '--cfg-path', '/tmp/tmp4dw1kjxe']
[2025-06-04T02:46:37.588+0000] {logging_mixin.py:188} WARNING - /home/airflow/.local/lib/python3.12/site-packages/airflow/task/task_runner/standard_task_runner.py:61 DeprecationWarning: This process (pid=4127) is multi-threaded, use of fork() may lead to deadlocks in the child.
[2025-06-04T02:46:37.596+0000] {standard_task_runner.py:91} INFO - Job 464: Subtask wait_for_existing_data
[2025-06-04T02:46:37.598+0000] {standard_task_runner.py:63} INFO - Started process 4133 to run task
[2025-06-04T02:46:39.200+0000] {task_command.py:426} INFO - Running <TaskInstance: random_user_pipeline.wait_for_existing_data scheduled__2025-06-03T00:00:00+00:00 [running]> on host 87db888b1009
[2025-06-04T02:46:41.270+0000] {taskinstance.py:2648} INFO - Exporting env vars: AIRFLOW_CTX_DAG_EMAIL='papala.ramesh@quation.in,smilesoframs@gmail.com' AIRFLOW_CTX_DAG_OWNER='airflow' AIRFLOW_CTX_DAG_ID='random_user_pipeline' AIRFLOW_CTX_TASK_ID='wait_for_existing_data' AIRFLOW_CTX_EXECUTION_DATE='2025-06-03T00:00:00+00:00' AIRFLOW_CTX_TRY_NUMBER='1' AIRFLOW_CTX_DAG_RUN_ID='scheduled__2025-06-03T00:00:00+00:00'
[2025-06-04T02:46:41.272+0000] {taskinstance.py:430} INFO - ::endgroup::
[2025-06-04T02:46:41.390+0000] {crypto.py:82} WARNING - empty cryptography key - values will not be stored encrypted.
[2025-06-04T02:46:41.393+0000] {base.py:84} INFO - Using connection ID '***_default' for task execution.
[2025-06-04T02:46:41.419+0000] {sql.py:95} INFO - Poking: SELECT 1 FROM products WHERE DATE(created_at) = CURRENT_DATE LIMIT 1; (with parameters None)
[2025-06-04T02:46:41.422+0000] {base.py:84} INFO - Using connection ID '***_default' for task execution.
[2025-06-04T02:46:41.756+0000] {sql.py:487} INFO - Running statement: SELECT 1 FROM products WHERE DATE(created_at) = CURRENT_DATE LIMIT 1;, parameters: None
[2025-06-04T02:46:41.769+0000] {sql.py:496} INFO - Rows affected: 0
[2025-06-04T02:47:11.778+0000] {base.py:84} INFO - Using connection ID '***_default' for task execution.
[2025-06-04T02:47:11.782+0000] {sql.py:95} INFO - Poking: SELECT 1 FROM products WHERE DATE(created_at) = CURRENT_DATE LIMIT 1; (with parameters None)
[2025-06-04T02:47:11.784+0000] {base.py:84} INFO - Using connection ID '***_default' for task execution.
[2025-06-04T02:47:11.983+0000] {sql.py:487} INFO - Running statement: SELECT 1 FROM products WHERE DATE(created_at) = CURRENT_DATE LIMIT 1;, parameters: None
[2025-06-04T02:47:11.991+0000] {sql.py:496} INFO - Rows affected: 0
[2025-06-04T02:47:39.775+0000] {base.py:84} INFO - Using connection ID '***_default' for task execution.
[2025-06-04T02:47:39.776+0000] {sql.py:95} INFO - Poking: SELECT 1 FROM products WHERE DATE(created_at) = CURRENT_DATE LIMIT 1; (with parameters None)
[2025-06-04T02:47:39.778+0000] {base.py:84} INFO - Using connection ID '***_default' for task execution.
[2025-06-04T02:47:39.971+0000] {sql.py:487} INFO - Running statement: SELECT 1 FROM products WHERE DATE(created_at) = CURRENT_DATE LIMIT 1;, parameters: None
[2025-06-04T02:47:39.978+0000] {sql.py:496} INFO - Rows affected: 0
[2025-06-04T02:48:09.979+0000] {base.py:84} INFO - Using connection ID '***_default' for task execution.
[2025-06-04T02:48:09.981+0000] {sql.py:95} INFO - Poking: SELECT 1 FROM products WHERE DATE(created_at) = CURRENT_DATE LIMIT 1; (with parameters None)
[2025-06-04T02:48:09.983+0000] {base.py:84} INFO - Using connection ID '***_default' for task execution.
[2025-06-04T02:48:10.192+0000] {sql.py:487} INFO - Running statement: SELECT 1 FROM products WHERE DATE(created_at) = CURRENT_DATE LIMIT 1;, parameters: None
[2025-06-04T02:48:10.198+0000] {sql.py:496} INFO - Rows affected: 0
[2025-06-04T02:48:40.199+0000] {base.py:84} INFO - Using connection ID '***_default' for task execution.
[2025-06-04T02:48:40.200+0000] {sql.py:95} INFO - Poking: SELECT 1 FROM products WHERE DATE(created_at) = CURRENT_DATE LIMIT 1; (with parameters None)
[2025-06-04T02:48:40.201+0000] {base.py:84} INFO - Using connection ID '***_default' for task execution.
[2025-06-04T02:48:40.370+0000] {sql.py:487} INFO - Running statement: SELECT 1 FROM products WHERE DATE(created_at) = CURRENT_DATE LIMIT 1;, parameters: None
[2025-06-04T02:48:40.378+0000] {sql.py:496} INFO - Rows affected: 0
[2025-06-04T02:48:40.381+0000] {taskinstance.py:441} INFO - ::group::Post task execution logs
[2025-06-04T02:48:40.383+0000] {taskinstance.py:2905} ERROR - Task failed with exception
Traceback (most recent call last):
  File "/home/airflow/.local/lib/python3.12/site-packages/airflow/models/taskinstance.py", line 465, in _execute_task
    result = _execute_callable(context=context, **execute_callable_kwargs)
             ^^^^^^^^^^^^^^^^^^^^^^^^^^^^^^^^^^^^^^^^^^^^^^^^^^^^^^^^^^^^^
  File "/home/airflow/.local/lib/python3.12/site-packages/airflow/models/taskinstance.py", line 432, in _execute_callable
    return execute_callable(context=context, **execute_callable_kwargs)
           ^^^^^^^^^^^^^^^^^^^^^^^^^^^^^^^^^^^^^^^^^^^^^^^^^^^^^^^^^^^^
  File "/home/airflow/.local/lib/python3.12/site-packages/airflow/models/baseoperator.py", line 401, in wrapper
    return func(self, *args, **kwargs)
           ^^^^^^^^^^^^^^^^^^^^^^^^^^^
  File "/home/airflow/.local/lib/python3.12/site-packages/airflow/sensors/base.py", line 281, in execute
    raise AirflowSensorTimeout(message)
airflow.exceptions.AirflowSensorTimeout: Sensor has timed out; run duration of 121.23501146499984 seconds exceeds the specified timeout of 120.0.
[2025-06-04T02:48:40.617+0000] {taskinstance.py:1206} INFO - Immediate failure requested. Marking task as FAILED. dag_id=random_user_pipeline, task_id=wait_for_existing_data, run_id=scheduled__2025-06-03T00:00:00+00:00, execution_date=20250603T000000, start_date=20250604T024637, end_date=20250604T024840
[2025-06-04T02:48:40.680+0000] {logging_mixin.py:188} WARNING - /home/airflow/.local/lib/python3.12/site-packages/airflow/utils/email.py:154 RemovedInAirflow3Warning: Fetching SMTP credentials from configuration variables will be deprecated in a future release. Please set credentials using a connection instead.
[2025-06-04T02:48:40.682+0000] {email.py:271} INFO - Email alerting: attempt 1
[2025-06-04T02:48:42.431+0000] {email.py:282} INFO - Sent an alert email to ['papala.ramesh@quation.in', 'smilesoframs@gmail.com']
[2025-06-04T02:48:44.702+0000] {standard_task_runner.py:110} ERROR - Failed to execute job 464 for task wait_for_existing_data (Sensor has timed out; run duration of 121.23501146499984 seconds exceeds the specified timeout of 120.0.; 4133)
[2025-06-04T02:48:44.747+0000] {local_task_job_runner.py:240} INFO - Task exited with return code 1
[2025-06-04T02:48:44.944+0000] {logging_mixin.py:188} WARNING - /home/airflow/.local/lib/python3.12/site-packages/airflow/models/baseoperator.py:1297 AirflowProviderDeprecationWarning: Call to deprecated class PostgresOperator. (Please use `airflow.providers.common.sql.operators.sql.SQLExecuteQueryOperator`.Also, you can provide `hook_params={'schema': <database>}`.)
[2025-06-04T02:48:45.008+0000] {taskinstance.py:3503} INFO - 0 downstream tasks scheduled from follow-on schedule check
[2025-06-04T02:48:45.017+0000] {local_task_job_runner.py:222} INFO - ::endgroup::
