[2025-06-05T03:29:34.143+0000] {local_task_job_runner.py:120} INFO - ::group::Pre task execution logs
[2025-06-05T03:29:35.310+0000] {taskinstance.py:2076} INFO - Dependencies all met for dep_context=non-requeueable deps ti=<TaskInstance: random_user_pipeline.wait_for_existing_data scheduled__2025-06-04T00:00:00+00:00 [queued]>
[2025-06-05T03:29:35.406+0000] {taskinstance.py:2076} INFO - Dependencies all met for dep_context=requeueable deps ti=<TaskInstance: random_user_pipeline.wait_for_existing_data scheduled__2025-06-04T00:00:00+00:00 [queued]>
[2025-06-05T03:29:35.416+0000] {taskinstance.py:2306} INFO - Starting attempt 1 of 2
[2025-06-05T03:29:35.555+0000] {taskinstance.py:2330} INFO - Executing <Task(SqlSensor): wait_for_existing_data> on 2025-06-04 00:00:00+00:00
[2025-06-05T03:29:35.597+0000] {logging_mixin.py:188} WARNING - /home/airflow/.local/lib/python3.12/site-packages/airflow/task/task_runner/standard_task_runner.py:61 DeprecationWarning: This process (pid=5004) is multi-threaded, use of fork() may lead to deadlocks in the child.
[2025-06-05T03:29:35.595+0000] {standard_task_runner.py:90} INFO - Running: ['airflow', 'tasks', 'run', 'random_user_pipeline', 'wait_for_existing_data', 'scheduled__2025-06-04T00:00:00+00:00', '--job-id', '465', '--raw', '--subdir', 'DAGS_FOLDER/random_user_pipeline.py', '--cfg-path', '/tmp/tmpo_b7q0bz']
[2025-06-05T03:29:35.620+0000] {standard_task_runner.py:63} INFO - Started process 5008 to run task
[2025-06-05T03:29:35.647+0000] {standard_task_runner.py:91} INFO - Job 465: Subtask wait_for_existing_data
[2025-06-05T03:29:38.674+0000] {task_command.py:426} INFO - Running <TaskInstance: random_user_pipeline.wait_for_existing_data scheduled__2025-06-04T00:00:00+00:00 [running]> on host 87db888b1009
[2025-06-05T03:29:40.340+0000] {taskinstance.py:2648} INFO - Exporting env vars: AIRFLOW_CTX_DAG_EMAIL='papala.ramesh@quation.in,smilesoframs@gmail.com' AIRFLOW_CTX_DAG_OWNER='airflow' AIRFLOW_CTX_DAG_ID='random_user_pipeline' AIRFLOW_CTX_TASK_ID='wait_for_existing_data' AIRFLOW_CTX_EXECUTION_DATE='2025-06-04T00:00:00+00:00' AIRFLOW_CTX_TRY_NUMBER='1' AIRFLOW_CTX_DAG_RUN_ID='scheduled__2025-06-04T00:00:00+00:00'
[2025-06-05T03:29:40.345+0000] {taskinstance.py:430} INFO - ::endgroup::
[2025-06-05T03:29:40.454+0000] {crypto.py:82} WARNING - empty cryptography key - values will not be stored encrypted.
[2025-06-05T03:29:40.476+0000] {base.py:84} INFO - Using connection ID '***_default' for task execution.
[2025-06-05T03:29:40.504+0000] {sql.py:95} INFO - Poking: SELECT 1 FROM products WHERE DATE(created_at) = CURRENT_DATE LIMIT 1; (with parameters None)
[2025-06-05T03:29:40.510+0000] {base.py:84} INFO - Using connection ID '***_default' for task execution.
[2025-06-05T03:29:40.845+0000] {sql.py:487} INFO - Running statement: SELECT 1 FROM products WHERE DATE(created_at) = CURRENT_DATE LIMIT 1;, parameters: None
[2025-06-05T03:29:40.871+0000] {sql.py:496} INFO - Rows affected: 0
[2025-06-05T03:30:10.879+0000] {base.py:84} INFO - Using connection ID '***_default' for task execution.
[2025-06-05T03:30:10.893+0000] {sql.py:95} INFO - Poking: SELECT 1 FROM products WHERE DATE(created_at) = CURRENT_DATE LIMIT 1; (with parameters None)
[2025-06-05T03:30:10.895+0000] {base.py:84} INFO - Using connection ID '***_default' for task execution.
[2025-06-05T03:30:11.126+0000] {sql.py:487} INFO - Running statement: SELECT 1 FROM products WHERE DATE(created_at) = CURRENT_DATE LIMIT 1;, parameters: None
[2025-06-05T03:30:11.134+0000] {sql.py:496} INFO - Rows affected: 0
[2025-06-05T03:30:38.475+0000] {base.py:84} INFO - Using connection ID '***_default' for task execution.
[2025-06-05T03:30:38.476+0000] {sql.py:95} INFO - Poking: SELECT 1 FROM products WHERE DATE(created_at) = CURRENT_DATE LIMIT 1; (with parameters None)
[2025-06-05T03:30:38.477+0000] {base.py:84} INFO - Using connection ID '***_default' for task execution.
[2025-06-05T03:30:38.703+0000] {sql.py:487} INFO - Running statement: SELECT 1 FROM products WHERE DATE(created_at) = CURRENT_DATE LIMIT 1;, parameters: None
[2025-06-05T03:30:38.709+0000] {sql.py:496} INFO - Rows affected: 0
[2025-06-05T03:31:08.708+0000] {base.py:84} INFO - Using connection ID '***_default' for task execution.
[2025-06-05T03:31:08.709+0000] {sql.py:95} INFO - Poking: SELECT 1 FROM products WHERE DATE(created_at) = CURRENT_DATE LIMIT 1; (with parameters None)
[2025-06-05T03:31:08.710+0000] {base.py:84} INFO - Using connection ID '***_default' for task execution.
[2025-06-05T03:31:08.862+0000] {sql.py:487} INFO - Running statement: SELECT 1 FROM products WHERE DATE(created_at) = CURRENT_DATE LIMIT 1;, parameters: None
[2025-06-05T03:31:08.866+0000] {sql.py:496} INFO - Rows affected: 0
[2025-06-05T03:31:38.864+0000] {base.py:84} INFO - Using connection ID '***_default' for task execution.
[2025-06-05T03:31:38.865+0000] {sql.py:95} INFO - Poking: SELECT 1 FROM products WHERE DATE(created_at) = CURRENT_DATE LIMIT 1; (with parameters None)
[2025-06-05T03:31:38.867+0000] {base.py:84} INFO - Using connection ID '***_default' for task execution.
[2025-06-05T03:31:39.021+0000] {sql.py:487} INFO - Running statement: SELECT 1 FROM products WHERE DATE(created_at) = CURRENT_DATE LIMIT 1;, parameters: None
[2025-06-05T03:31:39.026+0000] {sql.py:496} INFO - Rows affected: 0
[2025-06-05T03:31:39.029+0000] {taskinstance.py:441} INFO - ::group::Post task execution logs
[2025-06-05T03:31:39.030+0000] {taskinstance.py:2905} ERROR - Task failed with exception
Traceback (most recent call last):
  File "/home/airflow/.local/lib/python3.12/site-packages/airflow/models/taskinstance.py", line 465, in _execute_task
    result = _execute_callable(context=context, **execute_callable_kwargs)
             ^^^^^^^^^^^^^^^^^^^^^^^^^^^^^^^^^^^^^^^^^^^^^^^^^^^^^^^^^^^^^
  File "/home/airflow/.local/lib/python3.12/site-packages/airflow/models/taskinstance.py", line 432, in _execute_callable
    return execute_callable(context=context, **execute_callable_kwargs)
           ^^^^^^^^^^^^^^^^^^^^^^^^^^^^^^^^^^^^^^^^^^^^^^^^^^^^^^^^^^^^
  File "/home/airflow/.local/lib/python3.12/site-packages/airflow/models/baseoperator.py", line 401, in wrapper
    return func(self, *args, **kwargs)
           ^^^^^^^^^^^^^^^^^^^^^^^^^^^
  File "/home/airflow/.local/lib/python3.12/site-packages/airflow/sensors/base.py", line 281, in execute
    raise AirflowSensorTimeout(message)
airflow.exceptions.AirflowSensorTimeout: Sensor has timed out; run duration of 121.2590658199988 seconds exceeds the specified timeout of 120.0.
[2025-06-05T03:31:39.217+0000] {taskinstance.py:1206} INFO - Immediate failure requested. Marking task as FAILED. dag_id=random_user_pipeline, task_id=wait_for_existing_data, run_id=scheduled__2025-06-04T00:00:00+00:00, execution_date=20250604T000000, start_date=20250605T032935, end_date=20250605T033139
[2025-06-05T03:31:39.269+0000] {logging_mixin.py:188} WARNING - /home/airflow/.local/lib/python3.12/site-packages/airflow/utils/email.py:154 RemovedInAirflow3Warning: Fetching SMTP credentials from configuration variables will be deprecated in a future release. Please set credentials using a connection instead.
[2025-06-05T03:31:39.270+0000] {email.py:271} INFO - Email alerting: attempt 1
[2025-06-05T03:31:41.405+0000] {email.py:282} INFO - Sent an alert email to ['papala.ramesh@quation.in', 'smilesoframs@gmail.com']
[2025-06-05T03:31:43.914+0000] {standard_task_runner.py:110} ERROR - Failed to execute job 465 for task wait_for_existing_data (Sensor has timed out; run duration of 121.2590658199988 seconds exceeds the specified timeout of 120.0.; 5008)
[2025-06-05T03:31:43.927+0000] {local_task_job_runner.py:240} INFO - Task exited with return code 1
[2025-06-05T03:31:44.076+0000] {logging_mixin.py:188} WARNING - /home/airflow/.local/lib/python3.12/site-packages/airflow/models/baseoperator.py:1297 AirflowProviderDeprecationWarning: Call to deprecated class PostgresOperator. (Please use `airflow.providers.common.sql.operators.sql.SQLExecuteQueryOperator`.Also, you can provide `hook_params={'schema': <database>}`.)
[2025-06-05T03:31:44.117+0000] {taskinstance.py:3503} INFO - 0 downstream tasks scheduled from follow-on schedule check
[2025-06-05T03:31:44.126+0000] {local_task_job_runner.py:222} INFO - ::endgroup::
