[2025-04-29T15:44:44.996+0000] {local_task_job_runner.py:120} INFO - ::group::Pre task execution logs
[2025-04-29T15:44:45.215+0000] {taskinstance.py:2076} INFO - Dependencies all met for dep_context=non-requeueable deps ti=<TaskInstance: random_user_pipeline.insert_postgres manual__2025-04-29T15:44:37.099591+00:00 [queued]>
[2025-04-29T15:44:45.228+0000] {taskinstance.py:2076} INFO - Dependencies all met for dep_context=requeueable deps ti=<TaskInstance: random_user_pipeline.insert_postgres manual__2025-04-29T15:44:37.099591+00:00 [queued]>
[2025-04-29T15:44:45.230+0000] {taskinstance.py:2306} INFO - Starting attempt 1 of 2
[2025-04-29T15:44:45.250+0000] {taskinstance.py:2330} INFO - Executing <Task(PythonOperator): insert_postgres> on 2025-04-29 15:44:37.099591+00:00
[2025-04-29T15:44:45.256+0000] {standard_task_runner.py:90} INFO - Running: ['airflow', 'tasks', 'run', 'random_user_pipeline', 'insert_***', 'manual__2025-04-29T15:44:37.099591+00:00', '--job-id', '195', '--raw', '--subdir', 'DAGS_FOLDER/random_user_pipeline.py', '--cfg-path', '/tmp/tmp8molcof5']
[2025-04-29T15:44:45.259+0000] {standard_task_runner.py:91} INFO - Job 195: Subtask insert_***
[2025-04-29T15:44:45.259+0000] {logging_mixin.py:188} WARNING - /home/airflow/.local/lib/python3.12/site-packages/airflow/task/task_runner/standard_task_runner.py:61 DeprecationWarning: This process (pid=224) is multi-threaded, use of fork() may lead to deadlocks in the child.
[2025-04-29T15:44:45.261+0000] {standard_task_runner.py:63} INFO - Started process 225 to run task
[2025-04-29T15:44:45.928+0000] {task_command.py:426} INFO - Running <TaskInstance: random_user_pipeline.insert_postgres manual__2025-04-29T15:44:37.099591+00:00 [running]> on host d93fc9fdceac
[2025-04-29T15:44:47.170+0000] {taskinstance.py:2648} INFO - Exporting env vars: AIRFLOW_CTX_DAG_OWNER='airflow' AIRFLOW_CTX_DAG_ID='random_user_pipeline' AIRFLOW_CTX_TASK_ID='insert_***' AIRFLOW_CTX_EXECUTION_DATE='2025-04-29T15:44:37.099591+00:00' AIRFLOW_CTX_TRY_NUMBER='1' AIRFLOW_CTX_DAG_RUN_ID='manual__2025-04-29T15:44:37.099591+00:00'
[2025-04-29T15:44:47.171+0000] {taskinstance.py:430} INFO - ::endgroup::
[2025-04-29T15:44:47.184+0000] {logging_mixin.py:188} INFO - Parsed using ast.literal_eval
[2025-04-29T15:44:47.185+0000] {logging_mixin.py:188} INFO - 
🔍 Extracted Product Fields:
[2025-04-29T15:44:47.185+0000] {logging_mixin.py:188} INFO - Name: Et rem molestias in sint.
[2025-04-29T15:44:47.185+0000] {logging_mixin.py:188} INFO - Description: Repellendus totam voluptatem necessitatibus quo voluptates. Veritatis quia adipisci labore ut asperiores quia. Quis necessitatibus illo aut quo aut.
[2025-04-29T15:44:47.186+0000] {logging_mixin.py:188} INFO - EAN: 2921001839377
[2025-04-29T15:44:47.186+0000] {logging_mixin.py:188} INFO - UPC: 824762718368
[2025-04-29T15:44:47.186+0000] {logging_mixin.py:188} INFO - Image: http://placeimg.com/640/480/tech
[2025-04-29T15:44:47.186+0000] {logging_mixin.py:188} INFO - Net Price: 2170613.8
[2025-04-29T15:44:47.186+0000] {logging_mixin.py:188} INFO - Taxes: 22.0
[2025-04-29T15:44:47.187+0000] {logging_mixin.py:188} INFO - Price: 2648148.84
[2025-04-29T15:44:47.187+0000] {logging_mixin.py:188} INFO - 
✅ These values are ready for DB insertion (but skipped for now).
[2025-04-29T15:44:47.187+0000] {python.py:237} INFO - Done. Returned value was: None
[2025-04-29T15:44:47.188+0000] {taskinstance.py:441} INFO - ::group::Post task execution logs
[2025-04-29T15:44:47.419+0000] {taskinstance.py:1206} INFO - Marking task as SUCCESS. dag_id=random_user_pipeline, task_id=insert_***, run_id=manual__2025-04-29T15:44:37.099591+00:00, execution_date=20250429T154437, start_date=20250429T154445, end_date=20250429T154447
[2025-04-29T15:44:47.445+0000] {local_task_job_runner.py:240} INFO - Task exited with return code 0
[2025-04-29T15:44:47.674+0000] {taskinstance.py:3503} INFO - 0 downstream tasks scheduled from follow-on schedule check
[2025-04-29T15:44:47.676+0000] {local_task_job_runner.py:222} INFO - ::endgroup::
