[2025-04-28T16:06:55.452+0000] {local_task_job_runner.py:120} INFO - ::group::Pre task execution logs
[2025-04-28T16:06:59.275+0000] {taskinstance.py:2076} INFO - Dependencies all met for dep_context=non-requeueable deps ti=<TaskInstance: random_user_pipeline.insert_postgres scheduled__2025-04-28T15:30:59+00:00 [queued]>
[2025-04-28T16:06:59.290+0000] {taskinstance.py:2076} INFO - Dependencies all met for dep_context=requeueable deps ti=<TaskInstance: random_user_pipeline.insert_postgres scheduled__2025-04-28T15:30:59+00:00 [queued]>
[2025-04-28T16:06:59.291+0000] {taskinstance.py:2306} INFO - Starting attempt 1 of 2
[2025-04-28T16:06:59.311+0000] {taskinstance.py:2330} INFO - Executing <Task(PythonOperator): insert_postgres> on 2025-04-28 15:30:59+00:00
[2025-04-28T16:06:59.325+0000] {standard_task_runner.py:90} INFO - Running: ['airflow', 'tasks', 'run', 'random_user_pipeline', 'insert_***', 'scheduled__2025-04-28T15:30:59+00:00', '--job-id', '39', '--raw', '--subdir', 'DAGS_FOLDER/random_user_pipeline.py', '--cfg-path', '/tmp/tmpoerg72dl']
[2025-04-28T16:06:59.330+0000] {standard_task_runner.py:91} INFO - Job 39: Subtask insert_***
[2025-04-28T16:06:59.335+0000] {logging_mixin.py:188} WARNING - /home/airflow/.local/lib/python3.12/site-packages/airflow/task/task_runner/standard_task_runner.py:61 DeprecationWarning: This process (pid=188) is multi-threaded, use of fork() may lead to deadlocks in the child.
[2025-04-28T16:06:59.336+0000] {standard_task_runner.py:63} INFO - Started process 201 to run task
[2025-04-28T16:07:19.756+0000] {task_command.py:426} INFO - Running <TaskInstance: random_user_pipeline.insert_postgres scheduled__2025-04-28T15:30:59+00:00 [running]> on host b806007a7479
[2025-04-28T16:07:44.359+0000] {taskinstance.py:2648} INFO - Exporting env vars: AIRFLOW_CTX_DAG_OWNER='airflow' AIRFLOW_CTX_DAG_ID='random_user_pipeline' AIRFLOW_CTX_TASK_ID='insert_***' AIRFLOW_CTX_EXECUTION_DATE='2025-04-28T15:30:59+00:00' AIRFLOW_CTX_TRY_NUMBER='1' AIRFLOW_CTX_DAG_RUN_ID='scheduled__2025-04-28T15:30:59+00:00'
[2025-04-28T16:07:44.360+0000] {taskinstance.py:430} INFO - ::endgroup::
[2025-04-28T16:07:44.371+0000] {logging_mixin.py:188} INFO - Fetched Product Data: N
[2025-04-28T16:07:44.372+0000] {logging_mixin.py:188} INFO - Error connecting to the database: name 'psycopg2' is not defined
[2025-04-28T16:07:44.372+0000] {taskinstance.py:441} INFO - ::group::Post task execution logs
[2025-04-28T16:07:44.373+0000] {taskinstance.py:2905} ERROR - Task failed with exception
Traceback (most recent call last):
  File "/home/airflow/.local/lib/python3.12/site-packages/airflow/models/taskinstance.py", line 465, in _execute_task
    result = _execute_callable(context=context, **execute_callable_kwargs)
             ^^^^^^^^^^^^^^^^^^^^^^^^^^^^^^^^^^^^^^^^^^^^^^^^^^^^^^^^^^^^^
  File "/home/airflow/.local/lib/python3.12/site-packages/airflow/models/taskinstance.py", line 432, in _execute_callable
    return execute_callable(context=context, **execute_callable_kwargs)
           ^^^^^^^^^^^^^^^^^^^^^^^^^^^^^^^^^^^^^^^^^^^^^^^^^^^^^^^^^^^^
  File "/home/airflow/.local/lib/python3.12/site-packages/airflow/models/baseoperator.py", line 401, in wrapper
    return func(self, *args, **kwargs)
           ^^^^^^^^^^^^^^^^^^^^^^^^^^^
  File "/home/airflow/.local/lib/python3.12/site-packages/airflow/operators/python.py", line 235, in execute
    return_value = self.execute_callable()
                   ^^^^^^^^^^^^^^^^^^^^^^^
  File "/home/airflow/.local/lib/python3.12/site-packages/airflow/operators/python.py", line 252, in execute_callable
    return self.python_callable(*self.op_args, **self.op_kwargs)
           ^^^^^^^^^^^^^^^^^^^^^^^^^^^^^^^^^^^^^^^^^^^^^^^^^^^^^
  File "/opt/airflow/dags/storage/postgres_loader/write_to_postgres.py", line 24, in write_to_postgres
    raise e
  File "/opt/airflow/dags/storage/postgres_loader/write_to_postgres.py", line 14, in write_to_postgres
    conn = psycopg2.connect(
           ^^^^^^^^
NameError: name 'psycopg2' is not defined
[2025-04-28T16:07:49.305+0000] {taskinstance.py:1206} INFO - Marking task as UP_FOR_RETRY. dag_id=random_user_pipeline, task_id=insert_***, run_id=scheduled__2025-04-28T15:30:59+00:00, execution_date=20250428T153059, start_date=20250428T160659, end_date=20250428T160749
[2025-04-28T16:07:49.328+0000] {standard_task_runner.py:110} ERROR - Failed to execute job 39 for task insert_*** (name 'psycopg2' is not defined; 201)
[2025-04-28T16:07:50.703+0000] {local_task_job_runner.py:240} INFO - Task exited with return code 1
[2025-04-28T16:07:56.600+0000] {local_task_job_runner.py:222} INFO - ::endgroup::
