[2025-05-22T13:43:16.586+0000] {local_task_job_runner.py:120} INFO - ::group::Pre task execution logs
[2025-05-22T13:43:16.929+0000] {taskinstance.py:2076} INFO - Dependencies all met for dep_context=non-requeueable deps ti=<TaskInstance: random_user_pipeline.log_ingestion_audit manual__2025-05-22T13:43:10.358087+00:00 [queued]>
[2025-05-22T13:43:16.946+0000] {taskinstance.py:2076} INFO - Dependencies all met for dep_context=requeueable deps ti=<TaskInstance: random_user_pipeline.log_ingestion_audit manual__2025-05-22T13:43:10.358087+00:00 [queued]>
[2025-05-22T13:43:16.947+0000] {taskinstance.py:2306} INFO - Starting attempt 1 of 2
[2025-05-22T13:43:16.974+0000] {taskinstance.py:2330} INFO - Executing <Task(PostgresOperator): log_ingestion_audit> on 2025-05-22 13:43:10.358087+00:00
[2025-05-22T13:43:16.981+0000] {logging_mixin.py:188} WARNING - /home/airflow/.local/lib/python3.12/site-packages/airflow/task/task_runner/standard_task_runner.py:61 DeprecationWarning: This process (pid=210) is multi-threaded, use of fork() may lead to deadlocks in the child.
[2025-05-22T13:43:16.981+0000] {standard_task_runner.py:90} INFO - Running: ['airflow', 'tasks', 'run', 'random_user_pipeline', 'log_ingestion_audit', 'manual__2025-05-22T13:43:10.358087+00:00', '--job-id', '419', '--raw', '--subdir', 'DAGS_FOLDER/random_user_pipeline.py', '--cfg-path', '/tmp/tmphtaihtzl']
[2025-05-22T13:43:16.983+0000] {standard_task_runner.py:63} INFO - Started process 217 to run task
[2025-05-22T13:43:16.984+0000] {standard_task_runner.py:91} INFO - Job 419: Subtask log_ingestion_audit
[2025-05-22T13:43:17.782+0000] {task_command.py:426} INFO - Running <TaskInstance: random_user_pipeline.log_ingestion_audit manual__2025-05-22T13:43:10.358087+00:00 [running]> on host ef7940912deb
[2025-05-22T13:43:20.861+0000] {taskinstance.py:2648} INFO - Exporting env vars: AIRFLOW_CTX_DAG_EMAIL='papala.ramesh@quation.in,smilesoframs@gmail.com,ramesh.rams333@gmail.com' AIRFLOW_CTX_DAG_OWNER='airflow' AIRFLOW_CTX_DAG_ID='random_user_pipeline' AIRFLOW_CTX_TASK_ID='log_ingestion_audit' AIRFLOW_CTX_EXECUTION_DATE='2025-05-22T13:43:10.358087+00:00' AIRFLOW_CTX_TRY_NUMBER='1' AIRFLOW_CTX_DAG_RUN_ID='manual__2025-05-22T13:43:10.358087+00:00'
[2025-05-22T13:43:20.862+0000] {taskinstance.py:430} INFO - ::endgroup::
[2025-05-22T13:43:20.873+0000] {sql.py:276} INFO - Executing: -- Create the ingestion_audit table if it doesn't exist
CREATE TABLE IF NOT EXISTS ingestion_audit (
    id SERIAL PRIMARY KEY,
    ingestion_date DATE,
    source TEXT,
    record_count INTEGER,
    status TEXT,
    notes TEXT,
    retry_count INTEGER,
    start_time TIMESTAMP,
    end_time TIMESTAMP
);

-- Insert audit log
INSERT INTO ingestion_audit (
    ingestion_date,
    source,
    record_count,
    status,
    notes,
    retry_count,
    start_time,
    end_time
)
VALUES (
    '2025-05-22',
    'random_product_api',
    0,
    'skipped',
    'Task Skipped',
    0,
    NULL,
    NULL
);
[2025-05-22T13:43:20.875+0000] {crypto.py:82} WARNING - empty cryptography key - values will not be stored encrypted.
[2025-05-22T13:43:20.875+0000] {base.py:84} INFO - Using connection ID '***_default' for task execution.
[2025-05-22T13:43:20.878+0000] {base.py:84} INFO - Using connection ID '***_default' for task execution.
[2025-05-22T13:43:21.090+0000] {sql.py:487} INFO - Running statement: -- Create the ingestion_audit table if it doesn't exist
CREATE TABLE IF NOT EXISTS ingestion_audit (
    id SERIAL PRIMARY KEY,
    ingestion_date DATE,
    source TEXT,
    record_count INTEGER,
    status TEXT,
    notes TEXT,
    retry_count INTEGER,
    start_time TIMESTAMP,
    end_time TIMESTAMP
);

-- Insert audit log
INSERT INTO ingestion_audit (
    ingestion_date,
    source,
    record_count,
    status,
    notes,
    retry_count,
    start_time,
    end_time
)
VALUES (
    '2025-05-22',
    'random_product_api',
    0,
    'skipped',
    'Task Skipped',
    0,
    NULL,
    NULL
);, parameters: None
[2025-05-22T13:43:21.104+0000] {sql.py:496} INFO - Rows affected: 1
[2025-05-22T13:43:21.107+0000] {taskinstance.py:441} INFO - ::group::Post task execution logs
[2025-05-22T13:43:21.467+0000] {taskinstance.py:1206} INFO - Marking task as SUCCESS. dag_id=random_user_pipeline, task_id=log_ingestion_audit, run_id=manual__2025-05-22T13:43:10.358087+00:00, execution_date=20250522T134310, start_date=20250522T134316, end_date=20250522T134321
[2025-05-22T13:43:21.497+0000] {local_task_job_runner.py:240} INFO - Task exited with return code 0
[2025-05-22T13:43:21.793+0000] {logging_mixin.py:188} WARNING - /home/airflow/.local/lib/python3.12/site-packages/airflow/models/baseoperator.py:1297 AirflowProviderDeprecationWarning: Call to deprecated class PostgresOperator. (Please use `airflow.providers.common.sql.operators.sql.SQLExecuteQueryOperator`.Also, you can provide `hook_params={'schema': <database>}`.)
[2025-05-22T13:43:21.809+0000] {taskinstance.py:3503} INFO - 1 downstream tasks scheduled from follow-on schedule check
[2025-05-22T13:43:21.811+0000] {local_task_job_runner.py:222} INFO - ::endgroup::
