[2025-05-22T05:55:00.086+0000] {local_task_job_runner.py:120} INFO - ::group::Pre task execution logs
[2025-05-22T05:55:00.360+0000] {taskinstance.py:2076} INFO - Dependencies all met for dep_context=non-requeueable deps ti=<TaskInstance: random_user_pipeline.wait_for_existing_data manual__2025-05-22T05:54:58.496317+00:00 [queued]>
[2025-05-22T05:55:00.374+0000] {taskinstance.py:2076} INFO - Dependencies all met for dep_context=requeueable deps ti=<TaskInstance: random_user_pipeline.wait_for_existing_data manual__2025-05-22T05:54:58.496317+00:00 [queued]>
[2025-05-22T05:55:00.376+0000] {taskinstance.py:2306} INFO - Starting attempt 1 of 2
[2025-05-22T05:55:00.393+0000] {taskinstance.py:2330} INFO - Executing <Task(SqlSensor): wait_for_existing_data> on 2025-05-22 05:54:58.496317+00:00
[2025-05-22T05:55:00.400+0000] {logging_mixin.py:188} WARNING - /home/airflow/.local/lib/python3.12/site-packages/airflow/task/task_runner/standard_task_runner.py:61 DeprecationWarning: This process (pid=978) is multi-threaded, use of fork() may lead to deadlocks in the child.
[2025-05-22T05:55:00.401+0000] {standard_task_runner.py:90} INFO - Running: ['airflow', 'tasks', 'run', 'random_user_pipeline', 'wait_for_existing_data', 'manual__2025-05-22T05:54:58.496317+00:00', '--job-id', '402', '--raw', '--subdir', 'DAGS_FOLDER/random_user_pipeline.py', '--cfg-path', '/tmp/tmpgc2vjbe5']
[2025-05-22T05:55:00.404+0000] {standard_task_runner.py:91} INFO - Job 402: Subtask wait_for_existing_data
[2025-05-22T05:55:00.404+0000] {standard_task_runner.py:63} INFO - Started process 983 to run task
[2025-05-22T05:55:01.400+0000] {task_command.py:426} INFO - Running <TaskInstance: random_user_pipeline.wait_for_existing_data manual__2025-05-22T05:54:58.496317+00:00 [running]> on host cd3a1fee70a8
[2025-05-22T05:55:02.586+0000] {taskinstance.py:2648} INFO - Exporting env vars: AIRFLOW_CTX_DAG_EMAIL='papala.ramesh@quation.in,smilesoframs@gmail.com,ramesh.rams333@gmail.com' AIRFLOW_CTX_DAG_OWNER='airflow' AIRFLOW_CTX_DAG_ID='random_user_pipeline' AIRFLOW_CTX_TASK_ID='wait_for_existing_data' AIRFLOW_CTX_EXECUTION_DATE='2025-05-22T05:54:58.496317+00:00' AIRFLOW_CTX_TRY_NUMBER='1' AIRFLOW_CTX_DAG_RUN_ID='manual__2025-05-22T05:54:58.496317+00:00'
[2025-05-22T05:55:02.587+0000] {taskinstance.py:430} INFO - ::endgroup::
[2025-05-22T05:55:02.603+0000] {crypto.py:82} WARNING - empty cryptography key - values will not be stored encrypted.
[2025-05-22T05:55:02.604+0000] {base.py:84} INFO - Using connection ID '***_default' for task execution.
[2025-05-22T05:55:02.607+0000] {sql.py:95} INFO - Poking: SELECT 1 FROM products WHERE DATE(created_at) = CURRENT_DATE LIMIT 1; (with parameters None)
[2025-05-22T05:55:02.608+0000] {base.py:84} INFO - Using connection ID '***_default' for task execution.
[2025-05-22T05:55:02.814+0000] {sql.py:487} INFO - Running statement: SELECT 1 FROM products WHERE DATE(created_at) = CURRENT_DATE LIMIT 1;, parameters: None
[2025-05-22T05:55:02.818+0000] {sql.py:496} INFO - Rows affected: 1
[2025-05-22T05:55:02.820+0000] {base.py:294} INFO - Success criteria met. Exiting.
[2025-05-22T05:55:02.821+0000] {taskinstance.py:441} INFO - ::group::Post task execution logs
[2025-05-22T05:55:03.159+0000] {taskinstance.py:1206} INFO - Marking task as SUCCESS. dag_id=random_user_pipeline, task_id=wait_for_existing_data, run_id=manual__2025-05-22T05:54:58.496317+00:00, execution_date=20250522T055458, start_date=20250522T055500, end_date=20250522T055503
[2025-05-22T05:55:03.190+0000] {local_task_job_runner.py:240} INFO - Task exited with return code 0
[2025-05-22T05:55:03.508+0000] {logging_mixin.py:188} WARNING - /home/airflow/.local/lib/python3.12/site-packages/airflow/models/baseoperator.py:1297 AirflowProviderDeprecationWarning: Call to deprecated class PostgresOperator. (Please use `airflow.providers.common.sql.operators.sql.SQLExecuteQueryOperator`.Also, you can provide `hook_params={'schema': <database>}`.)
[2025-05-22T05:55:03.533+0000] {taskinstance.py:3503} INFO - 0 downstream tasks scheduled from follow-on schedule check
[2025-05-22T05:55:03.535+0000] {local_task_job_runner.py:222} INFO - ::endgroup::
