[2025-05-22T13:00:01.348+0000] {local_task_job_runner.py:120} INFO - ::group::Pre task execution logs
[2025-05-22T13:00:01.596+0000] {taskinstance.py:2076} INFO - Dependencies all met for dep_context=non-requeueable deps ti=<TaskInstance: random_user_pipeline.branch_on_count manual__2025-05-22T12:59:54.283035+00:00 [queued]>
[2025-05-22T13:00:01.612+0000] {taskinstance.py:2076} INFO - Dependencies all met for dep_context=requeueable deps ti=<TaskInstance: random_user_pipeline.branch_on_count manual__2025-05-22T12:59:54.283035+00:00 [queued]>
[2025-05-22T13:00:01.613+0000] {taskinstance.py:2306} INFO - Starting attempt 1 of 2
[2025-05-22T13:00:01.639+0000] {taskinstance.py:2330} INFO - Executing <Task(BranchPythonOperator): branch_on_count> on 2025-05-22 12:59:54.283035+00:00
[2025-05-22T13:00:01.649+0000] {standard_task_runner.py:90} INFO - Running: ['airflow', 'tasks', 'run', 'random_user_pipeline', 'branch_on_count', 'manual__2025-05-22T12:59:54.283035+00:00', '--job-id', '412', '--raw', '--subdir', 'DAGS_FOLDER/random_user_pipeline.py', '--cfg-path', '/tmp/tmpze88y0ki']
[2025-05-22T13:00:01.650+0000] {logging_mixin.py:188} WARNING - /home/airflow/.local/lib/python3.12/site-packages/airflow/task/task_runner/standard_task_runner.py:61 DeprecationWarning: This process (pid=371) is multi-threaded, use of fork() may lead to deadlocks in the child.
[2025-05-22T13:00:01.652+0000] {standard_task_runner.py:91} INFO - Job 412: Subtask branch_on_count
[2025-05-22T13:00:01.653+0000] {standard_task_runner.py:63} INFO - Started process 372 to run task
[2025-05-22T13:00:02.892+0000] {task_command.py:426} INFO - Running <TaskInstance: random_user_pipeline.branch_on_count manual__2025-05-22T12:59:54.283035+00:00 [running]> on host 9fdc869a03df
[2025-05-22T13:00:04.267+0000] {taskinstance.py:2648} INFO - Exporting env vars: AIRFLOW_CTX_DAG_EMAIL='papala.ramesh@quation.in,smilesoframs@gmail.com,ramesh.rams333@gmail.com' AIRFLOW_CTX_DAG_OWNER='airflow' AIRFLOW_CTX_DAG_ID='random_user_pipeline' AIRFLOW_CTX_TASK_ID='branch_on_count' AIRFLOW_CTX_EXECUTION_DATE='2025-05-22T12:59:54.283035+00:00' AIRFLOW_CTX_TRY_NUMBER='1' AIRFLOW_CTX_DAG_RUN_ID='manual__2025-05-22T12:59:54.283035+00:00'
[2025-05-22T13:00:04.268+0000] {taskinstance.py:430} INFO - ::endgroup::
[2025-05-22T13:00:04.282+0000] {baseoperator.py:400} WARNING - BranchPythonOperator.execute cannot be called outside TaskInstance!
[2025-05-22T13:00:04.289+0000] {crypto.py:82} WARNING - empty cryptography key - values will not be stored encrypted.
[2025-05-22T13:00:04.289+0000] {base.py:84} INFO - Using connection ID '***_default' for task execution.
[2025-05-22T13:00:04.537+0000] {sql.py:487} INFO - Running statement: SELECT COUNT(*) FROM products WHERE DATE(created_at) = CURRENT_DATE;
, parameters: None
[2025-05-22T13:00:04.540+0000] {sql.py:496} INFO - Rows affected: 1
[2025-05-22T13:00:04.541+0000] {python.py:237} INFO - Done. Returned value was: fetch_random_product
[2025-05-22T13:00:04.542+0000] {branch.py:36} INFO - Branch into fetch_random_product
[2025-05-22T13:00:04.542+0000] {skipmixin.py:178} INFO - Following branch fetch_random_product
[2025-05-22T13:00:04.938+0000] {skipmixin.py:246} INFO - Skipping tasks [('skip_fetch_insert', -1)]
[2025-05-22T13:00:05.292+0000] {taskinstance.py:441} INFO - ::group::Post task execution logs
[2025-05-22T13:00:05.694+0000] {taskinstance.py:1206} INFO - Marking task as SUCCESS. dag_id=random_user_pipeline, task_id=branch_on_count, run_id=manual__2025-05-22T12:59:54.283035+00:00, execution_date=20250522T125954, start_date=20250522T130001, end_date=20250522T130005
[2025-05-22T13:00:05.729+0000] {local_task_job_runner.py:240} INFO - Task exited with return code 0
[2025-05-22T13:00:05.992+0000] {logging_mixin.py:188} WARNING - /home/airflow/.local/lib/python3.12/site-packages/airflow/models/baseoperator.py:1297 AirflowProviderDeprecationWarning: Call to deprecated class PostgresOperator. (Please use `airflow.providers.common.sql.operators.sql.SQLExecuteQueryOperator`.Also, you can provide `hook_params={'schema': <database>}`.)
[2025-05-22T13:00:06.017+0000] {taskinstance.py:3503} INFO - 1 downstream tasks scheduled from follow-on schedule check
[2025-05-22T13:00:06.020+0000] {local_task_job_runner.py:222} INFO - ::endgroup::
