[2025-05-16T07:07:04.986+0000] {local_task_job_runner.py:120} INFO - ::group::Pre task execution logs
[2025-05-16T07:07:05.459+0000] {taskinstance.py:2076} INFO - Dependencies all met for dep_context=non-requeueable deps ti=<TaskInstance: random_user_pipeline.insert_postgres manual__2025-05-16T07:06:50.155562+00:00 [queued]>
[2025-05-16T07:07:05.483+0000] {taskinstance.py:2076} INFO - Dependencies all met for dep_context=requeueable deps ti=<TaskInstance: random_user_pipeline.insert_postgres manual__2025-05-16T07:06:50.155562+00:00 [queued]>
[2025-05-16T07:07:05.484+0000] {taskinstance.py:2306} INFO - Starting attempt 1 of 2
[2025-05-16T07:07:05.514+0000] {taskinstance.py:2330} INFO - Executing <Task(PythonOperator): insert_postgres> on 2025-05-16 07:06:50.155562+00:00
[2025-05-16T07:07:05.532+0000] {logging_mixin.py:188} WARNING - /home/airflow/.local/lib/python3.12/site-packages/airflow/task/task_runner/standard_task_runner.py:61 DeprecationWarning: This process (pid=294) is multi-threaded, use of fork() may lead to deadlocks in the child.
[2025-05-16T07:07:05.527+0000] {standard_task_runner.py:90} INFO - Running: ['airflow', 'tasks', 'run', 'random_user_pipeline', 'insert_***', 'manual__2025-05-16T07:06:50.155562+00:00', '--job-id', '249', '--raw', '--subdir', 'DAGS_FOLDER/random_user_pipeline.py', '--cfg-path', '/tmp/tmpmk2rqd8l']
[2025-05-16T07:07:05.533+0000] {standard_task_runner.py:63} INFO - Started process 295 to run task
[2025-05-16T07:07:05.534+0000] {standard_task_runner.py:91} INFO - Job 249: Subtask insert_***
[2025-05-16T07:07:07.106+0000] {task_command.py:426} INFO - Running <TaskInstance: random_user_pipeline.insert_postgres manual__2025-05-16T07:06:50.155562+00:00 [running]> on host 6c691e6c9f76
[2025-05-16T07:07:09.752+0000] {taskinstance.py:2648} INFO - Exporting env vars: AIRFLOW_CTX_DAG_EMAIL='papala.ramesh@quation.in,smilesoframs@gmail.com,ramesh.rams333@gmail.com' AIRFLOW_CTX_DAG_OWNER='airflow' AIRFLOW_CTX_DAG_ID='random_user_pipeline' AIRFLOW_CTX_TASK_ID='insert_***' AIRFLOW_CTX_EXECUTION_DATE='2025-05-16T07:06:50.155562+00:00' AIRFLOW_CTX_TRY_NUMBER='1' AIRFLOW_CTX_DAG_RUN_ID='manual__2025-05-16T07:06:50.155562+00:00'
[2025-05-16T07:07:09.754+0000] {taskinstance.py:430} INFO - ::endgroup::
[2025-05-16T07:07:09.790+0000] {logging_mixin.py:188} INFO - Parsed using ast.literal_eval (Python dict string).
[2025-05-16T07:07:10.202+0000] {logging_mixin.py:188} INFO - ✅ Database connection established.
[2025-05-16T07:07:10.207+0000] {logging_mixin.py:188} INFO - ✅ Table ready.
[2025-05-16T07:07:10.208+0000] {logging_mixin.py:188} INFO - 
--- Inserting product ---
[2025-05-16T07:07:10.209+0000] {logging_mixin.py:188} INFO - Name: Officiis et accusamus et et.
[2025-05-16T07:07:10.210+0000] {logging_mixin.py:188} INFO - Description: Sint consectetur ut nisi vel. Nisi eius est nam autem. Voluptatem quas delectus corrupti molestiae. Facere aut eum exercitationem excepturi atque a et.
[2025-05-16T07:07:10.211+0000] {logging_mixin.py:188} INFO - EAN: 7976044512041
[2025-05-16T07:07:10.212+0000] {logging_mixin.py:188} INFO - UPC: 998494397480
[2025-05-16T07:07:10.213+0000] {logging_mixin.py:188} INFO - Image: http://placeimg.com/640/480/tech
[2025-05-16T07:07:10.214+0000] {logging_mixin.py:188} INFO - Net Price: 2609.03
[2025-05-16T07:07:10.216+0000] {logging_mixin.py:188} INFO - Taxes: 22.0
[2025-05-16T07:07:10.216+0000] {logging_mixin.py:188} INFO - Price: 3183.02
[2025-05-16T07:07:10.222+0000] {logging_mixin.py:188} INFO - 
--- Inserting product ---
[2025-05-16T07:07:10.224+0000] {logging_mixin.py:188} INFO - Name: Beatae sit enim totam ea.
[2025-05-16T07:07:10.225+0000] {logging_mixin.py:188} INFO - Description: Ipsa earum voluptatem possimus expedita. Dicta harum ab placeat est sint sunt enim. Vel aspernatur voluptatem est consectetur quia ullam. Eaque recusandae qui praesentium autem illum.
[2025-05-16T07:07:10.226+0000] {logging_mixin.py:188} INFO - EAN: 9275280460641
[2025-05-16T07:07:10.227+0000] {logging_mixin.py:188} INFO - UPC: 601617572901
[2025-05-16T07:07:10.228+0000] {logging_mixin.py:188} INFO - Image: http://placeimg.com/640/480/tech
[2025-05-16T07:07:10.229+0000] {logging_mixin.py:188} INFO - Net Price: 21.24
[2025-05-16T07:07:10.230+0000] {logging_mixin.py:188} INFO - Taxes: 22.0
[2025-05-16T07:07:10.231+0000] {logging_mixin.py:188} INFO - Price: 25.91
[2025-05-16T07:07:10.234+0000] {logging_mixin.py:188} INFO - 
--- Inserting product ---
[2025-05-16T07:07:10.235+0000] {logging_mixin.py:188} INFO - Name: Voluptas ut ut ea ut beatae.
[2025-05-16T07:07:10.236+0000] {logging_mixin.py:188} INFO - Description: Autem assumenda commodi est expedita quia est. Possimus quia et exercitationem exercitationem in quas. Eveniet quam voluptates ea dolores qui. Sit illum et debitis omnis voluptatum.
[2025-05-16T07:07:10.237+0000] {logging_mixin.py:188} INFO - EAN: 0906191484813
[2025-05-16T07:07:10.238+0000] {logging_mixin.py:188} INFO - UPC: 020663839317
[2025-05-16T07:07:10.239+0000] {logging_mixin.py:188} INFO - Image: http://placeimg.com/640/480/tech
[2025-05-16T07:07:10.240+0000] {logging_mixin.py:188} INFO - Net Price: 10489.73
[2025-05-16T07:07:10.241+0000] {logging_mixin.py:188} INFO - Taxes: 22.0
[2025-05-16T07:07:10.241+0000] {logging_mixin.py:188} INFO - Price: 12797.47
[2025-05-16T07:07:10.244+0000] {logging_mixin.py:188} INFO - 
--- Inserting product ---
[2025-05-16T07:07:10.245+0000] {logging_mixin.py:188} INFO - Name: Inventore id harum tenetur.
[2025-05-16T07:07:10.246+0000] {logging_mixin.py:188} INFO - Description: In porro quia amet et sunt. Odio expedita dolor exercitationem nihil dolores minus.
[2025-05-16T07:07:10.247+0000] {logging_mixin.py:188} INFO - EAN: 7871376937992
[2025-05-16T07:07:10.249+0000] {logging_mixin.py:188} INFO - UPC: 226540713199
[2025-05-16T07:07:10.250+0000] {logging_mixin.py:188} INFO - Image: http://placeimg.com/640/480/tech
[2025-05-16T07:07:10.251+0000] {logging_mixin.py:188} INFO - Net Price: 30069.52
[2025-05-16T07:07:10.252+0000] {logging_mixin.py:188} INFO - Taxes: 22.0
[2025-05-16T07:07:10.253+0000] {logging_mixin.py:188} INFO - Price: 36684.81
[2025-05-16T07:07:10.255+0000] {logging_mixin.py:188} INFO - 
--- Inserting product ---
[2025-05-16T07:07:10.256+0000] {logging_mixin.py:188} INFO - Name: Neque vitae odio sed.
[2025-05-16T07:07:10.257+0000] {logging_mixin.py:188} INFO - Description: Dolor molestiae nulla autem aut voluptatum et aut. A id voluptatum quibusdam reprehenderit saepe sed. Et ut rerum sunt modi nihil ut. Deserunt qui debitis eum modi voluptate commodi.
[2025-05-16T07:07:10.258+0000] {logging_mixin.py:188} INFO - EAN: 4783311579965
[2025-05-16T07:07:10.259+0000] {logging_mixin.py:188} INFO - UPC: 844821553806
[2025-05-16T07:07:10.259+0000] {logging_mixin.py:188} INFO - Image: http://placeimg.com/640/480/tech
[2025-05-16T07:07:10.260+0000] {logging_mixin.py:188} INFO - Net Price: 103.32
[2025-05-16T07:07:10.261+0000] {logging_mixin.py:188} INFO - Taxes: 22.0
[2025-05-16T07:07:10.262+0000] {logging_mixin.py:188} INFO - Price: 126.05
[2025-05-16T07:07:10.265+0000] {logging_mixin.py:188} INFO - 
--- Inserting product ---
[2025-05-16T07:07:10.266+0000] {logging_mixin.py:188} INFO - Name: Neque non ut nemo eos.
[2025-05-16T07:07:10.267+0000] {logging_mixin.py:188} INFO - Description: Mollitia qui deleniti reprehenderit iusto. Omnis id atque dolores rem voluptatem doloribus et sit.
[2025-05-16T07:07:10.268+0000] {logging_mixin.py:188} INFO - EAN: 7516739434410
[2025-05-16T07:07:10.269+0000] {logging_mixin.py:188} INFO - UPC: 281752660314
[2025-05-16T07:07:10.269+0000] {logging_mixin.py:188} INFO - Image: http://placeimg.com/640/480/tech
[2025-05-16T07:07:10.270+0000] {logging_mixin.py:188} INFO - Net Price: 12626336.2
[2025-05-16T07:07:10.271+0000] {logging_mixin.py:188} INFO - Taxes: 22.0
[2025-05-16T07:07:10.272+0000] {logging_mixin.py:188} INFO - Price: 15404130.16
[2025-05-16T07:07:10.274+0000] {logging_mixin.py:188} INFO - 
--- Inserting product ---
[2025-05-16T07:07:10.275+0000] {logging_mixin.py:188} INFO - Name: Cumque laborum quasi et quia.
[2025-05-16T07:07:10.276+0000] {logging_mixin.py:188} INFO - Description: Repellat officiis ipsam exercitationem eligendi consequatur eius rerum laudantium. Vitae rerum nihil laudantium pariatur. Quo nihil expedita ipsam eveniet consequatur ex placeat voluptatem.
[2025-05-16T07:07:10.277+0000] {logging_mixin.py:188} INFO - EAN: 9532209538585
[2025-05-16T07:07:10.278+0000] {logging_mixin.py:188} INFO - UPC: 415502752308
[2025-05-16T07:07:10.279+0000] {logging_mixin.py:188} INFO - Image: http://placeimg.com/640/480/tech
[2025-05-16T07:07:10.280+0000] {logging_mixin.py:188} INFO - Net Price: 18167660.22
[2025-05-16T07:07:10.281+0000] {logging_mixin.py:188} INFO - Taxes: 22.0
[2025-05-16T07:07:10.282+0000] {logging_mixin.py:188} INFO - Price: 22164545.47
[2025-05-16T07:07:10.284+0000] {logging_mixin.py:188} INFO - 
--- Inserting product ---
[2025-05-16T07:07:10.285+0000] {logging_mixin.py:188} INFO - Name: Amet culpa eum optio.
[2025-05-16T07:07:10.286+0000] {logging_mixin.py:188} INFO - Description: Iste et voluptates et quas sed in doloremque. Vel asperiores quod provident qui nihil laborum quis. Illo libero adipisci at. Ipsam aperiam quaerat possimus tenetur qui.
[2025-05-16T07:07:10.287+0000] {logging_mixin.py:188} INFO - EAN: 3563950177033
[2025-05-16T07:07:10.287+0000] {logging_mixin.py:188} INFO - UPC: 859311550035
[2025-05-16T07:07:10.288+0000] {logging_mixin.py:188} INFO - Image: http://placeimg.com/640/480/tech
[2025-05-16T07:07:10.289+0000] {logging_mixin.py:188} INFO - Net Price: 5.5
[2025-05-16T07:07:10.290+0000] {logging_mixin.py:188} INFO - Taxes: 22.0
[2025-05-16T07:07:10.290+0000] {logging_mixin.py:188} INFO - Price: 6.71
[2025-05-16T07:07:10.292+0000] {logging_mixin.py:188} INFO - 
--- Inserting product ---
[2025-05-16T07:07:10.293+0000] {logging_mixin.py:188} INFO - Name: Et ea non officia nulla et.
[2025-05-16T07:07:10.294+0000] {logging_mixin.py:188} INFO - Description: Omnis delectus enim voluptatibus quidem modi veniam. Est et accusamus eum. Nulla ullam sed consequuntur nam.
[2025-05-16T07:07:10.295+0000] {logging_mixin.py:188} INFO - EAN: 3331053585488
[2025-05-16T07:07:10.296+0000] {logging_mixin.py:188} INFO - UPC: 613679746404
[2025-05-16T07:07:10.296+0000] {logging_mixin.py:188} INFO - Image: http://placeimg.com/640/480/tech
[2025-05-16T07:07:10.297+0000] {logging_mixin.py:188} INFO - Net Price: 207392210.54
[2025-05-16T07:07:10.299+0000] {logging_mixin.py:188} INFO - Taxes: 22.0
[2025-05-16T07:07:10.299+0000] {logging_mixin.py:188} INFO - Price: 253018496.86
[2025-05-16T07:07:10.302+0000] {logging_mixin.py:188} INFO - 
--- Inserting product ---
[2025-05-16T07:07:10.302+0000] {logging_mixin.py:188} INFO - Name: In qui iste quia.
[2025-05-16T07:07:10.303+0000] {logging_mixin.py:188} INFO - Description: Dolor sed dolores ipsum. Repellendus quam nam molestiae maiores. Cum sapiente distinctio iste. Incidunt voluptates aspernatur repellendus aliquid dolores architecto.
[2025-05-16T07:07:10.304+0000] {logging_mixin.py:188} INFO - EAN: 7479158796425
[2025-05-16T07:07:10.305+0000] {logging_mixin.py:188} INFO - UPC: 592621953171
[2025-05-16T07:07:10.305+0000] {logging_mixin.py:188} INFO - Image: http://placeimg.com/640/480/tech
[2025-05-16T07:07:10.306+0000] {logging_mixin.py:188} INFO - Net Price: 0.06
[2025-05-16T07:07:10.307+0000] {logging_mixin.py:188} INFO - Taxes: 22.0
[2025-05-16T07:07:10.308+0000] {logging_mixin.py:188} INFO - Price: 0.07
[2025-05-16T07:07:10.313+0000] {logging_mixin.py:188} INFO - 
✅ Inserted 10 products successfully.
[2025-05-16T07:07:10.315+0000] {logging_mixin.py:188} INFO - 🔒 DB connection closed.
[2025-05-16T07:07:10.316+0000] {python.py:237} INFO - Done. Returned value was: None
[2025-05-16T07:07:10.316+0000] {taskinstance.py:441} INFO - ::group::Post task execution logs
[2025-05-16T07:07:10.749+0000] {taskinstance.py:1206} INFO - Marking task as SUCCESS. dag_id=random_user_pipeline, task_id=insert_***, run_id=manual__2025-05-16T07:06:50.155562+00:00, execution_date=20250516T070650, start_date=20250516T070705, end_date=20250516T070710
[2025-05-16T07:07:11.553+0000] {local_task_job_runner.py:240} INFO - Task exited with return code 0
[2025-05-16T07:07:12.062+0000] {taskinstance.py:3503} INFO - 0 downstream tasks scheduled from follow-on schedule check
[2025-05-16T07:07:12.066+0000] {local_task_job_runner.py:222} INFO - ::endgroup::
