[2025-05-22T05:48:11.269+0000] {local_task_job_runner.py:120} INFO - ::group::Pre task execution logs
[2025-05-22T05:48:11.615+0000] {taskinstance.py:2076} INFO - Dependencies all met for dep_context=non-requeueable deps ti=<TaskInstance: random_user_pipeline.wait_for_existing_data manual__2025-05-22T05:48:09.500603+00:00 [queued]>
[2025-05-22T05:48:11.632+0000] {taskinstance.py:2076} INFO - Dependencies all met for dep_context=requeueable deps ti=<TaskInstance: random_user_pipeline.wait_for_existing_data manual__2025-05-22T05:48:09.500603+00:00 [queued]>
[2025-05-22T05:48:11.633+0000] {taskinstance.py:2306} INFO - Starting attempt 1 of 2
[2025-05-22T05:48:11.659+0000] {taskinstance.py:2330} INFO - Executing <Task(SqlSensor): wait_for_existing_data> on 2025-05-22 05:48:09.500603+00:00
[2025-05-22T05:48:11.668+0000] {standard_task_runner.py:90} INFO - Running: ['airflow', 'tasks', 'run', 'random_user_pipeline', 'wait_for_existing_data', 'manual__2025-05-22T05:48:09.500603+00:00', '--job-id', '390', '--raw', '--subdir', 'DAGS_FOLDER/random_user_pipeline.py', '--cfg-path', '/tmp/tmpazlj4fpl']
[2025-05-22T05:48:11.671+0000] {standard_task_runner.py:91} INFO - Job 390: Subtask wait_for_existing_data
[2025-05-22T05:48:11.671+0000] {logging_mixin.py:188} WARNING - /home/airflow/.local/lib/python3.12/site-packages/airflow/task/task_runner/standard_task_runner.py:61 DeprecationWarning: This process (pid=683) is multi-threaded, use of fork() may lead to deadlocks in the child.
[2025-05-22T05:48:11.673+0000] {standard_task_runner.py:63} INFO - Started process 686 to run task
[2025-05-22T05:48:12.489+0000] {task_command.py:426} INFO - Running <TaskInstance: random_user_pipeline.wait_for_existing_data manual__2025-05-22T05:48:09.500603+00:00 [running]> on host cd3a1fee70a8
[2025-05-22T05:48:13.828+0000] {taskinstance.py:2648} INFO - Exporting env vars: AIRFLOW_CTX_DAG_EMAIL='papala.ramesh@quation.in,smilesoframs@gmail.com,ramesh.rams333@gmail.com' AIRFLOW_CTX_DAG_OWNER='airflow' AIRFLOW_CTX_DAG_ID='random_user_pipeline' AIRFLOW_CTX_TASK_ID='wait_for_existing_data' AIRFLOW_CTX_EXECUTION_DATE='2025-05-22T05:48:09.500603+00:00' AIRFLOW_CTX_TRY_NUMBER='1' AIRFLOW_CTX_DAG_RUN_ID='manual__2025-05-22T05:48:09.500603+00:00'
[2025-05-22T05:48:13.829+0000] {taskinstance.py:430} INFO - ::endgroup::
[2025-05-22T05:48:13.845+0000] {crypto.py:82} WARNING - empty cryptography key - values will not be stored encrypted.
[2025-05-22T05:48:13.846+0000] {base.py:84} INFO - Using connection ID '***_default' for task execution.
[2025-05-22T05:48:13.849+0000] {sql.py:95} INFO - Poking: SELECT 1 FROM products WHERE DATE(created_at) = CURRENT_DATE LIMIT 1; (with parameters None)
[2025-05-22T05:48:13.850+0000] {base.py:84} INFO - Using connection ID '***_default' for task execution.
[2025-05-22T05:48:14.135+0000] {sql.py:487} INFO - Running statement: SELECT 1 FROM products WHERE DATE(created_at) = CURRENT_DATE LIMIT 1;, parameters: None
[2025-05-22T05:48:14.138+0000] {sql.py:496} INFO - Rows affected: 0
[2025-05-22T05:48:44.140+0000] {base.py:84} INFO - Using connection ID '***_default' for task execution.
[2025-05-22T05:48:44.142+0000] {sql.py:95} INFO - Poking: SELECT 1 FROM products WHERE DATE(created_at) = CURRENT_DATE LIMIT 1; (with parameters None)
[2025-05-22T05:48:44.144+0000] {base.py:84} INFO - Using connection ID '***_default' for task execution.
[2025-05-22T05:48:44.404+0000] {sql.py:487} INFO - Running statement: SELECT 1 FROM products WHERE DATE(created_at) = CURRENT_DATE LIMIT 1;, parameters: None
[2025-05-22T05:48:44.410+0000] {sql.py:496} INFO - Rows affected: 0
[2025-05-22T05:49:14.411+0000] {base.py:84} INFO - Using connection ID '***_default' for task execution.
[2025-05-22T05:49:14.412+0000] {sql.py:95} INFO - Poking: SELECT 1 FROM products WHERE DATE(created_at) = CURRENT_DATE LIMIT 1; (with parameters None)
[2025-05-22T05:49:14.413+0000] {base.py:84} INFO - Using connection ID '***_default' for task execution.
[2025-05-22T05:49:16.028+0000] {sql.py:487} INFO - Running statement: SELECT 1 FROM products WHERE DATE(created_at) = CURRENT_DATE LIMIT 1;, parameters: None
[2025-05-22T05:49:16.033+0000] {sql.py:496} INFO - Rows affected: 0
[2025-05-22T05:49:46.034+0000] {base.py:84} INFO - Using connection ID '***_default' for task execution.
[2025-05-22T05:49:46.035+0000] {sql.py:95} INFO - Poking: SELECT 1 FROM products WHERE DATE(created_at) = CURRENT_DATE LIMIT 1; (with parameters None)
[2025-05-22T05:49:46.036+0000] {base.py:84} INFO - Using connection ID '***_default' for task execution.
[2025-05-22T05:49:46.254+0000] {sql.py:487} INFO - Running statement: SELECT 1 FROM products WHERE DATE(created_at) = CURRENT_DATE LIMIT 1;, parameters: None
[2025-05-22T05:49:46.257+0000] {sql.py:496} INFO - Rows affected: 0
[2025-05-22T05:50:16.258+0000] {base.py:84} INFO - Using connection ID '***_default' for task execution.
[2025-05-22T05:50:16.260+0000] {sql.py:95} INFO - Poking: SELECT 1 FROM products WHERE DATE(created_at) = CURRENT_DATE LIMIT 1; (with parameters None)
[2025-05-22T05:50:16.261+0000] {base.py:84} INFO - Using connection ID '***_default' for task execution.
[2025-05-22T05:50:16.454+0000] {sql.py:487} INFO - Running statement: SELECT 1 FROM products WHERE DATE(created_at) = CURRENT_DATE LIMIT 1;, parameters: None
[2025-05-22T05:50:16.460+0000] {sql.py:496} INFO - Rows affected: 0
[2025-05-22T05:50:16.463+0000] {taskinstance.py:441} INFO - ::group::Post task execution logs
[2025-05-22T05:50:16.464+0000] {taskinstance.py:2905} ERROR - Task failed with exception
Traceback (most recent call last):
  File "/home/airflow/.local/lib/python3.12/site-packages/airflow/models/taskinstance.py", line 465, in _execute_task
    result = _execute_callable(context=context, **execute_callable_kwargs)
             ^^^^^^^^^^^^^^^^^^^^^^^^^^^^^^^^^^^^^^^^^^^^^^^^^^^^^^^^^^^^^
  File "/home/airflow/.local/lib/python3.12/site-packages/airflow/models/taskinstance.py", line 432, in _execute_callable
    return execute_callable(context=context, **execute_callable_kwargs)
           ^^^^^^^^^^^^^^^^^^^^^^^^^^^^^^^^^^^^^^^^^^^^^^^^^^^^^^^^^^^^
  File "/home/airflow/.local/lib/python3.12/site-packages/airflow/models/baseoperator.py", line 401, in wrapper
    return func(self, *args, **kwargs)
           ^^^^^^^^^^^^^^^^^^^^^^^^^^^
  File "/home/airflow/.local/lib/python3.12/site-packages/airflow/sensors/base.py", line 281, in execute
    raise AirflowSensorTimeout(message)
airflow.exceptions.AirflowSensorTimeout: Sensor has timed out; run duration of 122.62449809999089 seconds exceeds the specified timeout of 120.0.
[2025-05-22T05:50:16.705+0000] {taskinstance.py:1206} INFO - Immediate failure requested. Marking task as FAILED. dag_id=random_user_pipeline, task_id=wait_for_existing_data, run_id=manual__2025-05-22T05:48:09.500603+00:00, execution_date=20250522T054809, start_date=20250522T054811, end_date=20250522T055016
[2025-05-22T05:50:16.729+0000] {logging_mixin.py:188} WARNING - /home/airflow/.local/lib/python3.12/site-packages/airflow/utils/email.py:154 RemovedInAirflow3Warning: Fetching SMTP credentials from configuration variables will be deprecated in a future release. Please set credentials using a connection instead.
[2025-05-22T05:50:16.730+0000] {email.py:271} INFO - Email alerting: attempt 1
[2025-05-22T05:50:18.331+0000] {email.py:282} INFO - Sent an alert email to ['papala.ramesh@quation.in', 'smilesoframs@gmail.com', 'ramesh.rams333@gmail.com']
[2025-05-22T05:50:23.787+0000] {standard_task_runner.py:110} ERROR - Failed to execute job 390 for task wait_for_existing_data (Sensor has timed out; run duration of 122.62449809999089 seconds exceeds the specified timeout of 120.0.; 686)
[2025-05-22T05:50:24.092+0000] {local_task_job_runner.py:240} INFO - Task exited with return code 1
[2025-05-22T05:50:24.269+0000] {local_task_job_runner.py:222} INFO - ::endgroup::
