[2025-05-19T03:08:51.651+0000] {local_task_job_runner.py:120} INFO - ::group::Pre task execution logs
[2025-05-19T03:08:52.117+0000] {taskinstance.py:2076} INFO - Dependencies all met for dep_context=non-requeueable deps ti=<TaskInstance: random_user_pipeline.insert_postgres manual__2025-05-19T03:08:37.492480+00:00 [queued]>
[2025-05-19T03:08:52.143+0000] {taskinstance.py:2076} INFO - Dependencies all met for dep_context=requeueable deps ti=<TaskInstance: random_user_pipeline.insert_postgres manual__2025-05-19T03:08:37.492480+00:00 [queued]>
[2025-05-19T03:08:52.145+0000] {taskinstance.py:2306} INFO - Starting attempt 1 of 2
[2025-05-19T03:08:52.176+0000] {taskinstance.py:2330} INFO - Executing <Task(PythonOperator): insert_postgres> on 2025-05-19 03:08:37.492480+00:00
[2025-05-19T03:08:52.187+0000] {standard_task_runner.py:90} INFO - Running: ['airflow', 'tasks', 'run', 'random_user_pipeline', 'insert_***', 'manual__2025-05-19T03:08:37.492480+00:00', '--job-id', '273', '--raw', '--subdir', 'DAGS_FOLDER/random_user_pipeline.py', '--cfg-path', '/tmp/tmpht1759ps']
[2025-05-19T03:08:52.192+0000] {standard_task_runner.py:91} INFO - Job 273: Subtask insert_***
[2025-05-19T03:08:52.196+0000] {logging_mixin.py:188} WARNING - /home/airflow/.local/lib/python3.12/site-packages/airflow/task/task_runner/standard_task_runner.py:61 DeprecationWarning: This process (pid=307) is multi-threaded, use of fork() may lead to deadlocks in the child.
[2025-05-19T03:08:52.198+0000] {standard_task_runner.py:63} INFO - Started process 308 to run task
[2025-05-19T03:08:53.672+0000] {task_command.py:426} INFO - Running <TaskInstance: random_user_pipeline.insert_postgres manual__2025-05-19T03:08:37.492480+00:00 [running]> on host 4c5cd93e80a1
[2025-05-19T03:08:56.753+0000] {taskinstance.py:2648} INFO - Exporting env vars: AIRFLOW_CTX_DAG_EMAIL='papala.ramesh@quation.in,smilesoframs@gmail.com,ramesh.rams333@gmail.com' AIRFLOW_CTX_DAG_OWNER='airflow' AIRFLOW_CTX_DAG_ID='random_user_pipeline' AIRFLOW_CTX_TASK_ID='insert_***' AIRFLOW_CTX_EXECUTION_DATE='2025-05-19T03:08:37.492480+00:00' AIRFLOW_CTX_TRY_NUMBER='1' AIRFLOW_CTX_DAG_RUN_ID='manual__2025-05-19T03:08:37.492480+00:00'
[2025-05-19T03:08:56.755+0000] {taskinstance.py:430} INFO - ::endgroup::
[2025-05-19T03:08:56.781+0000] {logging_mixin.py:188} INFO - Parsed using ast.literal_eval (Python dict string).
[2025-05-19T03:08:57.203+0000] {logging_mixin.py:188} INFO - ✅ Database connection established.
[2025-05-19T03:08:57.209+0000] {logging_mixin.py:188} INFO - ✅ Table ready.
[2025-05-19T03:08:57.213+0000] {logging_mixin.py:188} INFO - 
--- Inserting product ---
[2025-05-19T03:08:57.214+0000] {logging_mixin.py:188} INFO - Name: Eos doloribus quae qui eaque.
[2025-05-19T03:08:57.216+0000] {logging_mixin.py:188} INFO - Description: Repellat sunt eaque omnis delectus et vitae. Impedit recusandae est et. Sed magnam nostrum excepturi aut dolor.
[2025-05-19T03:08:57.217+0000] {logging_mixin.py:188} INFO - EAN: 9480230445078
[2025-05-19T03:08:57.218+0000] {logging_mixin.py:188} INFO - UPC: 883216836318
[2025-05-19T03:08:57.219+0000] {logging_mixin.py:188} INFO - Image: http://placeimg.com/640/480/tech
[2025-05-19T03:08:57.220+0000] {logging_mixin.py:188} INFO - Net Price: 31289937.73
[2025-05-19T03:08:57.221+0000] {logging_mixin.py:188} INFO - Taxes: 22.0
[2025-05-19T03:08:57.222+0000] {logging_mixin.py:188} INFO - Price: 38173724.03
[2025-05-19T03:08:57.228+0000] {logging_mixin.py:188} INFO - 
--- Inserting product ---
[2025-05-19T03:08:57.229+0000] {logging_mixin.py:188} INFO - Name: Non qui nostrum laborum.
[2025-05-19T03:08:57.230+0000] {logging_mixin.py:188} INFO - Description: Et dolorem repellendus voluptatem nihil laborum quod aspernatur. Inventore ipsum molestiae iure laborum. Dicta saepe aut amet minima numquam consequuntur voluptas odio.
[2025-05-19T03:08:57.231+0000] {logging_mixin.py:188} INFO - EAN: 2148780792871
[2025-05-19T03:08:57.232+0000] {logging_mixin.py:188} INFO - UPC: 496786141853
[2025-05-19T03:08:57.233+0000] {logging_mixin.py:188} INFO - Image: http://placeimg.com/640/480/tech
[2025-05-19T03:08:57.234+0000] {logging_mixin.py:188} INFO - Net Price: 1101.64
[2025-05-19T03:08:57.235+0000] {logging_mixin.py:188} INFO - Taxes: 22.0
[2025-05-19T03:08:57.236+0000] {logging_mixin.py:188} INFO - Price: 1344.0
[2025-05-19T03:08:57.240+0000] {logging_mixin.py:188} INFO - 
--- Inserting product ---
[2025-05-19T03:08:57.241+0000] {logging_mixin.py:188} INFO - Name: Aut aperiam iusto illo.
[2025-05-19T03:08:57.242+0000] {logging_mixin.py:188} INFO - Description: Porro similique esse velit aperiam exercitationem et id iste. Ipsam culpa id id sapiente vel. Laborum atque labore et neque. Consequatur et ullam dicta tempore veritatis dicta enim.
[2025-05-19T03:08:57.243+0000] {logging_mixin.py:188} INFO - EAN: 8488213277853
[2025-05-19T03:08:57.244+0000] {logging_mixin.py:188} INFO - UPC: 141893902748
[2025-05-19T03:08:57.244+0000] {logging_mixin.py:188} INFO - Image: http://placeimg.com/640/480/tech
[2025-05-19T03:08:57.245+0000] {logging_mixin.py:188} INFO - Net Price: 418141.9
[2025-05-19T03:08:57.246+0000] {logging_mixin.py:188} INFO - Taxes: 22.0
[2025-05-19T03:08:57.247+0000] {logging_mixin.py:188} INFO - Price: 510133.12
[2025-05-19T03:08:57.250+0000] {logging_mixin.py:188} INFO - 
--- Inserting product ---
[2025-05-19T03:08:57.251+0000] {logging_mixin.py:188} INFO - Name: Labore sunt quaerat nisi id.
[2025-05-19T03:08:57.251+0000] {logging_mixin.py:188} INFO - Description: Et autem repudiandae optio veritatis voluptatem molestiae unde et. Ut expedita qui nihil ipsam. Quis suscipit a molestias voluptates. Libero modi illo voluptatum quas ea omnis.
[2025-05-19T03:08:57.252+0000] {logging_mixin.py:188} INFO - EAN: 4199104847263
[2025-05-19T03:08:57.253+0000] {logging_mixin.py:188} INFO - UPC: 227850035411
[2025-05-19T03:08:57.254+0000] {logging_mixin.py:188} INFO - Image: http://placeimg.com/640/480/tech
[2025-05-19T03:08:57.255+0000] {logging_mixin.py:188} INFO - Net Price: 22281722.82
[2025-05-19T03:08:57.256+0000] {logging_mixin.py:188} INFO - Taxes: 22.0
[2025-05-19T03:08:57.256+0000] {logging_mixin.py:188} INFO - Price: 27183701.84
[2025-05-19T03:08:57.259+0000] {logging_mixin.py:188} INFO - 
--- Inserting product ---
[2025-05-19T03:08:57.260+0000] {logging_mixin.py:188} INFO - Name: Dignissimos qui laborum modi.
[2025-05-19T03:08:57.262+0000] {logging_mixin.py:188} INFO - Description: Dolores vero maiores perspiciatis quidem rem perspiciatis repellat. Occaecati qui aliquam veritatis quasi doloribus. Delectus explicabo id odio nulla omnis.
[2025-05-19T03:08:57.263+0000] {logging_mixin.py:188} INFO - EAN: 3916482648418
[2025-05-19T03:08:57.264+0000] {logging_mixin.py:188} INFO - UPC: 401282941499
[2025-05-19T03:08:57.265+0000] {logging_mixin.py:188} INFO - Image: http://placeimg.com/640/480/tech
[2025-05-19T03:08:57.265+0000] {logging_mixin.py:188} INFO - Net Price: 372994903.22
[2025-05-19T03:08:57.267+0000] {logging_mixin.py:188} INFO - Taxes: 22.0
[2025-05-19T03:08:57.267+0000] {logging_mixin.py:188} INFO - Price: 455053781.93
[2025-05-19T03:08:57.270+0000] {logging_mixin.py:188} INFO - 
--- Inserting product ---
[2025-05-19T03:08:57.271+0000] {logging_mixin.py:188} INFO - Name: Culpa sed nam autem rem cum.
[2025-05-19T03:08:57.271+0000] {logging_mixin.py:188} INFO - Description: Mollitia excepturi libero deserunt ratione incidunt magnam. Esse earum fugiat accusamus rerum. Occaecati asperiores ut adipisci excepturi aspernatur. Occaecati iure qui quia ad consequatur.
[2025-05-19T03:08:57.272+0000] {logging_mixin.py:188} INFO - EAN: 1973305820491
[2025-05-19T03:08:57.273+0000] {logging_mixin.py:188} INFO - UPC: 512014153301
[2025-05-19T03:08:57.274+0000] {logging_mixin.py:188} INFO - Image: http://placeimg.com/640/480/tech
[2025-05-19T03:08:57.274+0000] {logging_mixin.py:188} INFO - Net Price: 15282844.34
[2025-05-19T03:08:57.275+0000] {logging_mixin.py:188} INFO - Taxes: 22.0
[2025-05-19T03:08:57.276+0000] {logging_mixin.py:188} INFO - Price: 18645070.09
[2025-05-19T03:08:57.279+0000] {logging_mixin.py:188} INFO - 
--- Inserting product ---
[2025-05-19T03:08:57.280+0000] {logging_mixin.py:188} INFO - Name: Atque ex qui molestiae.
[2025-05-19T03:08:57.281+0000] {logging_mixin.py:188} INFO - Description: Doloribus est quia qui quaerat quisquam recusandae. Nobis inventore rerum omnis aspernatur possimus soluta. Repellat harum reiciendis veniam labore repudiandae. Sed doloribus et adipisci earum.
[2025-05-19T03:08:57.282+0000] {logging_mixin.py:188} INFO - EAN: 8807461859480
[2025-05-19T03:08:57.286+0000] {logging_mixin.py:188} INFO - UPC: 496488710222
[2025-05-19T03:08:57.288+0000] {logging_mixin.py:188} INFO - Image: http://placeimg.com/640/480/tech
[2025-05-19T03:08:57.289+0000] {logging_mixin.py:188} INFO - Net Price: 13330.12
[2025-05-19T03:08:57.290+0000] {logging_mixin.py:188} INFO - Taxes: 22.0
[2025-05-19T03:08:57.290+0000] {logging_mixin.py:188} INFO - Price: 16262.75
[2025-05-19T03:08:57.294+0000] {logging_mixin.py:188} INFO - 
--- Inserting product ---
[2025-05-19T03:08:57.294+0000] {logging_mixin.py:188} INFO - Name: Omnis qui eum voluptatem.
[2025-05-19T03:08:57.295+0000] {logging_mixin.py:188} INFO - Description: Fugiat quidem vitae nesciunt id. Facilis non eius distinctio labore recusandae voluptate officia.
[2025-05-19T03:08:57.296+0000] {logging_mixin.py:188} INFO - EAN: 8909389098016
[2025-05-19T03:08:57.297+0000] {logging_mixin.py:188} INFO - UPC: 539571986837
[2025-05-19T03:08:57.298+0000] {logging_mixin.py:188} INFO - Image: http://placeimg.com/640/480/tech
[2025-05-19T03:08:57.298+0000] {logging_mixin.py:188} INFO - Net Price: 952.1
[2025-05-19T03:08:57.299+0000] {logging_mixin.py:188} INFO - Taxes: 22.0
[2025-05-19T03:08:57.300+0000] {logging_mixin.py:188} INFO - Price: 1161.56
[2025-05-19T03:08:57.302+0000] {logging_mixin.py:188} INFO - 
--- Inserting product ---
[2025-05-19T03:08:57.303+0000] {logging_mixin.py:188} INFO - Name: Nihil in omnis iusto.
[2025-05-19T03:08:57.304+0000] {logging_mixin.py:188} INFO - Description: Magni dolore et optio qui beatae. Et architecto repellat vel veniam debitis. Qui quo vero cum sequi reiciendis. Alias architecto autem voluptatum.
[2025-05-19T03:08:57.305+0000] {logging_mixin.py:188} INFO - EAN: 5867041665330
[2025-05-19T03:08:57.306+0000] {logging_mixin.py:188} INFO - UPC: 543898654817
[2025-05-19T03:08:57.306+0000] {logging_mixin.py:188} INFO - Image: http://placeimg.com/640/480/tech
[2025-05-19T03:08:57.307+0000] {logging_mixin.py:188} INFO - Net Price: 214.56
[2025-05-19T03:08:57.308+0000] {logging_mixin.py:188} INFO - Taxes: 22.0
[2025-05-19T03:08:57.309+0000] {logging_mixin.py:188} INFO - Price: 261.76
[2025-05-19T03:08:57.311+0000] {logging_mixin.py:188} INFO - 
--- Inserting product ---
[2025-05-19T03:08:57.312+0000] {logging_mixin.py:188} INFO - Name: Sequi aliquid aut enim sequi.
[2025-05-19T03:08:57.313+0000] {logging_mixin.py:188} INFO - Description: Dolor voluptatibus consectetur voluptates fuga. Enim quidem quis praesentium incidunt quia. Hic nam odio earum. Repellat est mollitia id inventore distinctio consequatur quam alias.
[2025-05-19T03:08:57.313+0000] {logging_mixin.py:188} INFO - EAN: 4742827800451
[2025-05-19T03:08:57.314+0000] {logging_mixin.py:188} INFO - UPC: 149017427742
[2025-05-19T03:08:57.315+0000] {logging_mixin.py:188} INFO - Image: http://placeimg.com/640/480/tech
[2025-05-19T03:08:57.315+0000] {logging_mixin.py:188} INFO - Net Price: 2040.06
[2025-05-19T03:08:57.316+0000] {logging_mixin.py:188} INFO - Taxes: 22.0
[2025-05-19T03:08:57.317+0000] {logging_mixin.py:188} INFO - Price: 2488.87
[2025-05-19T03:08:57.322+0000] {logging_mixin.py:188} INFO - 
✅ Inserted 10 products successfully.
[2025-05-19T03:08:57.323+0000] {logging_mixin.py:188} INFO - 🔒 DB connection closed.
[2025-05-19T03:08:57.325+0000] {python.py:237} INFO - Done. Returned value was: None
[2025-05-19T03:08:57.326+0000] {taskinstance.py:441} INFO - ::group::Post task execution logs
[2025-05-19T03:08:58.139+0000] {taskinstance.py:1206} INFO - Marking task as SUCCESS. dag_id=random_user_pipeline, task_id=insert_***, run_id=manual__2025-05-19T03:08:37.492480+00:00, execution_date=20250519T030837, start_date=20250519T030852, end_date=20250519T030858
[2025-05-19T03:08:58.486+0000] {local_task_job_runner.py:240} INFO - Task exited with return code 0
[2025-05-19T03:08:58.960+0000] {taskinstance.py:3503} INFO - 0 downstream tasks scheduled from follow-on schedule check
[2025-05-19T03:08:58.964+0000] {local_task_job_runner.py:222} INFO - ::endgroup::
