[2025-05-22T05:47:09.444+0000] {local_task_job_runner.py:120} INFO - ::group::Pre task execution logs
[2025-05-22T05:47:09.740+0000] {taskinstance.py:2076} INFO - Dependencies all met for dep_context=non-requeueable deps ti=<TaskInstance: random_user_pipeline.branch_on_count manual__2025-05-22T05:47:02.479168+00:00 [queued]>
[2025-05-22T05:47:09.754+0000] {taskinstance.py:2076} INFO - Dependencies all met for dep_context=requeueable deps ti=<TaskInstance: random_user_pipeline.branch_on_count manual__2025-05-22T05:47:02.479168+00:00 [queued]>
[2025-05-22T05:47:09.756+0000] {taskinstance.py:2306} INFO - Starting attempt 1 of 2
[2025-05-22T05:47:09.772+0000] {taskinstance.py:2330} INFO - Executing <Task(BranchPythonOperator): branch_on_count> on 2025-05-22 05:47:02.479168+00:00
[2025-05-22T05:47:09.779+0000] {logging_mixin.py:188} WARNING - /home/airflow/.local/lib/python3.12/site-packages/airflow/task/task_runner/standard_task_runner.py:61 DeprecationWarning: This process (pid=642) is multi-threaded, use of fork() may lead to deadlocks in the child.
[2025-05-22T05:47:09.780+0000] {standard_task_runner.py:63} INFO - Started process 643 to run task
[2025-05-22T05:47:09.779+0000] {standard_task_runner.py:90} INFO - Running: ['airflow', 'tasks', 'run', 'random_user_pipeline', 'branch_on_count', 'manual__2025-05-22T05:47:02.479168+00:00', '--job-id', '389', '--raw', '--subdir', 'DAGS_FOLDER/random_user_pipeline.py', '--cfg-path', '/tmp/tmp5m4o5am0']
[2025-05-22T05:47:09.781+0000] {standard_task_runner.py:91} INFO - Job 389: Subtask branch_on_count
[2025-05-22T05:47:11.026+0000] {task_command.py:426} INFO - Running <TaskInstance: random_user_pipeline.branch_on_count manual__2025-05-22T05:47:02.479168+00:00 [running]> on host cd3a1fee70a8
[2025-05-22T05:47:12.245+0000] {taskinstance.py:2648} INFO - Exporting env vars: AIRFLOW_CTX_DAG_EMAIL='papala.ramesh@quation.in,smilesoframs@gmail.com,ramesh.rams333@gmail.com' AIRFLOW_CTX_DAG_OWNER='airflow' AIRFLOW_CTX_DAG_ID='random_user_pipeline' AIRFLOW_CTX_TASK_ID='branch_on_count' AIRFLOW_CTX_EXECUTION_DATE='2025-05-22T05:47:02.479168+00:00' AIRFLOW_CTX_TRY_NUMBER='1' AIRFLOW_CTX_DAG_RUN_ID='manual__2025-05-22T05:47:02.479168+00:00'
[2025-05-22T05:47:12.246+0000] {taskinstance.py:430} INFO - ::endgroup::
[2025-05-22T05:47:12.257+0000] {baseoperator.py:400} WARNING - BranchPythonOperator.execute cannot be called outside TaskInstance!
[2025-05-22T05:47:12.265+0000] {crypto.py:82} WARNING - empty cryptography key - values will not be stored encrypted.
[2025-05-22T05:47:12.266+0000] {base.py:84} INFO - Using connection ID '***_default' for task execution.
[2025-05-22T05:47:12.521+0000] {sql.py:487} INFO - Running statement: SELECT COUNT(*) FROM products WHERE DATE(created_at) = CURRENT_DATE;
, parameters: None
[2025-05-22T05:47:12.524+0000] {sql.py:496} INFO - Rows affected: 1
[2025-05-22T05:47:12.525+0000] {python.py:237} INFO - Done. Returned value was: log_ingestion_audit
[2025-05-22T05:47:12.526+0000] {branch.py:36} INFO - Branch into log_ingestion_audit
[2025-05-22T05:47:12.526+0000] {skipmixin.py:178} INFO - Following branch log_ingestion_audit
[2025-05-22T05:47:13.008+0000] {skipmixin.py:246} INFO - Skipping tasks [('fetch_random_product', -1), ('skip_fetch_insert', -1)]
[2025-05-22T05:47:13.471+0000] {taskinstance.py:441} INFO - ::group::Post task execution logs
[2025-05-22T05:47:13.879+0000] {taskinstance.py:1206} INFO - Marking task as SUCCESS. dag_id=random_user_pipeline, task_id=branch_on_count, run_id=manual__2025-05-22T05:47:02.479168+00:00, execution_date=20250522T054702, start_date=20250522T054709, end_date=20250522T054713
[2025-05-22T05:47:13.934+0000] {local_task_job_runner.py:240} INFO - Task exited with return code 0
[2025-05-22T05:47:14.253+0000] {logging_mixin.py:188} WARNING - /home/airflow/.local/lib/python3.12/site-packages/airflow/models/baseoperator.py:1297 AirflowProviderDeprecationWarning: Call to deprecated class PostgresOperator. (Please use `airflow.providers.common.sql.operators.sql.SQLExecuteQueryOperator`.Also, you can provide `hook_params={'schema': <database>}`.)
[2025-05-22T05:47:14.270+0000] {taskinstance.py:3503} INFO - 0 downstream tasks scheduled from follow-on schedule check
[2025-05-22T05:47:14.272+0000] {local_task_job_runner.py:222} INFO - ::endgroup::
