[2025-05-19T03:31:55.963+0000] {local_task_job_runner.py:120} INFO - ::group::Pre task execution logs
[2025-05-19T03:31:56.472+0000] {taskinstance.py:2076} INFO - Dependencies all met for dep_context=non-requeueable deps ti=<TaskInstance: random_user_pipeline.insert_postgres manual__2025-05-19T03:31:41.752818+00:00 [queued]>
[2025-05-19T03:31:56.504+0000] {taskinstance.py:2076} INFO - Dependencies all met for dep_context=requeueable deps ti=<TaskInstance: random_user_pipeline.insert_postgres manual__2025-05-19T03:31:41.752818+00:00 [queued]>
[2025-05-19T03:31:56.507+0000] {taskinstance.py:2306} INFO - Starting attempt 1 of 2
[2025-05-19T03:31:56.550+0000] {taskinstance.py:2330} INFO - Executing <Task(PythonOperator): insert_postgres> on 2025-05-19 03:31:41.752818+00:00
[2025-05-19T03:31:56.562+0000] {standard_task_runner.py:90} INFO - Running: ['airflow', 'tasks', 'run', 'random_user_pipeline', 'insert_***', 'manual__2025-05-19T03:31:41.752818+00:00', '--job-id', '278', '--raw', '--subdir', 'DAGS_FOLDER/random_user_pipeline.py', '--cfg-path', '/tmp/tmpy4zfgbg8']
[2025-05-19T03:31:56.567+0000] {standard_task_runner.py:91} INFO - Job 278: Subtask insert_***
[2025-05-19T03:31:56.571+0000] {logging_mixin.py:188} WARNING - /home/airflow/.local/lib/python3.12/site-packages/airflow/task/task_runner/standard_task_runner.py:61 DeprecationWarning: This process (pid=271) is multi-threaded, use of fork() may lead to deadlocks in the child.
[2025-05-19T03:31:56.572+0000] {standard_task_runner.py:63} INFO - Started process 274 to run task
[2025-05-19T03:31:57.999+0000] {task_command.py:426} INFO - Running <TaskInstance: random_user_pipeline.insert_postgres manual__2025-05-19T03:31:41.752818+00:00 [running]> on host 535a6dcc4d99
[2025-05-19T03:32:00.408+0000] {taskinstance.py:2648} INFO - Exporting env vars: AIRFLOW_CTX_DAG_EMAIL='papala.ramesh@quation.in,smilesoframs@gmail.com,ramesh.rams333@gmail.com' AIRFLOW_CTX_DAG_OWNER='airflow' AIRFLOW_CTX_DAG_ID='random_user_pipeline' AIRFLOW_CTX_TASK_ID='insert_***' AIRFLOW_CTX_EXECUTION_DATE='2025-05-19T03:31:41.752818+00:00' AIRFLOW_CTX_TRY_NUMBER='1' AIRFLOW_CTX_DAG_RUN_ID='manual__2025-05-19T03:31:41.752818+00:00'
[2025-05-19T03:32:00.410+0000] {taskinstance.py:430} INFO - ::endgroup::
[2025-05-19T03:32:00.434+0000] {logging_mixin.py:188} INFO - Parsed using ast.literal_eval (Python dict string).
[2025-05-19T03:32:00.834+0000] {logging_mixin.py:188} INFO - ✅ Database connection established.
[2025-05-19T03:32:00.839+0000] {logging_mixin.py:188} INFO - ✅ Table ready.
[2025-05-19T03:32:00.840+0000] {logging_mixin.py:188} INFO - 
--- Inserting product ---
[2025-05-19T03:32:00.841+0000] {logging_mixin.py:188} INFO - Name: Tenetur qui quaerat quis.
[2025-05-19T03:32:00.842+0000] {logging_mixin.py:188} INFO - Created At: 2025-05-19 03:32:00.840664
[2025-05-19T03:32:00.846+0000] {logging_mixin.py:188} INFO - 
--- Inserting product ---
[2025-05-19T03:32:00.849+0000] {logging_mixin.py:188} INFO - Name: Ipsum dolor numquam aliquam.
[2025-05-19T03:32:00.850+0000] {logging_mixin.py:188} INFO - Created At: 2025-05-19 03:32:00.846819
[2025-05-19T03:32:00.853+0000] {logging_mixin.py:188} INFO - 
--- Inserting product ---
[2025-05-19T03:32:00.853+0000] {logging_mixin.py:188} INFO - Name: Non odio sit eos qui numquam.
[2025-05-19T03:32:00.854+0000] {logging_mixin.py:188} INFO - Created At: 2025-05-19 03:32:00.853118
[2025-05-19T03:32:00.857+0000] {logging_mixin.py:188} INFO - 
--- Inserting product ---
[2025-05-19T03:32:00.857+0000] {logging_mixin.py:188} INFO - Name: Dolore quo sunt delectus.
[2025-05-19T03:32:00.858+0000] {logging_mixin.py:188} INFO - Created At: 2025-05-19 03:32:00.857109
[2025-05-19T03:32:00.862+0000] {logging_mixin.py:188} INFO - 
--- Inserting product ---
[2025-05-19T03:32:00.863+0000] {logging_mixin.py:188} INFO - Name: Maxime est facere magnam.
[2025-05-19T03:32:00.864+0000] {logging_mixin.py:188} INFO - Created At: 2025-05-19 03:32:00.861964
[2025-05-19T03:32:00.867+0000] {logging_mixin.py:188} INFO - 
--- Inserting product ---
[2025-05-19T03:32:00.868+0000] {logging_mixin.py:188} INFO - Name: Rem rem nihil temporibus.
[2025-05-19T03:32:00.869+0000] {logging_mixin.py:188} INFO - Created At: 2025-05-19 03:32:00.867587
[2025-05-19T03:32:00.872+0000] {logging_mixin.py:188} INFO - 
--- Inserting product ---
[2025-05-19T03:32:00.873+0000] {logging_mixin.py:188} INFO - Name: Et saepe soluta illum est.
[2025-05-19T03:32:00.875+0000] {logging_mixin.py:188} INFO - Created At: 2025-05-19 03:32:00.872770
[2025-05-19T03:32:00.877+0000] {logging_mixin.py:188} INFO - 
--- Inserting product ---
[2025-05-19T03:32:00.878+0000] {logging_mixin.py:188} INFO - Name: Sed optio magni nostrum.
[2025-05-19T03:32:00.879+0000] {logging_mixin.py:188} INFO - Created At: 2025-05-19 03:32:00.877681
[2025-05-19T03:32:00.881+0000] {logging_mixin.py:188} INFO - 
--- Inserting product ---
[2025-05-19T03:32:00.883+0000] {logging_mixin.py:188} INFO - Name: Omnis aut cum nobis eius.
[2025-05-19T03:32:00.883+0000] {logging_mixin.py:188} INFO - Created At: 2025-05-19 03:32:00.881877
[2025-05-19T03:32:00.886+0000] {logging_mixin.py:188} INFO - 
--- Inserting product ---
[2025-05-19T03:32:00.887+0000] {logging_mixin.py:188} INFO - Name: Alias et dolor dolorem sequi.
[2025-05-19T03:32:00.888+0000] {logging_mixin.py:188} INFO - Created At: 2025-05-19 03:32:00.886262
[2025-05-19T03:32:00.895+0000] {logging_mixin.py:188} INFO - 
✅ Inserted 10 products successfully.
[2025-05-19T03:32:00.896+0000] {logging_mixin.py:188} INFO - 🔒 DB connection closed.
[2025-05-19T03:32:00.897+0000] {python.py:237} INFO - Done. Returned value was: None
[2025-05-19T03:32:00.898+0000] {taskinstance.py:441} INFO - ::group::Post task execution logs
[2025-05-19T03:32:01.309+0000] {taskinstance.py:1206} INFO - Marking task as SUCCESS. dag_id=random_user_pipeline, task_id=insert_***, run_id=manual__2025-05-19T03:31:41.752818+00:00, execution_date=20250519T033141, start_date=20250519T033156, end_date=20250519T033201
[2025-05-19T03:32:01.379+0000] {local_task_job_runner.py:240} INFO - Task exited with return code 0
[2025-05-19T03:32:01.826+0000] {taskinstance.py:3503} INFO - 0 downstream tasks scheduled from follow-on schedule check
[2025-05-19T03:32:01.832+0000] {local_task_job_runner.py:222} INFO - ::endgroup::
