[2025-05-16T06:52:38.786+0000] {local_task_job_runner.py:120} INFO - ::group::Pre task execution logs
[2025-05-16T06:52:39.285+0000] {taskinstance.py:2076} INFO - Dependencies all met for dep_context=non-requeueable deps ti=<TaskInstance: random_user_pipeline.insert_postgres manual__2025-05-16T06:52:20.274867+00:00 [queued]>
[2025-05-16T06:52:39.309+0000] {taskinstance.py:2076} INFO - Dependencies all met for dep_context=requeueable deps ti=<TaskInstance: random_user_pipeline.insert_postgres manual__2025-05-16T06:52:20.274867+00:00 [queued]>
[2025-05-16T06:52:39.310+0000] {taskinstance.py:2306} INFO - Starting attempt 1 of 2
[2025-05-16T06:52:39.344+0000] {taskinstance.py:2330} INFO - Executing <Task(PythonOperator): insert_postgres> on 2025-05-16 06:52:20.274867+00:00
[2025-05-16T06:52:39.357+0000] {standard_task_runner.py:90} INFO - Running: ['airflow', 'tasks', 'run', 'random_user_pipeline', 'insert_***', 'manual__2025-05-16T06:52:20.274867+00:00', '--job-id', '242', '--raw', '--subdir', 'DAGS_FOLDER/random_user_pipeline.py', '--cfg-path', '/tmp/tmpkhg08els']
[2025-05-16T06:52:39.362+0000] {logging_mixin.py:188} WARNING - /home/airflow/.local/lib/python3.12/site-packages/airflow/task/task_runner/standard_task_runner.py:61 DeprecationWarning: This process (pid=244) is multi-threaded, use of fork() may lead to deadlocks in the child.
[2025-05-16T06:52:39.363+0000] {standard_task_runner.py:91} INFO - Job 242: Subtask insert_***
[2025-05-16T06:52:39.363+0000] {standard_task_runner.py:63} INFO - Started process 245 to run task
[2025-05-16T06:52:40.931+0000] {task_command.py:426} INFO - Running <TaskInstance: random_user_pipeline.insert_postgres manual__2025-05-16T06:52:20.274867+00:00 [running]> on host 4e5d1ea7456f
[2025-05-16T06:52:43.606+0000] {taskinstance.py:2648} INFO - Exporting env vars: AIRFLOW_CTX_DAG_EMAIL='papala.ramesh@quation.in,smilesoframs@gmail.com,ramesh.rams333@gmail.com' AIRFLOW_CTX_DAG_OWNER='airflow' AIRFLOW_CTX_DAG_ID='random_user_pipeline' AIRFLOW_CTX_TASK_ID='insert_***' AIRFLOW_CTX_EXECUTION_DATE='2025-05-16T06:52:20.274867+00:00' AIRFLOW_CTX_TRY_NUMBER='1' AIRFLOW_CTX_DAG_RUN_ID='manual__2025-05-16T06:52:20.274867+00:00'
[2025-05-16T06:52:43.608+0000] {taskinstance.py:430} INFO - ::endgroup::
[2025-05-16T06:52:43.629+0000] {taskinstance.py:441} INFO - ::group::Post task execution logs
[2025-05-16T06:52:43.630+0000] {taskinstance.py:2905} ERROR - Task failed with exception
Traceback (most recent call last):
  File "/home/airflow/.local/lib/python3.12/site-packages/airflow/models/taskinstance.py", line 465, in _execute_task
    result = _execute_callable(context=context, **execute_callable_kwargs)
             ^^^^^^^^^^^^^^^^^^^^^^^^^^^^^^^^^^^^^^^^^^^^^^^^^^^^^^^^^^^^^
  File "/home/airflow/.local/lib/python3.12/site-packages/airflow/models/taskinstance.py", line 432, in _execute_callable
    return execute_callable(context=context, **execute_callable_kwargs)
           ^^^^^^^^^^^^^^^^^^^^^^^^^^^^^^^^^^^^^^^^^^^^^^^^^^^^^^^^^^^^
  File "/home/airflow/.local/lib/python3.12/site-packages/airflow/models/baseoperator.py", line 401, in wrapper
    return func(self, *args, **kwargs)
           ^^^^^^^^^^^^^^^^^^^^^^^^^^^
  File "/home/airflow/.local/lib/python3.12/site-packages/airflow/operators/python.py", line 235, in execute
    return_value = self.execute_callable()
                   ^^^^^^^^^^^^^^^^^^^^^^^
  File "/home/airflow/.local/lib/python3.12/site-packages/airflow/operators/python.py", line 252, in execute_callable
    return self.python_callable(*self.op_args, **self.op_kwargs)
           ^^^^^^^^^^^^^^^^^^^^^^^^^^^^^^^^^^^^^^^^^^^^^^^^^^^^^
  File "/opt/airflow/dags/storage/postgres_loader/write_to_postgres.py", line 10, in write_to_postgres
    if isinstancejjjj(data, str):
       ^^^^^^^^^^^^^^
NameError: name 'isinstancejjjj' is not defined. Did you mean: 'isinstance'?
[2025-05-16T06:52:44.083+0000] {taskinstance.py:1206} INFO - Marking task as UP_FOR_RETRY. dag_id=random_user_pipeline, task_id=insert_***, run_id=manual__2025-05-16T06:52:20.274867+00:00, execution_date=20250516T065220, start_date=20250516T065239, end_date=20250516T065244
[2025-05-16T06:52:44.134+0000] {logging_mixin.py:188} WARNING - /home/airflow/.local/lib/python3.12/site-packages/airflow/utils/email.py:154 RemovedInAirflow3Warning: Fetching SMTP credentials from configuration variables will be deprecated in a future release. Please set credentials using a connection instead.
[2025-05-16T06:52:44.135+0000] {email.py:271} INFO - Email alerting: attempt 1
[2025-05-16T06:52:45.980+0000] {email.py:282} INFO - Sent an alert email to ['papala.ramesh@quation.in', 'smilesoframs@gmail.com', 'ramesh.rams333@gmail.com']
[2025-05-16T06:52:49.364+0000] {standard_task_runner.py:110} ERROR - Failed to execute job 242 for task insert_*** (name 'isinstancejjjj' is not defined; 245)
[2025-05-16T06:52:49.413+0000] {local_task_job_runner.py:240} INFO - Task exited with return code 1
[2025-05-16T06:52:49.909+0000] {taskinstance.py:3503} INFO - 0 downstream tasks scheduled from follow-on schedule check
[2025-05-16T06:52:49.915+0000] {local_task_job_runner.py:222} INFO - ::endgroup::
