[2025-05-16T06:57:46.576+0000] {local_task_job_runner.py:120} INFO - ::group::Pre task execution logs
[2025-05-16T06:57:47.042+0000] {taskinstance.py:2076} INFO - Dependencies all met for dep_context=non-requeueable deps ti=<TaskInstance: random_user_pipeline.insert_postgres manual__2025-05-16T06:52:20.274867+00:00 [queued]>
[2025-05-16T06:57:47.078+0000] {taskinstance.py:2076} INFO - Dependencies all met for dep_context=requeueable deps ti=<TaskInstance: random_user_pipeline.insert_postgres manual__2025-05-16T06:52:20.274867+00:00 [queued]>
[2025-05-16T06:57:47.081+0000] {taskinstance.py:2306} INFO - Starting attempt 2 of 2
[2025-05-16T06:57:47.123+0000] {taskinstance.py:2330} INFO - Executing <Task(PythonOperator): insert_postgres> on 2025-05-16 06:52:20.274867+00:00
[2025-05-16T06:57:47.140+0000] {standard_task_runner.py:90} INFO - Running: ['airflow', 'tasks', 'run', 'random_user_pipeline', 'insert_***', 'manual__2025-05-16T06:52:20.274867+00:00', '--job-id', '244', '--raw', '--subdir', 'DAGS_FOLDER/random_user_pipeline.py', '--cfg-path', '/tmp/tmp0a5vdp6c']
[2025-05-16T06:57:47.144+0000] {logging_mixin.py:188} WARNING - /home/airflow/.local/lib/python3.12/site-packages/airflow/task/task_runner/standard_task_runner.py:61 DeprecationWarning: This process (pid=190) is multi-threaded, use of fork() may lead to deadlocks in the child.
[2025-05-16T06:57:47.146+0000] {standard_task_runner.py:91} INFO - Job 244: Subtask insert_***
[2025-05-16T06:57:47.146+0000] {standard_task_runner.py:63} INFO - Started process 192 to run task
[2025-05-16T06:57:48.722+0000] {task_command.py:426} INFO - Running <TaskInstance: random_user_pipeline.insert_postgres manual__2025-05-16T06:52:20.274867+00:00 [running]> on host 55f744d14f9d
[2025-05-16T06:57:51.267+0000] {taskinstance.py:2648} INFO - Exporting env vars: AIRFLOW_CTX_DAG_EMAIL='papala.ramesh@quation.in,smilesoframs@gmail.com,ramesh.rams333@gmail.com' AIRFLOW_CTX_DAG_OWNER='airflow' AIRFLOW_CTX_DAG_ID='random_user_pipeline' AIRFLOW_CTX_TASK_ID='insert_***' AIRFLOW_CTX_EXECUTION_DATE='2025-05-16T06:52:20.274867+00:00' AIRFLOW_CTX_TRY_NUMBER='2' AIRFLOW_CTX_DAG_RUN_ID='manual__2025-05-16T06:52:20.274867+00:00'
[2025-05-16T06:57:51.270+0000] {taskinstance.py:430} INFO - ::endgroup::
[2025-05-16T06:57:51.355+0000] {logging_mixin.py:188} INFO - Parsed using ast.literal_eval (Python dict string).
[2025-05-16T06:57:51.759+0000] {logging_mixin.py:188} INFO - ✅ Database connection established.
[2025-05-16T06:57:51.763+0000] {logging_mixin.py:188} INFO - ✅ Table ready.
[2025-05-16T06:57:51.764+0000] {logging_mixin.py:188} INFO - 
--- Inserting product ---
[2025-05-16T06:57:51.765+0000] {logging_mixin.py:188} INFO - Name: Aut sit ipsam et ipsam.
[2025-05-16T06:57:51.766+0000] {logging_mixin.py:188} INFO - Description: Et enim harum rerum repudiandae non dicta. Corporis sapiente eos est sed eius.
[2025-05-16T06:57:51.767+0000] {logging_mixin.py:188} INFO - EAN: 3842985198283
[2025-05-16T06:57:51.768+0000] {logging_mixin.py:188} INFO - UPC: 871541736446
[2025-05-16T06:57:51.769+0000] {logging_mixin.py:188} INFO - Image: http://placeimg.com/640/480/tech
[2025-05-16T06:57:51.770+0000] {logging_mixin.py:188} INFO - Net Price: 1494347.57
[2025-05-16T06:57:51.771+0000] {logging_mixin.py:188} INFO - Taxes: 22.0
[2025-05-16T06:57:51.772+0000] {logging_mixin.py:188} INFO - Price: 1823104.04
[2025-05-16T06:57:51.779+0000] {logging_mixin.py:188} INFO - 
--- Inserting product ---
[2025-05-16T06:57:51.780+0000] {logging_mixin.py:188} INFO - Name: Quia rem voluptas dolores et.
[2025-05-16T06:57:51.781+0000] {logging_mixin.py:188} INFO - Description: Ut debitis enim molestiae fugiat ut soluta non. A autem porro eius suscipit quibusdam. Culpa tempora quis aut. Velit qui nemo veritatis sed est aut.
[2025-05-16T06:57:51.782+0000] {logging_mixin.py:188} INFO - EAN: 5220769782558
[2025-05-16T06:57:51.782+0000] {logging_mixin.py:188} INFO - UPC: 579574681546
[2025-05-16T06:57:51.783+0000] {logging_mixin.py:188} INFO - Image: http://placeimg.com/640/480/tech
[2025-05-16T06:57:51.784+0000] {logging_mixin.py:188} INFO - Net Price: 28.46
[2025-05-16T06:57:51.784+0000] {logging_mixin.py:188} INFO - Taxes: 22.0
[2025-05-16T06:57:51.785+0000] {logging_mixin.py:188} INFO - Price: 34.72
[2025-05-16T06:57:51.787+0000] {logging_mixin.py:188} INFO - 
--- Inserting product ---
[2025-05-16T06:57:51.788+0000] {logging_mixin.py:188} INFO - Name: Odit earum itaque quos odio.
[2025-05-16T06:57:51.789+0000] {logging_mixin.py:188} INFO - Description: Non veniam minus officiis labore soluta. Cupiditate voluptas sunt iusto magnam asperiores tenetur sit dolorem. Sapiente similique facere ratione et.
[2025-05-16T06:57:51.789+0000] {logging_mixin.py:188} INFO - EAN: 7648704033578
[2025-05-16T06:57:51.790+0000] {logging_mixin.py:188} INFO - UPC: 187134076956
[2025-05-16T06:57:51.790+0000] {logging_mixin.py:188} INFO - Image: http://placeimg.com/640/480/tech
[2025-05-16T06:57:51.791+0000] {logging_mixin.py:188} INFO - Net Price: 2568653.64
[2025-05-16T06:57:51.792+0000] {logging_mixin.py:188} INFO - Taxes: 22.0
[2025-05-16T06:57:51.792+0000] {logging_mixin.py:188} INFO - Price: 3133757.44
[2025-05-16T06:57:51.796+0000] {logging_mixin.py:188} INFO - 
--- Inserting product ---
[2025-05-16T06:57:51.797+0000] {logging_mixin.py:188} INFO - Name: Et porro et illo hic commodi.
[2025-05-16T06:57:51.798+0000] {logging_mixin.py:188} INFO - Description: Sit impedit possimus eligendi. Accusantium nesciunt iusto laborum eaque est ipsa explicabo. Quos temporibus maiores doloribus incidunt quos. Itaque dolor velit velit voluptatibus facere quasi.
[2025-05-16T06:57:51.799+0000] {logging_mixin.py:188} INFO - EAN: 1588520719026
[2025-05-16T06:57:51.800+0000] {logging_mixin.py:188} INFO - UPC: 559815603199
[2025-05-16T06:57:51.801+0000] {logging_mixin.py:188} INFO - Image: http://placeimg.com/640/480/tech
[2025-05-16T06:57:51.802+0000] {logging_mixin.py:188} INFO - Net Price: 303.07
[2025-05-16T06:57:51.803+0000] {logging_mixin.py:188} INFO - Taxes: 22.0
[2025-05-16T06:57:51.804+0000] {logging_mixin.py:188} INFO - Price: 369.75
[2025-05-16T06:57:51.808+0000] {logging_mixin.py:188} INFO - 
--- Inserting product ---
[2025-05-16T06:57:51.809+0000] {logging_mixin.py:188} INFO - Name: Dolores est nemo ut delectus.
[2025-05-16T06:57:51.810+0000] {logging_mixin.py:188} INFO - Description: Necessitatibus nam recusandae enim voluptatem doloremque. Omnis voluptatibus rerum asperiores rerum. Aut ducimus et porro quis.
[2025-05-16T06:57:51.810+0000] {logging_mixin.py:188} INFO - EAN: 5948637812793
[2025-05-16T06:57:51.811+0000] {logging_mixin.py:188} INFO - UPC: 480900964033
[2025-05-16T06:57:51.812+0000] {logging_mixin.py:188} INFO - Image: http://placeimg.com/640/480/tech
[2025-05-16T06:57:51.812+0000] {logging_mixin.py:188} INFO - Net Price: 133581.85
[2025-05-16T06:57:51.813+0000] {logging_mixin.py:188} INFO - Taxes: 22.0
[2025-05-16T06:57:51.813+0000] {logging_mixin.py:188} INFO - Price: 162969.86
[2025-05-16T06:57:51.816+0000] {logging_mixin.py:188} INFO - 
--- Inserting product ---
[2025-05-16T06:57:51.816+0000] {logging_mixin.py:188} INFO - Name: Aliquam enim in aut magnam.
[2025-05-16T06:57:51.817+0000] {logging_mixin.py:188} INFO - Description: Reiciendis voluptatem et ea. Vero iste qui qui et id. Velit culpa ut corrupti aliquam eius.
[2025-05-16T06:57:51.818+0000] {logging_mixin.py:188} INFO - EAN: 4530644636816
[2025-05-16T06:57:51.818+0000] {logging_mixin.py:188} INFO - UPC: 013864219193
[2025-05-16T06:57:51.819+0000] {logging_mixin.py:188} INFO - Image: http://placeimg.com/640/480/tech
[2025-05-16T06:57:51.820+0000] {logging_mixin.py:188} INFO - Net Price: 8839.91
[2025-05-16T06:57:51.820+0000] {logging_mixin.py:188} INFO - Taxes: 22.0
[2025-05-16T06:57:51.821+0000] {logging_mixin.py:188} INFO - Price: 10784.69
[2025-05-16T06:57:51.823+0000] {logging_mixin.py:188} INFO - 
--- Inserting product ---
[2025-05-16T06:57:51.824+0000] {logging_mixin.py:188} INFO - Name: Et delectus illo enim qui.
[2025-05-16T06:57:51.825+0000] {logging_mixin.py:188} INFO - Description: Commodi voluptas omnis qui explicabo. Consequuntur et non voluptatem dolorem fuga repellat doloribus. Corporis excepturi qui repellendus molestiae.
[2025-05-16T06:57:51.825+0000] {logging_mixin.py:188} INFO - EAN: 9951561781079
[2025-05-16T06:57:51.826+0000] {logging_mixin.py:188} INFO - UPC: 824073085267
[2025-05-16T06:57:51.826+0000] {logging_mixin.py:188} INFO - Image: http://placeimg.com/640/480/tech
[2025-05-16T06:57:51.827+0000] {logging_mixin.py:188} INFO - Net Price: 14.66
[2025-05-16T06:57:51.827+0000] {logging_mixin.py:188} INFO - Taxes: 22.0
[2025-05-16T06:57:51.828+0000] {logging_mixin.py:188} INFO - Price: 17.89
[2025-05-16T06:57:51.831+0000] {logging_mixin.py:188} INFO - 
--- Inserting product ---
[2025-05-16T06:57:51.832+0000] {logging_mixin.py:188} INFO - Name: Ad beatae modi est.
[2025-05-16T06:57:51.832+0000] {logging_mixin.py:188} INFO - Description: Nobis autem ut ut recusandae omnis. Autem voluptatem voluptatem minima. Ut est illum sit qui iure voluptatem nostrum nihil.
[2025-05-16T06:57:51.833+0000] {logging_mixin.py:188} INFO - EAN: 1581998548631
[2025-05-16T06:57:51.834+0000] {logging_mixin.py:188} INFO - UPC: 369292289082
[2025-05-16T06:57:51.835+0000] {logging_mixin.py:188} INFO - Image: http://placeimg.com/640/480/tech
[2025-05-16T06:57:51.835+0000] {logging_mixin.py:188} INFO - Net Price: 730211093.27
[2025-05-16T06:57:51.836+0000] {logging_mixin.py:188} INFO - Taxes: 22.0
[2025-05-16T06:57:51.836+0000] {logging_mixin.py:188} INFO - Price: 890857533.79
[2025-05-16T06:57:51.839+0000] {logging_mixin.py:188} INFO - 
--- Inserting product ---
[2025-05-16T06:57:51.839+0000] {logging_mixin.py:188} INFO - Name: Sunt aut id rerum.
[2025-05-16T06:57:51.840+0000] {logging_mixin.py:188} INFO - Description: Nisi nihil sit enim nihil vel libero omnis. Ut numquam totam sit voluptas in. Sunt quia culpa rerum recusandae ratione omnis. Dolorem quis est consequatur eos cumque.
[2025-05-16T06:57:51.841+0000] {logging_mixin.py:188} INFO - EAN: 0615378050801
[2025-05-16T06:57:51.841+0000] {logging_mixin.py:188} INFO - UPC: 798764816095
[2025-05-16T06:57:51.842+0000] {logging_mixin.py:188} INFO - Image: http://placeimg.com/640/480/tech
[2025-05-16T06:57:51.843+0000] {logging_mixin.py:188} INFO - Net Price: 20394.5
[2025-05-16T06:57:51.843+0000] {logging_mixin.py:188} INFO - Taxes: 22.0
[2025-05-16T06:57:51.844+0000] {logging_mixin.py:188} INFO - Price: 24881.29
[2025-05-16T06:57:51.847+0000] {logging_mixin.py:188} INFO - 
--- Inserting product ---
[2025-05-16T06:57:51.847+0000] {logging_mixin.py:188} INFO - Name: Ratione sit voluptas ut qui.
[2025-05-16T06:57:51.848+0000] {logging_mixin.py:188} INFO - Description: Delectus a aperiam inventore minus delectus molestiae nobis voluptas. Reprehenderit eos consequatur voluptatem consequatur. Voluptas amet tempora non qui.
[2025-05-16T06:57:51.848+0000] {logging_mixin.py:188} INFO - EAN: 7284397972819
[2025-05-16T06:57:51.849+0000] {logging_mixin.py:188} INFO - UPC: 009517078045
[2025-05-16T06:57:51.850+0000] {logging_mixin.py:188} INFO - Image: http://placeimg.com/640/480/tech
[2025-05-16T06:57:51.850+0000] {logging_mixin.py:188} INFO - Net Price: 14.36
[2025-05-16T06:57:51.851+0000] {logging_mixin.py:188} INFO - Taxes: 22.0
[2025-05-16T06:57:51.851+0000] {logging_mixin.py:188} INFO - Price: 17.52
[2025-05-16T06:57:51.856+0000] {logging_mixin.py:188} INFO - 
✅ Inserted 10 products successfully.
[2025-05-16T06:57:51.857+0000] {logging_mixin.py:188} INFO - 🔒 DB connection closed.
[2025-05-16T06:57:51.858+0000] {python.py:237} INFO - Done. Returned value was: None
[2025-05-16T06:57:51.859+0000] {taskinstance.py:441} INFO - ::group::Post task execution logs
[2025-05-16T06:57:52.341+0000] {taskinstance.py:1206} INFO - Marking task as SUCCESS. dag_id=random_user_pipeline, task_id=insert_***, run_id=manual__2025-05-16T06:52:20.274867+00:00, execution_date=20250516T065220, start_date=20250516T065747, end_date=20250516T065752
[2025-05-16T06:57:53.206+0000] {local_task_job_runner.py:240} INFO - Task exited with return code 0
[2025-05-16T06:57:53.661+0000] {taskinstance.py:3503} INFO - 0 downstream tasks scheduled from follow-on schedule check
[2025-05-16T06:57:53.669+0000] {local_task_job_runner.py:222} INFO - ::endgroup::
