[2025-05-19T04:58:07.300+0000] {local_task_job_runner.py:120} INFO - ::group::Pre task execution logs
[2025-05-19T04:58:07.524+0000] {taskinstance.py:2076} INFO - Dependencies all met for dep_context=non-requeueable deps ti=<TaskInstance: random_user_pipeline.insert_postgres manual__2025-05-19T04:57:58.829124+00:00 [queued]>
[2025-05-19T04:58:07.540+0000] {taskinstance.py:2076} INFO - Dependencies all met for dep_context=requeueable deps ti=<TaskInstance: random_user_pipeline.insert_postgres manual__2025-05-19T04:57:58.829124+00:00 [queued]>
[2025-05-19T04:58:07.541+0000] {taskinstance.py:2306} INFO - Starting attempt 1 of 2
[2025-05-19T04:58:07.562+0000] {taskinstance.py:2330} INFO - Executing <Task(PythonOperator): insert_postgres> on 2025-05-19 04:57:58.829124+00:00
[2025-05-19T04:58:07.569+0000] {standard_task_runner.py:90} INFO - Running: ['airflow', 'tasks', 'run', 'random_user_pipeline', 'insert_***', 'manual__2025-05-19T04:57:58.829124+00:00', '--job-id', '295', '--raw', '--subdir', 'DAGS_FOLDER/random_user_pipeline.py', '--cfg-path', '/tmp/tmpa19gzrsk']
[2025-05-19T04:58:07.571+0000] {standard_task_runner.py:91} INFO - Job 295: Subtask insert_***
[2025-05-19T04:58:07.572+0000] {logging_mixin.py:188} WARNING - /home/airflow/.local/lib/python3.12/site-packages/airflow/task/task_runner/standard_task_runner.py:61 DeprecationWarning: This process (pid=290) is multi-threaded, use of fork() may lead to deadlocks in the child.
[2025-05-19T04:58:07.573+0000] {standard_task_runner.py:63} INFO - Started process 291 to run task
[2025-05-19T04:58:08.321+0000] {task_command.py:426} INFO - Running <TaskInstance: random_user_pipeline.insert_postgres manual__2025-05-19T04:57:58.829124+00:00 [running]> on host 28b429216431
[2025-05-19T04:58:09.588+0000] {taskinstance.py:2648} INFO - Exporting env vars: AIRFLOW_CTX_DAG_EMAIL='papala.ramesh@quation.in,smilesoframs@gmail.com,ramesh.rams333@gmail.com' AIRFLOW_CTX_DAG_OWNER='airflow' AIRFLOW_CTX_DAG_ID='random_user_pipeline' AIRFLOW_CTX_TASK_ID='insert_***' AIRFLOW_CTX_EXECUTION_DATE='2025-05-19T04:57:58.829124+00:00' AIRFLOW_CTX_TRY_NUMBER='1' AIRFLOW_CTX_DAG_RUN_ID='manual__2025-05-19T04:57:58.829124+00:00'
[2025-05-19T04:58:09.590+0000] {taskinstance.py:430} INFO - ::endgroup::
[2025-05-19T04:58:09.604+0000] {logging_mixin.py:188} INFO - Parsed using ast.literal_eval (Python dict string).
[2025-05-19T04:58:09.873+0000] {logging_mixin.py:188} INFO - ✅ Database connection established.
[2025-05-19T04:58:09.877+0000] {logging_mixin.py:188} INFO - ✅ Product table ready.
[2025-05-19T04:58:09.898+0000] {logging_mixin.py:188} INFO - ✅ Inserted 20 products successfully.
[2025-05-19T04:58:10.132+0000] {logging_mixin.py:188} INFO - 🔒 DB connection closed.
[2025-05-19T04:58:10.133+0000] {python.py:237} INFO - Done. Returned value was: None
[2025-05-19T04:58:10.133+0000] {taskinstance.py:441} INFO - ::group::Post task execution logs
[2025-05-19T04:58:10.387+0000] {taskinstance.py:1206} INFO - Marking task as SUCCESS. dag_id=random_user_pipeline, task_id=insert_***, run_id=manual__2025-05-19T04:57:58.829124+00:00, execution_date=20250519T045758, start_date=20250519T045807, end_date=20250519T045810
[2025-05-19T04:58:10.445+0000] {local_task_job_runner.py:240} INFO - Task exited with return code 0
[2025-05-19T04:58:10.677+0000] {logging_mixin.py:188} WARNING - /home/airflow/.local/lib/python3.12/site-packages/airflow/models/baseoperator.py:1297 AirflowProviderDeprecationWarning: Call to deprecated class PostgresOperator. (Please use `airflow.providers.common.sql.operators.sql.SQLExecuteQueryOperator`.Also, you can provide `hook_params={'schema': <database>}`.)
[2025-05-19T04:58:10.696+0000] {taskinstance.py:3503} INFO - 1 downstream tasks scheduled from follow-on schedule check
[2025-05-19T04:58:10.700+0000] {local_task_job_runner.py:222} INFO - ::endgroup::
