[2025-05-16T06:33:51.744+0000] {local_task_job_runner.py:120} INFO - ::group::Pre task execution logs
[2025-05-16T06:33:51.964+0000] {taskinstance.py:2076} INFO - Dependencies all met for dep_context=non-requeueable deps ti=<TaskInstance: random_user_pipeline.insert_postgres manual__2025-05-16T06:33:44.817916+00:00 [queued]>
[2025-05-16T06:33:51.977+0000] {taskinstance.py:2076} INFO - Dependencies all met for dep_context=requeueable deps ti=<TaskInstance: random_user_pipeline.insert_postgres manual__2025-05-16T06:33:44.817916+00:00 [queued]>
[2025-05-16T06:33:51.978+0000] {taskinstance.py:2306} INFO - Starting attempt 1 of 2
[2025-05-16T06:33:51.994+0000] {taskinstance.py:2330} INFO - Executing <Task(PythonOperator): insert_postgres> on 2025-05-16 06:33:44.817916+00:00
[2025-05-16T06:33:51.999+0000] {standard_task_runner.py:90} INFO - Running: ['airflow', 'tasks', 'run', 'random_user_pipeline', 'insert_***', 'manual__2025-05-16T06:33:44.817916+00:00', '--job-id', '236', '--raw', '--subdir', 'DAGS_FOLDER/random_user_pipeline.py', '--cfg-path', '/tmp/tmp89g672ru']
[2025-05-16T06:33:52.001+0000] {standard_task_runner.py:91} INFO - Job 236: Subtask insert_***
[2025-05-16T06:33:52.002+0000] {logging_mixin.py:188} WARNING - /home/airflow/.local/lib/python3.12/site-packages/airflow/task/task_runner/standard_task_runner.py:61 DeprecationWarning: This process (pid=214) is multi-threaded, use of fork() may lead to deadlocks in the child.
[2025-05-16T06:33:52.002+0000] {standard_task_runner.py:63} INFO - Started process 215 to run task
[2025-05-16T06:33:52.648+0000] {task_command.py:426} INFO - Running <TaskInstance: random_user_pipeline.insert_postgres manual__2025-05-16T06:33:44.817916+00:00 [running]> on host 56a551de59d9
[2025-05-16T06:33:53.763+0000] {taskinstance.py:2648} INFO - Exporting env vars: AIRFLOW_CTX_DAG_EMAIL='papala.ramesh@quation.in,smilesoframs@gmail.com,ramesh.rams333@gmail.com' AIRFLOW_CTX_DAG_OWNER='airflow' AIRFLOW_CTX_DAG_ID='random_user_pipeline' AIRFLOW_CTX_TASK_ID='insert_***' AIRFLOW_CTX_EXECUTION_DATE='2025-05-16T06:33:44.817916+00:00' AIRFLOW_CTX_TRY_NUMBER='1' AIRFLOW_CTX_DAG_RUN_ID='manual__2025-05-16T06:33:44.817916+00:00'
[2025-05-16T06:33:53.764+0000] {taskinstance.py:430} INFO - ::endgroup::
[2025-05-16T06:33:53.776+0000] {logging_mixin.py:188} INFO - Parsed using ast.literal_eval (Python dict string).
[2025-05-16T06:33:53.980+0000] {logging_mixin.py:188} INFO - ✅ Database connection established.
[2025-05-16T06:33:53.982+0000] {logging_mixin.py:188} INFO - ✅ Table ready.
[2025-05-16T06:33:53.982+0000] {logging_mixin.py:188} INFO - 
--- Inserting product ---
[2025-05-16T06:33:53.983+0000] {logging_mixin.py:188} INFO - Name: Qui atque ut iusto.
[2025-05-16T06:33:53.983+0000] {logging_mixin.py:188} INFO - Description: Non nulla ipsum eveniet veritatis. At cupiditate reiciendis ea sed et ipsum officia. Ducimus dolorem necessitatibus suscipit pariatur voluptatem dignissimos atque.
[2025-05-16T06:33:53.983+0000] {logging_mixin.py:188} INFO - EAN: 2787965103776
[2025-05-16T06:33:53.983+0000] {logging_mixin.py:188} INFO - UPC: 395007531091
[2025-05-16T06:33:53.984+0000] {logging_mixin.py:188} INFO - Image: http://placeimg.com/640/480/tech
[2025-05-16T06:33:53.984+0000] {logging_mixin.py:188} INFO - Net Price: 181.7
[2025-05-16T06:33:53.984+0000] {logging_mixin.py:188} INFO - Taxes: 22.0
[2025-05-16T06:33:53.984+0000] {logging_mixin.py:188} INFO - Price: 221.67
[2025-05-16T06:33:53.987+0000] {logging_mixin.py:188} INFO - 
--- Inserting product ---
[2025-05-16T06:33:53.987+0000] {logging_mixin.py:188} INFO - Name: Quisquam ut et sit fugit.
[2025-05-16T06:33:53.988+0000] {logging_mixin.py:188} INFO - Description: Consequatur id explicabo autem eum eveniet velit dolores. Ad quod eaque illum nihil. Et officia iste maiores iusto est. Est est quam rerum est.
[2025-05-16T06:33:53.988+0000] {logging_mixin.py:188} INFO - EAN: 1980262744425
[2025-05-16T06:33:53.988+0000] {logging_mixin.py:188} INFO - UPC: 612761349828
[2025-05-16T06:33:53.989+0000] {logging_mixin.py:188} INFO - Image: http://placeimg.com/640/480/tech
[2025-05-16T06:33:53.989+0000] {logging_mixin.py:188} INFO - Net Price: 23236.01
[2025-05-16T06:33:53.990+0000] {logging_mixin.py:188} INFO - Taxes: 22.0
[2025-05-16T06:33:53.990+0000] {logging_mixin.py:188} INFO - Price: 28347.93
[2025-05-16T06:33:53.992+0000] {logging_mixin.py:188} INFO - 
--- Inserting product ---
[2025-05-16T06:33:53.992+0000] {logging_mixin.py:188} INFO - Name: Aliquam numquam rem ea vel.
[2025-05-16T06:33:53.992+0000] {logging_mixin.py:188} INFO - Description: Sunt eius dolorem cupiditate est quidem iure sed. Sint dolores repellat ratione animi reprehenderit.
[2025-05-16T06:33:53.993+0000] {logging_mixin.py:188} INFO - EAN: 4563057110109
[2025-05-16T06:33:53.993+0000] {logging_mixin.py:188} INFO - UPC: 277030204473
[2025-05-16T06:33:53.993+0000] {logging_mixin.py:188} INFO - Image: http://placeimg.com/640/480/tech
[2025-05-16T06:33:53.994+0000] {logging_mixin.py:188} INFO - Net Price: 1149.95
[2025-05-16T06:33:53.994+0000] {logging_mixin.py:188} INFO - Taxes: 22.0
[2025-05-16T06:33:53.995+0000] {logging_mixin.py:188} INFO - Price: 1402.94
[2025-05-16T06:33:53.996+0000] {logging_mixin.py:188} INFO - 
--- Inserting product ---
[2025-05-16T06:33:53.996+0000] {logging_mixin.py:188} INFO - Name: Possimus esse ut non.
[2025-05-16T06:33:53.996+0000] {logging_mixin.py:188} INFO - Description: Architecto est quo in eius id et veniam vero. Eos nihil veritatis repellendus. Et accusantium eum non quae perspiciatis facilis sequi.
[2025-05-16T06:33:53.997+0000] {logging_mixin.py:188} INFO - EAN: 4372298733301
[2025-05-16T06:33:53.997+0000] {logging_mixin.py:188} INFO - UPC: 028384782124
[2025-05-16T06:33:53.997+0000] {logging_mixin.py:188} INFO - Image: http://placeimg.com/640/480/tech
[2025-05-16T06:33:53.997+0000] {logging_mixin.py:188} INFO - Net Price: 588544.93
[2025-05-16T06:33:53.998+0000] {logging_mixin.py:188} INFO - Taxes: 22.0
[2025-05-16T06:33:53.998+0000] {logging_mixin.py:188} INFO - Price: 718024.81
[2025-05-16T06:33:53.999+0000] {logging_mixin.py:188} INFO - 
--- Inserting product ---
[2025-05-16T06:33:53.999+0000] {logging_mixin.py:188} INFO - Name: Ad qui commodi quia.
[2025-05-16T06:33:53.999+0000] {logging_mixin.py:188} INFO - Description: Ea iste aspernatur aspernatur delectus autem ut alias esse. Non aut sit vel iusto animi voluptatem. Aut qui velit eos dolor officia sint. Pariatur esse consequatur id ex tempora ad.
[2025-05-16T06:33:54.000+0000] {logging_mixin.py:188} INFO - EAN: 3876537722855
[2025-05-16T06:33:54.000+0000] {logging_mixin.py:188} INFO - UPC: 548263820552
[2025-05-16T06:33:54.000+0000] {logging_mixin.py:188} INFO - Image: http://placeimg.com/640/480/tech
[2025-05-16T06:33:54.001+0000] {logging_mixin.py:188} INFO - Net Price: 8140.62
[2025-05-16T06:33:54.001+0000] {logging_mixin.py:188} INFO - Taxes: 22.0
[2025-05-16T06:33:54.001+0000] {logging_mixin.py:188} INFO - Price: 9931.56
[2025-05-16T06:33:54.002+0000] {logging_mixin.py:188} INFO - 
--- Inserting product ---
[2025-05-16T06:33:54.003+0000] {logging_mixin.py:188} INFO - Name: Vero voluptas totam ea.
[2025-05-16T06:33:54.003+0000] {logging_mixin.py:188} INFO - Description: Autem alias eius in ab. Quia voluptatem vel eveniet incidunt impedit dolor. Omnis fugit est maiores et omnis explicabo.
[2025-05-16T06:33:54.003+0000] {logging_mixin.py:188} INFO - EAN: 8815890379288
[2025-05-16T06:33:54.003+0000] {logging_mixin.py:188} INFO - UPC: 776624134522
[2025-05-16T06:33:54.004+0000] {logging_mixin.py:188} INFO - Image: http://placeimg.com/640/480/tech
[2025-05-16T06:33:54.004+0000] {logging_mixin.py:188} INFO - Net Price: 22.24
[2025-05-16T06:33:54.004+0000] {logging_mixin.py:188} INFO - Taxes: 22.0
[2025-05-16T06:33:54.005+0000] {logging_mixin.py:188} INFO - Price: 27.13
[2025-05-16T06:33:54.006+0000] {logging_mixin.py:188} INFO - 
--- Inserting product ---
[2025-05-16T06:33:54.007+0000] {logging_mixin.py:188} INFO - Name: Sint hic natus hic.
[2025-05-16T06:33:54.007+0000] {logging_mixin.py:188} INFO - Description: Et placeat in id cum eaque eos. Est omnis aspernatur dolorem omnis qui. Mollitia et quia velit sunt dolore non. Velit rerum eum dolores minus temporibus.
[2025-05-16T06:33:54.007+0000] {logging_mixin.py:188} INFO - EAN: 8237802531117
[2025-05-16T06:33:54.008+0000] {logging_mixin.py:188} INFO - UPC: 367511675260
[2025-05-16T06:33:54.008+0000] {logging_mixin.py:188} INFO - Image: http://placeimg.com/640/480/tech
[2025-05-16T06:33:54.008+0000] {logging_mixin.py:188} INFO - Net Price: 0.97
[2025-05-16T06:33:54.008+0000] {logging_mixin.py:188} INFO - Taxes: 22.0
[2025-05-16T06:33:54.009+0000] {logging_mixin.py:188} INFO - Price: 1.18
[2025-05-16T06:33:54.009+0000] {logging_mixin.py:188} INFO - 
--- Inserting product ---
[2025-05-16T06:33:54.010+0000] {logging_mixin.py:188} INFO - Name: Qui quasi facere blanditiis.
[2025-05-16T06:33:54.010+0000] {logging_mixin.py:188} INFO - Description: Consequatur quas et quae beatae atque quia corporis. Iusto iure deserunt quo dolor. Vel eos maiores facilis debitis molestias aut non vero.
[2025-05-16T06:33:54.010+0000] {logging_mixin.py:188} INFO - EAN: 1909033497506
[2025-05-16T06:33:54.011+0000] {logging_mixin.py:188} INFO - UPC: 604188212337
[2025-05-16T06:33:54.011+0000] {logging_mixin.py:188} INFO - Image: http://placeimg.com/640/480/tech
[2025-05-16T06:33:54.011+0000] {logging_mixin.py:188} INFO - Net Price: 78.47
[2025-05-16T06:33:54.011+0000] {logging_mixin.py:188} INFO - Taxes: 22.0
[2025-05-16T06:33:54.012+0000] {logging_mixin.py:188} INFO - Price: 95.73
[2025-05-16T06:33:54.013+0000] {logging_mixin.py:188} INFO - 
--- Inserting product ---
[2025-05-16T06:33:54.013+0000] {logging_mixin.py:188} INFO - Name: Non vitae qui eum dolor aut.
[2025-05-16T06:33:54.013+0000] {logging_mixin.py:188} INFO - Description: Delectus quia qui magni fugiat. Dolorem asperiores nihil dignissimos tenetur. Consequatur harum magni voluptas earum laboriosam labore aut.
[2025-05-16T06:33:54.014+0000] {logging_mixin.py:188} INFO - EAN: 6112496284704
[2025-05-16T06:33:54.014+0000] {logging_mixin.py:188} INFO - UPC: 585879081490
[2025-05-16T06:33:54.014+0000] {logging_mixin.py:188} INFO - Image: http://placeimg.com/640/480/tech
[2025-05-16T06:33:54.015+0000] {logging_mixin.py:188} INFO - Net Price: 7003963.5
[2025-05-16T06:33:54.015+0000] {logging_mixin.py:188} INFO - Taxes: 22.0
[2025-05-16T06:33:54.015+0000] {logging_mixin.py:188} INFO - Price: 8544835.47
[2025-05-16T06:33:54.016+0000] {logging_mixin.py:188} INFO - 
--- Inserting product ---
[2025-05-16T06:33:54.016+0000] {logging_mixin.py:188} INFO - Name: Numquam ex ipsa odio nihil.
[2025-05-16T06:33:54.017+0000] {logging_mixin.py:188} INFO - Description: Et animi consequuntur est minus et. Aut porro ea dignissimos nihil facilis dolores et beatae. Quis placeat sit quia ex sed qui.
[2025-05-16T06:33:54.017+0000] {logging_mixin.py:188} INFO - EAN: 4752945519906
[2025-05-16T06:33:54.017+0000] {logging_mixin.py:188} INFO - UPC: 735983403421
[2025-05-16T06:33:54.017+0000] {logging_mixin.py:188} INFO - Image: http://placeimg.com/640/480/tech
[2025-05-16T06:33:54.018+0000] {logging_mixin.py:188} INFO - Net Price: 0.98
[2025-05-16T06:33:54.018+0000] {logging_mixin.py:188} INFO - Taxes: 22.0
[2025-05-16T06:33:54.018+0000] {logging_mixin.py:188} INFO - Price: 1.2
[2025-05-16T06:33:54.020+0000] {logging_mixin.py:188} INFO - 
✅ Inserted 10 products successfully.
[2025-05-16T06:33:54.020+0000] {logging_mixin.py:188} INFO - 🔒 DB connection closed.
[2025-05-16T06:33:54.021+0000] {python.py:237} INFO - Done. Returned value was: None
[2025-05-16T06:33:54.021+0000] {taskinstance.py:441} INFO - ::group::Post task execution logs
[2025-05-16T06:33:54.198+0000] {taskinstance.py:1206} INFO - Marking task as SUCCESS. dag_id=random_user_pipeline, task_id=insert_***, run_id=manual__2025-05-16T06:33:44.817916+00:00, execution_date=20250516T063344, start_date=20250516T063351, end_date=20250516T063354
[2025-05-16T06:33:54.227+0000] {local_task_job_runner.py:240} INFO - Task exited with return code 0
[2025-05-16T06:33:54.462+0000] {taskinstance.py:3503} INFO - 0 downstream tasks scheduled from follow-on schedule check
[2025-05-16T06:33:54.464+0000] {local_task_job_runner.py:222} INFO - ::endgroup::
