[2025-05-19T03:42:59.981+0000] {local_task_job_runner.py:120} INFO - ::group::Pre task execution logs
[2025-05-19T03:43:00.564+0000] {taskinstance.py:2076} INFO - Dependencies all met for dep_context=non-requeueable deps ti=<TaskInstance: random_user_pipeline.insert_postgres manual__2025-05-19T03:42:45.833856+00:00 [queued]>
[2025-05-19T03:43:00.587+0000] {taskinstance.py:2076} INFO - Dependencies all met for dep_context=requeueable deps ti=<TaskInstance: random_user_pipeline.insert_postgres manual__2025-05-19T03:42:45.833856+00:00 [queued]>
[2025-05-19T03:43:00.589+0000] {taskinstance.py:2306} INFO - Starting attempt 1 of 2
[2025-05-19T03:43:00.618+0000] {taskinstance.py:2330} INFO - Executing <Task(PythonOperator): insert_postgres> on 2025-05-19 03:42:45.833856+00:00
[2025-05-19T03:43:00.629+0000] {standard_task_runner.py:90} INFO - Running: ['airflow', 'tasks', 'run', 'random_user_pipeline', 'insert_***', 'manual__2025-05-19T03:42:45.833856+00:00', '--job-id', '281', '--raw', '--subdir', 'DAGS_FOLDER/random_user_pipeline.py', '--cfg-path', '/tmp/tmpblllfsam']
[2025-05-19T03:43:00.634+0000] {logging_mixin.py:188} WARNING - /home/airflow/.local/lib/python3.12/site-packages/airflow/task/task_runner/standard_task_runner.py:61 DeprecationWarning: This process (pid=240) is multi-threaded, use of fork() may lead to deadlocks in the child.
[2025-05-19T03:43:00.633+0000] {standard_task_runner.py:91} INFO - Job 281: Subtask insert_***
[2025-05-19T03:43:00.635+0000] {standard_task_runner.py:63} INFO - Started process 241 to run task
[2025-05-19T03:43:02.119+0000] {task_command.py:426} INFO - Running <TaskInstance: random_user_pipeline.insert_postgres manual__2025-05-19T03:42:45.833856+00:00 [running]> on host c0db7c55919a
[2025-05-19T03:43:04.508+0000] {taskinstance.py:2648} INFO - Exporting env vars: AIRFLOW_CTX_DAG_EMAIL='papala.ramesh@quation.in,smilesoframs@gmail.com,ramesh.rams333@gmail.com' AIRFLOW_CTX_DAG_OWNER='airflow' AIRFLOW_CTX_DAG_ID='random_user_pipeline' AIRFLOW_CTX_TASK_ID='insert_***' AIRFLOW_CTX_EXECUTION_DATE='2025-05-19T03:42:45.833856+00:00' AIRFLOW_CTX_TRY_NUMBER='1' AIRFLOW_CTX_DAG_RUN_ID='manual__2025-05-19T03:42:45.833856+00:00'
[2025-05-19T03:43:04.511+0000] {taskinstance.py:430} INFO - ::endgroup::
[2025-05-19T03:43:04.532+0000] {logging_mixin.py:188} INFO - Parsed using ast.literal_eval (Python dict string).
[2025-05-19T03:43:05.190+0000] {logging_mixin.py:188} INFO - ✅ Database connection established.
[2025-05-19T03:43:05.195+0000] {logging_mixin.py:188} INFO - ✅ Table ready.
[2025-05-19T03:43:05.196+0000] {logging_mixin.py:188} INFO - 
--- Inserting product ---
[2025-05-19T03:43:05.197+0000] {logging_mixin.py:188} INFO - Name: Beatae nihil placeat quis.
[2025-05-19T03:43:05.198+0000] {logging_mixin.py:188} INFO - Created At: 2025-05-12 03:43:05.196315
[2025-05-19T03:43:05.201+0000] {logging_mixin.py:188} INFO - 
--- Inserting product ---
[2025-05-19T03:43:05.202+0000] {logging_mixin.py:188} INFO - Name: Maxime quo quasi qui.
[2025-05-19T03:43:05.203+0000] {logging_mixin.py:188} INFO - Created At: 2025-05-12 03:43:05.201882
[2025-05-19T03:43:05.205+0000] {logging_mixin.py:188} INFO - 
--- Inserting product ---
[2025-05-19T03:43:05.206+0000] {logging_mixin.py:188} INFO - Name: Odio commodi sunt dicta.
[2025-05-19T03:43:05.206+0000] {logging_mixin.py:188} INFO - Created At: 2025-05-12 03:43:05.205228
[2025-05-19T03:43:05.209+0000] {logging_mixin.py:188} INFO - 
--- Inserting product ---
[2025-05-19T03:43:05.209+0000] {logging_mixin.py:188} INFO - Name: Rerum et ducimus sed rem.
[2025-05-19T03:43:05.210+0000] {logging_mixin.py:188} INFO - Created At: 2025-05-12 03:43:05.208984
[2025-05-19T03:43:05.212+0000] {logging_mixin.py:188} INFO - 
--- Inserting product ---
[2025-05-19T03:43:05.213+0000] {logging_mixin.py:188} INFO - Name: Minus nulla eius velit.
[2025-05-19T03:43:05.213+0000] {logging_mixin.py:188} INFO - Created At: 2025-05-12 03:43:05.212444
[2025-05-19T03:43:05.215+0000] {logging_mixin.py:188} INFO - 
--- Inserting product ---
[2025-05-19T03:43:05.216+0000] {logging_mixin.py:188} INFO - Name: Nulla quia rem eos rerum.
[2025-05-19T03:43:05.216+0000] {logging_mixin.py:188} INFO - Created At: 2025-05-12 03:43:05.215441
[2025-05-19T03:43:05.218+0000] {logging_mixin.py:188} INFO - 
--- Inserting product ---
[2025-05-19T03:43:05.218+0000] {logging_mixin.py:188} INFO - Name: Nostrum repellat aperiam non.
[2025-05-19T03:43:05.219+0000] {logging_mixin.py:188} INFO - Created At: 2025-05-12 03:43:05.218253
[2025-05-19T03:43:05.221+0000] {logging_mixin.py:188} INFO - 
--- Inserting product ---
[2025-05-19T03:43:05.221+0000] {logging_mixin.py:188} INFO - Name: In qui ut nihil inventore.
[2025-05-19T03:43:05.222+0000] {logging_mixin.py:188} INFO - Created At: 2025-05-12 03:43:05.221258
[2025-05-19T03:43:05.226+0000] {logging_mixin.py:188} INFO - 
--- Inserting product ---
[2025-05-19T03:43:05.226+0000] {logging_mixin.py:188} INFO - Name: Atque est omnis ut dicta.
[2025-05-19T03:43:05.227+0000] {logging_mixin.py:188} INFO - Created At: 2025-05-12 03:43:05.226002
[2025-05-19T03:43:05.229+0000] {logging_mixin.py:188} INFO - 
--- Inserting product ---
[2025-05-19T03:43:05.229+0000] {logging_mixin.py:188} INFO - Name: Voluptas doloremque dolor et.
[2025-05-19T03:43:05.230+0000] {logging_mixin.py:188} INFO - Created At: 2025-05-12 03:43:05.229219
[2025-05-19T03:43:05.235+0000] {logging_mixin.py:188} INFO - 
✅ Inserted 10 products successfully.
[2025-05-19T03:43:05.236+0000] {logging_mixin.py:188} INFO - 🔒 DB connection closed.
[2025-05-19T03:43:05.236+0000] {python.py:237} INFO - Done. Returned value was: None
[2025-05-19T03:43:05.237+0000] {taskinstance.py:441} INFO - ::group::Post task execution logs
[2025-05-19T03:43:05.638+0000] {taskinstance.py:1206} INFO - Marking task as SUCCESS. dag_id=random_user_pipeline, task_id=insert_***, run_id=manual__2025-05-19T03:42:45.833856+00:00, execution_date=20250519T034245, start_date=20250519T034300, end_date=20250519T034305
[2025-05-19T03:43:06.524+0000] {local_task_job_runner.py:240} INFO - Task exited with return code 0
[2025-05-19T03:43:06.981+0000] {taskinstance.py:3503} INFO - 0 downstream tasks scheduled from follow-on schedule check
[2025-05-19T03:43:06.987+0000] {local_task_job_runner.py:222} INFO - ::endgroup::
