[2025-05-22T13:43:22.070+0000] {local_task_job_runner.py:120} INFO - ::group::Pre task execution logs
[2025-05-22T13:43:22.320+0000] {taskinstance.py:2076} INFO - Dependencies all met for dep_context=non-requeueable deps ti=<TaskInstance: random_user_pipeline.branch_on_count manual__2025-05-22T13:43:10.358087+00:00 [queued]>
[2025-05-22T13:43:22.334+0000] {taskinstance.py:2076} INFO - Dependencies all met for dep_context=requeueable deps ti=<TaskInstance: random_user_pipeline.branch_on_count manual__2025-05-22T13:43:10.358087+00:00 [queued]>
[2025-05-22T13:43:22.335+0000] {taskinstance.py:2306} INFO - Starting attempt 1 of 2
[2025-05-22T13:43:22.350+0000] {taskinstance.py:2330} INFO - Executing <Task(BranchPythonOperator): branch_on_count> on 2025-05-22 13:43:10.358087+00:00
[2025-05-22T13:43:22.356+0000] {logging_mixin.py:188} WARNING - /home/airflow/.local/lib/python3.12/site-packages/airflow/task/task_runner/standard_task_runner.py:61 DeprecationWarning: This process (pid=218) is multi-threaded, use of fork() may lead to deadlocks in the child.
[2025-05-22T13:43:22.357+0000] {standard_task_runner.py:63} INFO - Started process 219 to run task
[2025-05-22T13:43:22.356+0000] {standard_task_runner.py:90} INFO - Running: ['airflow', 'tasks', 'run', 'random_user_pipeline', 'branch_on_count', 'manual__2025-05-22T13:43:10.358087+00:00', '--job-id', '420', '--raw', '--subdir', 'DAGS_FOLDER/random_user_pipeline.py', '--cfg-path', '/tmp/tmpihimx_9b']
[2025-05-22T13:43:22.357+0000] {standard_task_runner.py:91} INFO - Job 420: Subtask branch_on_count
[2025-05-22T13:43:23.166+0000] {task_command.py:426} INFO - Running <TaskInstance: random_user_pipeline.branch_on_count manual__2025-05-22T13:43:10.358087+00:00 [running]> on host ef7940912deb
[2025-05-22T13:43:24.426+0000] {taskinstance.py:2648} INFO - Exporting env vars: AIRFLOW_CTX_DAG_EMAIL='papala.ramesh@quation.in,smilesoframs@gmail.com,ramesh.rams333@gmail.com' AIRFLOW_CTX_DAG_OWNER='airflow' AIRFLOW_CTX_DAG_ID='random_user_pipeline' AIRFLOW_CTX_TASK_ID='branch_on_count' AIRFLOW_CTX_EXECUTION_DATE='2025-05-22T13:43:10.358087+00:00' AIRFLOW_CTX_TRY_NUMBER='1' AIRFLOW_CTX_DAG_RUN_ID='manual__2025-05-22T13:43:10.358087+00:00'
[2025-05-22T13:43:24.427+0000] {taskinstance.py:430} INFO - ::endgroup::
[2025-05-22T13:43:24.438+0000] {baseoperator.py:400} WARNING - BranchPythonOperator.execute cannot be called outside TaskInstance!
[2025-05-22T13:43:24.449+0000] {crypto.py:82} WARNING - empty cryptography key - values will not be stored encrypted.
[2025-05-22T13:43:24.450+0000] {base.py:84} INFO - Using connection ID '***_default' for task execution.
[2025-05-22T13:43:24.756+0000] {sql.py:487} INFO - Running statement: SELECT COUNT(*) FROM products WHERE DATE(created_at) = CURRENT_DATE;
, parameters: None
[2025-05-22T13:43:24.759+0000] {sql.py:496} INFO - Rows affected: 1
[2025-05-22T13:43:25.042+0000] {taskinstance.py:441} INFO - ::group::Post task execution logs
[2025-05-22T13:43:25.043+0000] {taskinstance.py:2905} ERROR - Task failed with exception
Traceback (most recent call last):
  File "/home/airflow/.local/lib/python3.12/site-packages/airflow/models/taskinstance.py", line 465, in _execute_task
    result = _execute_callable(context=context, **execute_callable_kwargs)
             ^^^^^^^^^^^^^^^^^^^^^^^^^^^^^^^^^^^^^^^^^^^^^^^^^^^^^^^^^^^^^
  File "/home/airflow/.local/lib/python3.12/site-packages/airflow/models/taskinstance.py", line 432, in _execute_callable
    return execute_callable(context=context, **execute_callable_kwargs)
           ^^^^^^^^^^^^^^^^^^^^^^^^^^^^^^^^^^^^^^^^^^^^^^^^^^^^^^^^^^^^
  File "/home/airflow/.local/lib/python3.12/site-packages/airflow/models/baseoperator.py", line 401, in wrapper
    return func(self, *args, **kwargs)
           ^^^^^^^^^^^^^^^^^^^^^^^^^^^
  File "/home/airflow/.local/lib/python3.12/site-packages/airflow/operators/python.py", line 269, in execute
    return self.do_branch(context, super().execute(context))
                                   ^^^^^^^^^^^^^^^^^^^^^^^^
  File "/home/airflow/.local/lib/python3.12/site-packages/airflow/models/baseoperator.py", line 401, in wrapper
    return func(self, *args, **kwargs)
           ^^^^^^^^^^^^^^^^^^^^^^^^^^^
  File "/home/airflow/.local/lib/python3.12/site-packages/airflow/operators/python.py", line 235, in execute
    return_value = self.execute_callable()
                   ^^^^^^^^^^^^^^^^^^^^^^^
  File "/home/airflow/.local/lib/python3.12/site-packages/airflow/operators/python.py", line 252, in execute_callable
    return self.python_callable(*self.op_args, **self.op_kwargs)
           ^^^^^^^^^^^^^^^^^^^^^^^^^^^^^^^^^^^^^^^^^^^^^^^^^^^^^
  File "/opt/airflow/dags/utils/branch_decision.py", line 15, in evaluate_data_count
    ti.xcom_push(key='start_time', value=datetime.utcnow().isoformat())
                                         ^^^^^^^^
NameError: name 'datetime' is not defined. Did you forget to import 'datetime'
[2025-05-22T13:43:25.353+0000] {taskinstance.py:1206} INFO - Marking task as UP_FOR_RETRY. dag_id=random_user_pipeline, task_id=branch_on_count, run_id=manual__2025-05-22T13:43:10.358087+00:00, execution_date=20250522T134310, start_date=20250522T134322, end_date=20250522T134325
[2025-05-22T13:43:25.387+0000] {standard_task_runner.py:110} ERROR - Failed to execute job 420 for task branch_on_count (name 'datetime' is not defined; 219)
[2025-05-22T13:43:25.424+0000] {local_task_job_runner.py:240} INFO - Task exited with return code 1
[2025-05-22T13:43:25.751+0000] {logging_mixin.py:188} WARNING - /home/airflow/.local/lib/python3.12/site-packages/airflow/models/baseoperator.py:1297 AirflowProviderDeprecationWarning: Call to deprecated class PostgresOperator. (Please use `airflow.providers.common.sql.operators.sql.SQLExecuteQueryOperator`.Also, you can provide `hook_params={'schema': <database>}`.)
[2025-05-22T13:43:25.769+0000] {taskinstance.py:3503} INFO - 0 downstream tasks scheduled from follow-on schedule check
[2025-05-22T13:43:25.773+0000] {local_task_job_runner.py:222} INFO - ::endgroup::
