[2025-05-29T10:43:38.754+0000] {local_task_job_runner.py:120} INFO - ::group::Pre task execution logs
[2025-05-29T10:43:24.557+0000] {taskinstance.py:2076} INFO - Dependencies all met for dep_context=non-requeueable deps ti=<TaskInstance: random_user_pipeline.wait_for_existing_data scheduled__2025-05-28T00:00:00+00:00 [queued]>
[2025-05-29T10:43:24.657+0000] {taskinstance.py:2076} INFO - Dependencies all met for dep_context=requeueable deps ti=<TaskInstance: random_user_pipeline.wait_for_existing_data scheduled__2025-05-28T00:00:00+00:00 [queued]>
[2025-05-29T10:43:24.659+0000] {taskinstance.py:2306} INFO - Starting attempt 1 of 2
[2025-05-29T10:43:24.939+0000] {taskinstance.py:2330} INFO - Executing <Task(SqlSensor): wait_for_existing_data> on 2025-05-28 00:00:00+00:00
[2025-05-29T10:43:24.975+0000] {logging_mixin.py:188} WARNING - /home/airflow/.local/lib/python3.12/site-packages/airflow/task/task_runner/standard_task_runner.py:61 DeprecationWarning: This process (pid=1054) is multi-threaded, use of fork() may lead to deadlocks in the child.
[2025-05-29T10:43:24.984+0000] {standard_task_runner.py:63} INFO - Started process 1057 to run task
[2025-05-29T10:43:24.977+0000] {standard_task_runner.py:90} INFO - Running: ['airflow', 'tasks', 'run', 'random_user_pipeline', 'wait_for_existing_data', 'scheduled__2025-05-28T00:00:00+00:00', '--job-id', '450', '--raw', '--subdir', 'DAGS_FOLDER/random_user_pipeline.py', '--cfg-path', '/tmp/tmptbnee1qv']
[2025-05-29T10:43:24.991+0000] {standard_task_runner.py:91} INFO - Job 450: Subtask wait_for_existing_data
[2025-05-29T10:43:30.534+0000] {task_command.py:426} INFO - Running <TaskInstance: random_user_pipeline.wait_for_existing_data scheduled__2025-05-28T00:00:00+00:00 [running]> on host fed8e0f764cf
[2025-05-29T10:43:37.936+0000] {taskinstance.py:2648} INFO - Exporting env vars: AIRFLOW_CTX_DAG_EMAIL='papala.ramesh@quation.in,smilesoframs@gmail.com,ramesh.rams333@gmail.com' AIRFLOW_CTX_DAG_OWNER='airflow' AIRFLOW_CTX_DAG_ID='random_user_pipeline' AIRFLOW_CTX_TASK_ID='wait_for_existing_data' AIRFLOW_CTX_EXECUTION_DATE='2025-05-28T00:00:00+00:00' AIRFLOW_CTX_TRY_NUMBER='1' AIRFLOW_CTX_DAG_RUN_ID='scheduled__2025-05-28T00:00:00+00:00'
[2025-05-29T10:43:38.197+0000] {taskinstance.py:430} INFO - ::endgroup::
[2025-05-29T10:43:38.346+0000] {crypto.py:82} WARNING - empty cryptography key - values will not be stored encrypted.
[2025-05-29T10:43:38.357+0000] {base.py:84} INFO - Using connection ID '***_default' for task execution.
[2025-05-29T10:43:38.385+0000] {sql.py:95} INFO - Poking: SELECT 1 FROM products WHERE DATE(created_at) = CURRENT_DATE LIMIT 1; (with parameters None)
[2025-05-29T10:43:38.398+0000] {base.py:84} INFO - Using connection ID '***_default' for task execution.
[2025-05-29T10:43:39.291+0000] {sql.py:487} INFO - Running statement: SELECT 1 FROM products WHERE DATE(created_at) = CURRENT_DATE LIMIT 1;, parameters: None
[2025-05-29T10:43:39.414+0000] {sql.py:496} INFO - Rows affected: 0
[2025-05-29T10:44:09.416+0000] {base.py:84} INFO - Using connection ID '***_default' for task execution.
[2025-05-29T10:44:09.419+0000] {sql.py:95} INFO - Poking: SELECT 1 FROM products WHERE DATE(created_at) = CURRENT_DATE LIMIT 1; (with parameters None)
[2025-05-29T10:44:09.422+0000] {base.py:84} INFO - Using connection ID '***_default' for task execution.
[2025-05-29T10:44:09.972+0000] {sql.py:487} INFO - Running statement: SELECT 1 FROM products WHERE DATE(created_at) = CURRENT_DATE LIMIT 1;, parameters: None
[2025-05-29T10:44:09.994+0000] {sql.py:496} INFO - Rows affected: 0
[2025-05-29T10:44:40.002+0000] {base.py:84} INFO - Using connection ID '***_default' for task execution.
[2025-05-29T10:44:40.014+0000] {sql.py:95} INFO - Poking: SELECT 1 FROM products WHERE DATE(created_at) = CURRENT_DATE LIMIT 1; (with parameters None)
[2025-05-29T10:44:40.024+0000] {base.py:84} INFO - Using connection ID '***_default' for task execution.
[2025-05-29T10:44:41.784+0000] {sql.py:487} INFO - Running statement: SELECT 1 FROM products WHERE DATE(created_at) = CURRENT_DATE LIMIT 1;, parameters: None
[2025-05-29T10:44:42.099+0000] {sql.py:496} INFO - Rows affected: 0
[2025-05-29T10:45:12.307+0000] {base.py:84} INFO - Using connection ID '***_default' for task execution.
[2025-05-29T10:45:12.309+0000] {sql.py:95} INFO - Poking: SELECT 1 FROM products WHERE DATE(created_at) = CURRENT_DATE LIMIT 1; (with parameters None)
[2025-05-29T10:45:12.311+0000] {base.py:84} INFO - Using connection ID '***_default' for task execution.
[2025-05-29T10:45:13.172+0000] {sql.py:487} INFO - Running statement: SELECT 1 FROM products WHERE DATE(created_at) = CURRENT_DATE LIMIT 1;, parameters: None
[2025-05-29T10:45:13.260+0000] {sql.py:496} INFO - Rows affected: 0
[2025-05-29T10:45:43.299+0000] {base.py:84} INFO - Using connection ID '***_default' for task execution.
[2025-05-29T10:45:43.301+0000] {sql.py:95} INFO - Poking: SELECT 1 FROM products WHERE DATE(created_at) = CURRENT_DATE LIMIT 1; (with parameters None)
[2025-05-29T10:45:43.302+0000] {base.py:84} INFO - Using connection ID '***_default' for task execution.
[2025-05-29T10:45:44.126+0000] {sql.py:487} INFO - Running statement: SELECT 1 FROM products WHERE DATE(created_at) = CURRENT_DATE LIMIT 1;, parameters: None
[2025-05-29T10:45:44.137+0000] {sql.py:496} INFO - Rows affected: 0
[2025-05-29T10:45:44.144+0000] {taskinstance.py:441} INFO - ::group::Post task execution logs
[2025-05-29T10:45:44.146+0000] {taskinstance.py:2905} ERROR - Task failed with exception
Traceback (most recent call last):
  File "/home/airflow/.local/lib/python3.12/site-packages/airflow/models/taskinstance.py", line 465, in _execute_task
    result = _execute_callable(context=context, **execute_callable_kwargs)
             ^^^^^^^^^^^^^^^^^^^^^^^^^^^^^^^^^^^^^^^^^^^^^^^^^^^^^^^^^^^^^
  File "/home/airflow/.local/lib/python3.12/site-packages/airflow/models/taskinstance.py", line 432, in _execute_callable
    return execute_callable(context=context, **execute_callable_kwargs)
           ^^^^^^^^^^^^^^^^^^^^^^^^^^^^^^^^^^^^^^^^^^^^^^^^^^^^^^^^^^^^
  File "/home/airflow/.local/lib/python3.12/site-packages/airflow/models/baseoperator.py", line 401, in wrapper
    return func(self, *args, **kwargs)
           ^^^^^^^^^^^^^^^^^^^^^^^^^^^
  File "/home/airflow/.local/lib/python3.12/site-packages/airflow/sensors/base.py", line 281, in execute
    raise AirflowSensorTimeout(message)
airflow.exceptions.AirflowSensorTimeout: Sensor has timed out; run duration of 125.8249905089906 seconds exceeds the specified timeout of 120.0.
[2025-05-29T10:45:45.050+0000] {taskinstance.py:1206} INFO - Immediate failure requested. Marking task as FAILED. dag_id=random_user_pipeline, task_id=wait_for_existing_data, run_id=scheduled__2025-05-28T00:00:00+00:00, execution_date=20250528T000000, start_date=20250529T104324, end_date=20250529T104545
[2025-05-29T10:45:45.158+0000] {logging_mixin.py:188} WARNING - /home/airflow/.local/lib/python3.12/site-packages/airflow/utils/email.py:154 RemovedInAirflow3Warning: Fetching SMTP credentials from configuration variables will be deprecated in a future release. Please set credentials using a connection instead.
[2025-05-29T10:45:45.160+0000] {email.py:271} INFO - Email alerting: attempt 1
[2025-05-29T10:45:47.016+0000] {email.py:282} INFO - Sent an alert email to ['papala.ramesh@quation.in', 'smilesoframs@gmail.com', 'ramesh.rams333@gmail.com']
[2025-05-29T10:45:50.710+0000] {standard_task_runner.py:110} ERROR - Failed to execute job 450 for task wait_for_existing_data (Sensor has timed out; run duration of 125.8249905089906 seconds exceeds the specified timeout of 120.0.; 1057)
[2025-05-29T10:45:50.763+0000] {local_task_job_runner.py:240} INFO - Task exited with return code 1
[2025-05-29T10:45:51.640+0000] {local_task_job_runner.py:222} INFO - ::endgroup::
