[2025-05-19T03:05:15.785+0000] {processor.py:161} INFO - Started process (PID=171) to work on /opt/airflow/dags/utils/notification_email.py
[2025-05-19T03:05:15.787+0000] {processor.py:830} INFO - Processing file /opt/airflow/dags/utils/notification_email.py for tasks to queue
[2025-05-19T03:05:15.791+0000] {logging_mixin.py:188} INFO - [2025-05-19T03:05:15.790+0000] {dagbag.py:545} INFO - Filling up the DagBag from /opt/airflow/dags/utils/notification_email.py
[2025-05-19T03:05:15.844+0000] {processor.py:842} WARNING - No viable dags retrieved from /opt/airflow/dags/utils/notification_email.py
[2025-05-19T03:05:16.805+0000] {processor.py:183} INFO - Processing /opt/airflow/dags/utils/notification_email.py took 1.040 seconds
[2025-05-19T03:05:47.450+0000] {processor.py:161} INFO - Started process (PID=211) to work on /opt/airflow/dags/utils/notification_email.py
[2025-05-19T03:05:47.452+0000] {processor.py:830} INFO - Processing file /opt/airflow/dags/utils/notification_email.py for tasks to queue
[2025-05-19T03:05:47.458+0000] {logging_mixin.py:188} INFO - [2025-05-19T03:05:47.458+0000] {dagbag.py:545} INFO - Filling up the DagBag from /opt/airflow/dags/utils/notification_email.py
[2025-05-19T03:05:47.502+0000] {processor.py:842} WARNING - No viable dags retrieved from /opt/airflow/dags/utils/notification_email.py
[2025-05-19T03:05:48.538+0000] {processor.py:183} INFO - Processing /opt/airflow/dags/utils/notification_email.py took 1.101 seconds
[2025-05-19T03:06:18.722+0000] {processor.py:161} INFO - Started process (PID=237) to work on /opt/airflow/dags/utils/notification_email.py
[2025-05-19T03:06:18.725+0000] {processor.py:830} INFO - Processing file /opt/airflow/dags/utils/notification_email.py for tasks to queue
[2025-05-19T03:06:18.730+0000] {logging_mixin.py:188} INFO - [2025-05-19T03:06:18.729+0000] {dagbag.py:545} INFO - Filling up the DagBag from /opt/airflow/dags/utils/notification_email.py
[2025-05-19T03:06:18.786+0000] {processor.py:842} WARNING - No viable dags retrieved from /opt/airflow/dags/utils/notification_email.py
[2025-05-19T03:06:19.314+0000] {processor.py:183} INFO - Processing /opt/airflow/dags/utils/notification_email.py took 0.601 seconds
[2025-05-19T03:06:49.696+0000] {processor.py:161} INFO - Started process (PID=248) to work on /opt/airflow/dags/utils/notification_email.py
[2025-05-19T03:06:49.697+0000] {processor.py:830} INFO - Processing file /opt/airflow/dags/utils/notification_email.py for tasks to queue
[2025-05-19T03:06:49.699+0000] {logging_mixin.py:188} INFO - [2025-05-19T03:06:49.699+0000] {dagbag.py:545} INFO - Filling up the DagBag from /opt/airflow/dags/utils/notification_email.py
[2025-05-19T03:06:49.733+0000] {processor.py:842} WARNING - No viable dags retrieved from /opt/airflow/dags/utils/notification_email.py
[2025-05-19T03:06:50.196+0000] {processor.py:183} INFO - Processing /opt/airflow/dags/utils/notification_email.py took 0.507 seconds
[2025-05-19T03:07:21.155+0000] {processor.py:161} INFO - Started process (PID=262) to work on /opt/airflow/dags/utils/notification_email.py
[2025-05-19T03:07:21.157+0000] {processor.py:830} INFO - Processing file /opt/airflow/dags/utils/notification_email.py for tasks to queue
[2025-05-19T03:07:21.161+0000] {logging_mixin.py:188} INFO - [2025-05-19T03:07:21.161+0000] {dagbag.py:545} INFO - Filling up the DagBag from /opt/airflow/dags/utils/notification_email.py
[2025-05-19T03:07:21.213+0000] {processor.py:842} WARNING - No viable dags retrieved from /opt/airflow/dags/utils/notification_email.py
[2025-05-19T03:07:24.391+0000] {processor.py:183} INFO - Processing /opt/airflow/dags/utils/notification_email.py took 3.253 seconds
[2025-05-19T03:07:55.049+0000] {processor.py:161} INFO - Started process (PID=280) to work on /opt/airflow/dags/utils/notification_email.py
[2025-05-19T03:07:55.052+0000] {processor.py:830} INFO - Processing file /opt/airflow/dags/utils/notification_email.py for tasks to queue
[2025-05-19T03:07:55.057+0000] {logging_mixin.py:188} INFO - [2025-05-19T03:07:55.056+0000] {dagbag.py:545} INFO - Filling up the DagBag from /opt/airflow/dags/utils/notification_email.py
[2025-05-19T03:07:55.100+0000] {processor.py:842} WARNING - No viable dags retrieved from /opt/airflow/dags/utils/notification_email.py
[2025-05-19T03:07:55.547+0000] {processor.py:183} INFO - Processing /opt/airflow/dags/utils/notification_email.py took 0.506 seconds
[2025-05-19T03:08:26.237+0000] {processor.py:161} INFO - Started process (PID=295) to work on /opt/airflow/dags/utils/notification_email.py
[2025-05-19T03:08:26.240+0000] {processor.py:830} INFO - Processing file /opt/airflow/dags/utils/notification_email.py for tasks to queue
[2025-05-19T03:08:26.243+0000] {logging_mixin.py:188} INFO - [2025-05-19T03:08:26.243+0000] {dagbag.py:545} INFO - Filling up the DagBag from /opt/airflow/dags/utils/notification_email.py
[2025-05-19T03:08:26.285+0000] {processor.py:842} WARNING - No viable dags retrieved from /opt/airflow/dags/utils/notification_email.py
[2025-05-19T03:08:28.728+0000] {processor.py:183} INFO - Processing /opt/airflow/dags/utils/notification_email.py took 2.506 seconds
[2025-05-19T03:08:59.682+0000] {processor.py:161} INFO - Started process (PID=314) to work on /opt/airflow/dags/utils/notification_email.py
[2025-05-19T03:08:59.684+0000] {processor.py:830} INFO - Processing file /opt/airflow/dags/utils/notification_email.py for tasks to queue
[2025-05-19T03:08:59.687+0000] {logging_mixin.py:188} INFO - [2025-05-19T03:08:59.687+0000] {dagbag.py:545} INFO - Filling up the DagBag from /opt/airflow/dags/utils/notification_email.py
[2025-05-19T03:08:59.725+0000] {processor.py:842} WARNING - No viable dags retrieved from /opt/airflow/dags/utils/notification_email.py
[2025-05-19T03:09:00.388+0000] {processor.py:183} INFO - Processing /opt/airflow/dags/utils/notification_email.py took 0.714 seconds
[2025-05-19T03:09:30.756+0000] {processor.py:161} INFO - Started process (PID=329) to work on /opt/airflow/dags/utils/notification_email.py
[2025-05-19T03:09:30.759+0000] {processor.py:830} INFO - Processing file /opt/airflow/dags/utils/notification_email.py for tasks to queue
[2025-05-19T03:09:30.763+0000] {logging_mixin.py:188} INFO - [2025-05-19T03:09:30.763+0000] {dagbag.py:545} INFO - Filling up the DagBag from /opt/airflow/dags/utils/notification_email.py
[2025-05-19T03:09:30.811+0000] {processor.py:842} WARNING - No viable dags retrieved from /opt/airflow/dags/utils/notification_email.py
[2025-05-19T03:09:31.487+0000] {processor.py:183} INFO - Processing /opt/airflow/dags/utils/notification_email.py took 0.750 seconds
[2025-05-19T03:10:01.807+0000] {processor.py:161} INFO - Started process (PID=344) to work on /opt/airflow/dags/utils/notification_email.py
[2025-05-19T03:10:01.809+0000] {processor.py:830} INFO - Processing file /opt/airflow/dags/utils/notification_email.py for tasks to queue
[2025-05-19T03:10:01.813+0000] {logging_mixin.py:188} INFO - [2025-05-19T03:10:01.812+0000] {dagbag.py:545} INFO - Filling up the DagBag from /opt/airflow/dags/utils/notification_email.py
[2025-05-19T03:10:01.863+0000] {processor.py:842} WARNING - No viable dags retrieved from /opt/airflow/dags/utils/notification_email.py
[2025-05-19T03:10:02.432+0000] {processor.py:183} INFO - Processing /opt/airflow/dags/utils/notification_email.py took 0.632 seconds
[2025-05-19T03:10:32.881+0000] {processor.py:161} INFO - Started process (PID=359) to work on /opt/airflow/dags/utils/notification_email.py
[2025-05-19T03:10:32.883+0000] {processor.py:830} INFO - Processing file /opt/airflow/dags/utils/notification_email.py for tasks to queue
[2025-05-19T03:10:32.887+0000] {logging_mixin.py:188} INFO - [2025-05-19T03:10:32.886+0000] {dagbag.py:545} INFO - Filling up the DagBag from /opt/airflow/dags/utils/notification_email.py
[2025-05-19T03:10:32.923+0000] {processor.py:842} WARNING - No viable dags retrieved from /opt/airflow/dags/utils/notification_email.py
[2025-05-19T03:10:33.472+0000] {processor.py:183} INFO - Processing /opt/airflow/dags/utils/notification_email.py took 0.598 seconds
[2025-05-19T03:11:03.741+0000] {processor.py:161} INFO - Started process (PID=374) to work on /opt/airflow/dags/utils/notification_email.py
[2025-05-19T03:11:03.744+0000] {processor.py:830} INFO - Processing file /opt/airflow/dags/utils/notification_email.py for tasks to queue
[2025-05-19T03:11:03.748+0000] {logging_mixin.py:188} INFO - [2025-05-19T03:11:03.748+0000] {dagbag.py:545} INFO - Filling up the DagBag from /opt/airflow/dags/utils/notification_email.py
[2025-05-19T03:11:03.790+0000] {processor.py:842} WARNING - No viable dags retrieved from /opt/airflow/dags/utils/notification_email.py
[2025-05-19T03:11:04.310+0000] {processor.py:183} INFO - Processing /opt/airflow/dags/utils/notification_email.py took 0.579 seconds
[2025-05-19T03:11:34.499+0000] {processor.py:161} INFO - Started process (PID=389) to work on /opt/airflow/dags/utils/notification_email.py
[2025-05-19T03:11:34.502+0000] {processor.py:830} INFO - Processing file /opt/airflow/dags/utils/notification_email.py for tasks to queue
[2025-05-19T03:11:34.507+0000] {logging_mixin.py:188} INFO - [2025-05-19T03:11:34.506+0000] {dagbag.py:545} INFO - Filling up the DagBag from /opt/airflow/dags/utils/notification_email.py
[2025-05-19T03:11:34.548+0000] {processor.py:842} WARNING - No viable dags retrieved from /opt/airflow/dags/utils/notification_email.py
[2025-05-19T03:11:35.087+0000] {processor.py:183} INFO - Processing /opt/airflow/dags/utils/notification_email.py took 0.599 seconds
[2025-05-19T03:12:05.434+0000] {processor.py:161} INFO - Started process (PID=404) to work on /opt/airflow/dags/utils/notification_email.py
[2025-05-19T03:12:05.436+0000] {processor.py:830} INFO - Processing file /opt/airflow/dags/utils/notification_email.py for tasks to queue
[2025-05-19T03:12:05.442+0000] {logging_mixin.py:188} INFO - [2025-05-19T03:12:05.441+0000] {dagbag.py:545} INFO - Filling up the DagBag from /opt/airflow/dags/utils/notification_email.py
[2025-05-19T03:12:05.491+0000] {processor.py:842} WARNING - No viable dags retrieved from /opt/airflow/dags/utils/notification_email.py
[2025-05-19T03:12:05.977+0000] {processor.py:183} INFO - Processing /opt/airflow/dags/utils/notification_email.py took 0.550 seconds
[2025-05-19T03:12:36.420+0000] {processor.py:161} INFO - Started process (PID=419) to work on /opt/airflow/dags/utils/notification_email.py
[2025-05-19T03:12:36.421+0000] {processor.py:830} INFO - Processing file /opt/airflow/dags/utils/notification_email.py for tasks to queue
[2025-05-19T03:12:36.425+0000] {logging_mixin.py:188} INFO - [2025-05-19T03:12:36.424+0000] {dagbag.py:545} INFO - Filling up the DagBag from /opt/airflow/dags/utils/notification_email.py
[2025-05-19T03:12:36.465+0000] {processor.py:842} WARNING - No viable dags retrieved from /opt/airflow/dags/utils/notification_email.py
[2025-05-19T03:12:36.908+0000] {processor.py:183} INFO - Processing /opt/airflow/dags/utils/notification_email.py took 0.496 seconds
[2025-05-19T03:13:07.691+0000] {processor.py:161} INFO - Started process (PID=434) to work on /opt/airflow/dags/utils/notification_email.py
[2025-05-19T03:13:07.692+0000] {processor.py:830} INFO - Processing file /opt/airflow/dags/utils/notification_email.py for tasks to queue
[2025-05-19T03:13:07.695+0000] {logging_mixin.py:188} INFO - [2025-05-19T03:13:07.695+0000] {dagbag.py:545} INFO - Filling up the DagBag from /opt/airflow/dags/utils/notification_email.py
[2025-05-19T03:13:07.746+0000] {processor.py:842} WARNING - No viable dags retrieved from /opt/airflow/dags/utils/notification_email.py
[2025-05-19T03:13:08.207+0000] {processor.py:183} INFO - Processing /opt/airflow/dags/utils/notification_email.py took 0.525 seconds
[2025-05-19T03:13:38.482+0000] {processor.py:161} INFO - Started process (PID=449) to work on /opt/airflow/dags/utils/notification_email.py
[2025-05-19T03:13:38.484+0000] {processor.py:830} INFO - Processing file /opt/airflow/dags/utils/notification_email.py for tasks to queue
[2025-05-19T03:13:38.487+0000] {logging_mixin.py:188} INFO - [2025-05-19T03:13:38.486+0000] {dagbag.py:545} INFO - Filling up the DagBag from /opt/airflow/dags/utils/notification_email.py
[2025-05-19T03:13:38.550+0000] {processor.py:842} WARNING - No viable dags retrieved from /opt/airflow/dags/utils/notification_email.py
[2025-05-19T03:13:38.994+0000] {processor.py:183} INFO - Processing /opt/airflow/dags/utils/notification_email.py took 0.520 seconds
[2025-05-19T03:14:09.237+0000] {processor.py:161} INFO - Started process (PID=464) to work on /opt/airflow/dags/utils/notification_email.py
[2025-05-19T03:14:09.239+0000] {processor.py:830} INFO - Processing file /opt/airflow/dags/utils/notification_email.py for tasks to queue
[2025-05-19T03:14:09.242+0000] {logging_mixin.py:188} INFO - [2025-05-19T03:14:09.242+0000] {dagbag.py:545} INFO - Filling up the DagBag from /opt/airflow/dags/utils/notification_email.py
[2025-05-19T03:14:09.314+0000] {processor.py:842} WARNING - No viable dags retrieved from /opt/airflow/dags/utils/notification_email.py
[2025-05-19T03:14:11.822+0000] {processor.py:183} INFO - Processing /opt/airflow/dags/utils/notification_email.py took 2.596 seconds
[2025-05-19T03:14:42.549+0000] {processor.py:161} INFO - Started process (PID=479) to work on /opt/airflow/dags/utils/notification_email.py
[2025-05-19T03:14:42.551+0000] {processor.py:830} INFO - Processing file /opt/airflow/dags/utils/notification_email.py for tasks to queue
[2025-05-19T03:14:42.554+0000] {logging_mixin.py:188} INFO - [2025-05-19T03:14:42.554+0000] {dagbag.py:545} INFO - Filling up the DagBag from /opt/airflow/dags/utils/notification_email.py
[2025-05-19T03:14:42.617+0000] {processor.py:842} WARNING - No viable dags retrieved from /opt/airflow/dags/utils/notification_email.py
[2025-05-19T03:14:43.053+0000] {processor.py:183} INFO - Processing /opt/airflow/dags/utils/notification_email.py took 0.510 seconds
[2025-05-19T03:15:14.144+0000] {processor.py:161} INFO - Started process (PID=494) to work on /opt/airflow/dags/utils/notification_email.py
[2025-05-19T03:15:14.146+0000] {processor.py:830} INFO - Processing file /opt/airflow/dags/utils/notification_email.py for tasks to queue
[2025-05-19T03:15:14.149+0000] {logging_mixin.py:188} INFO - [2025-05-19T03:15:14.148+0000] {dagbag.py:545} INFO - Filling up the DagBag from /opt/airflow/dags/utils/notification_email.py
[2025-05-19T03:15:14.210+0000] {processor.py:842} WARNING - No viable dags retrieved from /opt/airflow/dags/utils/notification_email.py
[2025-05-19T03:15:16.690+0000] {processor.py:183} INFO - Processing /opt/airflow/dags/utils/notification_email.py took 2.553 seconds
[2025-05-19T03:15:47.268+0000] {processor.py:161} INFO - Started process (PID=509) to work on /opt/airflow/dags/utils/notification_email.py
[2025-05-19T03:15:47.270+0000] {processor.py:830} INFO - Processing file /opt/airflow/dags/utils/notification_email.py for tasks to queue
[2025-05-19T03:15:47.273+0000] {logging_mixin.py:188} INFO - [2025-05-19T03:15:47.273+0000] {dagbag.py:545} INFO - Filling up the DagBag from /opt/airflow/dags/utils/notification_email.py
[2025-05-19T03:15:47.336+0000] {processor.py:842} WARNING - No viable dags retrieved from /opt/airflow/dags/utils/notification_email.py
[2025-05-19T03:15:47.760+0000] {processor.py:183} INFO - Processing /opt/airflow/dags/utils/notification_email.py took 0.498 seconds
[2025-05-19T03:16:17.964+0000] {processor.py:161} INFO - Started process (PID=524) to work on /opt/airflow/dags/utils/notification_email.py
[2025-05-19T03:16:17.967+0000] {processor.py:830} INFO - Processing file /opt/airflow/dags/utils/notification_email.py for tasks to queue
[2025-05-19T03:16:17.971+0000] {logging_mixin.py:188} INFO - [2025-05-19T03:16:17.971+0000] {dagbag.py:545} INFO - Filling up the DagBag from /opt/airflow/dags/utils/notification_email.py
[2025-05-19T03:16:18.047+0000] {processor.py:842} WARNING - No viable dags retrieved from /opt/airflow/dags/utils/notification_email.py
[2025-05-19T03:16:18.531+0000] {processor.py:183} INFO - Processing /opt/airflow/dags/utils/notification_email.py took 0.579 seconds
[2025-05-19T03:16:48.802+0000] {processor.py:161} INFO - Started process (PID=539) to work on /opt/airflow/dags/utils/notification_email.py
[2025-05-19T03:16:48.804+0000] {processor.py:830} INFO - Processing file /opt/airflow/dags/utils/notification_email.py for tasks to queue
[2025-05-19T03:16:48.810+0000] {logging_mixin.py:188} INFO - [2025-05-19T03:16:48.809+0000] {dagbag.py:545} INFO - Filling up the DagBag from /opt/airflow/dags/utils/notification_email.py
[2025-05-19T03:16:48.861+0000] {processor.py:842} WARNING - No viable dags retrieved from /opt/airflow/dags/utils/notification_email.py
[2025-05-19T03:16:49.336+0000] {processor.py:183} INFO - Processing /opt/airflow/dags/utils/notification_email.py took 0.549 seconds
[2025-05-19T03:17:20.087+0000] {processor.py:161} INFO - Started process (PID=554) to work on /opt/airflow/dags/utils/notification_email.py
[2025-05-19T03:17:20.088+0000] {processor.py:830} INFO - Processing file /opt/airflow/dags/utils/notification_email.py for tasks to queue
[2025-05-19T03:17:20.091+0000] {logging_mixin.py:188} INFO - [2025-05-19T03:17:20.091+0000] {dagbag.py:545} INFO - Filling up the DagBag from /opt/airflow/dags/utils/notification_email.py
[2025-05-19T03:17:20.150+0000] {processor.py:842} WARNING - No viable dags retrieved from /opt/airflow/dags/utils/notification_email.py
[2025-05-19T03:17:20.582+0000] {processor.py:183} INFO - Processing /opt/airflow/dags/utils/notification_email.py took 0.504 seconds
[2025-05-19T03:17:50.757+0000] {processor.py:161} INFO - Started process (PID=569) to work on /opt/airflow/dags/utils/notification_email.py
[2025-05-19T03:17:50.759+0000] {processor.py:830} INFO - Processing file /opt/airflow/dags/utils/notification_email.py for tasks to queue
[2025-05-19T03:17:50.762+0000] {logging_mixin.py:188} INFO - [2025-05-19T03:17:50.761+0000] {dagbag.py:545} INFO - Filling up the DagBag from /opt/airflow/dags/utils/notification_email.py
[2025-05-19T03:17:50.799+0000] {processor.py:842} WARNING - No viable dags retrieved from /opt/airflow/dags/utils/notification_email.py
[2025-05-19T03:17:51.303+0000] {processor.py:183} INFO - Processing /opt/airflow/dags/utils/notification_email.py took 0.556 seconds
[2025-05-19T03:18:22.082+0000] {processor.py:161} INFO - Started process (PID=584) to work on /opt/airflow/dags/utils/notification_email.py
[2025-05-19T03:18:22.085+0000] {processor.py:830} INFO - Processing file /opt/airflow/dags/utils/notification_email.py for tasks to queue
[2025-05-19T03:18:22.089+0000] {logging_mixin.py:188} INFO - [2025-05-19T03:18:22.088+0000] {dagbag.py:545} INFO - Filling up the DagBag from /opt/airflow/dags/utils/notification_email.py
[2025-05-19T03:18:22.144+0000] {processor.py:842} WARNING - No viable dags retrieved from /opt/airflow/dags/utils/notification_email.py
[2025-05-19T03:18:22.819+0000] {processor.py:183} INFO - Processing /opt/airflow/dags/utils/notification_email.py took 0.754 seconds
[2025-05-19T03:18:53.012+0000] {processor.py:161} INFO - Started process (PID=599) to work on /opt/airflow/dags/utils/notification_email.py
[2025-05-19T03:18:53.014+0000] {processor.py:830} INFO - Processing file /opt/airflow/dags/utils/notification_email.py for tasks to queue
[2025-05-19T03:18:53.017+0000] {logging_mixin.py:188} INFO - [2025-05-19T03:18:53.017+0000] {dagbag.py:545} INFO - Filling up the DagBag from /opt/airflow/dags/utils/notification_email.py
[2025-05-19T03:18:53.061+0000] {processor.py:842} WARNING - No viable dags retrieved from /opt/airflow/dags/utils/notification_email.py
[2025-05-19T03:18:53.522+0000] {processor.py:183} INFO - Processing /opt/airflow/dags/utils/notification_email.py took 0.522 seconds
[2025-05-19T03:19:24.187+0000] {processor.py:161} INFO - Started process (PID=614) to work on /opt/airflow/dags/utils/notification_email.py
[2025-05-19T03:19:24.189+0000] {processor.py:830} INFO - Processing file /opt/airflow/dags/utils/notification_email.py for tasks to queue
[2025-05-19T03:19:24.193+0000] {logging_mixin.py:188} INFO - [2025-05-19T03:19:24.193+0000] {dagbag.py:545} INFO - Filling up the DagBag from /opt/airflow/dags/utils/notification_email.py
[2025-05-19T03:19:24.250+0000] {processor.py:842} WARNING - No viable dags retrieved from /opt/airflow/dags/utils/notification_email.py
[2025-05-19T03:19:24.725+0000] {processor.py:183} INFO - Processing /opt/airflow/dags/utils/notification_email.py took 0.546 seconds
[2025-05-19T03:19:54.980+0000] {processor.py:161} INFO - Started process (PID=629) to work on /opt/airflow/dags/utils/notification_email.py
[2025-05-19T03:19:54.983+0000] {processor.py:830} INFO - Processing file /opt/airflow/dags/utils/notification_email.py for tasks to queue
[2025-05-19T03:19:54.988+0000] {logging_mixin.py:188} INFO - [2025-05-19T03:19:54.987+0000] {dagbag.py:545} INFO - Filling up the DagBag from /opt/airflow/dags/utils/notification_email.py
[2025-05-19T03:19:55.029+0000] {processor.py:842} WARNING - No viable dags retrieved from /opt/airflow/dags/utils/notification_email.py
[2025-05-19T03:19:55.496+0000] {processor.py:183} INFO - Processing /opt/airflow/dags/utils/notification_email.py took 0.529 seconds
[2025-05-19T03:20:25.866+0000] {processor.py:161} INFO - Started process (PID=644) to work on /opt/airflow/dags/utils/notification_email.py
[2025-05-19T03:20:25.868+0000] {processor.py:830} INFO - Processing file /opt/airflow/dags/utils/notification_email.py for tasks to queue
[2025-05-19T03:20:25.870+0000] {logging_mixin.py:188} INFO - [2025-05-19T03:20:25.870+0000] {dagbag.py:545} INFO - Filling up the DagBag from /opt/airflow/dags/utils/notification_email.py
[2025-05-19T03:20:25.932+0000] {processor.py:842} WARNING - No viable dags retrieved from /opt/airflow/dags/utils/notification_email.py
[2025-05-19T03:20:26.438+0000] {processor.py:183} INFO - Processing /opt/airflow/dags/utils/notification_email.py took 0.581 seconds
[2025-05-19T03:20:56.715+0000] {processor.py:161} INFO - Started process (PID=659) to work on /opt/airflow/dags/utils/notification_email.py
[2025-05-19T03:20:56.717+0000] {processor.py:830} INFO - Processing file /opt/airflow/dags/utils/notification_email.py for tasks to queue
[2025-05-19T03:20:56.719+0000] {logging_mixin.py:188} INFO - [2025-05-19T03:20:56.719+0000] {dagbag.py:545} INFO - Filling up the DagBag from /opt/airflow/dags/utils/notification_email.py
[2025-05-19T03:20:56.765+0000] {processor.py:842} WARNING - No viable dags retrieved from /opt/airflow/dags/utils/notification_email.py
[2025-05-19T03:20:57.200+0000] {processor.py:183} INFO - Processing /opt/airflow/dags/utils/notification_email.py took 0.491 seconds
[2025-05-19T03:21:27.709+0000] {processor.py:161} INFO - Started process (PID=674) to work on /opt/airflow/dags/utils/notification_email.py
[2025-05-19T03:21:27.712+0000] {processor.py:830} INFO - Processing file /opt/airflow/dags/utils/notification_email.py for tasks to queue
[2025-05-19T03:21:27.716+0000] {logging_mixin.py:188} INFO - [2025-05-19T03:21:27.716+0000] {dagbag.py:545} INFO - Filling up the DagBag from /opt/airflow/dags/utils/notification_email.py
[2025-05-19T03:21:27.759+0000] {processor.py:842} WARNING - No viable dags retrieved from /opt/airflow/dags/utils/notification_email.py
[2025-05-19T03:21:28.177+0000] {processor.py:183} INFO - Processing /opt/airflow/dags/utils/notification_email.py took 0.479 seconds
[2025-05-19T03:21:58.349+0000] {processor.py:161} INFO - Started process (PID=689) to work on /opt/airflow/dags/utils/notification_email.py
[2025-05-19T03:21:58.351+0000] {processor.py:830} INFO - Processing file /opt/airflow/dags/utils/notification_email.py for tasks to queue
[2025-05-19T03:21:58.355+0000] {logging_mixin.py:188} INFO - [2025-05-19T03:21:58.354+0000] {dagbag.py:545} INFO - Filling up the DagBag from /opt/airflow/dags/utils/notification_email.py
[2025-05-19T03:21:58.402+0000] {processor.py:842} WARNING - No viable dags retrieved from /opt/airflow/dags/utils/notification_email.py
[2025-05-19T03:22:00.835+0000] {processor.py:183} INFO - Processing /opt/airflow/dags/utils/notification_email.py took 2.495 seconds
[2025-05-19T03:22:31.304+0000] {processor.py:161} INFO - Started process (PID=704) to work on /opt/airflow/dags/utils/notification_email.py
[2025-05-19T03:22:31.306+0000] {processor.py:830} INFO - Processing file /opt/airflow/dags/utils/notification_email.py for tasks to queue
[2025-05-19T03:22:31.311+0000] {logging_mixin.py:188} INFO - [2025-05-19T03:22:31.310+0000] {dagbag.py:545} INFO - Filling up the DagBag from /opt/airflow/dags/utils/notification_email.py
[2025-05-19T03:22:31.362+0000] {processor.py:842} WARNING - No viable dags retrieved from /opt/airflow/dags/utils/notification_email.py
[2025-05-19T03:22:31.862+0000] {processor.py:183} INFO - Processing /opt/airflow/dags/utils/notification_email.py took 0.575 seconds
[2025-05-19T03:23:02.092+0000] {processor.py:161} INFO - Started process (PID=719) to work on /opt/airflow/dags/utils/notification_email.py
[2025-05-19T03:23:02.093+0000] {processor.py:830} INFO - Processing file /opt/airflow/dags/utils/notification_email.py for tasks to queue
[2025-05-19T03:23:02.095+0000] {logging_mixin.py:188} INFO - [2025-05-19T03:23:02.095+0000] {dagbag.py:545} INFO - Filling up the DagBag from /opt/airflow/dags/utils/notification_email.py
[2025-05-19T03:23:02.116+0000] {processor.py:842} WARNING - No viable dags retrieved from /opt/airflow/dags/utils/notification_email.py
[2025-05-19T03:23:02.572+0000] {processor.py:183} INFO - Processing /opt/airflow/dags/utils/notification_email.py took 0.487 seconds
[2025-05-19T03:23:32.848+0000] {processor.py:161} INFO - Started process (PID=734) to work on /opt/airflow/dags/utils/notification_email.py
[2025-05-19T03:23:32.850+0000] {processor.py:830} INFO - Processing file /opt/airflow/dags/utils/notification_email.py for tasks to queue
[2025-05-19T03:23:32.853+0000] {logging_mixin.py:188} INFO - [2025-05-19T03:23:32.852+0000] {dagbag.py:545} INFO - Filling up the DagBag from /opt/airflow/dags/utils/notification_email.py
[2025-05-19T03:23:32.923+0000] {processor.py:842} WARNING - No viable dags retrieved from /opt/airflow/dags/utils/notification_email.py
[2025-05-19T03:23:33.339+0000] {processor.py:183} INFO - Processing /opt/airflow/dags/utils/notification_email.py took 0.500 seconds
[2025-05-19T03:24:03.543+0000] {processor.py:161} INFO - Started process (PID=749) to work on /opt/airflow/dags/utils/notification_email.py
[2025-05-19T03:24:03.545+0000] {processor.py:830} INFO - Processing file /opt/airflow/dags/utils/notification_email.py for tasks to queue
[2025-05-19T03:24:03.551+0000] {logging_mixin.py:188} INFO - [2025-05-19T03:24:03.550+0000] {dagbag.py:545} INFO - Filling up the DagBag from /opt/airflow/dags/utils/notification_email.py
[2025-05-19T03:24:03.598+0000] {processor.py:842} WARNING - No viable dags retrieved from /opt/airflow/dags/utils/notification_email.py
[2025-05-19T03:24:04.230+0000] {processor.py:183} INFO - Processing /opt/airflow/dags/utils/notification_email.py took 0.698 seconds
[2025-05-19T03:24:34.989+0000] {processor.py:161} INFO - Started process (PID=764) to work on /opt/airflow/dags/utils/notification_email.py
[2025-05-19T03:24:34.990+0000] {processor.py:830} INFO - Processing file /opt/airflow/dags/utils/notification_email.py for tasks to queue
[2025-05-19T03:24:34.993+0000] {logging_mixin.py:188} INFO - [2025-05-19T03:24:34.992+0000] {dagbag.py:545} INFO - Filling up the DagBag from /opt/airflow/dags/utils/notification_email.py
[2025-05-19T03:24:35.048+0000] {processor.py:842} WARNING - No viable dags retrieved from /opt/airflow/dags/utils/notification_email.py
[2025-05-19T03:24:35.541+0000] {processor.py:183} INFO - Processing /opt/airflow/dags/utils/notification_email.py took 0.559 seconds
[2025-05-19T03:25:05.815+0000] {processor.py:161} INFO - Started process (PID=779) to work on /opt/airflow/dags/utils/notification_email.py
[2025-05-19T03:25:05.816+0000] {processor.py:830} INFO - Processing file /opt/airflow/dags/utils/notification_email.py for tasks to queue
[2025-05-19T03:25:05.819+0000] {logging_mixin.py:188} INFO - [2025-05-19T03:25:05.818+0000] {dagbag.py:545} INFO - Filling up the DagBag from /opt/airflow/dags/utils/notification_email.py
[2025-05-19T03:25:05.867+0000] {processor.py:842} WARNING - No viable dags retrieved from /opt/airflow/dags/utils/notification_email.py
[2025-05-19T03:25:06.354+0000] {processor.py:183} INFO - Processing /opt/airflow/dags/utils/notification_email.py took 0.551 seconds
[2025-05-19T03:25:36.545+0000] {processor.py:161} INFO - Started process (PID=794) to work on /opt/airflow/dags/utils/notification_email.py
[2025-05-19T03:25:36.547+0000] {processor.py:830} INFO - Processing file /opt/airflow/dags/utils/notification_email.py for tasks to queue
[2025-05-19T03:25:36.550+0000] {logging_mixin.py:188} INFO - [2025-05-19T03:25:36.549+0000] {dagbag.py:545} INFO - Filling up the DagBag from /opt/airflow/dags/utils/notification_email.py
[2025-05-19T03:25:36.604+0000] {processor.py:842} WARNING - No viable dags retrieved from /opt/airflow/dags/utils/notification_email.py
[2025-05-19T03:25:37.015+0000] {processor.py:183} INFO - Processing /opt/airflow/dags/utils/notification_email.py took 0.477 seconds
[2025-05-19T03:26:07.506+0000] {processor.py:161} INFO - Started process (PID=809) to work on /opt/airflow/dags/utils/notification_email.py
[2025-05-19T03:26:07.509+0000] {processor.py:830} INFO - Processing file /opt/airflow/dags/utils/notification_email.py for tasks to queue
[2025-05-19T03:26:07.512+0000] {logging_mixin.py:188} INFO - [2025-05-19T03:26:07.512+0000] {dagbag.py:545} INFO - Filling up the DagBag from /opt/airflow/dags/utils/notification_email.py
[2025-05-19T03:26:07.557+0000] {processor.py:842} WARNING - No viable dags retrieved from /opt/airflow/dags/utils/notification_email.py
[2025-05-19T03:26:08.006+0000] {processor.py:183} INFO - Processing /opt/airflow/dags/utils/notification_email.py took 0.512 seconds
[2025-05-19T03:26:38.696+0000] {processor.py:161} INFO - Started process (PID=829) to work on /opt/airflow/dags/utils/notification_email.py
[2025-05-19T03:26:38.697+0000] {processor.py:830} INFO - Processing file /opt/airflow/dags/utils/notification_email.py for tasks to queue
[2025-05-19T03:26:38.701+0000] {logging_mixin.py:188} INFO - [2025-05-19T03:26:38.700+0000] {dagbag.py:545} INFO - Filling up the DagBag from /opt/airflow/dags/utils/notification_email.py
[2025-05-19T03:26:38.747+0000] {processor.py:842} WARNING - No viable dags retrieved from /opt/airflow/dags/utils/notification_email.py
[2025-05-19T03:26:39.214+0000] {processor.py:183} INFO - Processing /opt/airflow/dags/utils/notification_email.py took 0.527 seconds
[2025-05-19T03:27:09.899+0000] {processor.py:161} INFO - Started process (PID=844) to work on /opt/airflow/dags/utils/notification_email.py
[2025-05-19T03:27:09.901+0000] {processor.py:830} INFO - Processing file /opt/airflow/dags/utils/notification_email.py for tasks to queue
[2025-05-19T03:27:09.904+0000] {logging_mixin.py:188} INFO - [2025-05-19T03:27:09.904+0000] {dagbag.py:545} INFO - Filling up the DagBag from /opt/airflow/dags/utils/notification_email.py
[2025-05-19T03:27:09.950+0000] {processor.py:842} WARNING - No viable dags retrieved from /opt/airflow/dags/utils/notification_email.py
[2025-05-19T03:27:10.541+0000] {processor.py:183} INFO - Processing /opt/airflow/dags/utils/notification_email.py took 0.655 seconds
[2025-05-19T03:29:40.235+0000] {processor.py:161} INFO - Started process (PID=171) to work on /opt/airflow/dags/utils/notification_email.py
[2025-05-19T03:29:40.237+0000] {processor.py:830} INFO - Processing file /opt/airflow/dags/utils/notification_email.py for tasks to queue
[2025-05-19T03:29:40.240+0000] {logging_mixin.py:188} INFO - [2025-05-19T03:29:40.240+0000] {dagbag.py:545} INFO - Filling up the DagBag from /opt/airflow/dags/utils/notification_email.py
[2025-05-19T03:29:40.289+0000] {processor.py:842} WARNING - No viable dags retrieved from /opt/airflow/dags/utils/notification_email.py
[2025-05-19T03:29:40.904+0000] {processor.py:183} INFO - Processing /opt/airflow/dags/utils/notification_email.py took 0.678 seconds
[2025-05-19T03:30:13.256+0000] {processor.py:161} INFO - Started process (PID=214) to work on /opt/airflow/dags/utils/notification_email.py
[2025-05-19T03:30:13.259+0000] {processor.py:830} INFO - Processing file /opt/airflow/dags/utils/notification_email.py for tasks to queue
[2025-05-19T03:30:13.263+0000] {logging_mixin.py:188} INFO - [2025-05-19T03:30:13.263+0000] {dagbag.py:545} INFO - Filling up the DagBag from /opt/airflow/dags/utils/notification_email.py
[2025-05-19T03:30:13.302+0000] {processor.py:842} WARNING - No viable dags retrieved from /opt/airflow/dags/utils/notification_email.py
[2025-05-19T03:30:15.793+0000] {processor.py:183} INFO - Processing /opt/airflow/dags/utils/notification_email.py took 2.552 seconds
[2025-05-19T03:30:46.188+0000] {processor.py:161} INFO - Started process (PID=232) to work on /opt/airflow/dags/utils/notification_email.py
[2025-05-19T03:30:46.190+0000] {processor.py:830} INFO - Processing file /opt/airflow/dags/utils/notification_email.py for tasks to queue
[2025-05-19T03:30:46.195+0000] {logging_mixin.py:188} INFO - [2025-05-19T03:30:46.194+0000] {dagbag.py:545} INFO - Filling up the DagBag from /opt/airflow/dags/utils/notification_email.py
[2025-05-19T03:30:46.243+0000] {processor.py:842} WARNING - No viable dags retrieved from /opt/airflow/dags/utils/notification_email.py
[2025-05-19T03:30:46.842+0000] {processor.py:183} INFO - Processing /opt/airflow/dags/utils/notification_email.py took 0.666 seconds
[2025-05-19T03:31:17.022+0000] {processor.py:161} INFO - Started process (PID=246) to work on /opt/airflow/dags/utils/notification_email.py
[2025-05-19T03:31:17.024+0000] {processor.py:830} INFO - Processing file /opt/airflow/dags/utils/notification_email.py for tasks to queue
[2025-05-19T03:31:17.027+0000] {logging_mixin.py:188} INFO - [2025-05-19T03:31:17.026+0000] {dagbag.py:545} INFO - Filling up the DagBag from /opt/airflow/dags/utils/notification_email.py
[2025-05-19T03:31:17.080+0000] {processor.py:842} WARNING - No viable dags retrieved from /opt/airflow/dags/utils/notification_email.py
[2025-05-19T03:31:19.571+0000] {processor.py:183} INFO - Processing /opt/airflow/dags/utils/notification_email.py took 2.556 seconds
[2025-05-19T03:31:49.840+0000] {processor.py:161} INFO - Started process (PID=263) to work on /opt/airflow/dags/utils/notification_email.py
[2025-05-19T03:31:49.842+0000] {processor.py:830} INFO - Processing file /opt/airflow/dags/utils/notification_email.py for tasks to queue
[2025-05-19T03:31:49.845+0000] {logging_mixin.py:188} INFO - [2025-05-19T03:31:49.845+0000] {dagbag.py:545} INFO - Filling up the DagBag from /opt/airflow/dags/utils/notification_email.py
[2025-05-19T03:31:49.909+0000] {processor.py:842} WARNING - No viable dags retrieved from /opt/airflow/dags/utils/notification_email.py
[2025-05-19T03:31:50.399+0000] {processor.py:183} INFO - Processing /opt/airflow/dags/utils/notification_email.py took 0.572 seconds
[2025-05-19T03:32:20.613+0000] {processor.py:161} INFO - Started process (PID=280) to work on /opt/airflow/dags/utils/notification_email.py
[2025-05-19T03:32:20.615+0000] {processor.py:830} INFO - Processing file /opt/airflow/dags/utils/notification_email.py for tasks to queue
[2025-05-19T03:32:20.617+0000] {logging_mixin.py:188} INFO - [2025-05-19T03:32:20.617+0000] {dagbag.py:545} INFO - Filling up the DagBag from /opt/airflow/dags/utils/notification_email.py
[2025-05-19T03:32:20.668+0000] {processor.py:842} WARNING - No viable dags retrieved from /opt/airflow/dags/utils/notification_email.py
[2025-05-19T03:32:21.166+0000] {processor.py:183} INFO - Processing /opt/airflow/dags/utils/notification_email.py took 0.560 seconds
[2025-05-19T03:32:51.402+0000] {processor.py:161} INFO - Started process (PID=295) to work on /opt/airflow/dags/utils/notification_email.py
[2025-05-19T03:32:51.404+0000] {processor.py:830} INFO - Processing file /opt/airflow/dags/utils/notification_email.py for tasks to queue
[2025-05-19T03:32:51.406+0000] {logging_mixin.py:188} INFO - [2025-05-19T03:32:51.406+0000] {dagbag.py:545} INFO - Filling up the DagBag from /opt/airflow/dags/utils/notification_email.py
[2025-05-19T03:32:51.469+0000] {processor.py:842} WARNING - No viable dags retrieved from /opt/airflow/dags/utils/notification_email.py
[2025-05-19T03:32:51.897+0000] {processor.py:183} INFO - Processing /opt/airflow/dags/utils/notification_email.py took 0.501 seconds
[2025-05-19T03:33:22.146+0000] {processor.py:161} INFO - Started process (PID=310) to work on /opt/airflow/dags/utils/notification_email.py
[2025-05-19T03:33:22.148+0000] {processor.py:830} INFO - Processing file /opt/airflow/dags/utils/notification_email.py for tasks to queue
[2025-05-19T03:33:22.151+0000] {logging_mixin.py:188} INFO - [2025-05-19T03:33:22.150+0000] {dagbag.py:545} INFO - Filling up the DagBag from /opt/airflow/dags/utils/notification_email.py
[2025-05-19T03:33:22.226+0000] {processor.py:842} WARNING - No viable dags retrieved from /opt/airflow/dags/utils/notification_email.py
[2025-05-19T03:33:22.639+0000] {processor.py:183} INFO - Processing /opt/airflow/dags/utils/notification_email.py took 0.500 seconds
[2025-05-19T03:33:52.919+0000] {processor.py:161} INFO - Started process (PID=325) to work on /opt/airflow/dags/utils/notification_email.py
[2025-05-19T03:33:52.921+0000] {processor.py:830} INFO - Processing file /opt/airflow/dags/utils/notification_email.py for tasks to queue
[2025-05-19T03:33:52.923+0000] {logging_mixin.py:188} INFO - [2025-05-19T03:33:52.922+0000] {dagbag.py:545} INFO - Filling up the DagBag from /opt/airflow/dags/utils/notification_email.py
[2025-05-19T03:33:52.969+0000] {processor.py:842} WARNING - No viable dags retrieved from /opt/airflow/dags/utils/notification_email.py
[2025-05-19T03:33:53.466+0000] {processor.py:183} INFO - Processing /opt/airflow/dags/utils/notification_email.py took 0.553 seconds
[2025-05-19T03:34:23.687+0000] {processor.py:161} INFO - Started process (PID=340) to work on /opt/airflow/dags/utils/notification_email.py
[2025-05-19T03:34:23.689+0000] {processor.py:830} INFO - Processing file /opt/airflow/dags/utils/notification_email.py for tasks to queue
[2025-05-19T03:34:23.692+0000] {logging_mixin.py:188} INFO - [2025-05-19T03:34:23.691+0000] {dagbag.py:545} INFO - Filling up the DagBag from /opt/airflow/dags/utils/notification_email.py
[2025-05-19T03:34:23.732+0000] {processor.py:842} WARNING - No viable dags retrieved from /opt/airflow/dags/utils/notification_email.py
[2025-05-19T03:34:24.219+0000] {processor.py:183} INFO - Processing /opt/airflow/dags/utils/notification_email.py took 0.542 seconds
[2025-05-19T03:34:54.356+0000] {processor.py:161} INFO - Started process (PID=355) to work on /opt/airflow/dags/utils/notification_email.py
[2025-05-19T03:34:54.358+0000] {processor.py:830} INFO - Processing file /opt/airflow/dags/utils/notification_email.py for tasks to queue
[2025-05-19T03:34:54.361+0000] {logging_mixin.py:188} INFO - [2025-05-19T03:34:54.361+0000] {dagbag.py:545} INFO - Filling up the DagBag from /opt/airflow/dags/utils/notification_email.py
[2025-05-19T03:34:54.425+0000] {processor.py:842} WARNING - No viable dags retrieved from /opt/airflow/dags/utils/notification_email.py
[2025-05-19T03:34:54.953+0000] {processor.py:183} INFO - Processing /opt/airflow/dags/utils/notification_email.py took 0.604 seconds
[2025-05-19T03:35:25.231+0000] {processor.py:161} INFO - Started process (PID=370) to work on /opt/airflow/dags/utils/notification_email.py
[2025-05-19T03:35:25.233+0000] {processor.py:830} INFO - Processing file /opt/airflow/dags/utils/notification_email.py for tasks to queue
[2025-05-19T03:35:25.237+0000] {logging_mixin.py:188} INFO - [2025-05-19T03:35:25.236+0000] {dagbag.py:545} INFO - Filling up the DagBag from /opt/airflow/dags/utils/notification_email.py
[2025-05-19T03:35:25.306+0000] {processor.py:842} WARNING - No viable dags retrieved from /opt/airflow/dags/utils/notification_email.py
[2025-05-19T03:35:25.748+0000] {processor.py:183} INFO - Processing /opt/airflow/dags/utils/notification_email.py took 0.523 seconds
[2025-05-19T03:35:55.876+0000] {processor.py:161} INFO - Started process (PID=385) to work on /opt/airflow/dags/utils/notification_email.py
[2025-05-19T03:35:55.878+0000] {processor.py:830} INFO - Processing file /opt/airflow/dags/utils/notification_email.py for tasks to queue
[2025-05-19T03:35:55.881+0000] {logging_mixin.py:188} INFO - [2025-05-19T03:35:55.881+0000] {dagbag.py:545} INFO - Filling up the DagBag from /opt/airflow/dags/utils/notification_email.py
[2025-05-19T03:35:55.933+0000] {processor.py:842} WARNING - No viable dags retrieved from /opt/airflow/dags/utils/notification_email.py
[2025-05-19T03:35:58.403+0000] {processor.py:183} INFO - Processing /opt/airflow/dags/utils/notification_email.py took 2.537 seconds
[2025-05-19T03:36:28.562+0000] {processor.py:161} INFO - Started process (PID=400) to work on /opt/airflow/dags/utils/notification_email.py
[2025-05-19T03:36:28.563+0000] {processor.py:830} INFO - Processing file /opt/airflow/dags/utils/notification_email.py for tasks to queue
[2025-05-19T03:36:28.565+0000] {logging_mixin.py:188} INFO - [2025-05-19T03:36:28.565+0000] {dagbag.py:545} INFO - Filling up the DagBag from /opt/airflow/dags/utils/notification_email.py
[2025-05-19T03:36:28.611+0000] {processor.py:842} WARNING - No viable dags retrieved from /opt/airflow/dags/utils/notification_email.py
[2025-05-19T03:36:29.035+0000] {processor.py:183} INFO - Processing /opt/airflow/dags/utils/notification_email.py took 0.479 seconds
[2025-05-19T03:36:59.130+0000] {processor.py:161} INFO - Started process (PID=415) to work on /opt/airflow/dags/utils/notification_email.py
[2025-05-19T03:36:59.132+0000] {processor.py:830} INFO - Processing file /opt/airflow/dags/utils/notification_email.py for tasks to queue
[2025-05-19T03:36:59.135+0000] {logging_mixin.py:188} INFO - [2025-05-19T03:36:59.134+0000] {dagbag.py:545} INFO - Filling up the DagBag from /opt/airflow/dags/utils/notification_email.py
[2025-05-19T03:36:59.174+0000] {processor.py:842} WARNING - No viable dags retrieved from /opt/airflow/dags/utils/notification_email.py
[2025-05-19T03:37:01.681+0000] {processor.py:183} INFO - Processing /opt/airflow/dags/utils/notification_email.py took 2.556 seconds
[2025-05-19T03:37:32.117+0000] {processor.py:161} INFO - Started process (PID=430) to work on /opt/airflow/dags/utils/notification_email.py
[2025-05-19T03:37:32.118+0000] {processor.py:830} INFO - Processing file /opt/airflow/dags/utils/notification_email.py for tasks to queue
[2025-05-19T03:37:32.122+0000] {logging_mixin.py:188} INFO - [2025-05-19T03:37:32.122+0000] {dagbag.py:545} INFO - Filling up the DagBag from /opt/airflow/dags/utils/notification_email.py
[2025-05-19T03:37:32.163+0000] {processor.py:842} WARNING - No viable dags retrieved from /opt/airflow/dags/utils/notification_email.py
[2025-05-19T03:37:32.652+0000] {processor.py:183} INFO - Processing /opt/airflow/dags/utils/notification_email.py took 0.543 seconds
[2025-05-19T03:38:03.105+0000] {processor.py:161} INFO - Started process (PID=445) to work on /opt/airflow/dags/utils/notification_email.py
[2025-05-19T03:38:03.107+0000] {processor.py:830} INFO - Processing file /opt/airflow/dags/utils/notification_email.py for tasks to queue
[2025-05-19T03:38:03.110+0000] {logging_mixin.py:188} INFO - [2025-05-19T03:38:03.110+0000] {dagbag.py:545} INFO - Filling up the DagBag from /opt/airflow/dags/utils/notification_email.py
[2025-05-19T03:38:03.167+0000] {processor.py:842} WARNING - No viable dags retrieved from /opt/airflow/dags/utils/notification_email.py
[2025-05-19T03:38:03.692+0000] {processor.py:183} INFO - Processing /opt/airflow/dags/utils/notification_email.py took 0.595 seconds
[2025-05-19T03:38:33.839+0000] {processor.py:161} INFO - Started process (PID=460) to work on /opt/airflow/dags/utils/notification_email.py
[2025-05-19T03:38:33.841+0000] {processor.py:830} INFO - Processing file /opt/airflow/dags/utils/notification_email.py for tasks to queue
[2025-05-19T03:38:33.843+0000] {logging_mixin.py:188} INFO - [2025-05-19T03:38:33.842+0000] {dagbag.py:545} INFO - Filling up the DagBag from /opt/airflow/dags/utils/notification_email.py
[2025-05-19T03:38:33.881+0000] {processor.py:842} WARNING - No viable dags retrieved from /opt/airflow/dags/utils/notification_email.py
[2025-05-19T03:38:34.361+0000] {processor.py:183} INFO - Processing /opt/airflow/dags/utils/notification_email.py took 0.533 seconds
[2025-05-19T03:39:04.645+0000] {processor.py:161} INFO - Started process (PID=475) to work on /opt/airflow/dags/utils/notification_email.py
[2025-05-19T03:39:04.646+0000] {processor.py:830} INFO - Processing file /opt/airflow/dags/utils/notification_email.py for tasks to queue
[2025-05-19T03:39:04.649+0000] {logging_mixin.py:188} INFO - [2025-05-19T03:39:04.648+0000] {dagbag.py:545} INFO - Filling up the DagBag from /opt/airflow/dags/utils/notification_email.py
[2025-05-19T03:39:04.705+0000] {processor.py:842} WARNING - No viable dags retrieved from /opt/airflow/dags/utils/notification_email.py
[2025-05-19T03:39:05.269+0000] {processor.py:183} INFO - Processing /opt/airflow/dags/utils/notification_email.py took 0.633 seconds
[2025-05-19T03:39:35.550+0000] {processor.py:161} INFO - Started process (PID=490) to work on /opt/airflow/dags/utils/notification_email.py
[2025-05-19T03:39:35.552+0000] {processor.py:830} INFO - Processing file /opt/airflow/dags/utils/notification_email.py for tasks to queue
[2025-05-19T03:39:35.553+0000] {logging_mixin.py:188} INFO - [2025-05-19T03:39:35.553+0000] {dagbag.py:545} INFO - Filling up the DagBag from /opt/airflow/dags/utils/notification_email.py
[2025-05-19T03:39:35.602+0000] {processor.py:842} WARNING - No viable dags retrieved from /opt/airflow/dags/utils/notification_email.py
[2025-05-19T03:39:36.094+0000] {processor.py:183} INFO - Processing /opt/airflow/dags/utils/notification_email.py took 0.553 seconds
[2025-05-19T03:40:06.709+0000] {processor.py:161} INFO - Started process (PID=505) to work on /opt/airflow/dags/utils/notification_email.py
[2025-05-19T03:40:06.712+0000] {processor.py:830} INFO - Processing file /opt/airflow/dags/utils/notification_email.py for tasks to queue
[2025-05-19T03:40:06.714+0000] {logging_mixin.py:188} INFO - [2025-05-19T03:40:06.713+0000] {dagbag.py:545} INFO - Filling up the DagBag from /opt/airflow/dags/utils/notification_email.py
[2025-05-19T03:40:06.753+0000] {processor.py:842} WARNING - No viable dags retrieved from /opt/airflow/dags/utils/notification_email.py
[2025-05-19T03:40:07.196+0000] {processor.py:183} INFO - Processing /opt/airflow/dags/utils/notification_email.py took 0.496 seconds
[2025-05-19T03:40:37.598+0000] {processor.py:161} INFO - Started process (PID=520) to work on /opt/airflow/dags/utils/notification_email.py
[2025-05-19T03:40:37.599+0000] {processor.py:830} INFO - Processing file /opt/airflow/dags/utils/notification_email.py for tasks to queue
[2025-05-19T03:40:37.601+0000] {logging_mixin.py:188} INFO - [2025-05-19T03:40:37.601+0000] {dagbag.py:545} INFO - Filling up the DagBag from /opt/airflow/dags/utils/notification_email.py
[2025-05-19T03:40:37.651+0000] {processor.py:842} WARNING - No viable dags retrieved from /opt/airflow/dags/utils/notification_email.py
[2025-05-19T03:40:38.105+0000] {processor.py:183} INFO - Processing /opt/airflow/dags/utils/notification_email.py took 0.514 seconds
[2025-05-19T03:41:46.351+0000] {processor.py:161} INFO - Started process (PID=171) to work on /opt/airflow/dags/utils/notification_email.py
[2025-05-19T03:41:46.353+0000] {processor.py:830} INFO - Processing file /opt/airflow/dags/utils/notification_email.py for tasks to queue
[2025-05-19T03:41:46.356+0000] {logging_mixin.py:188} INFO - [2025-05-19T03:41:46.355+0000] {dagbag.py:545} INFO - Filling up the DagBag from /opt/airflow/dags/utils/notification_email.py
[2025-05-19T03:41:46.404+0000] {processor.py:842} WARNING - No viable dags retrieved from /opt/airflow/dags/utils/notification_email.py
[2025-05-19T03:41:46.929+0000] {processor.py:183} INFO - Processing /opt/airflow/dags/utils/notification_email.py took 0.586 seconds
[2025-05-19T03:42:17.122+0000] {processor.py:161} INFO - Started process (PID=215) to work on /opt/airflow/dags/utils/notification_email.py
[2025-05-19T03:42:17.124+0000] {processor.py:830} INFO - Processing file /opt/airflow/dags/utils/notification_email.py for tasks to queue
[2025-05-19T03:42:17.129+0000] {logging_mixin.py:188} INFO - [2025-05-19T03:42:17.128+0000] {dagbag.py:545} INFO - Filling up the DagBag from /opt/airflow/dags/utils/notification_email.py
[2025-05-19T03:42:17.169+0000] {processor.py:842} WARNING - No viable dags retrieved from /opt/airflow/dags/utils/notification_email.py
[2025-05-19T03:42:17.687+0000] {processor.py:183} INFO - Processing /opt/airflow/dags/utils/notification_email.py took 0.574 seconds
[2025-05-19T03:42:48.166+0000] {processor.py:161} INFO - Started process (PID=229) to work on /opt/airflow/dags/utils/notification_email.py
[2025-05-19T03:42:48.168+0000] {processor.py:830} INFO - Processing file /opt/airflow/dags/utils/notification_email.py for tasks to queue
[2025-05-19T03:42:48.172+0000] {logging_mixin.py:188} INFO - [2025-05-19T03:42:48.171+0000] {dagbag.py:545} INFO - Filling up the DagBag from /opt/airflow/dags/utils/notification_email.py
[2025-05-19T03:42:48.214+0000] {processor.py:842} WARNING - No viable dags retrieved from /opt/airflow/dags/utils/notification_email.py
[2025-05-19T03:42:48.770+0000] {processor.py:183} INFO - Processing /opt/airflow/dags/utils/notification_email.py took 0.612 seconds
[2025-05-19T03:43:19.121+0000] {processor.py:161} INFO - Started process (PID=247) to work on /opt/airflow/dags/utils/notification_email.py
[2025-05-19T03:43:19.123+0000] {processor.py:830} INFO - Processing file /opt/airflow/dags/utils/notification_email.py for tasks to queue
[2025-05-19T03:43:19.126+0000] {logging_mixin.py:188} INFO - [2025-05-19T03:43:19.126+0000] {dagbag.py:545} INFO - Filling up the DagBag from /opt/airflow/dags/utils/notification_email.py
[2025-05-19T03:43:19.158+0000] {processor.py:842} WARNING - No viable dags retrieved from /opt/airflow/dags/utils/notification_email.py
[2025-05-19T03:43:19.647+0000] {processor.py:183} INFO - Processing /opt/airflow/dags/utils/notification_email.py took 0.532 seconds
[2025-05-19T03:43:49.864+0000] {processor.py:161} INFO - Started process (PID=262) to work on /opt/airflow/dags/utils/notification_email.py
[2025-05-19T03:43:49.866+0000] {processor.py:830} INFO - Processing file /opt/airflow/dags/utils/notification_email.py for tasks to queue
[2025-05-19T03:43:49.870+0000] {logging_mixin.py:188} INFO - [2025-05-19T03:43:49.869+0000] {dagbag.py:545} INFO - Filling up the DagBag from /opt/airflow/dags/utils/notification_email.py
[2025-05-19T03:43:49.926+0000] {processor.py:842} WARNING - No viable dags retrieved from /opt/airflow/dags/utils/notification_email.py
[2025-05-19T03:43:50.401+0000] {processor.py:183} INFO - Processing /opt/airflow/dags/utils/notification_email.py took 0.543 seconds
[2025-05-19T03:44:20.698+0000] {processor.py:161} INFO - Started process (PID=277) to work on /opt/airflow/dags/utils/notification_email.py
[2025-05-19T03:44:20.700+0000] {processor.py:830} INFO - Processing file /opt/airflow/dags/utils/notification_email.py for tasks to queue
[2025-05-19T03:44:20.715+0000] {logging_mixin.py:188} INFO - [2025-05-19T03:44:20.714+0000] {dagbag.py:545} INFO - Filling up the DagBag from /opt/airflow/dags/utils/notification_email.py
[2025-05-19T03:44:20.760+0000] {processor.py:842} WARNING - No viable dags retrieved from /opt/airflow/dags/utils/notification_email.py
[2025-05-19T03:44:21.372+0000] {processor.py:183} INFO - Processing /opt/airflow/dags/utils/notification_email.py took 0.691 seconds
[2025-05-19T03:44:52.175+0000] {processor.py:161} INFO - Started process (PID=290) to work on /opt/airflow/dags/utils/notification_email.py
[2025-05-19T03:44:52.177+0000] {processor.py:830} INFO - Processing file /opt/airflow/dags/utils/notification_email.py for tasks to queue
[2025-05-19T03:44:52.180+0000] {logging_mixin.py:188} INFO - [2025-05-19T03:44:52.180+0000] {dagbag.py:545} INFO - Filling up the DagBag from /opt/airflow/dags/utils/notification_email.py
[2025-05-19T03:44:52.254+0000] {processor.py:842} WARNING - No viable dags retrieved from /opt/airflow/dags/utils/notification_email.py
[2025-05-19T03:44:54.691+0000] {processor.py:183} INFO - Processing /opt/airflow/dags/utils/notification_email.py took 2.524 seconds
[2025-05-19T03:45:25.387+0000] {processor.py:161} INFO - Started process (PID=307) to work on /opt/airflow/dags/utils/notification_email.py
[2025-05-19T03:45:25.389+0000] {processor.py:830} INFO - Processing file /opt/airflow/dags/utils/notification_email.py for tasks to queue
[2025-05-19T03:45:25.393+0000] {logging_mixin.py:188} INFO - [2025-05-19T03:45:25.392+0000] {dagbag.py:545} INFO - Filling up the DagBag from /opt/airflow/dags/utils/notification_email.py
[2025-05-19T03:45:25.452+0000] {processor.py:842} WARNING - No viable dags retrieved from /opt/airflow/dags/utils/notification_email.py
[2025-05-19T03:45:26.032+0000] {processor.py:183} INFO - Processing /opt/airflow/dags/utils/notification_email.py took 0.654 seconds
[2025-05-19T03:45:56.537+0000] {processor.py:161} INFO - Started process (PID=320) to work on /opt/airflow/dags/utils/notification_email.py
[2025-05-19T03:45:56.539+0000] {processor.py:830} INFO - Processing file /opt/airflow/dags/utils/notification_email.py for tasks to queue
[2025-05-19T03:45:56.541+0000] {logging_mixin.py:188} INFO - [2025-05-19T03:45:56.541+0000] {dagbag.py:545} INFO - Filling up the DagBag from /opt/airflow/dags/utils/notification_email.py
[2025-05-19T03:45:56.592+0000] {processor.py:842} WARNING - No viable dags retrieved from /opt/airflow/dags/utils/notification_email.py
[2025-05-19T03:46:00.465+0000] {processor.py:183} INFO - Processing /opt/airflow/dags/utils/notification_email.py took 3.937 seconds
[2025-05-19T03:46:58.499+0000] {processor.py:161} INFO - Started process (PID=171) to work on /opt/airflow/dags/utils/notification_email.py
[2025-05-19T03:46:58.501+0000] {processor.py:830} INFO - Processing file /opt/airflow/dags/utils/notification_email.py for tasks to queue
[2025-05-19T03:46:58.504+0000] {logging_mixin.py:188} INFO - [2025-05-19T03:46:58.504+0000] {dagbag.py:545} INFO - Filling up the DagBag from /opt/airflow/dags/utils/notification_email.py
[2025-05-19T03:46:58.546+0000] {processor.py:842} WARNING - No viable dags retrieved from /opt/airflow/dags/utils/notification_email.py
[2025-05-19T03:46:59.144+0000] {processor.py:183} INFO - Processing /opt/airflow/dags/utils/notification_email.py took 0.653 seconds
[2025-05-19T03:47:29.283+0000] {processor.py:161} INFO - Started process (PID=214) to work on /opt/airflow/dags/utils/notification_email.py
[2025-05-19T03:47:29.284+0000] {processor.py:830} INFO - Processing file /opt/airflow/dags/utils/notification_email.py for tasks to queue
[2025-05-19T03:47:29.288+0000] {logging_mixin.py:188} INFO - [2025-05-19T03:47:29.288+0000] {dagbag.py:545} INFO - Filling up the DagBag from /opt/airflow/dags/utils/notification_email.py
[2025-05-19T03:47:29.319+0000] {processor.py:842} WARNING - No viable dags retrieved from /opt/airflow/dags/utils/notification_email.py
[2025-05-19T03:47:29.845+0000] {processor.py:183} INFO - Processing /opt/airflow/dags/utils/notification_email.py took 0.571 seconds
[2025-05-19T03:48:00.144+0000] {processor.py:161} INFO - Started process (PID=226) to work on /opt/airflow/dags/utils/notification_email.py
[2025-05-19T03:48:00.146+0000] {processor.py:830} INFO - Processing file /opt/airflow/dags/utils/notification_email.py for tasks to queue
[2025-05-19T03:48:00.149+0000] {logging_mixin.py:188} INFO - [2025-05-19T03:48:00.148+0000] {dagbag.py:545} INFO - Filling up the DagBag from /opt/airflow/dags/utils/notification_email.py
[2025-05-19T03:48:00.185+0000] {processor.py:842} WARNING - No viable dags retrieved from /opt/airflow/dags/utils/notification_email.py
[2025-05-19T03:48:00.682+0000] {processor.py:183} INFO - Processing /opt/airflow/dags/utils/notification_email.py took 0.547 seconds
[2025-05-19T03:48:31.295+0000] {processor.py:161} INFO - Started process (PID=245) to work on /opt/airflow/dags/utils/notification_email.py
[2025-05-19T03:48:31.297+0000] {processor.py:830} INFO - Processing file /opt/airflow/dags/utils/notification_email.py for tasks to queue
[2025-05-19T03:48:31.300+0000] {logging_mixin.py:188} INFO - [2025-05-19T03:48:31.299+0000] {dagbag.py:545} INFO - Filling up the DagBag from /opt/airflow/dags/utils/notification_email.py
[2025-05-19T03:48:31.341+0000] {processor.py:842} WARNING - No viable dags retrieved from /opt/airflow/dags/utils/notification_email.py
[2025-05-19T03:48:32.425+0000] {processor.py:183} INFO - Processing /opt/airflow/dags/utils/notification_email.py took 1.137 seconds
[2025-05-19T03:49:02.688+0000] {processor.py:161} INFO - Started process (PID=261) to work on /opt/airflow/dags/utils/notification_email.py
[2025-05-19T03:49:02.690+0000] {processor.py:830} INFO - Processing file /opt/airflow/dags/utils/notification_email.py for tasks to queue
[2025-05-19T03:49:02.693+0000] {logging_mixin.py:188} INFO - [2025-05-19T03:49:02.692+0000] {dagbag.py:545} INFO - Filling up the DagBag from /opt/airflow/dags/utils/notification_email.py
[2025-05-19T03:49:02.723+0000] {processor.py:842} WARNING - No viable dags retrieved from /opt/airflow/dags/utils/notification_email.py
[2025-05-19T03:49:03.212+0000] {processor.py:183} INFO - Processing /opt/airflow/dags/utils/notification_email.py took 0.532 seconds
[2025-05-19T03:49:33.873+0000] {processor.py:161} INFO - Started process (PID=276) to work on /opt/airflow/dags/utils/notification_email.py
[2025-05-19T03:49:33.875+0000] {processor.py:830} INFO - Processing file /opt/airflow/dags/utils/notification_email.py for tasks to queue
[2025-05-19T03:49:33.877+0000] {logging_mixin.py:188} INFO - [2025-05-19T03:49:33.877+0000] {dagbag.py:545} INFO - Filling up the DagBag from /opt/airflow/dags/utils/notification_email.py
[2025-05-19T03:49:33.905+0000] {processor.py:842} WARNING - No viable dags retrieved from /opt/airflow/dags/utils/notification_email.py
[2025-05-19T03:49:34.375+0000] {processor.py:183} INFO - Processing /opt/airflow/dags/utils/notification_email.py took 0.516 seconds
[2025-05-19T04:47:16.603+0000] {processor.py:161} INFO - Started process (PID=171) to work on /opt/airflow/dags/utils/notification_email.py
[2025-05-19T04:47:16.606+0000] {processor.py:830} INFO - Processing file /opt/airflow/dags/utils/notification_email.py for tasks to queue
[2025-05-19T04:47:16.612+0000] {logging_mixin.py:188} INFO - [2025-05-19T04:47:16.610+0000] {dagbag.py:545} INFO - Filling up the DagBag from /opt/airflow/dags/utils/notification_email.py
[2025-05-19T04:47:16.629+0000] {processor.py:842} WARNING - No viable dags retrieved from /opt/airflow/dags/utils/notification_email.py
[2025-05-19T04:47:16.845+0000] {processor.py:183} INFO - Processing /opt/airflow/dags/utils/notification_email.py took 0.251 seconds
[2025-05-19T04:47:47.571+0000] {processor.py:161} INFO - Started process (PID=214) to work on /opt/airflow/dags/utils/notification_email.py
[2025-05-19T04:47:47.572+0000] {processor.py:830} INFO - Processing file /opt/airflow/dags/utils/notification_email.py for tasks to queue
[2025-05-19T04:47:47.574+0000] {logging_mixin.py:188} INFO - [2025-05-19T04:47:47.574+0000] {dagbag.py:545} INFO - Filling up the DagBag from /opt/airflow/dags/utils/notification_email.py
[2025-05-19T04:47:47.599+0000] {processor.py:842} WARNING - No viable dags retrieved from /opt/airflow/dags/utils/notification_email.py
[2025-05-19T04:47:47.847+0000] {processor.py:183} INFO - Processing /opt/airflow/dags/utils/notification_email.py took 0.284 seconds
[2025-05-19T04:48:20.388+0000] {processor.py:161} INFO - Started process (PID=234) to work on /opt/airflow/dags/utils/notification_email.py
[2025-05-19T04:48:20.389+0000] {processor.py:830} INFO - Processing file /opt/airflow/dags/utils/notification_email.py for tasks to queue
[2025-05-19T04:48:20.391+0000] {logging_mixin.py:188} INFO - [2025-05-19T04:48:20.391+0000] {dagbag.py:545} INFO - Filling up the DagBag from /opt/airflow/dags/utils/notification_email.py
[2025-05-19T04:48:20.430+0000] {processor.py:842} WARNING - No viable dags retrieved from /opt/airflow/dags/utils/notification_email.py
[2025-05-19T04:48:21.564+0000] {processor.py:183} INFO - Processing /opt/airflow/dags/utils/notification_email.py took 1.181 seconds
[2025-05-19T04:48:52.144+0000] {processor.py:161} INFO - Started process (PID=251) to work on /opt/airflow/dags/utils/notification_email.py
[2025-05-19T04:48:52.145+0000] {processor.py:830} INFO - Processing file /opt/airflow/dags/utils/notification_email.py for tasks to queue
[2025-05-19T04:48:52.149+0000] {logging_mixin.py:188} INFO - [2025-05-19T04:48:52.148+0000] {dagbag.py:545} INFO - Filling up the DagBag from /opt/airflow/dags/utils/notification_email.py
[2025-05-19T04:48:52.169+0000] {processor.py:842} WARNING - No viable dags retrieved from /opt/airflow/dags/utils/notification_email.py
[2025-05-19T04:48:52.376+0000] {processor.py:183} INFO - Processing /opt/airflow/dags/utils/notification_email.py took 0.238 seconds
[2025-05-19T04:49:23.288+0000] {processor.py:161} INFO - Started process (PID=266) to work on /opt/airflow/dags/utils/notification_email.py
[2025-05-19T04:49:23.289+0000] {processor.py:830} INFO - Processing file /opt/airflow/dags/utils/notification_email.py for tasks to queue
[2025-05-19T04:49:23.291+0000] {logging_mixin.py:188} INFO - [2025-05-19T04:49:23.290+0000] {dagbag.py:545} INFO - Filling up the DagBag from /opt/airflow/dags/utils/notification_email.py
[2025-05-19T04:49:23.305+0000] {processor.py:842} WARNING - No viable dags retrieved from /opt/airflow/dags/utils/notification_email.py
[2025-05-19T04:49:25.521+0000] {processor.py:183} INFO - Processing /opt/airflow/dags/utils/notification_email.py took 2.238 seconds
[2025-05-19T04:49:56.283+0000] {processor.py:161} INFO - Started process (PID=280) to work on /opt/airflow/dags/utils/notification_email.py
[2025-05-19T04:49:56.285+0000] {processor.py:830} INFO - Processing file /opt/airflow/dags/utils/notification_email.py for tasks to queue
[2025-05-19T04:49:56.287+0000] {logging_mixin.py:188} INFO - [2025-05-19T04:49:56.286+0000] {dagbag.py:545} INFO - Filling up the DagBag from /opt/airflow/dags/utils/notification_email.py
[2025-05-19T04:49:56.300+0000] {processor.py:842} WARNING - No viable dags retrieved from /opt/airflow/dags/utils/notification_email.py
[2025-05-19T04:49:56.542+0000] {processor.py:183} INFO - Processing /opt/airflow/dags/utils/notification_email.py took 0.264 seconds
[2025-05-19T04:50:26.630+0000] {processor.py:161} INFO - Started process (PID=295) to work on /opt/airflow/dags/utils/notification_email.py
[2025-05-19T04:50:26.631+0000] {processor.py:830} INFO - Processing file /opt/airflow/dags/utils/notification_email.py for tasks to queue
[2025-05-19T04:50:26.633+0000] {logging_mixin.py:188} INFO - [2025-05-19T04:50:26.633+0000] {dagbag.py:545} INFO - Filling up the DagBag from /opt/airflow/dags/utils/notification_email.py
[2025-05-19T04:50:26.687+0000] {processor.py:842} WARNING - No viable dags retrieved from /opt/airflow/dags/utils/notification_email.py
[2025-05-19T04:50:26.874+0000] {processor.py:183} INFO - Processing /opt/airflow/dags/utils/notification_email.py took 0.248 seconds
[2025-05-19T04:50:57.103+0000] {processor.py:161} INFO - Started process (PID=310) to work on /opt/airflow/dags/utils/notification_email.py
[2025-05-19T04:50:57.104+0000] {processor.py:830} INFO - Processing file /opt/airflow/dags/utils/notification_email.py for tasks to queue
[2025-05-19T04:50:57.106+0000] {logging_mixin.py:188} INFO - [2025-05-19T04:50:57.106+0000] {dagbag.py:545} INFO - Filling up the DagBag from /opt/airflow/dags/utils/notification_email.py
[2025-05-19T04:50:57.120+0000] {processor.py:842} WARNING - No viable dags retrieved from /opt/airflow/dags/utils/notification_email.py
[2025-05-19T04:50:57.344+0000] {processor.py:183} INFO - Processing /opt/airflow/dags/utils/notification_email.py took 0.248 seconds
[2025-05-19T04:51:27.411+0000] {processor.py:161} INFO - Started process (PID=325) to work on /opt/airflow/dags/utils/notification_email.py
[2025-05-19T04:51:27.412+0000] {processor.py:830} INFO - Processing file /opt/airflow/dags/utils/notification_email.py for tasks to queue
[2025-05-19T04:51:27.414+0000] {logging_mixin.py:188} INFO - [2025-05-19T04:51:27.413+0000] {dagbag.py:545} INFO - Filling up the DagBag from /opt/airflow/dags/utils/notification_email.py
[2025-05-19T04:51:27.436+0000] {processor.py:842} WARNING - No viable dags retrieved from /opt/airflow/dags/utils/notification_email.py
[2025-05-19T04:51:27.677+0000] {processor.py:183} INFO - Processing /opt/airflow/dags/utils/notification_email.py took 0.271 seconds
[2025-05-19T04:51:58.457+0000] {processor.py:161} INFO - Started process (PID=340) to work on /opt/airflow/dags/utils/notification_email.py
[2025-05-19T04:51:58.458+0000] {processor.py:830} INFO - Processing file /opt/airflow/dags/utils/notification_email.py for tasks to queue
[2025-05-19T04:51:58.462+0000] {logging_mixin.py:188} INFO - [2025-05-19T04:51:58.461+0000] {dagbag.py:545} INFO - Filling up the DagBag from /opt/airflow/dags/utils/notification_email.py
[2025-05-19T04:51:58.484+0000] {processor.py:842} WARNING - No viable dags retrieved from /opt/airflow/dags/utils/notification_email.py
[2025-05-19T04:51:58.690+0000] {processor.py:183} INFO - Processing /opt/airflow/dags/utils/notification_email.py took 0.241 seconds
[2025-05-19T04:52:29.284+0000] {processor.py:161} INFO - Started process (PID=355) to work on /opt/airflow/dags/utils/notification_email.py
[2025-05-19T04:52:29.285+0000] {processor.py:830} INFO - Processing file /opt/airflow/dags/utils/notification_email.py for tasks to queue
[2025-05-19T04:52:29.287+0000] {logging_mixin.py:188} INFO - [2025-05-19T04:52:29.286+0000] {dagbag.py:545} INFO - Filling up the DagBag from /opt/airflow/dags/utils/notification_email.py
[2025-05-19T04:52:29.307+0000] {processor.py:842} WARNING - No viable dags retrieved from /opt/airflow/dags/utils/notification_email.py
[2025-05-19T04:52:29.529+0000] {processor.py:183} INFO - Processing /opt/airflow/dags/utils/notification_email.py took 0.250 seconds
[2025-05-19T04:53:00.364+0000] {processor.py:161} INFO - Started process (PID=370) to work on /opt/airflow/dags/utils/notification_email.py
[2025-05-19T04:53:00.365+0000] {processor.py:830} INFO - Processing file /opt/airflow/dags/utils/notification_email.py for tasks to queue
[2025-05-19T04:53:00.366+0000] {logging_mixin.py:188} INFO - [2025-05-19T04:53:00.366+0000] {dagbag.py:545} INFO - Filling up the DagBag from /opt/airflow/dags/utils/notification_email.py
[2025-05-19T04:53:00.401+0000] {processor.py:842} WARNING - No viable dags retrieved from /opt/airflow/dags/utils/notification_email.py
[2025-05-19T04:53:00.636+0000] {processor.py:183} INFO - Processing /opt/airflow/dags/utils/notification_email.py took 0.278 seconds
[2025-05-19T04:53:31.428+0000] {processor.py:161} INFO - Started process (PID=385) to work on /opt/airflow/dags/utils/notification_email.py
[2025-05-19T04:53:31.430+0000] {processor.py:830} INFO - Processing file /opt/airflow/dags/utils/notification_email.py for tasks to queue
[2025-05-19T04:53:31.432+0000] {logging_mixin.py:188} INFO - [2025-05-19T04:53:31.432+0000] {dagbag.py:545} INFO - Filling up the DagBag from /opt/airflow/dags/utils/notification_email.py
[2025-05-19T04:53:31.452+0000] {processor.py:842} WARNING - No viable dags retrieved from /opt/airflow/dags/utils/notification_email.py
[2025-05-19T04:53:31.673+0000] {processor.py:183} INFO - Processing /opt/airflow/dags/utils/notification_email.py took 0.250 seconds
[2025-05-19T04:55:07.187+0000] {processor.py:161} INFO - Started process (PID=179) to work on /opt/airflow/dags/utils/notification_email.py
[2025-05-19T04:55:07.188+0000] {processor.py:830} INFO - Processing file /opt/airflow/dags/utils/notification_email.py for tasks to queue
[2025-05-19T04:55:07.190+0000] {logging_mixin.py:188} INFO - [2025-05-19T04:55:07.189+0000] {dagbag.py:545} INFO - Filling up the DagBag from /opt/airflow/dags/utils/notification_email.py
[2025-05-19T04:55:07.206+0000] {processor.py:842} WARNING - No viable dags retrieved from /opt/airflow/dags/utils/notification_email.py
[2025-05-19T04:55:07.576+0000] {processor.py:183} INFO - Processing /opt/airflow/dags/utils/notification_email.py took 0.394 seconds
[2025-05-19T04:55:38.293+0000] {processor.py:161} INFO - Started process (PID=214) to work on /opt/airflow/dags/utils/notification_email.py
[2025-05-19T04:55:38.294+0000] {processor.py:830} INFO - Processing file /opt/airflow/dags/utils/notification_email.py for tasks to queue
[2025-05-19T04:55:38.296+0000] {logging_mixin.py:188} INFO - [2025-05-19T04:55:38.295+0000] {dagbag.py:545} INFO - Filling up the DagBag from /opt/airflow/dags/utils/notification_email.py
[2025-05-19T04:55:38.317+0000] {processor.py:842} WARNING - No viable dags retrieved from /opt/airflow/dags/utils/notification_email.py
[2025-05-19T04:55:38.629+0000] {processor.py:183} INFO - Processing /opt/airflow/dags/utils/notification_email.py took 0.341 seconds
[2025-05-19T04:56:09.547+0000] {processor.py:161} INFO - Started process (PID=230) to work on /opt/airflow/dags/utils/notification_email.py
[2025-05-19T04:56:09.548+0000] {processor.py:830} INFO - Processing file /opt/airflow/dags/utils/notification_email.py for tasks to queue
[2025-05-19T04:56:09.550+0000] {logging_mixin.py:188} INFO - [2025-05-19T04:56:09.550+0000] {dagbag.py:545} INFO - Filling up the DagBag from /opt/airflow/dags/utils/notification_email.py
[2025-05-19T04:56:09.569+0000] {processor.py:842} WARNING - No viable dags retrieved from /opt/airflow/dags/utils/notification_email.py
[2025-05-19T04:56:09.793+0000] {processor.py:183} INFO - Processing /opt/airflow/dags/utils/notification_email.py took 0.252 seconds
[2025-05-19T04:56:40.541+0000] {processor.py:161} INFO - Started process (PID=251) to work on /opt/airflow/dags/utils/notification_email.py
[2025-05-19T04:56:40.542+0000] {processor.py:830} INFO - Processing file /opt/airflow/dags/utils/notification_email.py for tasks to queue
[2025-05-19T04:56:40.544+0000] {logging_mixin.py:188} INFO - [2025-05-19T04:56:40.544+0000] {dagbag.py:545} INFO - Filling up the DagBag from /opt/airflow/dags/utils/notification_email.py
[2025-05-19T04:56:40.574+0000] {processor.py:842} WARNING - No viable dags retrieved from /opt/airflow/dags/utils/notification_email.py
[2025-05-19T04:56:40.843+0000] {processor.py:183} INFO - Processing /opt/airflow/dags/utils/notification_email.py took 0.308 seconds
[2025-05-19T04:57:11.699+0000] {processor.py:161} INFO - Started process (PID=266) to work on /opt/airflow/dags/utils/notification_email.py
[2025-05-19T04:57:11.701+0000] {processor.py:830} INFO - Processing file /opt/airflow/dags/utils/notification_email.py for tasks to queue
[2025-05-19T04:57:11.703+0000] {logging_mixin.py:188} INFO - [2025-05-19T04:57:11.703+0000] {dagbag.py:545} INFO - Filling up the DagBag from /opt/airflow/dags/utils/notification_email.py
[2025-05-19T04:57:11.730+0000] {processor.py:842} WARNING - No viable dags retrieved from /opt/airflow/dags/utils/notification_email.py
[2025-05-19T04:57:11.943+0000] {processor.py:183} INFO - Processing /opt/airflow/dags/utils/notification_email.py took 0.252 seconds
[2025-05-19T04:57:42.807+0000] {processor.py:161} INFO - Started process (PID=281) to work on /opt/airflow/dags/utils/notification_email.py
[2025-05-19T04:57:42.808+0000] {processor.py:830} INFO - Processing file /opt/airflow/dags/utils/notification_email.py for tasks to queue
[2025-05-19T04:57:42.811+0000] {logging_mixin.py:188} INFO - [2025-05-19T04:57:42.810+0000] {dagbag.py:545} INFO - Filling up the DagBag from /opt/airflow/dags/utils/notification_email.py
[2025-05-19T04:57:42.840+0000] {processor.py:842} WARNING - No viable dags retrieved from /opt/airflow/dags/utils/notification_email.py
[2025-05-19T04:57:43.085+0000] {processor.py:183} INFO - Processing /opt/airflow/dags/utils/notification_email.py took 0.283 seconds
[2025-05-19T04:58:13.990+0000] {processor.py:161} INFO - Started process (PID=302) to work on /opt/airflow/dags/utils/notification_email.py
[2025-05-19T04:58:13.992+0000] {processor.py:830} INFO - Processing file /opt/airflow/dags/utils/notification_email.py for tasks to queue
[2025-05-19T04:58:13.997+0000] {logging_mixin.py:188} INFO - [2025-05-19T04:58:13.996+0000] {dagbag.py:545} INFO - Filling up the DagBag from /opt/airflow/dags/utils/notification_email.py
[2025-05-19T04:58:14.014+0000] {processor.py:842} WARNING - No viable dags retrieved from /opt/airflow/dags/utils/notification_email.py
[2025-05-19T04:58:14.315+0000] {processor.py:183} INFO - Processing /opt/airflow/dags/utils/notification_email.py took 0.332 seconds
[2025-05-19T04:58:45.038+0000] {processor.py:161} INFO - Started process (PID=317) to work on /opt/airflow/dags/utils/notification_email.py
[2025-05-19T04:58:45.039+0000] {processor.py:830} INFO - Processing file /opt/airflow/dags/utils/notification_email.py for tasks to queue
[2025-05-19T04:58:45.042+0000] {logging_mixin.py:188} INFO - [2025-05-19T04:58:45.041+0000] {dagbag.py:545} INFO - Filling up the DagBag from /opt/airflow/dags/utils/notification_email.py
[2025-05-19T04:58:45.070+0000] {processor.py:842} WARNING - No viable dags retrieved from /opt/airflow/dags/utils/notification_email.py
[2025-05-19T04:58:45.298+0000] {processor.py:183} INFO - Processing /opt/airflow/dags/utils/notification_email.py took 0.268 seconds
[2025-05-19T04:59:16.103+0000] {processor.py:161} INFO - Started process (PID=332) to work on /opt/airflow/dags/utils/notification_email.py
[2025-05-19T04:59:16.104+0000] {processor.py:830} INFO - Processing file /opt/airflow/dags/utils/notification_email.py for tasks to queue
[2025-05-19T04:59:16.106+0000] {logging_mixin.py:188} INFO - [2025-05-19T04:59:16.106+0000] {dagbag.py:545} INFO - Filling up the DagBag from /opt/airflow/dags/utils/notification_email.py
[2025-05-19T04:59:16.151+0000] {processor.py:842} WARNING - No viable dags retrieved from /opt/airflow/dags/utils/notification_email.py
[2025-05-19T04:59:16.403+0000] {processor.py:183} INFO - Processing /opt/airflow/dags/utils/notification_email.py took 0.306 seconds
[2025-05-19T04:59:48.938+0000] {processor.py:161} INFO - Started process (PID=347) to work on /opt/airflow/dags/utils/notification_email.py
[2025-05-19T04:59:48.939+0000] {processor.py:830} INFO - Processing file /opt/airflow/dags/utils/notification_email.py for tasks to queue
[2025-05-19T04:59:48.941+0000] {logging_mixin.py:188} INFO - [2025-05-19T04:59:48.941+0000] {dagbag.py:545} INFO - Filling up the DagBag from /opt/airflow/dags/utils/notification_email.py
[2025-05-19T04:59:48.974+0000] {processor.py:842} WARNING - No viable dags retrieved from /opt/airflow/dags/utils/notification_email.py
[2025-05-19T04:59:49.242+0000] {processor.py:183} INFO - Processing /opt/airflow/dags/utils/notification_email.py took 0.309 seconds
[2025-05-19T05:00:19.355+0000] {processor.py:161} INFO - Started process (PID=362) to work on /opt/airflow/dags/utils/notification_email.py
[2025-05-19T05:00:19.355+0000] {processor.py:830} INFO - Processing file /opt/airflow/dags/utils/notification_email.py for tasks to queue
[2025-05-19T05:00:19.357+0000] {logging_mixin.py:188} INFO - [2025-05-19T05:00:19.357+0000] {dagbag.py:545} INFO - Filling up the DagBag from /opt/airflow/dags/utils/notification_email.py
[2025-05-19T05:00:19.370+0000] {processor.py:842} WARNING - No viable dags retrieved from /opt/airflow/dags/utils/notification_email.py
[2025-05-19T05:00:19.577+0000] {processor.py:183} INFO - Processing /opt/airflow/dags/utils/notification_email.py took 0.228 seconds
[2025-05-19T05:00:52.472+0000] {processor.py:161} INFO - Started process (PID=377) to work on /opt/airflow/dags/utils/notification_email.py
[2025-05-19T05:00:52.474+0000] {processor.py:830} INFO - Processing file /opt/airflow/dags/utils/notification_email.py for tasks to queue
[2025-05-19T05:00:52.477+0000] {logging_mixin.py:188} INFO - [2025-05-19T05:00:52.477+0000] {dagbag.py:545} INFO - Filling up the DagBag from /opt/airflow/dags/utils/notification_email.py
[2025-05-19T05:00:52.500+0000] {processor.py:842} WARNING - No viable dags retrieved from /opt/airflow/dags/utils/notification_email.py
[2025-05-19T05:00:55.398+0000] {processor.py:183} INFO - Processing /opt/airflow/dags/utils/notification_email.py took 2.931 seconds
[2025-05-19T05:01:25.699+0000] {processor.py:161} INFO - Started process (PID=394) to work on /opt/airflow/dags/utils/notification_email.py
[2025-05-19T05:01:25.700+0000] {processor.py:830} INFO - Processing file /opt/airflow/dags/utils/notification_email.py for tasks to queue
[2025-05-19T05:01:25.702+0000] {logging_mixin.py:188} INFO - [2025-05-19T05:01:25.702+0000] {dagbag.py:545} INFO - Filling up the DagBag from /opt/airflow/dags/utils/notification_email.py
[2025-05-19T05:01:25.742+0000] {processor.py:842} WARNING - No viable dags retrieved from /opt/airflow/dags/utils/notification_email.py
[2025-05-19T05:01:25.962+0000] {processor.py:183} INFO - Processing /opt/airflow/dags/utils/notification_email.py took 0.268 seconds
[2025-05-19T05:01:56.558+0000] {processor.py:161} INFO - Started process (PID=407) to work on /opt/airflow/dags/utils/notification_email.py
[2025-05-19T05:01:56.560+0000] {processor.py:830} INFO - Processing file /opt/airflow/dags/utils/notification_email.py for tasks to queue
[2025-05-19T05:01:56.564+0000] {logging_mixin.py:188} INFO - [2025-05-19T05:01:56.563+0000] {dagbag.py:545} INFO - Filling up the DagBag from /opt/airflow/dags/utils/notification_email.py
[2025-05-19T05:01:56.608+0000] {processor.py:842} WARNING - No viable dags retrieved from /opt/airflow/dags/utils/notification_email.py
[2025-05-19T05:02:00.324+0000] {processor.py:183} INFO - Processing /opt/airflow/dags/utils/notification_email.py took 3.773 seconds
[2025-05-19T05:02:30.668+0000] {processor.py:161} INFO - Started process (PID=424) to work on /opt/airflow/dags/utils/notification_email.py
[2025-05-19T05:02:30.669+0000] {processor.py:830} INFO - Processing file /opt/airflow/dags/utils/notification_email.py for tasks to queue
[2025-05-19T05:02:30.670+0000] {logging_mixin.py:188} INFO - [2025-05-19T05:02:30.670+0000] {dagbag.py:545} INFO - Filling up the DagBag from /opt/airflow/dags/utils/notification_email.py
[2025-05-19T05:02:30.686+0000] {processor.py:842} WARNING - No viable dags retrieved from /opt/airflow/dags/utils/notification_email.py
[2025-05-19T05:02:30.927+0000] {processor.py:183} INFO - Processing /opt/airflow/dags/utils/notification_email.py took 0.264 seconds
[2025-05-19T05:03:01.428+0000] {processor.py:161} INFO - Started process (PID=439) to work on /opt/airflow/dags/utils/notification_email.py
[2025-05-19T05:03:01.429+0000] {processor.py:830} INFO - Processing file /opt/airflow/dags/utils/notification_email.py for tasks to queue
[2025-05-19T05:03:01.430+0000] {logging_mixin.py:188} INFO - [2025-05-19T05:03:01.430+0000] {dagbag.py:545} INFO - Filling up the DagBag from /opt/airflow/dags/utils/notification_email.py
[2025-05-19T05:03:01.486+0000] {processor.py:842} WARNING - No viable dags retrieved from /opt/airflow/dags/utils/notification_email.py
[2025-05-19T05:03:03.743+0000] {processor.py:183} INFO - Processing /opt/airflow/dags/utils/notification_email.py took 2.320 seconds
[2025-05-19T05:03:33.911+0000] {processor.py:161} INFO - Started process (PID=454) to work on /opt/airflow/dags/utils/notification_email.py
[2025-05-19T05:03:33.913+0000] {processor.py:830} INFO - Processing file /opt/airflow/dags/utils/notification_email.py for tasks to queue
[2025-05-19T05:03:33.914+0000] {logging_mixin.py:188} INFO - [2025-05-19T05:03:33.914+0000] {dagbag.py:545} INFO - Filling up the DagBag from /opt/airflow/dags/utils/notification_email.py
[2025-05-19T05:03:33.955+0000] {processor.py:842} WARNING - No viable dags retrieved from /opt/airflow/dags/utils/notification_email.py
[2025-05-19T05:03:34.169+0000] {processor.py:183} INFO - Processing /opt/airflow/dags/utils/notification_email.py took 0.263 seconds
[2025-05-19T05:04:04.272+0000] {processor.py:161} INFO - Started process (PID=469) to work on /opt/airflow/dags/utils/notification_email.py
[2025-05-19T05:04:04.273+0000] {processor.py:830} INFO - Processing file /opt/airflow/dags/utils/notification_email.py for tasks to queue
[2025-05-19T05:04:04.276+0000] {logging_mixin.py:188} INFO - [2025-05-19T05:04:04.275+0000] {dagbag.py:545} INFO - Filling up the DagBag from /opt/airflow/dags/utils/notification_email.py
[2025-05-19T05:04:04.331+0000] {processor.py:842} WARNING - No viable dags retrieved from /opt/airflow/dags/utils/notification_email.py
[2025-05-19T05:04:04.555+0000] {processor.py:183} INFO - Processing /opt/airflow/dags/utils/notification_email.py took 0.289 seconds
[2025-05-19T05:04:35.146+0000] {processor.py:161} INFO - Started process (PID=484) to work on /opt/airflow/dags/utils/notification_email.py
[2025-05-19T05:04:35.147+0000] {processor.py:830} INFO - Processing file /opt/airflow/dags/utils/notification_email.py for tasks to queue
[2025-05-19T05:04:35.150+0000] {logging_mixin.py:188} INFO - [2025-05-19T05:04:35.149+0000] {dagbag.py:545} INFO - Filling up the DagBag from /opt/airflow/dags/utils/notification_email.py
[2025-05-19T05:04:35.183+0000] {processor.py:842} WARNING - No viable dags retrieved from /opt/airflow/dags/utils/notification_email.py
[2025-05-19T05:04:35.440+0000] {processor.py:183} INFO - Processing /opt/airflow/dags/utils/notification_email.py took 0.299 seconds
[2025-05-19T05:05:05.973+0000] {processor.py:161} INFO - Started process (PID=500) to work on /opt/airflow/dags/utils/notification_email.py
[2025-05-19T05:05:05.974+0000] {processor.py:830} INFO - Processing file /opt/airflow/dags/utils/notification_email.py for tasks to queue
[2025-05-19T05:05:05.976+0000] {logging_mixin.py:188} INFO - [2025-05-19T05:05:05.976+0000] {dagbag.py:545} INFO - Filling up the DagBag from /opt/airflow/dags/utils/notification_email.py
[2025-05-19T05:05:05.991+0000] {processor.py:842} WARNING - No viable dags retrieved from /opt/airflow/dags/utils/notification_email.py
[2025-05-19T05:05:06.302+0000] {processor.py:183} INFO - Processing /opt/airflow/dags/utils/notification_email.py took 0.335 seconds
[2025-05-19T05:05:37.092+0000] {processor.py:161} INFO - Started process (PID=515) to work on /opt/airflow/dags/utils/notification_email.py
[2025-05-19T05:05:37.094+0000] {processor.py:830} INFO - Processing file /opt/airflow/dags/utils/notification_email.py for tasks to queue
[2025-05-19T05:05:37.096+0000] {logging_mixin.py:188} INFO - [2025-05-19T05:05:37.096+0000] {dagbag.py:545} INFO - Filling up the DagBag from /opt/airflow/dags/utils/notification_email.py
[2025-05-19T05:05:37.127+0000] {processor.py:842} WARNING - No viable dags retrieved from /opt/airflow/dags/utils/notification_email.py
[2025-05-19T05:05:37.346+0000] {processor.py:183} INFO - Processing /opt/airflow/dags/utils/notification_email.py took 0.258 seconds
[2025-05-19T05:06:08.007+0000] {processor.py:161} INFO - Started process (PID=530) to work on /opt/airflow/dags/utils/notification_email.py
[2025-05-19T05:06:08.008+0000] {processor.py:830} INFO - Processing file /opt/airflow/dags/utils/notification_email.py for tasks to queue
[2025-05-19T05:06:08.010+0000] {logging_mixin.py:188} INFO - [2025-05-19T05:06:08.010+0000] {dagbag.py:545} INFO - Filling up the DagBag from /opt/airflow/dags/utils/notification_email.py
[2025-05-19T05:06:08.040+0000] {processor.py:842} WARNING - No viable dags retrieved from /opt/airflow/dags/utils/notification_email.py
[2025-05-19T05:06:08.302+0000] {processor.py:183} INFO - Processing /opt/airflow/dags/utils/notification_email.py took 0.299 seconds
