[2025-05-16T06:20:16.531+0000] {local_task_job_runner.py:120} INFO - ::group::Pre task execution logs
[2025-05-16T06:20:16.761+0000] {taskinstance.py:2076} INFO - Dependencies all met for dep_context=non-requeueable deps ti=<TaskInstance: random_user_pipeline.insert_postgres manual__2025-05-16T06:08:08.956309+00:00 [queued]>
[2025-05-16T06:20:16.774+0000] {taskinstance.py:2076} INFO - Dependencies all met for dep_context=requeueable deps ti=<TaskInstance: random_user_pipeline.insert_postgres manual__2025-05-16T06:08:08.956309+00:00 [queued]>
[2025-05-16T06:20:16.774+0000] {taskinstance.py:2306} INFO - Starting attempt 1 of 2
[2025-05-16T06:20:16.791+0000] {taskinstance.py:2330} INFO - Executing <Task(PythonOperator): insert_postgres> on 2025-05-16 06:08:08.956309+00:00
[2025-05-16T06:20:16.797+0000] {standard_task_runner.py:90} INFO - Running: ['airflow', 'tasks', 'run', 'random_user_pipeline', 'insert_***', 'manual__2025-05-16T06:08:08.956309+00:00', '--job-id', '233', '--raw', '--subdir', 'DAGS_FOLDER/random_user_pipeline.py', '--cfg-path', '/tmp/tmprydiigeo']
[2025-05-16T06:20:16.799+0000] {standard_task_runner.py:91} INFO - Job 233: Subtask insert_***
[2025-05-16T06:20:16.799+0000] {logging_mixin.py:188} WARNING - /home/airflow/.local/lib/python3.12/site-packages/airflow/task/task_runner/standard_task_runner.py:61 DeprecationWarning: This process (pid=185) is multi-threaded, use of fork() may lead to deadlocks in the child.
[2025-05-16T06:20:16.800+0000] {standard_task_runner.py:63} INFO - Started process 193 to run task
[2025-05-16T06:20:17.439+0000] {task_command.py:426} INFO - Running <TaskInstance: random_user_pipeline.insert_postgres manual__2025-05-16T06:08:08.956309+00:00 [running]> on host 6def7c1b8c68
[2025-05-16T06:20:18.739+0000] {taskinstance.py:2648} INFO - Exporting env vars: AIRFLOW_CTX_DAG_EMAIL='papala.ramesh@quation.in,smilesoframs@gmail.com' AIRFLOW_CTX_DAG_OWNER='airflow' AIRFLOW_CTX_DAG_ID='random_user_pipeline' AIRFLOW_CTX_TASK_ID='insert_***' AIRFLOW_CTX_EXECUTION_DATE='2025-05-16T06:08:08.956309+00:00' AIRFLOW_CTX_TRY_NUMBER='1' AIRFLOW_CTX_DAG_RUN_ID='manual__2025-05-16T06:08:08.956309+00:00'
[2025-05-16T06:20:18.740+0000] {taskinstance.py:430} INFO - ::endgroup::
[2025-05-16T06:20:18.761+0000] {logging_mixin.py:188} INFO - Parsed using ast.literal_eval (Python dict string).
[2025-05-16T06:20:19.004+0000] {logging_mixin.py:188} INFO - ✅ Database connection established.
[2025-05-16T06:20:19.008+0000] {logging_mixin.py:188} INFO - ✅ Table ready.
[2025-05-16T06:20:19.009+0000] {logging_mixin.py:188} INFO - 
--- Inserting product ---
[2025-05-16T06:20:19.010+0000] {logging_mixin.py:188} INFO - Name: Esse rerum ea perspiciatis.
[2025-05-16T06:20:19.010+0000] {logging_mixin.py:188} INFO - Description: In molestiae praesentium est illo et. Ex aut aut possimus et. Qui explicabo repudiandae enim aut. Praesentium qui qui eum voluptas. Cumque voluptatem magni nesciunt in et dolores omnis.
[2025-05-16T06:20:19.011+0000] {logging_mixin.py:188} INFO - EAN: 2194282626695
[2025-05-16T06:20:19.011+0000] {logging_mixin.py:188} INFO - UPC: 070354213834
[2025-05-16T06:20:19.012+0000] {logging_mixin.py:188} INFO - Image: http://placeimg.com/640/480/tech
[2025-05-16T06:20:19.012+0000] {logging_mixin.py:188} INFO - Net Price: 323.7
[2025-05-16T06:20:19.013+0000] {logging_mixin.py:188} INFO - Taxes: 22.0
[2025-05-16T06:20:19.013+0000] {logging_mixin.py:188} INFO - Price: 394.91
[2025-05-16T06:20:19.017+0000] {logging_mixin.py:188} INFO - 
--- Inserting product ---
[2025-05-16T06:20:19.018+0000] {logging_mixin.py:188} INFO - Name: Veniam eveniet natus ad qui.
[2025-05-16T06:20:19.018+0000] {logging_mixin.py:188} INFO - Description: Et quia distinctio expedita molestias molestiae. Quas eum nulla inventore laudantium officiis hic iste enim. Ad tempore quae sit et sit incidunt.
[2025-05-16T06:20:19.019+0000] {logging_mixin.py:188} INFO - EAN: 6834345199099
[2025-05-16T06:20:19.019+0000] {logging_mixin.py:188} INFO - UPC: 979048147483
[2025-05-16T06:20:19.020+0000] {logging_mixin.py:188} INFO - Image: http://placeimg.com/640/480/tech
[2025-05-16T06:20:19.020+0000] {logging_mixin.py:188} INFO - Net Price: 0.01
[2025-05-16T06:20:19.021+0000] {logging_mixin.py:188} INFO - Taxes: 22.0
[2025-05-16T06:20:19.021+0000] {logging_mixin.py:188} INFO - Price: 0.01
[2025-05-16T06:20:19.023+0000] {logging_mixin.py:188} INFO - 
--- Inserting product ---
[2025-05-16T06:20:19.023+0000] {logging_mixin.py:188} INFO - Name: Iure aliquam dolore beatae.
[2025-05-16T06:20:19.024+0000] {logging_mixin.py:188} INFO - Description: Perspiciatis facilis velit dolore nostrum voluptatem. Deserunt sunt voluptatum consectetur laboriosam ab voluptas iure. Magni alias est qui omnis non officia tempora. Sed incidunt consequatur porro.
[2025-05-16T06:20:19.024+0000] {logging_mixin.py:188} INFO - EAN: 6945902358498
[2025-05-16T06:20:19.025+0000] {logging_mixin.py:188} INFO - UPC: 558900917282
[2025-05-16T06:20:19.025+0000] {logging_mixin.py:188} INFO - Image: http://placeimg.com/640/480/tech
[2025-05-16T06:20:19.026+0000] {logging_mixin.py:188} INFO - Net Price: 510.23
[2025-05-16T06:20:19.026+0000] {logging_mixin.py:188} INFO - Taxes: 22.0
[2025-05-16T06:20:19.027+0000] {logging_mixin.py:188} INFO - Price: 622.48
[2025-05-16T06:20:19.028+0000] {logging_mixin.py:188} INFO - 
--- Inserting product ---
[2025-05-16T06:20:19.029+0000] {logging_mixin.py:188} INFO - Name: Soluta qui qui aliquid.
[2025-05-16T06:20:19.030+0000] {logging_mixin.py:188} INFO - Description: Harum minus qui incidunt omnis. Dolore quam est mollitia ut aut. Et sint sunt error qui debitis cumque voluptates sunt.
[2025-05-16T06:20:19.030+0000] {logging_mixin.py:188} INFO - EAN: 7986856644441
[2025-05-16T06:20:19.031+0000] {logging_mixin.py:188} INFO - UPC: 594643012666
[2025-05-16T06:20:19.031+0000] {logging_mixin.py:188} INFO - Image: http://placeimg.com/640/480/tech
[2025-05-16T06:20:19.031+0000] {logging_mixin.py:188} INFO - Net Price: 4.46
[2025-05-16T06:20:19.032+0000] {logging_mixin.py:188} INFO - Taxes: 22.0
[2025-05-16T06:20:19.032+0000] {logging_mixin.py:188} INFO - Price: 5.44
[2025-05-16T06:20:19.034+0000] {logging_mixin.py:188} INFO - 
--- Inserting product ---
[2025-05-16T06:20:19.035+0000] {logging_mixin.py:188} INFO - Name: Rerum et ut facere delectus.
[2025-05-16T06:20:19.035+0000] {logging_mixin.py:188} INFO - Description: Sit odio corporis ut molestiae temporibus ex qui sint. Enim debitis ut omnis inventore quis ea qui. Beatae aspernatur architecto commodi.
[2025-05-16T06:20:19.036+0000] {logging_mixin.py:188} INFO - EAN: 1540730151744
[2025-05-16T06:20:19.036+0000] {logging_mixin.py:188} INFO - UPC: 018872231184
[2025-05-16T06:20:19.036+0000] {logging_mixin.py:188} INFO - Image: http://placeimg.com/640/480/tech
[2025-05-16T06:20:19.037+0000] {logging_mixin.py:188} INFO - Net Price: 460513613.16
[2025-05-16T06:20:19.037+0000] {logging_mixin.py:188} INFO - Taxes: 22.0
[2025-05-16T06:20:19.038+0000] {logging_mixin.py:188} INFO - Price: 561826608.06
[2025-05-16T06:20:19.039+0000] {logging_mixin.py:188} INFO - 
--- Inserting product ---
[2025-05-16T06:20:19.039+0000] {logging_mixin.py:188} INFO - Name: Est vero distinctio iste.
[2025-05-16T06:20:19.040+0000] {logging_mixin.py:188} INFO - Description: Voluptatibus sapiente voluptatem et alias. Et in tempora id qui quaerat. Et id ut culpa voluptatem.
[2025-05-16T06:20:19.040+0000] {logging_mixin.py:188} INFO - EAN: 0249607162241
[2025-05-16T06:20:19.041+0000] {logging_mixin.py:188} INFO - UPC: 818212574028
[2025-05-16T06:20:19.041+0000] {logging_mixin.py:188} INFO - Image: http://placeimg.com/640/480/tech
[2025-05-16T06:20:19.041+0000] {logging_mixin.py:188} INFO - Net Price: 109443.0
[2025-05-16T06:20:19.042+0000] {logging_mixin.py:188} INFO - Taxes: 22.0
[2025-05-16T06:20:19.042+0000] {logging_mixin.py:188} INFO - Price: 133520.46
[2025-05-16T06:20:19.044+0000] {logging_mixin.py:188} INFO - 
--- Inserting product ---
[2025-05-16T06:20:19.044+0000] {logging_mixin.py:188} INFO - Name: Est pariatur dolorum fugiat.
[2025-05-16T06:20:19.045+0000] {logging_mixin.py:188} INFO - Description: Placeat est tempore saepe quia beatae. Illum beatae repellendus ut est eos delectus. Ut voluptatem delectus quia voluptatem vero maxime omnis.
[2025-05-16T06:20:19.045+0000] {logging_mixin.py:188} INFO - EAN: 8337137721600
[2025-05-16T06:20:19.046+0000] {logging_mixin.py:188} INFO - UPC: 052638771924
[2025-05-16T06:20:19.046+0000] {logging_mixin.py:188} INFO - Image: http://placeimg.com/640/480/tech
[2025-05-16T06:20:19.046+0000] {logging_mixin.py:188} INFO - Net Price: 155.75
[2025-05-16T06:20:19.047+0000] {logging_mixin.py:188} INFO - Taxes: 22.0
[2025-05-16T06:20:19.047+0000] {logging_mixin.py:188} INFO - Price: 190.02
[2025-05-16T06:20:19.049+0000] {logging_mixin.py:188} INFO - 
--- Inserting product ---
[2025-05-16T06:20:19.050+0000] {logging_mixin.py:188} INFO - Name: Beatae et sed beatae aut aut.
[2025-05-16T06:20:19.050+0000] {logging_mixin.py:188} INFO - Description: Id sint quibusdam temporibus vel occaecati facilis doloribus. Est quaerat nisi voluptates eligendi aut reiciendis a. Ut magni et corrupti.
[2025-05-16T06:20:19.051+0000] {logging_mixin.py:188} INFO - EAN: 0187053867214
[2025-05-16T06:20:19.051+0000] {logging_mixin.py:188} INFO - UPC: 598738226758
[2025-05-16T06:20:19.052+0000] {logging_mixin.py:188} INFO - Image: http://placeimg.com/640/480/tech
[2025-05-16T06:20:19.052+0000] {logging_mixin.py:188} INFO - Net Price: 155.42
[2025-05-16T06:20:19.053+0000] {logging_mixin.py:188} INFO - Taxes: 22.0
[2025-05-16T06:20:19.053+0000] {logging_mixin.py:188} INFO - Price: 189.61
[2025-05-16T06:20:19.055+0000] {logging_mixin.py:188} INFO - 
--- Inserting product ---
[2025-05-16T06:20:19.055+0000] {logging_mixin.py:188} INFO - Name: Omnis repellat debitis sint.
[2025-05-16T06:20:19.056+0000] {logging_mixin.py:188} INFO - Description: Sunt expedita officiis non ipsa autem. Dolores corporis quidem placeat aliquam amet quia et non. Unde itaque fuga et quaerat.
[2025-05-16T06:20:19.056+0000] {logging_mixin.py:188} INFO - EAN: 2769867383302
[2025-05-16T06:20:19.057+0000] {logging_mixin.py:188} INFO - UPC: 702343710233
[2025-05-16T06:20:19.057+0000] {logging_mixin.py:188} INFO - Image: http://placeimg.com/640/480/tech
[2025-05-16T06:20:19.058+0000] {logging_mixin.py:188} INFO - Net Price: 49.68
[2025-05-16T06:20:19.058+0000] {logging_mixin.py:188} INFO - Taxes: 22.0
[2025-05-16T06:20:19.059+0000] {logging_mixin.py:188} INFO - Price: 60.61
[2025-05-16T06:20:19.062+0000] {logging_mixin.py:188} INFO - 
--- Inserting product ---
[2025-05-16T06:20:19.062+0000] {logging_mixin.py:188} INFO - Name: Aut soluta in et.
[2025-05-16T06:20:19.063+0000] {logging_mixin.py:188} INFO - Description: Corrupti pariatur consequatur sit quis optio. Ad dolore laboriosam aperiam magni. Beatae ut et voluptatem placeat.
[2025-05-16T06:20:19.063+0000] {logging_mixin.py:188} INFO - EAN: 9065210846061
[2025-05-16T06:20:19.064+0000] {logging_mixin.py:188} INFO - UPC: 822910722449
[2025-05-16T06:20:19.064+0000] {logging_mixin.py:188} INFO - Image: http://placeimg.com/640/480/tech
[2025-05-16T06:20:19.065+0000] {logging_mixin.py:188} INFO - Net Price: 4837542.17
[2025-05-16T06:20:19.065+0000] {logging_mixin.py:188} INFO - Taxes: 22.0
[2025-05-16T06:20:19.066+0000] {logging_mixin.py:188} INFO - Price: 5901801.45
[2025-05-16T06:20:19.069+0000] {logging_mixin.py:188} INFO - 
✅ Inserted 10 products successfully.
[2025-05-16T06:20:19.070+0000] {logging_mixin.py:188} INFO - 🔒 DB connection closed.
[2025-05-16T06:20:19.070+0000] {python.py:237} INFO - Done. Returned value was: None
[2025-05-16T06:20:19.071+0000] {taskinstance.py:441} INFO - ::group::Post task execution logs
[2025-05-16T06:20:19.393+0000] {taskinstance.py:1206} INFO - Marking task as SUCCESS. dag_id=random_user_pipeline, task_id=insert_***, run_id=manual__2025-05-16T06:08:08.956309+00:00, execution_date=20250516T060808, start_date=20250516T062016, end_date=20250516T062019
[2025-05-16T06:20:19.424+0000] {local_task_job_runner.py:240} INFO - Task exited with return code 0
[2025-05-16T06:20:19.781+0000] {taskinstance.py:3503} INFO - 0 downstream tasks scheduled from follow-on schedule check
[2025-05-16T06:20:19.784+0000] {local_task_job_runner.py:222} INFO - ::endgroup::
