[2025-05-24T03:19:04.599+0000] {local_task_job_runner.py:120} INFO - ::group::Pre task execution logs
[2025-05-24T03:19:05.276+0000] {taskinstance.py:2076} INFO - Dependencies all met for dep_context=non-requeueable deps ti=<TaskInstance: random_user_pipeline.wait_for_existing_data manual__2025-05-24T03:18:59.067460+00:00 [queued]>
[2025-05-24T03:19:05.296+0000] {taskinstance.py:2076} INFO - Dependencies all met for dep_context=requeueable deps ti=<TaskInstance: random_user_pipeline.wait_for_existing_data manual__2025-05-24T03:18:59.067460+00:00 [queued]>
[2025-05-24T03:19:05.298+0000] {taskinstance.py:2306} INFO - Starting attempt 1 of 2
[2025-05-24T03:19:05.322+0000] {taskinstance.py:2330} INFO - Executing <Task(SqlSensor): wait_for_existing_data> on 2025-05-24 03:18:59.067460+00:00
[2025-05-24T03:19:05.333+0000] {logging_mixin.py:188} WARNING - /home/airflow/.local/lib/python3.12/site-packages/airflow/task/task_runner/standard_task_runner.py:61 DeprecationWarning: This process (pid=221) is multi-threaded, use of fork() may lead to deadlocks in the child.
[2025-05-24T03:19:05.336+0000] {standard_task_runner.py:63} INFO - Started process 224 to run task
[2025-05-24T03:19:05.334+0000] {standard_task_runner.py:90} INFO - Running: ['airflow', 'tasks', 'run', 'random_user_pipeline', 'wait_for_existing_data', 'manual__2025-05-24T03:18:59.067460+00:00', '--job-id', '439', '--raw', '--subdir', 'DAGS_FOLDER/random_user_pipeline.py', '--cfg-path', '/tmp/tmpviaocf6d']
[2025-05-24T03:19:05.337+0000] {standard_task_runner.py:91} INFO - Job 439: Subtask wait_for_existing_data
[2025-05-24T03:19:07.369+0000] {task_command.py:426} INFO - Running <TaskInstance: random_user_pipeline.wait_for_existing_data manual__2025-05-24T03:18:59.067460+00:00 [running]> on host ada8de387ebd
[2025-05-24T03:19:11.415+0000] {taskinstance.py:2648} INFO - Exporting env vars: AIRFLOW_CTX_DAG_EMAIL='papala.ramesh@quation.in,smilesoframs@gmail.com,ramesh.rams333@gmail.com' AIRFLOW_CTX_DAG_OWNER='airflow' AIRFLOW_CTX_DAG_ID='random_user_pipeline' AIRFLOW_CTX_TASK_ID='wait_for_existing_data' AIRFLOW_CTX_EXECUTION_DATE='2025-05-24T03:18:59.067460+00:00' AIRFLOW_CTX_TRY_NUMBER='1' AIRFLOW_CTX_DAG_RUN_ID='manual__2025-05-24T03:18:59.067460+00:00'
[2025-05-24T03:19:11.418+0000] {taskinstance.py:430} INFO - ::endgroup::
[2025-05-24T03:19:11.448+0000] {crypto.py:82} WARNING - empty cryptography key - values will not be stored encrypted.
[2025-05-24T03:19:11.449+0000] {base.py:84} INFO - Using connection ID '***_default' for task execution.
[2025-05-24T03:19:11.454+0000] {sql.py:95} INFO - Poking: SELECT 1 FROM products WHERE DATE(created_at) = CURRENT_DATE LIMIT 1; (with parameters None)
[2025-05-24T03:19:11.456+0000] {base.py:84} INFO - Using connection ID '***_default' for task execution.
[2025-05-24T03:19:12.959+0000] {sql.py:487} INFO - Running statement: SELECT 1 FROM products WHERE DATE(created_at) = CURRENT_DATE LIMIT 1;, parameters: None
[2025-05-24T03:19:12.968+0000] {sql.py:496} INFO - Rows affected: 0
[2025-05-24T03:19:42.972+0000] {base.py:84} INFO - Using connection ID '***_default' for task execution.
[2025-05-24T03:19:42.974+0000] {sql.py:95} INFO - Poking: SELECT 1 FROM products WHERE DATE(created_at) = CURRENT_DATE LIMIT 1; (with parameters None)
[2025-05-24T03:19:42.976+0000] {base.py:84} INFO - Using connection ID '***_default' for task execution.
[2025-05-24T03:19:43.405+0000] {sql.py:487} INFO - Running statement: SELECT 1 FROM products WHERE DATE(created_at) = CURRENT_DATE LIMIT 1;, parameters: None
[2025-05-24T03:19:43.412+0000] {sql.py:496} INFO - Rows affected: 0
[2025-05-24T03:20:13.413+0000] {base.py:84} INFO - Using connection ID '***_default' for task execution.
[2025-05-24T03:20:13.415+0000] {sql.py:95} INFO - Poking: SELECT 1 FROM products WHERE DATE(created_at) = CURRENT_DATE LIMIT 1; (with parameters None)
[2025-05-24T03:20:13.417+0000] {base.py:84} INFO - Using connection ID '***_default' for task execution.
[2025-05-24T03:20:13.815+0000] {sql.py:487} INFO - Running statement: SELECT 1 FROM products WHERE DATE(created_at) = CURRENT_DATE LIMIT 1;, parameters: None
[2025-05-24T03:20:13.820+0000] {sql.py:496} INFO - Rows affected: 0
