[2025-05-24T03:21:31.996+0000] {local_task_job_runner.py:120} INFO - ::group::Pre task execution logs
[2025-05-24T03:21:32.536+0000] {taskinstance.py:2076} INFO - Dependencies all met for dep_context=non-requeueable deps ti=<TaskInstance: random_user_pipeline.wait_for_existing_data manual__2025-05-24T03:18:59.067460+00:00 [queued]>
[2025-05-24T03:21:32.558+0000] {taskinstance.py:2076} INFO - Dependencies all met for dep_context=requeueable deps ti=<TaskInstance: random_user_pipeline.wait_for_existing_data manual__2025-05-24T03:18:59.067460+00:00 [queued]>
[2025-05-24T03:21:32.560+0000] {taskinstance.py:2306} INFO - Starting attempt 2 of 2
[2025-05-24T03:21:32.590+0000] {taskinstance.py:2330} INFO - Executing <Task(SqlSensor): wait_for_existing_data> on 2025-05-24 03:18:59.067460+00:00
[2025-05-24T03:21:32.603+0000] {logging_mixin.py:188} WARNING - /home/airflow/.local/lib/python3.12/site-packages/airflow/task/task_runner/standard_task_runner.py:61 DeprecationWarning: This process (pid=169) is multi-threaded, use of fork() may lead to deadlocks in the child.
[2025-05-24T03:21:32.605+0000] {standard_task_runner.py:63} INFO - Started process 176 to run task
[2025-05-24T03:21:32.603+0000] {standard_task_runner.py:90} INFO - Running: ['airflow', 'tasks', 'run', 'random_user_pipeline', 'wait_for_existing_data', 'manual__2025-05-24T03:18:59.067460+00:00', '--job-id', '442', '--raw', '--subdir', 'DAGS_FOLDER/random_user_pipeline.py', '--cfg-path', '/tmp/tmpsk4njg0l']
[2025-05-24T03:21:32.607+0000] {standard_task_runner.py:91} INFO - Job 442: Subtask wait_for_existing_data
[2025-05-24T03:21:34.143+0000] {task_command.py:426} INFO - Running <TaskInstance: random_user_pipeline.wait_for_existing_data manual__2025-05-24T03:18:59.067460+00:00 [running]> on host fed8e0f764cf
[2025-05-24T03:21:36.302+0000] {taskinstance.py:2648} INFO - Exporting env vars: AIRFLOW_CTX_DAG_EMAIL='papala.ramesh@quation.in,smilesoframs@gmail.com,ramesh.rams333@gmail.com' AIRFLOW_CTX_DAG_OWNER='airflow' AIRFLOW_CTX_DAG_ID='random_user_pipeline' AIRFLOW_CTX_TASK_ID='wait_for_existing_data' AIRFLOW_CTX_EXECUTION_DATE='2025-05-24T03:18:59.067460+00:00' AIRFLOW_CTX_TRY_NUMBER='2' AIRFLOW_CTX_DAG_RUN_ID='manual__2025-05-24T03:18:59.067460+00:00'
[2025-05-24T03:21:36.304+0000] {taskinstance.py:430} INFO - ::endgroup::
[2025-05-24T03:21:36.348+0000] {crypto.py:82} WARNING - empty cryptography key - values will not be stored encrypted.
[2025-05-24T03:21:36.349+0000] {base.py:84} INFO - Using connection ID '***_default' for task execution.
[2025-05-24T03:21:36.360+0000] {sql.py:95} INFO - Poking: SELECT 1 FROM products WHERE DATE(created_at) = CURRENT_DATE LIMIT 1; (with parameters None)
[2025-05-24T03:21:36.362+0000] {base.py:84} INFO - Using connection ID '***_default' for task execution.
[2025-05-24T03:21:36.811+0000] {sql.py:487} INFO - Running statement: SELECT 1 FROM products WHERE DATE(created_at) = CURRENT_DATE LIMIT 1;, parameters: None
[2025-05-24T03:21:36.820+0000] {sql.py:496} INFO - Rows affected: 0
[2025-05-24T03:22:06.822+0000] {base.py:84} INFO - Using connection ID '***_default' for task execution.
[2025-05-24T03:22:06.823+0000] {sql.py:95} INFO - Poking: SELECT 1 FROM products WHERE DATE(created_at) = CURRENT_DATE LIMIT 1; (with parameters None)
[2025-05-24T03:22:06.825+0000] {base.py:84} INFO - Using connection ID '***_default' for task execution.
[2025-05-24T03:22:07.223+0000] {sql.py:487} INFO - Running statement: SELECT 1 FROM products WHERE DATE(created_at) = CURRENT_DATE LIMIT 1;, parameters: None
[2025-05-24T03:22:07.230+0000] {sql.py:496} INFO - Rows affected: 0
[2025-05-24T03:22:37.232+0000] {base.py:84} INFO - Using connection ID '***_default' for task execution.
[2025-05-24T03:22:37.232+0000] {sql.py:95} INFO - Poking: SELECT 1 FROM products WHERE DATE(created_at) = CURRENT_DATE LIMIT 1; (with parameters None)
[2025-05-24T03:22:37.234+0000] {base.py:84} INFO - Using connection ID '***_default' for task execution.
[2025-05-24T03:22:37.611+0000] {sql.py:487} INFO - Running statement: SELECT 1 FROM products WHERE DATE(created_at) = CURRENT_DATE LIMIT 1;, parameters: None
[2025-05-24T03:22:37.618+0000] {sql.py:496} INFO - Rows affected: 0
[2025-05-24T03:23:07.620+0000] {base.py:84} INFO - Using connection ID '***_default' for task execution.
[2025-05-24T03:23:07.621+0000] {sql.py:95} INFO - Poking: SELECT 1 FROM products WHERE DATE(created_at) = CURRENT_DATE LIMIT 1; (with parameters None)
[2025-05-24T03:23:07.622+0000] {base.py:84} INFO - Using connection ID '***_default' for task execution.
[2025-05-24T03:23:08.013+0000] {sql.py:487} INFO - Running statement: SELECT 1 FROM products WHERE DATE(created_at) = CURRENT_DATE LIMIT 1;, parameters: None
[2025-05-24T03:23:08.020+0000] {sql.py:496} INFO - Rows affected: 0
[2025-05-24T03:23:38.021+0000] {base.py:84} INFO - Using connection ID '***_default' for task execution.
[2025-05-24T03:23:38.022+0000] {sql.py:95} INFO - Poking: SELECT 1 FROM products WHERE DATE(created_at) = CURRENT_DATE LIMIT 1; (with parameters None)
[2025-05-24T03:23:38.023+0000] {base.py:84} INFO - Using connection ID '***_default' for task execution.
[2025-05-24T03:23:38.850+0000] {sql.py:487} INFO - Running statement: SELECT 1 FROM products WHERE DATE(created_at) = CURRENT_DATE LIMIT 1;, parameters: None
[2025-05-24T03:23:38.863+0000] {sql.py:496} INFO - Rows affected: 0
[2025-05-24T03:23:38.866+0000] {taskinstance.py:441} INFO - ::group::Post task execution logs
[2025-05-24T03:23:38.868+0000] {taskinstance.py:2905} ERROR - Task failed with exception
Traceback (most recent call last):
  File "/home/airflow/.local/lib/python3.12/site-packages/airflow/models/taskinstance.py", line 465, in _execute_task
    result = _execute_callable(context=context, **execute_callable_kwargs)
             ^^^^^^^^^^^^^^^^^^^^^^^^^^^^^^^^^^^^^^^^^^^^^^^^^^^^^^^^^^^^^
  File "/home/airflow/.local/lib/python3.12/site-packages/airflow/models/taskinstance.py", line 432, in _execute_callable
    return execute_callable(context=context, **execute_callable_kwargs)
           ^^^^^^^^^^^^^^^^^^^^^^^^^^^^^^^^^^^^^^^^^^^^^^^^^^^^^^^^^^^^
  File "/home/airflow/.local/lib/python3.12/site-packages/airflow/models/baseoperator.py", line 401, in wrapper
    return func(self, *args, **kwargs)
           ^^^^^^^^^^^^^^^^^^^^^^^^^^^
  File "/home/airflow/.local/lib/python3.12/site-packages/airflow/sensors/base.py", line 281, in execute
    raise AirflowSensorTimeout(message)
airflow.exceptions.AirflowSensorTimeout: Sensor has timed out; run duration of 122.52940289999242 seconds exceeds the specified timeout of 120.0.
[2025-05-24T03:23:39.299+0000] {taskinstance.py:1206} INFO - Immediate failure requested. Marking task as FAILED. dag_id=random_user_pipeline, task_id=wait_for_existing_data, run_id=manual__2025-05-24T03:18:59.067460+00:00, execution_date=20250524T031859, start_date=20250524T032132, end_date=20250524T032339
[2025-05-24T03:23:39.341+0000] {logging_mixin.py:188} WARNING - /home/airflow/.local/lib/python3.12/site-packages/airflow/utils/email.py:154 RemovedInAirflow3Warning: Fetching SMTP credentials from configuration variables will be deprecated in a future release. Please set credentials using a connection instead.
[2025-05-24T03:23:39.343+0000] {email.py:271} INFO - Email alerting: attempt 1
[2025-05-24T03:23:40.847+0000] {email.py:282} INFO - Sent an alert email to ['papala.ramesh@quation.in', 'smilesoframs@gmail.com', 'ramesh.rams333@gmail.com']
[2025-05-24T03:23:43.907+0000] {standard_task_runner.py:110} ERROR - Failed to execute job 442 for task wait_for_existing_data (Sensor has timed out; run duration of 122.52940289999242 seconds exceeds the specified timeout of 120.0.; 176)
[2025-05-24T03:23:44.739+0000] {local_task_job_runner.py:240} INFO - Task exited with return code 1
[2025-05-24T03:23:45.234+0000] {logging_mixin.py:188} WARNING - /home/airflow/.local/lib/python3.12/site-packages/airflow/models/baseoperator.py:1297 AirflowProviderDeprecationWarning: Call to deprecated class PostgresOperator. (Please use `airflow.providers.common.sql.operators.sql.SQLExecuteQueryOperator`.Also, you can provide `hook_params={'schema': <database>}`.)
[2025-05-24T03:23:45.299+0000] {taskinstance.py:3503} INFO - 0 downstream tasks scheduled from follow-on schedule check
[2025-05-24T03:23:45.313+0000] {local_task_job_runner.py:222} INFO - ::endgroup::
