[2025-05-16T07:35:13.834+0000] {local_task_job_runner.py:120} INFO - ::group::Pre task execution logs
[2025-05-16T07:35:14.290+0000] {taskinstance.py:2076} INFO - Dependencies all met for dep_context=non-requeueable deps ti=<TaskInstance: random_user_pipeline.notify_final_status manual__2025-05-16T07:34:45.503025+00:00 [queued]>
[2025-05-16T07:35:14.309+0000] {taskinstance.py:2076} INFO - Dependencies all met for dep_context=requeueable deps ti=<TaskInstance: random_user_pipeline.notify_final_status manual__2025-05-16T07:34:45.503025+00:00 [queued]>
[2025-05-16T07:35:14.310+0000] {taskinstance.py:2306} INFO - Starting attempt 1 of 2
[2025-05-16T07:35:14.341+0000] {taskinstance.py:2330} INFO - Executing <Task(PythonOperator): notify_final_status> on 2025-05-16 07:34:45.503025+00:00
[2025-05-16T07:35:14.351+0000] {standard_task_runner.py:90} INFO - Running: ['airflow', 'tasks', 'run', 'random_user_pipeline', 'notify_final_status', 'manual__2025-05-16T07:34:45.503025+00:00', '--job-id', '253', '--raw', '--subdir', 'DAGS_FOLDER/random_user_pipeline.py', '--cfg-path', '/tmp/tmpgm7ie1b2']
[2025-05-16T07:35:14.355+0000] {standard_task_runner.py:91} INFO - Job 253: Subtask notify_final_status
[2025-05-16T07:35:14.356+0000] {logging_mixin.py:188} WARNING - /home/airflow/.local/lib/python3.12/site-packages/airflow/task/task_runner/standard_task_runner.py:61 DeprecationWarning: This process (pid=246) is multi-threaded, use of fork() may lead to deadlocks in the child.
[2025-05-16T07:35:14.357+0000] {standard_task_runner.py:63} INFO - Started process 247 to run task
[2025-05-16T07:35:15.758+0000] {task_command.py:426} INFO - Running <TaskInstance: random_user_pipeline.notify_final_status manual__2025-05-16T07:34:45.503025+00:00 [running]> on host 8622e57d0fad
[2025-05-16T07:35:17.635+0000] {taskinstance.py:2648} INFO - Exporting env vars: AIRFLOW_CTX_DAG_EMAIL='papala.ramesh@quation.in,smilesoframs@gmail.com,ramesh.rams333@gmail.com' AIRFLOW_CTX_DAG_OWNER='airflow' AIRFLOW_CTX_DAG_ID='random_user_pipeline' AIRFLOW_CTX_TASK_ID='notify_final_status' AIRFLOW_CTX_EXECUTION_DATE='2025-05-16T07:34:45.503025+00:00' AIRFLOW_CTX_TRY_NUMBER='1' AIRFLOW_CTX_DAG_RUN_ID='manual__2025-05-16T07:34:45.503025+00:00'
[2025-05-16T07:35:17.638+0000] {taskinstance.py:430} INFO - ::endgroup::
[2025-05-16T07:35:18.162+0000] {logging_mixin.py:188} WARNING - /home/airflow/.local/lib/python3.12/site-packages/airflow/utils/email.py:154 RemovedInAirflow3Warning: Fetching SMTP credentials from configuration variables will be deprecated in a future release. Please set credentials using a connection instead.
[2025-05-16T07:35:18.163+0000] {email.py:271} INFO - Email alerting: attempt 1
[2025-05-16T07:35:19.674+0000] {email.py:282} INFO - Sent an alert email to ['papala.ramesh@quation.in', 'smilesoframs@gmail.com', 'ramesh.rams333@gmail.com']
[2025-05-16T07:35:22.337+0000] {python.py:237} INFO - Done. Returned value was: None
[2025-05-16T07:35:22.339+0000] {taskinstance.py:441} INFO - ::group::Post task execution logs
[2025-05-16T07:35:22.904+0000] {taskinstance.py:1206} INFO - Marking task as SUCCESS. dag_id=random_user_pipeline, task_id=notify_final_status, run_id=manual__2025-05-16T07:34:45.503025+00:00, execution_date=20250516T073445, start_date=20250516T073514, end_date=20250516T073522
[2025-05-16T07:35:22.984+0000] {local_task_job_runner.py:240} INFO - Task exited with return code 0
[2025-05-16T07:35:23.500+0000] {taskinstance.py:3503} INFO - 0 downstream tasks scheduled from follow-on schedule check
[2025-05-16T07:35:23.505+0000] {local_task_job_runner.py:222} INFO - ::endgroup::
