[2025-05-03T12:34:42.332+0000] {local_task_job_runner.py:120} INFO - ::group::Pre task execution logs
[2025-05-03T12:34:42.978+0000] {taskinstance.py:2076} INFO - Dependencies all met for dep_context=non-requeueable deps ti=<TaskInstance: random_user_pipeline.insert_postgres scheduled__2025-05-02T00:00:00+00:00 [queued]>
[2025-05-03T12:34:43.011+0000] {taskinstance.py:2076} INFO - Dependencies all met for dep_context=requeueable deps ti=<TaskInstance: random_user_pipeline.insert_postgres scheduled__2025-05-02T00:00:00+00:00 [queued]>
[2025-05-03T12:34:43.014+0000] {taskinstance.py:2306} INFO - Starting attempt 1 of 2
[2025-05-03T12:34:43.057+0000] {taskinstance.py:2330} INFO - Executing <Task(PythonOperator): insert_postgres> on 2025-05-02 00:00:00+00:00
[2025-05-03T12:34:43.077+0000] {standard_task_runner.py:90} INFO - Running: ['airflow', 'tasks', 'run', 'random_user_pipeline', 'insert_***', 'scheduled__2025-05-02T00:00:00+00:00', '--job-id', '209', '--raw', '--subdir', 'DAGS_FOLDER/random_user_pipeline.py', '--cfg-path', '/tmp/tmpbum8k1so']
[2025-05-03T12:34:43.083+0000] {standard_task_runner.py:91} INFO - Job 209: Subtask insert_***
[2025-05-03T12:34:43.087+0000] {logging_mixin.py:188} WARNING - /home/airflow/.local/lib/python3.12/site-packages/airflow/task/task_runner/standard_task_runner.py:61 DeprecationWarning: This process (pid=4016) is multi-threaded, use of fork() may lead to deadlocks in the child.
[2025-05-03T12:34:43.089+0000] {standard_task_runner.py:63} INFO - Started process 4017 to run task
[2025-05-03T12:34:44.814+0000] {task_command.py:426} INFO - Running <TaskInstance: random_user_pipeline.insert_postgres scheduled__2025-05-02T00:00:00+00:00 [running]> on host 4158771de208
[2025-05-03T12:34:48.364+0000] {taskinstance.py:2648} INFO - Exporting env vars: AIRFLOW_CTX_DAG_OWNER='airflow' AIRFLOW_CTX_DAG_ID='random_user_pipeline' AIRFLOW_CTX_TASK_ID='insert_***' AIRFLOW_CTX_EXECUTION_DATE='2025-05-02T00:00:00+00:00' AIRFLOW_CTX_TRY_NUMBER='1' AIRFLOW_CTX_DAG_RUN_ID='scheduled__2025-05-02T00:00:00+00:00'
[2025-05-03T12:34:48.367+0000] {taskinstance.py:430} INFO - ::endgroup::
[2025-05-03T12:34:48.429+0000] {logging_mixin.py:188} INFO - Parsed using ast.literal_eval (Python dict string).
[2025-05-03T12:34:49.165+0000] {logging_mixin.py:188} INFO - ✅ Database connection established.
[2025-05-03T12:34:49.174+0000] {logging_mixin.py:188} INFO - ✅ Table ready.
[2025-05-03T12:34:49.176+0000] {logging_mixin.py:188} INFO - 
--- Inserting product ---
[2025-05-03T12:34:49.177+0000] {logging_mixin.py:188} INFO - Name: Et molestiae enim ullam cum.
[2025-05-03T12:34:49.178+0000] {logging_mixin.py:188} INFO - Description: Quia quisquam velit quidem illo consequatur minus. Est totam vel et natus quis est maxime. Dolorem iusto vel nisi doloribus totam. Eos commodi fugiat aut corrupti quasi.
[2025-05-03T12:34:49.179+0000] {logging_mixin.py:188} INFO - EAN: 5313547116086
[2025-05-03T12:34:49.181+0000] {logging_mixin.py:188} INFO - UPC: 344205622598
[2025-05-03T12:34:49.182+0000] {logging_mixin.py:188} INFO - Image: http://placeimg.com/640/480/tech
[2025-05-03T12:34:49.183+0000] {logging_mixin.py:188} INFO - Net Price: 14947.5
[2025-05-03T12:34:49.184+0000] {logging_mixin.py:188} INFO - Taxes: 22.0
[2025-05-03T12:34:49.185+0000] {logging_mixin.py:188} INFO - Price: 18235.95
[2025-05-03T12:34:49.195+0000] {logging_mixin.py:188} INFO - 
--- Inserting product ---
[2025-05-03T12:34:49.196+0000] {logging_mixin.py:188} INFO - Name: Qui quis non et.
[2025-05-03T12:34:49.198+0000] {logging_mixin.py:188} INFO - Description: Incidunt quod voluptas ut architecto sunt. Necessitatibus earum quo qui qui facere aperiam ipsa. Nemo id illo ut eligendi.
[2025-05-03T12:34:49.199+0000] {logging_mixin.py:188} INFO - EAN: 0237179322279
[2025-05-03T12:34:49.200+0000] {logging_mixin.py:188} INFO - UPC: 855501222150
[2025-05-03T12:34:49.201+0000] {logging_mixin.py:188} INFO - Image: http://placeimg.com/640/480/tech
[2025-05-03T12:34:49.203+0000] {logging_mixin.py:188} INFO - Net Price: 8169806.39
[2025-05-03T12:34:49.204+0000] {logging_mixin.py:188} INFO - Taxes: 22.0
[2025-05-03T12:34:49.205+0000] {logging_mixin.py:188} INFO - Price: 9967163.8
[2025-05-03T12:34:49.208+0000] {logging_mixin.py:188} INFO - 
--- Inserting product ---
[2025-05-03T12:34:49.209+0000] {logging_mixin.py:188} INFO - Name: Aspernatur omnis nemo magnam.
[2025-05-03T12:34:49.210+0000] {logging_mixin.py:188} INFO - Description: Nihil dolorem voluptas tempore eum autem enim architecto. Ut enim culpa ut molestiae praesentium. Atque suscipit fuga id. Modi dolorem non iusto officia.
[2025-05-03T12:34:49.211+0000] {logging_mixin.py:188} INFO - EAN: 0479540936313
[2025-05-03T12:34:49.212+0000] {logging_mixin.py:188} INFO - UPC: 992330428036
[2025-05-03T12:34:49.213+0000] {logging_mixin.py:188} INFO - Image: http://placeimg.com/640/480/tech
[2025-05-03T12:34:49.214+0000] {logging_mixin.py:188} INFO - Net Price: 4629845.66
[2025-05-03T12:34:49.216+0000] {logging_mixin.py:188} INFO - Taxes: 22.0
[2025-05-03T12:34:49.216+0000] {logging_mixin.py:188} INFO - Price: 5648411.71
[2025-05-03T12:34:49.220+0000] {logging_mixin.py:188} INFO - 
--- Inserting product ---
[2025-05-03T12:34:49.221+0000] {logging_mixin.py:188} INFO - Name: Voluptas et ut odit quo.
[2025-05-03T12:34:49.222+0000] {logging_mixin.py:188} INFO - Description: Repellendus suscipit sint quia. Cumque molestias consequatur in harum. Ab adipisci ut optio quod.
[2025-05-03T12:34:49.223+0000] {logging_mixin.py:188} INFO - EAN: 4595820845079
[2025-05-03T12:34:49.224+0000] {logging_mixin.py:188} INFO - UPC: 995801638081
[2025-05-03T12:34:49.224+0000] {logging_mixin.py:188} INFO - Image: http://placeimg.com/640/480/tech
[2025-05-03T12:34:49.225+0000] {logging_mixin.py:188} INFO - Net Price: 9082.46
[2025-05-03T12:34:49.226+0000] {logging_mixin.py:188} INFO - Taxes: 22.0
[2025-05-03T12:34:49.227+0000] {logging_mixin.py:188} INFO - Price: 11080.6
[2025-05-03T12:34:49.230+0000] {logging_mixin.py:188} INFO - 
--- Inserting product ---
[2025-05-03T12:34:49.231+0000] {logging_mixin.py:188} INFO - Name: Quia iste veniam quam.
[2025-05-03T12:34:49.232+0000] {logging_mixin.py:188} INFO - Description: Dolore quam rem doloribus. Culpa minima tempore quasi necessitatibus. Est vitae magnam mollitia earum et hic voluptatem magnam.
[2025-05-03T12:34:49.233+0000] {logging_mixin.py:188} INFO - EAN: 8849182473583
[2025-05-03T12:34:49.235+0000] {logging_mixin.py:188} INFO - UPC: 399977253624
[2025-05-03T12:34:49.236+0000] {logging_mixin.py:188} INFO - Image: http://placeimg.com/640/480/tech
[2025-05-03T12:34:49.237+0000] {logging_mixin.py:188} INFO - Net Price: 4571.53
[2025-05-03T12:34:49.238+0000] {logging_mixin.py:188} INFO - Taxes: 22.0
[2025-05-03T12:34:49.239+0000] {logging_mixin.py:188} INFO - Price: 5577.27
[2025-05-03T12:34:49.242+0000] {logging_mixin.py:188} INFO - 
--- Inserting product ---
[2025-05-03T12:34:49.243+0000] {logging_mixin.py:188} INFO - Name: Qui sit officia a quas a eum.
[2025-05-03T12:34:49.244+0000] {logging_mixin.py:188} INFO - Description: Odit culpa nostrum quasi consequuntur. Vel rerum tempora voluptatibus voluptatem. Eos voluptate enim error. Aperiam et ut et nam illo assumenda qui culpa.
[2025-05-03T12:34:49.244+0000] {logging_mixin.py:188} INFO - EAN: 9817192293131
[2025-05-03T12:34:49.245+0000] {logging_mixin.py:188} INFO - UPC: 729271006097
[2025-05-03T12:34:49.245+0000] {logging_mixin.py:188} INFO - Image: http://placeimg.com/640/480/tech
[2025-05-03T12:34:49.246+0000] {logging_mixin.py:188} INFO - Net Price: 279.46
[2025-05-03T12:34:49.247+0000] {logging_mixin.py:188} INFO - Taxes: 22.0
[2025-05-03T12:34:49.248+0000] {logging_mixin.py:188} INFO - Price: 340.94
[2025-05-03T12:34:49.251+0000] {logging_mixin.py:188} INFO - 
--- Inserting product ---
[2025-05-03T12:34:49.252+0000] {logging_mixin.py:188} INFO - Name: In quo aut expedita maiores.
[2025-05-03T12:34:49.253+0000] {logging_mixin.py:188} INFO - Description: Eos deleniti quos quaerat porro. Vitae temporibus quasi esse porro. Dolor non autem numquam itaque quo optio. Tempora ullam ratione ut magni voluptas. Et rerum iste sed sint.
[2025-05-03T12:34:49.255+0000] {logging_mixin.py:188} INFO - EAN: 6385688602109
[2025-05-03T12:34:49.256+0000] {logging_mixin.py:188} INFO - UPC: 383277219653
[2025-05-03T12:34:49.257+0000] {logging_mixin.py:188} INFO - Image: http://placeimg.com/640/480/tech
[2025-05-03T12:34:49.258+0000] {logging_mixin.py:188} INFO - Net Price: 4.87
[2025-05-03T12:34:49.259+0000] {logging_mixin.py:188} INFO - Taxes: 22.0
[2025-05-03T12:34:49.260+0000] {logging_mixin.py:188} INFO - Price: 5.94
[2025-05-03T12:34:49.264+0000] {logging_mixin.py:188} INFO - 
--- Inserting product ---
[2025-05-03T12:34:49.266+0000] {logging_mixin.py:188} INFO - Name: Deleniti id quo qui qui.
[2025-05-03T12:34:49.269+0000] {logging_mixin.py:188} INFO - Description: Esse repellat vel laboriosam aut hic facere. Earum est impedit laboriosam quibusdam eaque at autem.
[2025-05-03T12:34:49.270+0000] {logging_mixin.py:188} INFO - EAN: 5569877766402
[2025-05-03T12:34:49.271+0000] {logging_mixin.py:188} INFO - UPC: 981358677544
[2025-05-03T12:34:49.272+0000] {logging_mixin.py:188} INFO - Image: http://placeimg.com/640/480/tech
[2025-05-03T12:34:49.273+0000] {logging_mixin.py:188} INFO - Net Price: 615450.86
[2025-05-03T12:34:49.273+0000] {logging_mixin.py:188} INFO - Taxes: 22.0
[2025-05-03T12:34:49.274+0000] {logging_mixin.py:188} INFO - Price: 750850.05
[2025-05-03T12:34:49.277+0000] {logging_mixin.py:188} INFO - 
--- Inserting product ---
[2025-05-03T12:34:49.278+0000] {logging_mixin.py:188} INFO - Name: Reprehenderit unde amet amet.
[2025-05-03T12:34:49.279+0000] {logging_mixin.py:188} INFO - Description: Consequuntur dolore esse aut architecto iusto eum. Accusantium a incidunt ut illo est.
[2025-05-03T12:34:49.280+0000] {logging_mixin.py:188} INFO - EAN: 2633488452115
[2025-05-03T12:34:49.281+0000] {logging_mixin.py:188} INFO - UPC: 366055813188
[2025-05-03T12:34:49.282+0000] {logging_mixin.py:188} INFO - Image: http://placeimg.com/640/480/tech
[2025-05-03T12:34:49.283+0000] {logging_mixin.py:188} INFO - Net Price: 1997.56
[2025-05-03T12:34:49.284+0000] {logging_mixin.py:188} INFO - Taxes: 22.0
[2025-05-03T12:34:49.284+0000] {logging_mixin.py:188} INFO - Price: 2437.02
[2025-05-03T12:34:49.287+0000] {logging_mixin.py:188} INFO - 
--- Inserting product ---
[2025-05-03T12:34:49.288+0000] {logging_mixin.py:188} INFO - Name: In totam minus ut qui.
[2025-05-03T12:34:49.289+0000] {logging_mixin.py:188} INFO - Description: Enim ipsam aut id. Doloribus praesentium atque molestias et. Ut rem rerum sed fugit est quis.
[2025-05-03T12:34:49.290+0000] {logging_mixin.py:188} INFO - EAN: 7190181836062
[2025-05-03T12:34:49.291+0000] {logging_mixin.py:188} INFO - UPC: 435616668116
[2025-05-03T12:34:49.292+0000] {logging_mixin.py:188} INFO - Image: http://placeimg.com/640/480/tech
[2025-05-03T12:34:49.293+0000] {logging_mixin.py:188} INFO - Net Price: 137835.53
[2025-05-03T12:34:49.293+0000] {logging_mixin.py:188} INFO - Taxes: 22.0
[2025-05-03T12:34:49.294+0000] {logging_mixin.py:188} INFO - Price: 168159.35
[2025-05-03T12:34:49.301+0000] {logging_mixin.py:188} INFO - 
✅ Inserted 10 products successfully.
[2025-05-03T12:34:49.302+0000] {logging_mixin.py:188} INFO - 🔒 DB connection closed.
[2025-05-03T12:34:49.303+0000] {python.py:237} INFO - Done. Returned value was: None
[2025-05-03T12:34:49.305+0000] {taskinstance.py:441} INFO - ::group::Post task execution logs
[2025-05-03T12:34:50.083+0000] {taskinstance.py:1206} INFO - Marking task as SUCCESS. dag_id=random_user_pipeline, task_id=insert_***, run_id=scheduled__2025-05-02T00:00:00+00:00, execution_date=20250502T000000, start_date=20250503T123442, end_date=20250503T123450
[2025-05-03T12:34:50.163+0000] {local_task_job_runner.py:240} INFO - Task exited with return code 0
[2025-05-03T12:34:50.641+0000] {taskinstance.py:3503} INFO - 0 downstream tasks scheduled from follow-on schedule check
[2025-05-03T12:34:50.646+0000] {local_task_job_runner.py:222} INFO - ::endgroup::
