[2025-05-22T05:55:05.006+0000] {local_task_job_runner.py:120} INFO - ::group::Pre task execution logs
[2025-05-22T05:55:05.322+0000] {taskinstance.py:2076} INFO - Dependencies all met for dep_context=non-requeueable deps ti=<TaskInstance: random_user_pipeline.branch_on_count manual__2025-05-22T05:54:58.496317+00:00 [queued]>
[2025-05-22T05:55:05.342+0000] {taskinstance.py:2076} INFO - Dependencies all met for dep_context=requeueable deps ti=<TaskInstance: random_user_pipeline.branch_on_count manual__2025-05-22T05:54:58.496317+00:00 [queued]>
[2025-05-22T05:55:05.343+0000] {taskinstance.py:2306} INFO - Starting attempt 1 of 2
[2025-05-22T05:55:05.366+0000] {taskinstance.py:2330} INFO - Executing <Task(BranchPythonOperator): branch_on_count> on 2025-05-22 05:54:58.496317+00:00
[2025-05-22T05:55:05.376+0000] {logging_mixin.py:188} WARNING - /home/airflow/.local/lib/python3.12/site-packages/airflow/task/task_runner/standard_task_runner.py:61 DeprecationWarning: This process (pid=987) is multi-threaded, use of fork() may lead to deadlocks in the child.
[2025-05-22T05:55:05.377+0000] {standard_task_runner.py:63} INFO - Started process 988 to run task
[2025-05-22T05:55:05.376+0000] {standard_task_runner.py:90} INFO - Running: ['airflow', 'tasks', 'run', 'random_user_pipeline', 'branch_on_count', 'manual__2025-05-22T05:54:58.496317+00:00', '--job-id', '404', '--raw', '--subdir', 'DAGS_FOLDER/random_user_pipeline.py', '--cfg-path', '/tmp/tmpm1wl35hq']
[2025-05-22T05:55:05.378+0000] {standard_task_runner.py:91} INFO - Job 404: Subtask branch_on_count
[2025-05-22T05:55:06.389+0000] {task_command.py:426} INFO - Running <TaskInstance: random_user_pipeline.branch_on_count manual__2025-05-22T05:54:58.496317+00:00 [running]> on host cd3a1fee70a8
[2025-05-22T05:55:08.746+0000] {taskinstance.py:2648} INFO - Exporting env vars: AIRFLOW_CTX_DAG_EMAIL='papala.ramesh@quation.in,smilesoframs@gmail.com,ramesh.rams333@gmail.com' AIRFLOW_CTX_DAG_OWNER='airflow' AIRFLOW_CTX_DAG_ID='random_user_pipeline' AIRFLOW_CTX_TASK_ID='branch_on_count' AIRFLOW_CTX_EXECUTION_DATE='2025-05-22T05:54:58.496317+00:00' AIRFLOW_CTX_TRY_NUMBER='1' AIRFLOW_CTX_DAG_RUN_ID='manual__2025-05-22T05:54:58.496317+00:00'
[2025-05-22T05:55:08.747+0000] {taskinstance.py:430} INFO - ::endgroup::
[2025-05-22T05:55:08.761+0000] {baseoperator.py:400} WARNING - BranchPythonOperator.execute cannot be called outside TaskInstance!
[2025-05-22T05:55:08.771+0000] {crypto.py:82} WARNING - empty cryptography key - values will not be stored encrypted.
[2025-05-22T05:55:08.772+0000] {base.py:84} INFO - Using connection ID '***_default' for task execution.
[2025-05-22T05:55:09.224+0000] {sql.py:487} INFO - Running statement: SELECT COUNT(*) FROM products WHERE DATE(created_at) = CURRENT_DATE;
, parameters: None
[2025-05-22T05:55:09.227+0000] {sql.py:496} INFO - Rows affected: 1
[2025-05-22T05:55:09.229+0000] {python.py:237} INFO - Done. Returned value was: log_ingestion_audit
[2025-05-22T05:55:09.230+0000] {branch.py:36} INFO - Branch into log_ingestion_audit
[2025-05-22T05:55:09.230+0000] {skipmixin.py:178} INFO - Following branch log_ingestion_audit
[2025-05-22T05:55:10.125+0000] {skipmixin.py:246} INFO - Skipping tasks [('fetch_random_product', -1), ('skip_fetch_insert', -1)]
[2025-05-22T05:55:10.908+0000] {taskinstance.py:441} INFO - ::group::Post task execution logs
[2025-05-22T05:55:11.654+0000] {taskinstance.py:1206} INFO - Marking task as SUCCESS. dag_id=random_user_pipeline, task_id=branch_on_count, run_id=manual__2025-05-22T05:54:58.496317+00:00, execution_date=20250522T055458, start_date=20250522T055505, end_date=20250522T055511
[2025-05-22T05:55:11.706+0000] {local_task_job_runner.py:240} INFO - Task exited with return code 0
[2025-05-22T05:55:12.033+0000] {logging_mixin.py:188} WARNING - /home/airflow/.local/lib/python3.12/site-packages/airflow/models/baseoperator.py:1297 AirflowProviderDeprecationWarning: Call to deprecated class PostgresOperator. (Please use `airflow.providers.common.sql.operators.sql.SQLExecuteQueryOperator`.Also, you can provide `hook_params={'schema': <database>}`.)
[2025-05-22T05:55:12.049+0000] {taskinstance.py:3503} INFO - 0 downstream tasks scheduled from follow-on schedule check
[2025-05-22T05:55:12.051+0000] {local_task_job_runner.py:222} INFO - ::endgroup::
