[2025-05-22T14:01:43.699+0000] {local_task_job_runner.py:120} INFO - ::group::Pre task execution logs
[2025-05-22T14:01:43.987+0000] {taskinstance.py:2076} INFO - Dependencies all met for dep_context=non-requeueable deps ti=<TaskInstance: random_user_pipeline.log_ingestion_audit manual__2025-05-22T14:01:41.973668+00:00 [queued]>
[2025-05-22T14:01:43.999+0000] {taskinstance.py:2076} INFO - Dependencies all met for dep_context=requeueable deps ti=<TaskInstance: random_user_pipeline.log_ingestion_audit manual__2025-05-22T14:01:41.973668+00:00 [queued]>
[2025-05-22T14:01:44.000+0000] {taskinstance.py:2306} INFO - Starting attempt 1 of 2
[2025-05-22T14:01:44.018+0000] {taskinstance.py:2330} INFO - Executing <Task(PostgresOperator): log_ingestion_audit> on 2025-05-22 14:01:41.973668+00:00
[2025-05-22T14:01:44.025+0000] {logging_mixin.py:188} WARNING - /home/airflow/.local/lib/python3.12/site-packages/airflow/task/task_runner/standard_task_runner.py:61 DeprecationWarning: This process (pid=210) is multi-threaded, use of fork() may lead to deadlocks in the child.
[2025-05-22T14:01:44.026+0000] {standard_task_runner.py:63} INFO - Started process 211 to run task
[2025-05-22T14:01:44.026+0000] {standard_task_runner.py:90} INFO - Running: ['airflow', 'tasks', 'run', 'random_user_pipeline', 'log_ingestion_audit', 'manual__2025-05-22T14:01:41.973668+00:00', '--job-id', '424', '--raw', '--subdir', 'DAGS_FOLDER/random_user_pipeline.py', '--cfg-path', '/tmp/tmpcjxhhj4g']
[2025-05-22T14:01:44.028+0000] {standard_task_runner.py:91} INFO - Job 424: Subtask log_ingestion_audit
[2025-05-22T14:01:44.944+0000] {task_command.py:426} INFO - Running <TaskInstance: random_user_pipeline.log_ingestion_audit manual__2025-05-22T14:01:41.973668+00:00 [running]> on host 45099b717e09
[2025-05-22T14:01:48.015+0000] {taskinstance.py:2648} INFO - Exporting env vars: AIRFLOW_CTX_DAG_EMAIL='papala.ramesh@quation.in,smilesoframs@gmail.com,ramesh.rams333@gmail.com' AIRFLOW_CTX_DAG_OWNER='airflow' AIRFLOW_CTX_DAG_ID='random_user_pipeline' AIRFLOW_CTX_TASK_ID='log_ingestion_audit' AIRFLOW_CTX_EXECUTION_DATE='2025-05-22T14:01:41.973668+00:00' AIRFLOW_CTX_TRY_NUMBER='1' AIRFLOW_CTX_DAG_RUN_ID='manual__2025-05-22T14:01:41.973668+00:00'
[2025-05-22T14:01:48.016+0000] {taskinstance.py:430} INFO - ::endgroup::
[2025-05-22T14:01:48.027+0000] {sql.py:276} INFO - Executing: -- Create the ingestion_audit table if it doesn't exist
CREATE TABLE IF NOT EXISTS ingestion_audit (
    id SERIAL PRIMARY KEY,
    ingestion_date DATE,
    source TEXT,
    record_count INTEGER,
    status TEXT,
    notes TEXT,
    retry_count INTEGER,
    start_time TIMESTAMP,
    end_time TIMESTAMP
);

-- Insert audit log
INSERT INTO ingestion_audit (
    ingestion_date,
    source,
    record_count,
    status,
    notes,
    retry_count,
    start_time,
    end_time
)
VALUES (
    '2025-05-22',
    'random_product_api',
    0,
    'skipped',
    'Task Skipped',
    0,
    NULL,
    NULL
);
[2025-05-22T14:01:48.028+0000] {crypto.py:82} WARNING - empty cryptography key - values will not be stored encrypted.
[2025-05-22T14:01:48.029+0000] {base.py:84} INFO - Using connection ID '***_default' for task execution.
[2025-05-22T14:01:48.032+0000] {base.py:84} INFO - Using connection ID '***_default' for task execution.
[2025-05-22T14:01:48.336+0000] {sql.py:487} INFO - Running statement: -- Create the ingestion_audit table if it doesn't exist
CREATE TABLE IF NOT EXISTS ingestion_audit (
    id SERIAL PRIMARY KEY,
    ingestion_date DATE,
    source TEXT,
    record_count INTEGER,
    status TEXT,
    notes TEXT,
    retry_count INTEGER,
    start_time TIMESTAMP,
    end_time TIMESTAMP
);

-- Insert audit log
INSERT INTO ingestion_audit (
    ingestion_date,
    source,
    record_count,
    status,
    notes,
    retry_count,
    start_time,
    end_time
)
VALUES (
    '2025-05-22',
    'random_product_api',
    0,
    'skipped',
    'Task Skipped',
    0,
    NULL,
    NULL
);, parameters: None
[2025-05-22T14:01:48.340+0000] {sql.py:496} INFO - Rows affected: 1
[2025-05-22T14:01:48.342+0000] {taskinstance.py:441} INFO - ::group::Post task execution logs
[2025-05-22T14:01:48.725+0000] {taskinstance.py:1206} INFO - Marking task as SUCCESS. dag_id=random_user_pipeline, task_id=log_ingestion_audit, run_id=manual__2025-05-22T14:01:41.973668+00:00, execution_date=20250522T140141, start_date=20250522T140143, end_date=20250522T140148
[2025-05-22T14:01:48.780+0000] {local_task_job_runner.py:240} INFO - Task exited with return code 0
[2025-05-22T14:01:48.987+0000] {logging_mixin.py:188} WARNING - /home/airflow/.local/lib/python3.12/site-packages/airflow/models/baseoperator.py:1297 AirflowProviderDeprecationWarning: Call to deprecated class PostgresOperator. (Please use `airflow.providers.common.sql.operators.sql.SQLExecuteQueryOperator`.Also, you can provide `hook_params={'schema': <database>}`.)
[2025-05-22T14:01:49.003+0000] {taskinstance.py:3503} INFO - 1 downstream tasks scheduled from follow-on schedule check
[2025-05-22T14:01:49.005+0000] {local_task_job_runner.py:222} INFO - ::endgroup::
