[2025-05-16T08:15:58.291+0000] {processor.py:161} INFO - Started process (PID=165) to work on /opt/airflow/dags/utils/notification_email.py
[2025-05-16T08:15:58.295+0000] {processor.py:830} INFO - Processing file /opt/airflow/dags/utils/notification_email.py for tasks to queue
[2025-05-16T08:15:58.311+0000] {logging_mixin.py:188} INFO - [2025-05-16T08:15:58.310+0000] {dagbag.py:545} INFO - Filling up the DagBag from /opt/airflow/dags/utils/notification_email.py
[2025-05-16T08:15:58.364+0000] {processor.py:842} WARNING - No viable dags retrieved from /opt/airflow/dags/utils/notification_email.py
[2025-05-16T08:15:58.873+0000] {processor.py:183} INFO - Processing /opt/airflow/dags/utils/notification_email.py took 0.615 seconds
[2025-05-16T08:16:29.765+0000] {processor.py:161} INFO - Started process (PID=209) to work on /opt/airflow/dags/utils/notification_email.py
[2025-05-16T08:16:29.766+0000] {processor.py:830} INFO - Processing file /opt/airflow/dags/utils/notification_email.py for tasks to queue
[2025-05-16T08:16:29.768+0000] {logging_mixin.py:188} INFO - [2025-05-16T08:16:29.767+0000] {dagbag.py:545} INFO - Filling up the DagBag from /opt/airflow/dags/utils/notification_email.py
[2025-05-16T08:16:29.784+0000] {processor.py:842} WARNING - No viable dags retrieved from /opt/airflow/dags/utils/notification_email.py
[2025-05-16T08:16:30.018+0000] {processor.py:183} INFO - Processing /opt/airflow/dags/utils/notification_email.py took 0.260 seconds
[2025-05-16T08:17:00.750+0000] {processor.py:161} INFO - Started process (PID=229) to work on /opt/airflow/dags/utils/notification_email.py
[2025-05-16T08:17:00.751+0000] {processor.py:830} INFO - Processing file /opt/airflow/dags/utils/notification_email.py for tasks to queue
[2025-05-16T08:17:00.753+0000] {logging_mixin.py:188} INFO - [2025-05-16T08:17:00.753+0000] {dagbag.py:545} INFO - Filling up the DagBag from /opt/airflow/dags/utils/notification_email.py
[2025-05-16T08:17:00.765+0000] {processor.py:842} WARNING - No viable dags retrieved from /opt/airflow/dags/utils/notification_email.py
[2025-05-16T08:17:00.966+0000] {processor.py:183} INFO - Processing /opt/airflow/dags/utils/notification_email.py took 0.219 seconds
[2025-05-16T08:17:31.609+0000] {processor.py:161} INFO - Started process (PID=244) to work on /opt/airflow/dags/utils/notification_email.py
[2025-05-16T08:17:31.610+0000] {processor.py:830} INFO - Processing file /opt/airflow/dags/utils/notification_email.py for tasks to queue
[2025-05-16T08:17:31.611+0000] {logging_mixin.py:188} INFO - [2025-05-16T08:17:31.611+0000] {dagbag.py:545} INFO - Filling up the DagBag from /opt/airflow/dags/utils/notification_email.py
[2025-05-16T08:17:31.623+0000] {processor.py:842} WARNING - No viable dags retrieved from /opt/airflow/dags/utils/notification_email.py
[2025-05-16T08:17:31.811+0000] {processor.py:183} INFO - Processing /opt/airflow/dags/utils/notification_email.py took 0.207 seconds
[2025-05-16T08:18:02.431+0000] {processor.py:161} INFO - Started process (PID=260) to work on /opt/airflow/dags/utils/notification_email.py
[2025-05-16T08:18:02.432+0000] {processor.py:830} INFO - Processing file /opt/airflow/dags/utils/notification_email.py for tasks to queue
[2025-05-16T08:18:02.433+0000] {logging_mixin.py:188} INFO - [2025-05-16T08:18:02.433+0000] {dagbag.py:545} INFO - Filling up the DagBag from /opt/airflow/dags/utils/notification_email.py
[2025-05-16T08:18:02.445+0000] {processor.py:842} WARNING - No viable dags retrieved from /opt/airflow/dags/utils/notification_email.py
[2025-05-16T08:18:04.183+0000] {processor.py:183} INFO - Processing /opt/airflow/dags/utils/notification_email.py took 1.756 seconds
[2025-05-16T08:18:34.851+0000] {processor.py:161} INFO - Started process (PID=276) to work on /opt/airflow/dags/utils/notification_email.py
[2025-05-16T08:18:34.852+0000] {processor.py:830} INFO - Processing file /opt/airflow/dags/utils/notification_email.py for tasks to queue
[2025-05-16T08:18:34.854+0000] {logging_mixin.py:188} INFO - [2025-05-16T08:18:34.853+0000] {dagbag.py:545} INFO - Filling up the DagBag from /opt/airflow/dags/utils/notification_email.py
[2025-05-16T08:18:34.866+0000] {processor.py:842} WARNING - No viable dags retrieved from /opt/airflow/dags/utils/notification_email.py
[2025-05-16T08:18:35.039+0000] {processor.py:183} INFO - Processing /opt/airflow/dags/utils/notification_email.py took 0.193 seconds
[2025-05-16T08:19:05.715+0000] {processor.py:161} INFO - Started process (PID=291) to work on /opt/airflow/dags/utils/notification_email.py
[2025-05-16T08:19:05.716+0000] {processor.py:830} INFO - Processing file /opt/airflow/dags/utils/notification_email.py for tasks to queue
[2025-05-16T08:19:05.718+0000] {logging_mixin.py:188} INFO - [2025-05-16T08:19:05.718+0000] {dagbag.py:545} INFO - Filling up the DagBag from /opt/airflow/dags/utils/notification_email.py
[2025-05-16T08:19:05.735+0000] {processor.py:842} WARNING - No viable dags retrieved from /opt/airflow/dags/utils/notification_email.py
[2025-05-16T08:19:07.945+0000] {processor.py:183} INFO - Processing /opt/airflow/dags/utils/notification_email.py took 2.238 seconds
[2025-05-16T08:19:38.327+0000] {processor.py:161} INFO - Started process (PID=303) to work on /opt/airflow/dags/utils/notification_email.py
[2025-05-16T08:19:38.328+0000] {processor.py:830} INFO - Processing file /opt/airflow/dags/utils/notification_email.py for tasks to queue
[2025-05-16T08:19:38.330+0000] {logging_mixin.py:188} INFO - [2025-05-16T08:19:38.330+0000] {dagbag.py:545} INFO - Filling up the DagBag from /opt/airflow/dags/utils/notification_email.py
[2025-05-16T08:19:38.348+0000] {processor.py:842} WARNING - No viable dags retrieved from /opt/airflow/dags/utils/notification_email.py
[2025-05-16T08:19:38.549+0000] {processor.py:183} INFO - Processing /opt/airflow/dags/utils/notification_email.py took 0.226 seconds
