[2025-05-13T08:19:56.941+0000] {local_task_job_runner.py:120} INFO - ::group::Pre task execution logs
[2025-05-13T08:19:57.651+0000] {taskinstance.py:2076} INFO - Dependencies all met for dep_context=non-requeueable deps ti=<TaskInstance: random_user_pipeline.insert_postgres scheduled__2025-05-12T00:00:00+00:00 [queued]>
[2025-05-13T08:19:57.750+0000] {taskinstance.py:2076} INFO - Dependencies all met for dep_context=requeueable deps ti=<TaskInstance: random_user_pipeline.insert_postgres scheduled__2025-05-12T00:00:00+00:00 [queued]>
[2025-05-13T08:19:57.754+0000] {taskinstance.py:2306} INFO - Starting attempt 1 of 2
[2025-05-13T08:19:57.836+0000] {taskinstance.py:2330} INFO - Executing <Task(PythonOperator): insert_postgres> on 2025-05-12 00:00:00+00:00
[2025-05-13T08:19:57.868+0000] {standard_task_runner.py:90} INFO - Running: ['airflow', 'tasks', 'run', 'random_user_pipeline', 'insert_***', 'scheduled__2025-05-12T00:00:00+00:00', '--job-id', '216', '--raw', '--subdir', 'DAGS_FOLDER/random_user_pipeline.py', '--cfg-path', '/tmp/tmpg63nq0de']
[2025-05-13T08:19:57.888+0000] {standard_task_runner.py:91} INFO - Job 216: Subtask insert_***
[2025-05-13T08:19:57.894+0000] {logging_mixin.py:188} WARNING - /home/airflow/.local/lib/python3.12/site-packages/airflow/task/task_runner/standard_task_runner.py:61 DeprecationWarning: This process (pid=8288) is multi-threaded, use of fork() may lead to deadlocks in the child.
[2025-05-13T08:19:57.898+0000] {standard_task_runner.py:63} INFO - Started process 8294 to run task
[2025-05-13T08:20:00.810+0000] {task_command.py:426} INFO - Running <TaskInstance: random_user_pipeline.insert_postgres scheduled__2025-05-12T00:00:00+00:00 [running]> on host 4158771de208
[2025-05-13T08:20:10.917+0000] {taskinstance.py:2648} INFO - Exporting env vars: AIRFLOW_CTX_DAG_OWNER='airflow' AIRFLOW_CTX_DAG_ID='random_user_pipeline' AIRFLOW_CTX_TASK_ID='insert_***' AIRFLOW_CTX_EXECUTION_DATE='2025-05-12T00:00:00+00:00' AIRFLOW_CTX_TRY_NUMBER='1' AIRFLOW_CTX_DAG_RUN_ID='scheduled__2025-05-12T00:00:00+00:00'
[2025-05-13T08:20:10.918+0000] {taskinstance.py:430} INFO - ::endgroup::
[2025-05-13T08:20:10.998+0000] {logging_mixin.py:188} INFO - Parsed using ast.literal_eval (Python dict string).
[2025-05-13T08:20:12.398+0000] {logging_mixin.py:188} INFO - ✅ Database connection established.
[2025-05-13T08:20:12.436+0000] {logging_mixin.py:188} INFO - ✅ Table ready.
[2025-05-13T08:20:12.443+0000] {logging_mixin.py:188} INFO - 
--- Inserting product ---
[2025-05-13T08:20:12.452+0000] {logging_mixin.py:188} INFO - Name: Facere et id velit.
[2025-05-13T08:20:12.461+0000] {logging_mixin.py:188} INFO - Description: Minima iure soluta voluptatibus inventore. Sed dolor libero odio vero fugiat. Aperiam illum magnam tempora sapiente sed quis enim.
[2025-05-13T08:20:12.465+0000] {logging_mixin.py:188} INFO - EAN: 8096014758145
[2025-05-13T08:20:12.477+0000] {logging_mixin.py:188} INFO - UPC: 010143307396
[2025-05-13T08:20:12.483+0000] {logging_mixin.py:188} INFO - Image: http://placeimg.com/640/480/tech
[2025-05-13T08:20:12.489+0000] {logging_mixin.py:188} INFO - Net Price: 12644.08
[2025-05-13T08:20:12.493+0000] {logging_mixin.py:188} INFO - Taxes: 22.0
[2025-05-13T08:20:12.502+0000] {logging_mixin.py:188} INFO - Price: 15425.78
[2025-05-13T08:20:12.516+0000] {logging_mixin.py:188} INFO - 
--- Inserting product ---
[2025-05-13T08:20:12.518+0000] {logging_mixin.py:188} INFO - Name: Quos ut minus eos dolorum.
[2025-05-13T08:20:12.520+0000] {logging_mixin.py:188} INFO - Description: Et assumenda in at velit qui. Illum nihil dolore et fugit eligendi. Et officiis voluptatem nam dolorem molestias.
[2025-05-13T08:20:12.521+0000] {logging_mixin.py:188} INFO - EAN: 1949973020419
[2025-05-13T08:20:12.523+0000] {logging_mixin.py:188} INFO - UPC: 261077808884
[2025-05-13T08:20:12.526+0000] {logging_mixin.py:188} INFO - Image: http://placeimg.com/640/480/tech
[2025-05-13T08:20:12.527+0000] {logging_mixin.py:188} INFO - Net Price: 22.24
[2025-05-13T08:20:12.529+0000] {logging_mixin.py:188} INFO - Taxes: 22.0
[2025-05-13T08:20:12.531+0000] {logging_mixin.py:188} INFO - Price: 27.13
[2025-05-13T08:20:12.534+0000] {logging_mixin.py:188} INFO - 
--- Inserting product ---
[2025-05-13T08:20:12.536+0000] {logging_mixin.py:188} INFO - Name: Et iure dolorem ipsum eius.
[2025-05-13T08:20:12.539+0000] {logging_mixin.py:188} INFO - Description: Quia aliquid sit inventore sed adipisci et. Numquam facilis quis aperiam architecto voluptatem et sed. Rerum aut qui recusandae. Et dicta cum recusandae natus.
[2025-05-13T08:20:12.549+0000] {logging_mixin.py:188} INFO - EAN: 5533322605691
[2025-05-13T08:20:12.552+0000] {logging_mixin.py:188} INFO - UPC: 397242062805
[2025-05-13T08:20:12.555+0000] {logging_mixin.py:188} INFO - Image: http://placeimg.com/640/480/tech
[2025-05-13T08:20:12.560+0000] {logging_mixin.py:188} INFO - Net Price: 4865452.33
[2025-05-13T08:20:12.565+0000] {logging_mixin.py:188} INFO - Taxes: 22.0
[2025-05-13T08:20:12.574+0000] {logging_mixin.py:188} INFO - Price: 5935851.84
[2025-05-13T08:20:12.579+0000] {logging_mixin.py:188} INFO - 
--- Inserting product ---
[2025-05-13T08:20:12.581+0000] {logging_mixin.py:188} INFO - Name: Exercitationem earum ea ex.
[2025-05-13T08:20:12.586+0000] {logging_mixin.py:188} INFO - Description: Asperiores omnis accusamus cupiditate ipsa quidem reiciendis. Repudiandae dolorum molestiae ipsum est error perspiciatis.
[2025-05-13T08:20:12.591+0000] {logging_mixin.py:188} INFO - EAN: 2024086193225
[2025-05-13T08:20:12.593+0000] {logging_mixin.py:188} INFO - UPC: 429100907986
[2025-05-13T08:20:12.595+0000] {logging_mixin.py:188} INFO - Image: http://placeimg.com/640/480/tech
[2025-05-13T08:20:12.596+0000] {logging_mixin.py:188} INFO - Net Price: 624979.71
[2025-05-13T08:20:12.598+0000] {logging_mixin.py:188} INFO - Taxes: 22.0
[2025-05-13T08:20:12.600+0000] {logging_mixin.py:188} INFO - Price: 762475.25
[2025-05-13T08:20:12.604+0000] {logging_mixin.py:188} INFO - 
--- Inserting product ---
[2025-05-13T08:20:12.608+0000] {logging_mixin.py:188} INFO - Name: Ut sit modi sit.
[2025-05-13T08:20:12.612+0000] {logging_mixin.py:188} INFO - Description: Quod incidunt repellat iure fuga assumenda cumque veniam. Modi ut est esse reprehenderit voluptas ex. Explicabo blanditiis facere sit beatae et dignissimos aut. Et dicta qui quae quia animi.
[2025-05-13T08:20:12.614+0000] {logging_mixin.py:188} INFO - EAN: 9568442548340
[2025-05-13T08:20:12.618+0000] {logging_mixin.py:188} INFO - UPC: 425573008711
[2025-05-13T08:20:12.620+0000] {logging_mixin.py:188} INFO - Image: http://placeimg.com/640/480/tech
[2025-05-13T08:20:12.622+0000] {logging_mixin.py:188} INFO - Net Price: 629780.77
[2025-05-13T08:20:12.625+0000] {logging_mixin.py:188} INFO - Taxes: 22.0
[2025-05-13T08:20:12.626+0000] {logging_mixin.py:188} INFO - Price: 768332.54
[2025-05-13T08:20:12.630+0000] {logging_mixin.py:188} INFO - 
--- Inserting product ---
[2025-05-13T08:20:12.631+0000] {logging_mixin.py:188} INFO - Name: Sed dicta autem dolor neque.
[2025-05-13T08:20:12.632+0000] {logging_mixin.py:188} INFO - Description: Consequatur autem dolores odio. Rerum fuga rerum sequi a. Soluta dignissimos mollitia dolor beatae laboriosam eum laudantium vero.
[2025-05-13T08:20:12.633+0000] {logging_mixin.py:188} INFO - EAN: 4583400825252
[2025-05-13T08:20:12.634+0000] {logging_mixin.py:188} INFO - UPC: 392562986935
[2025-05-13T08:20:12.634+0000] {logging_mixin.py:188} INFO - Image: http://placeimg.com/640/480/tech
[2025-05-13T08:20:12.635+0000] {logging_mixin.py:188} INFO - Net Price: 41096.66
[2025-05-13T08:20:12.636+0000] {logging_mixin.py:188} INFO - Taxes: 22.0
[2025-05-13T08:20:12.638+0000] {logging_mixin.py:188} INFO - Price: 50137.93
[2025-05-13T08:20:12.644+0000] {logging_mixin.py:188} INFO - 
--- Inserting product ---
[2025-05-13T08:20:12.645+0000] {logging_mixin.py:188} INFO - Name: Cumque aut omnis cumque ipsa.
[2025-05-13T08:20:12.646+0000] {logging_mixin.py:188} INFO - Description: Voluptatum ea culpa culpa corporis nam assumenda expedita est. Veniam provident ut eligendi sapiente et. Placeat neque sit suscipit quam. Rerum deleniti quos veniam iure.
[2025-05-13T08:20:12.649+0000] {logging_mixin.py:188} INFO - EAN: 5104612144529
[2025-05-13T08:20:12.655+0000] {logging_mixin.py:188} INFO - UPC: 621368495473
[2025-05-13T08:20:12.656+0000] {logging_mixin.py:188} INFO - Image: http://placeimg.com/640/480/tech
[2025-05-13T08:20:12.657+0000] {logging_mixin.py:188} INFO - Net Price: 5.5
[2025-05-13T08:20:12.657+0000] {logging_mixin.py:188} INFO - Taxes: 22.0
[2025-05-13T08:20:12.658+0000] {logging_mixin.py:188} INFO - Price: 6.71
[2025-05-13T08:20:12.663+0000] {logging_mixin.py:188} INFO - 
--- Inserting product ---
[2025-05-13T08:20:12.664+0000] {logging_mixin.py:188} INFO - Name: Fugiat et iste ut sit.
[2025-05-13T08:20:12.665+0000] {logging_mixin.py:188} INFO - Description: Est consectetur et et dolorum autem et. Est consequatur ipsa blanditiis quam. Harum tempore modi commodi sint eius. Possimus eligendi et ipsam.
[2025-05-13T08:20:12.666+0000] {logging_mixin.py:188} INFO - EAN: 0974243965467
[2025-05-13T08:20:12.667+0000] {logging_mixin.py:188} INFO - UPC: 604488811678
[2025-05-13T08:20:12.668+0000] {logging_mixin.py:188} INFO - Image: http://placeimg.com/640/480/tech
[2025-05-13T08:20:12.669+0000] {logging_mixin.py:188} INFO - Net Price: 32278799.97
[2025-05-13T08:20:12.670+0000] {logging_mixin.py:188} INFO - Taxes: 22.0
[2025-05-13T08:20:12.671+0000] {logging_mixin.py:188} INFO - Price: 39380135.96
[2025-05-13T08:20:12.675+0000] {logging_mixin.py:188} INFO - 
--- Inserting product ---
[2025-05-13T08:20:12.676+0000] {logging_mixin.py:188} INFO - Name: Et quo quis aliquam.
[2025-05-13T08:20:12.677+0000] {logging_mixin.py:188} INFO - Description: Culpa voluptatibus ex atque et. Laudantium quod tenetur sit sed magnam. Unde aut aut ut animi. Nihil accusamus voluptatum excepturi nostrum dolorum ea impedit.
[2025-05-13T08:20:12.677+0000] {logging_mixin.py:188} INFO - EAN: 6282285306662
[2025-05-13T08:20:12.678+0000] {logging_mixin.py:188} INFO - UPC: 598391121387
[2025-05-13T08:20:12.679+0000] {logging_mixin.py:188} INFO - Image: http://placeimg.com/640/480/tech
[2025-05-13T08:20:12.680+0000] {logging_mixin.py:188} INFO - Net Price: 182.41
[2025-05-13T08:20:12.681+0000] {logging_mixin.py:188} INFO - Taxes: 22.0
[2025-05-13T08:20:12.682+0000] {logging_mixin.py:188} INFO - Price: 222.54
[2025-05-13T08:20:12.685+0000] {logging_mixin.py:188} INFO - 
--- Inserting product ---
[2025-05-13T08:20:12.687+0000] {logging_mixin.py:188} INFO - Name: Ratione veniam fugit id et.
[2025-05-13T08:20:12.688+0000] {logging_mixin.py:188} INFO - Description: Dolorem ab consequatur voluptatem itaque. Et explicabo et eum unde. Quas voluptatem debitis et pariatur voluptas amet est.
[2025-05-13T08:20:12.692+0000] {logging_mixin.py:188} INFO - EAN: 5101606445112
[2025-05-13T08:20:12.692+0000] {logging_mixin.py:188} INFO - UPC: 852500595548
[2025-05-13T08:20:12.693+0000] {logging_mixin.py:188} INFO - Image: http://placeimg.com/640/480/tech
[2025-05-13T08:20:12.694+0000] {logging_mixin.py:188} INFO - Net Price: 2.69
[2025-05-13T08:20:12.695+0000] {logging_mixin.py:188} INFO - Taxes: 22.0
[2025-05-13T08:20:12.697+0000] {logging_mixin.py:188} INFO - Price: 3.28
[2025-05-13T08:20:12.712+0000] {logging_mixin.py:188} INFO - 
✅ Inserted 10 products successfully.
[2025-05-13T08:20:12.716+0000] {logging_mixin.py:188} INFO - 🔒 DB connection closed.
[2025-05-13T08:20:12.717+0000] {python.py:237} INFO - Done. Returned value was: None
[2025-05-13T08:20:12.719+0000] {taskinstance.py:441} INFO - ::group::Post task execution logs
[2025-05-13T08:20:13.242+0000] {taskinstance.py:1206} INFO - Marking task as SUCCESS. dag_id=random_user_pipeline, task_id=insert_***, run_id=scheduled__2025-05-12T00:00:00+00:00, execution_date=20250512T000000, start_date=20250513T081957, end_date=20250513T082013
[2025-05-13T08:20:13.380+0000] {local_task_job_runner.py:240} INFO - Task exited with return code 0
[2025-05-13T08:20:14.233+0000] {taskinstance.py:3503} INFO - 0 downstream tasks scheduled from follow-on schedule check
[2025-05-13T08:20:14.238+0000] {local_task_job_runner.py:222} INFO - ::endgroup::
