[2025-05-22T05:41:58.871+0000] {local_task_job_runner.py:120} INFO - ::group::Pre task execution logs
[2025-05-22T05:41:59.102+0000] {taskinstance.py:2076} INFO - Dependencies all met for dep_context=non-requeueable deps ti=<TaskInstance: random_user_pipeline.log_ingestion_audit manual__2025-05-22T05:40:44.862630+00:00 [queued]>
[2025-05-22T05:41:59.112+0000] {taskinstance.py:2076} INFO - Dependencies all met for dep_context=requeueable deps ti=<TaskInstance: random_user_pipeline.log_ingestion_audit manual__2025-05-22T05:40:44.862630+00:00 [queued]>
[2025-05-22T05:41:59.114+0000] {taskinstance.py:2306} INFO - Starting attempt 2 of 2
[2025-05-22T05:41:59.129+0000] {taskinstance.py:2330} INFO - Executing <Task(PostgresOperator): log_ingestion_audit> on 2025-05-22 05:40:44.862630+00:00
[2025-05-22T05:41:59.136+0000] {logging_mixin.py:188} WARNING - /home/airflow/.local/lib/python3.12/site-packages/airflow/task/task_runner/standard_task_runner.py:61 DeprecationWarning: This process (pid=425) is multi-threaded, use of fork() may lead to deadlocks in the child.
[2025-05-22T05:41:59.137+0000] {standard_task_runner.py:63} INFO - Started process 431 to run task
[2025-05-22T05:41:59.136+0000] {standard_task_runner.py:90} INFO - Running: ['airflow', 'tasks', 'run', 'random_user_pipeline', 'log_ingestion_audit', 'manual__2025-05-22T05:40:44.862630+00:00', '--job-id', '383', '--raw', '--subdir', 'DAGS_FOLDER/random_user_pipeline.py', '--cfg-path', '/tmp/tmpu2kz0n_t']
[2025-05-22T05:41:59.137+0000] {standard_task_runner.py:91} INFO - Job 383: Subtask log_ingestion_audit
[2025-05-22T05:41:59.955+0000] {task_command.py:426} INFO - Running <TaskInstance: random_user_pipeline.log_ingestion_audit manual__2025-05-22T05:40:44.862630+00:00 [running]> on host cd3a1fee70a8
[2025-05-22T05:42:05.500+0000] {taskinstance.py:2648} INFO - Exporting env vars: AIRFLOW_CTX_DAG_EMAIL='papala.ramesh@quation.in,smilesoframs@gmail.com,ramesh.rams333@gmail.com' AIRFLOW_CTX_DAG_OWNER='airflow' AIRFLOW_CTX_DAG_ID='random_user_pipeline' AIRFLOW_CTX_TASK_ID='log_ingestion_audit' AIRFLOW_CTX_EXECUTION_DATE='2025-05-22T05:40:44.862630+00:00' AIRFLOW_CTX_TRY_NUMBER='2' AIRFLOW_CTX_DAG_RUN_ID='manual__2025-05-22T05:40:44.862630+00:00'
[2025-05-22T05:42:05.502+0000] {taskinstance.py:430} INFO - ::endgroup::
[2025-05-22T05:42:05.514+0000] {sql.py:276} INFO - Executing: -- Insert audit log
INSERT INTO ingestion_audit (
    ingestion_date,
    source,
    record_count,
    status,
    notes,
    retry_count,
    start_time,
    end_time
)
VALUES (
    '2025-05-22',
    'random_product_api',
    0,
    'unknown',
    'no notes',
    0,
    ''::timestamp,
    ''::timestamp
);
[2025-05-22T05:42:05.515+0000] {crypto.py:82} WARNING - empty cryptography key - values will not be stored encrypted.
[2025-05-22T05:42:05.516+0000] {base.py:84} INFO - Using connection ID '***_default' for task execution.
[2025-05-22T05:42:05.520+0000] {base.py:84} INFO - Using connection ID '***_default' for task execution.
[2025-05-22T05:42:05.954+0000] {sql.py:487} INFO - Running statement: -- Insert audit log
INSERT INTO ingestion_audit (
    ingestion_date,
    source,
    record_count,
    status,
    notes,
    retry_count,
    start_time,
    end_time
)
VALUES (
    '2025-05-22',
    'random_product_api',
    0,
    'unknown',
    'no notes',
    0,
    ''::timestamp,
    ''::timestamp
);, parameters: None
[2025-05-22T05:42:05.958+0000] {taskinstance.py:441} INFO - ::group::Post task execution logs
[2025-05-22T05:42:05.959+0000] {taskinstance.py:2905} ERROR - Task failed with exception
Traceback (most recent call last):
  File "/home/airflow/.local/lib/python3.12/site-packages/airflow/models/taskinstance.py", line 465, in _execute_task
    result = _execute_callable(context=context, **execute_callable_kwargs)
             ^^^^^^^^^^^^^^^^^^^^^^^^^^^^^^^^^^^^^^^^^^^^^^^^^^^^^^^^^^^^^
  File "/home/airflow/.local/lib/python3.12/site-packages/airflow/models/taskinstance.py", line 432, in _execute_callable
    return execute_callable(context=context, **execute_callable_kwargs)
           ^^^^^^^^^^^^^^^^^^^^^^^^^^^^^^^^^^^^^^^^^^^^^^^^^^^^^^^^^^^^
  File "/home/airflow/.local/lib/python3.12/site-packages/airflow/models/baseoperator.py", line 401, in wrapper
    return func(self, *args, **kwargs)
           ^^^^^^^^^^^^^^^^^^^^^^^^^^^
  File "/home/airflow/.local/lib/python3.12/site-packages/airflow/providers/common/sql/operators/sql.py", line 282, in execute
    output = hook.run(
             ^^^^^^^^^
  File "/home/airflow/.local/lib/python3.12/site-packages/airflow/providers/common/sql/hooks/sql.py", line 435, in run
    self._run_command(cur, sql_statement, parameters)
  File "/home/airflow/.local/lib/python3.12/site-packages/airflow/providers/common/sql/hooks/sql.py", line 492, in _run_command
    cur.execute(sql_statement)
psycopg2.errors.InvalidDatetimeFormat: invalid input syntax for type timestamp: ""
LINE 19:     ''::timestamp,
             ^

[2025-05-22T05:42:06.203+0000] {taskinstance.py:1206} INFO - Marking task as FAILED. dag_id=random_user_pipeline, task_id=log_ingestion_audit, run_id=manual__2025-05-22T05:40:44.862630+00:00, execution_date=20250522T054044, start_date=20250522T054159, end_date=20250522T054206
[2025-05-22T05:42:06.231+0000] {logging_mixin.py:188} WARNING - /home/airflow/.local/lib/python3.12/site-packages/airflow/utils/email.py:154 RemovedInAirflow3Warning: Fetching SMTP credentials from configuration variables will be deprecated in a future release. Please set credentials using a connection instead.
[2025-05-22T05:42:06.231+0000] {email.py:271} INFO - Email alerting: attempt 1
[2025-05-22T05:42:07.487+0000] {email.py:282} INFO - Sent an alert email to ['papala.ramesh@quation.in', 'smilesoframs@gmail.com', 'ramesh.rams333@gmail.com']
[2025-05-22T05:42:09.870+0000] {standard_task_runner.py:110} ERROR - Failed to execute job 383 for task log_ingestion_audit (invalid input syntax for type timestamp: ""
LINE 19:     ''::timestamp,
             ^
; 431)
[2025-05-22T05:42:09.906+0000] {local_task_job_runner.py:240} INFO - Task exited with return code 1
[2025-05-22T05:42:10.235+0000] {taskinstance.py:3503} INFO - 0 downstream tasks scheduled from follow-on schedule check
[2025-05-22T05:42:10.237+0000] {local_task_job_runner.py:222} INFO - ::endgroup::
