[2025-05-16T07:35:01.364+0000] {local_task_job_runner.py:120} INFO - ::group::Pre task execution logs
[2025-05-16T07:35:04.717+0000] {taskinstance.py:2076} INFO - Dependencies all met for dep_context=non-requeueable deps ti=<TaskInstance: random_user_pipeline.insert_postgres manual__2025-05-16T07:34:45.503025+00:00 [queued]>
[2025-05-16T07:35:04.739+0000] {taskinstance.py:2076} INFO - Dependencies all met for dep_context=requeueable deps ti=<TaskInstance: random_user_pipeline.insert_postgres manual__2025-05-16T07:34:45.503025+00:00 [queued]>
[2025-05-16T07:35:04.742+0000] {taskinstance.py:2306} INFO - Starting attempt 1 of 2
[2025-05-16T07:35:04.778+0000] {taskinstance.py:2330} INFO - Executing <Task(PythonOperator): insert_postgres> on 2025-05-16 07:34:45.503025+00:00
[2025-05-16T07:35:04.789+0000] {standard_task_runner.py:90} INFO - Running: ['airflow', 'tasks', 'run', 'random_user_pipeline', 'insert_***', 'manual__2025-05-16T07:34:45.503025+00:00', '--job-id', '252', '--raw', '--subdir', 'DAGS_FOLDER/random_user_pipeline.py', '--cfg-path', '/tmp/tmp6n8go1cl']
[2025-05-16T07:35:04.794+0000] {standard_task_runner.py:91} INFO - Job 252: Subtask insert_***
[2025-05-16T07:35:04.794+0000] {logging_mixin.py:188} WARNING - /home/airflow/.local/lib/python3.12/site-packages/airflow/task/task_runner/standard_task_runner.py:61 DeprecationWarning: This process (pid=234) is multi-threaded, use of fork() may lead to deadlocks in the child.
[2025-05-16T07:35:04.795+0000] {standard_task_runner.py:63} INFO - Started process 245 to run task
[2025-05-16T07:35:06.393+0000] {task_command.py:426} INFO - Running <TaskInstance: random_user_pipeline.insert_postgres manual__2025-05-16T07:34:45.503025+00:00 [running]> on host 8622e57d0fad
[2025-05-16T07:35:08.914+0000] {taskinstance.py:2648} INFO - Exporting env vars: AIRFLOW_CTX_DAG_EMAIL='papala.ramesh@quation.in,smilesoframs@gmail.com,ramesh.rams333@gmail.com' AIRFLOW_CTX_DAG_OWNER='airflow' AIRFLOW_CTX_DAG_ID='random_user_pipeline' AIRFLOW_CTX_TASK_ID='insert_***' AIRFLOW_CTX_EXECUTION_DATE='2025-05-16T07:34:45.503025+00:00' AIRFLOW_CTX_TRY_NUMBER='1' AIRFLOW_CTX_DAG_RUN_ID='manual__2025-05-16T07:34:45.503025+00:00'
[2025-05-16T07:35:08.916+0000] {taskinstance.py:430} INFO - ::endgroup::
[2025-05-16T07:35:08.940+0000] {logging_mixin.py:188} INFO - Parsed using ast.literal_eval (Python dict string).
[2025-05-16T07:35:09.339+0000] {logging_mixin.py:188} INFO - ✅ Database connection established.
[2025-05-16T07:35:09.344+0000] {logging_mixin.py:188} INFO - ✅ Table ready.
[2025-05-16T07:35:09.345+0000] {logging_mixin.py:188} INFO - 
--- Inserting product ---
[2025-05-16T07:35:09.345+0000] {logging_mixin.py:188} INFO - Name: Magnam rem non sit minima.
[2025-05-16T07:35:09.346+0000] {logging_mixin.py:188} INFO - Description: Sit laborum ex error impedit sit voluptate. In est distinctio et. Asperiores quaerat dicta praesentium. Eius eum nihil dignissimos a alias et at sint.
[2025-05-16T07:35:09.347+0000] {logging_mixin.py:188} INFO - EAN: 0054554246087
[2025-05-16T07:35:09.348+0000] {logging_mixin.py:188} INFO - UPC: 652059562809
[2025-05-16T07:35:09.348+0000] {logging_mixin.py:188} INFO - Image: http://placeimg.com/640/480/tech
[2025-05-16T07:35:09.349+0000] {logging_mixin.py:188} INFO - Net Price: 17651.34
[2025-05-16T07:35:09.350+0000] {logging_mixin.py:188} INFO - Taxes: 22.0
[2025-05-16T07:35:09.351+0000] {logging_mixin.py:188} INFO - Price: 21534.63
[2025-05-16T07:35:09.356+0000] {logging_mixin.py:188} INFO - 
--- Inserting product ---
[2025-05-16T07:35:09.357+0000] {logging_mixin.py:188} INFO - Name: Dolorem cum voluptatem et et.
[2025-05-16T07:35:09.358+0000] {logging_mixin.py:188} INFO - Description: Est molestiae rem quo aut perspiciatis dignissimos enim. Et est libero consequatur. Sunt qui totam maiores earum dignissimos assumenda dolores.
[2025-05-16T07:35:09.359+0000] {logging_mixin.py:188} INFO - EAN: 6309635914497
[2025-05-16T07:35:09.362+0000] {logging_mixin.py:188} INFO - UPC: 501886108423
[2025-05-16T07:35:09.362+0000] {logging_mixin.py:188} INFO - Image: http://placeimg.com/640/480/tech
[2025-05-16T07:35:09.363+0000] {logging_mixin.py:188} INFO - Net Price: 446479413.35
[2025-05-16T07:35:09.364+0000] {logging_mixin.py:188} INFO - Taxes: 22.0
[2025-05-16T07:35:09.365+0000] {logging_mixin.py:188} INFO - Price: 544704884.29
[2025-05-16T07:35:09.367+0000] {logging_mixin.py:188} INFO - 
--- Inserting product ---
[2025-05-16T07:35:09.368+0000] {logging_mixin.py:188} INFO - Name: Iste vero ullam est qui.
[2025-05-16T07:35:09.369+0000] {logging_mixin.py:188} INFO - Description: Dolore eligendi at voluptatem voluptas sunt animi. Repudiandae tempora qui est. Ipsum dolores corrupti culpa repellat iusto rerum veniam.
[2025-05-16T07:35:09.369+0000] {logging_mixin.py:188} INFO - EAN: 2859408825016
[2025-05-16T07:35:09.370+0000] {logging_mixin.py:188} INFO - UPC: 502167968027
[2025-05-16T07:35:09.371+0000] {logging_mixin.py:188} INFO - Image: http://placeimg.com/640/480/tech
[2025-05-16T07:35:09.371+0000] {logging_mixin.py:188} INFO - Net Price: 160144.18
[2025-05-16T07:35:09.372+0000] {logging_mixin.py:188} INFO - Taxes: 22.0
[2025-05-16T07:35:09.373+0000] {logging_mixin.py:188} INFO - Price: 195375.9
[2025-05-16T07:35:09.375+0000] {logging_mixin.py:188} INFO - 
--- Inserting product ---
[2025-05-16T07:35:09.376+0000] {logging_mixin.py:188} INFO - Name: Modi eum ex eos commodi.
[2025-05-16T07:35:09.376+0000] {logging_mixin.py:188} INFO - Description: Id quod sunt ad quidem. Praesentium dicta voluptas totam. Ipsum omnis quaerat qui voluptatem ut itaque autem. Voluptatem et tempora nihil est fugit maiores. Numquam fugit assumenda esse fugit aut.
[2025-05-16T07:35:09.377+0000] {logging_mixin.py:188} INFO - EAN: 0804482661199
[2025-05-16T07:35:09.377+0000] {logging_mixin.py:188} INFO - UPC: 016638306081
[2025-05-16T07:35:09.378+0000] {logging_mixin.py:188} INFO - Image: http://placeimg.com/640/480/tech
[2025-05-16T07:35:09.378+0000] {logging_mixin.py:188} INFO - Net Price: 331593.61
[2025-05-16T07:35:09.379+0000] {logging_mixin.py:188} INFO - Taxes: 22.0
[2025-05-16T07:35:09.379+0000] {logging_mixin.py:188} INFO - Price: 404544.2
[2025-05-16T07:35:09.382+0000] {logging_mixin.py:188} INFO - 
--- Inserting product ---
[2025-05-16T07:35:09.382+0000] {logging_mixin.py:188} INFO - Name: Ipsam quis velit esse a nisi.
[2025-05-16T07:35:09.383+0000] {logging_mixin.py:188} INFO - Description: Perferendis cum consequuntur magnam voluptate sunt incidunt. Minus neque nihil recusandae voluptatem est doloribus alias.
[2025-05-16T07:35:09.384+0000] {logging_mixin.py:188} INFO - EAN: 6833038546134
[2025-05-16T07:35:09.385+0000] {logging_mixin.py:188} INFO - UPC: 285770321771
[2025-05-16T07:35:09.385+0000] {logging_mixin.py:188} INFO - Image: http://placeimg.com/640/480/tech
[2025-05-16T07:35:09.386+0000] {logging_mixin.py:188} INFO - Net Price: 70234528.27
[2025-05-16T07:35:09.387+0000] {logging_mixin.py:188} INFO - Taxes: 22.0
[2025-05-16T07:35:09.387+0000] {logging_mixin.py:188} INFO - Price: 85686124.49
[2025-05-16T07:35:09.390+0000] {logging_mixin.py:188} INFO - 
--- Inserting product ---
[2025-05-16T07:35:09.391+0000] {logging_mixin.py:188} INFO - Name: Laborum aut omnis voluptates.
[2025-05-16T07:35:09.392+0000] {logging_mixin.py:188} INFO - Description: Architecto voluptates ducimus sint esse voluptatibus. Temporibus quia distinctio magnam eaque blanditiis. Consectetur ea ea consequatur. Et voluptatem quia nostrum accusamus sunt maxime at.
[2025-05-16T07:35:09.393+0000] {logging_mixin.py:188} INFO - EAN: 1154979974318
[2025-05-16T07:35:09.394+0000] {logging_mixin.py:188} INFO - UPC: 529504500087
[2025-05-16T07:35:09.395+0000] {logging_mixin.py:188} INFO - Image: http://placeimg.com/640/480/tech
[2025-05-16T07:35:09.396+0000] {logging_mixin.py:188} INFO - Net Price: 36.12
[2025-05-16T07:35:09.397+0000] {logging_mixin.py:188} INFO - Taxes: 22.0
[2025-05-16T07:35:09.397+0000] {logging_mixin.py:188} INFO - Price: 44.07
[2025-05-16T07:35:09.400+0000] {logging_mixin.py:188} INFO - 
--- Inserting product ---
[2025-05-16T07:35:09.401+0000] {logging_mixin.py:188} INFO - Name: Ut ut fugiat et quis.
[2025-05-16T07:35:09.402+0000] {logging_mixin.py:188} INFO - Description: Est omnis est et iure sed aliquam asperiores consequuntur. Cupiditate mollitia quibusdam eos ut blanditiis. Voluptatem reprehenderit perferendis vel. Sed est sequi non enim.
[2025-05-16T07:35:09.403+0000] {logging_mixin.py:188} INFO - EAN: 2801485794969
[2025-05-16T07:35:09.404+0000] {logging_mixin.py:188} INFO - UPC: 715166432428
[2025-05-16T07:35:09.406+0000] {logging_mixin.py:188} INFO - Image: http://placeimg.com/640/480/tech
[2025-05-16T07:35:09.408+0000] {logging_mixin.py:188} INFO - Net Price: 203.51
[2025-05-16T07:35:09.409+0000] {logging_mixin.py:188} INFO - Taxes: 22.0
[2025-05-16T07:35:09.410+0000] {logging_mixin.py:188} INFO - Price: 248.28
[2025-05-16T07:35:09.413+0000] {logging_mixin.py:188} INFO - 
--- Inserting product ---
[2025-05-16T07:35:09.414+0000] {logging_mixin.py:188} INFO - Name: Et ea natus quae voluptas.
[2025-05-16T07:35:09.415+0000] {logging_mixin.py:188} INFO - Description: Incidunt et voluptas reprehenderit ratione. Laudantium sint minima excepturi nam et porro. Temporibus perspiciatis aut consequatur quos.
[2025-05-16T07:35:09.416+0000] {logging_mixin.py:188} INFO - EAN: 3997127317708
[2025-05-16T07:35:09.417+0000] {logging_mixin.py:188} INFO - UPC: 497983450224
[2025-05-16T07:35:09.418+0000] {logging_mixin.py:188} INFO - Image: http://placeimg.com/640/480/tech
[2025-05-16T07:35:09.419+0000] {logging_mixin.py:188} INFO - Net Price: 1887.8
[2025-05-16T07:35:09.420+0000] {logging_mixin.py:188} INFO - Taxes: 22.0
[2025-05-16T07:35:09.421+0000] {logging_mixin.py:188} INFO - Price: 2303.12
[2025-05-16T07:35:09.424+0000] {logging_mixin.py:188} INFO - 
--- Inserting product ---
[2025-05-16T07:35:09.425+0000] {logging_mixin.py:188} INFO - Name: Ut deserunt sit dolores et.
[2025-05-16T07:35:09.426+0000] {logging_mixin.py:188} INFO - Description: Est eius et vel ipsa. Quaerat consequatur et ullam labore eos tempore eaque. Ut tempore at sapiente eveniet.
[2025-05-16T07:35:09.427+0000] {logging_mixin.py:188} INFO - EAN: 7165150313714
[2025-05-16T07:35:09.429+0000] {logging_mixin.py:188} INFO - UPC: 049888420070
[2025-05-16T07:35:09.430+0000] {logging_mixin.py:188} INFO - Image: http://placeimg.com/640/480/tech
[2025-05-16T07:35:09.431+0000] {logging_mixin.py:188} INFO - Net Price: 128940493.79
[2025-05-16T07:35:09.432+0000] {logging_mixin.py:188} INFO - Taxes: 22.0
[2025-05-16T07:35:09.434+0000] {logging_mixin.py:188} INFO - Price: 157307402.42
[2025-05-16T07:35:09.438+0000] {logging_mixin.py:188} INFO - 
--- Inserting product ---
[2025-05-16T07:35:09.439+0000] {logging_mixin.py:188} INFO - Name: Hic ut rerum eos impedit ut.
[2025-05-16T07:35:09.439+0000] {logging_mixin.py:188} INFO - Description: Occaecati voluptatum aliquam labore eum deleniti voluptatem. Adipisci sit natus molestias animi deleniti. Quia quam qui quae accusamus minus incidunt sit. Qui nam doloribus et labore.
[2025-05-16T07:35:09.440+0000] {logging_mixin.py:188} INFO - EAN: 2028310001157
[2025-05-16T07:35:09.441+0000] {logging_mixin.py:188} INFO - UPC: 914960899241
[2025-05-16T07:35:09.442+0000] {logging_mixin.py:188} INFO - Image: http://placeimg.com/640/480/tech
[2025-05-16T07:35:09.443+0000] {logging_mixin.py:188} INFO - Net Price: 3.95
[2025-05-16T07:35:09.444+0000] {logging_mixin.py:188} INFO - Taxes: 22.0
[2025-05-16T07:35:09.445+0000] {logging_mixin.py:188} INFO - Price: 4.82
[2025-05-16T07:35:09.451+0000] {logging_mixin.py:188} INFO - 
✅ Inserted 10 products successfully.
[2025-05-16T07:35:09.452+0000] {logging_mixin.py:188} INFO - 🔒 DB connection closed.
[2025-05-16T07:35:09.453+0000] {python.py:237} INFO - Done. Returned value was: None
[2025-05-16T07:35:09.454+0000] {taskinstance.py:441} INFO - ::group::Post task execution logs
[2025-05-16T07:35:09.892+0000] {taskinstance.py:1206} INFO - Marking task as SUCCESS. dag_id=random_user_pipeline, task_id=insert_***, run_id=manual__2025-05-16T07:34:45.503025+00:00, execution_date=20250516T073445, start_date=20250516T073504, end_date=20250516T073509
[2025-05-16T07:35:10.712+0000] {local_task_job_runner.py:240} INFO - Task exited with return code 0
[2025-05-16T07:35:11.201+0000] {taskinstance.py:3503} INFO - 0 downstream tasks scheduled from follow-on schedule check
[2025-05-16T07:35:11.206+0000] {local_task_job_runner.py:222} INFO - ::endgroup::
