[2025-04-30T03:04:54.405+0000] {local_task_job_runner.py:120} INFO - ::group::Pre task execution logs
[2025-04-30T03:04:55.029+0000] {taskinstance.py:2076} INFO - Dependencies all met for dep_context=non-requeueable deps ti=<TaskInstance: random_user_pipeline.insert_postgres scheduled__2025-04-29T00:00:00+00:00 [queued]>
[2025-04-30T03:04:55.136+0000] {taskinstance.py:2076} INFO - Dependencies all met for dep_context=requeueable deps ti=<TaskInstance: random_user_pipeline.insert_postgres scheduled__2025-04-29T00:00:00+00:00 [queued]>
[2025-04-30T03:04:55.169+0000] {taskinstance.py:2306} INFO - Starting attempt 1 of 2
[2025-04-30T03:04:55.317+0000] {taskinstance.py:2330} INFO - Executing <Task(PythonOperator): insert_postgres> on 2025-04-29 00:00:00+00:00
[2025-04-30T03:04:55.346+0000] {standard_task_runner.py:90} INFO - Running: ['airflow', 'tasks', 'run', 'random_user_pipeline', 'insert_***', 'scheduled__2025-04-29T00:00:00+00:00', '--job-id', '202', '--raw', '--subdir', 'DAGS_FOLDER/random_user_pipeline.py', '--cfg-path', '/tmp/tmpar1obc2m']
[2025-04-30T03:04:55.360+0000] {logging_mixin.py:188} WARNING - /home/airflow/.local/lib/python3.12/site-packages/airflow/task/task_runner/standard_task_runner.py:61 DeprecationWarning: This process (pid=442) is multi-threaded, use of fork() may lead to deadlocks in the child.
[2025-04-30T03:04:55.369+0000] {standard_task_runner.py:91} INFO - Job 202: Subtask insert_***
[2025-04-30T03:04:55.371+0000] {standard_task_runner.py:63} INFO - Started process 443 to run task
[2025-04-30T03:04:56.564+0000] {task_command.py:426} INFO - Running <TaskInstance: random_user_pipeline.insert_postgres scheduled__2025-04-29T00:00:00+00:00 [running]> on host 4158771de208
[2025-04-30T03:04:59.042+0000] {taskinstance.py:2648} INFO - Exporting env vars: AIRFLOW_CTX_DAG_OWNER='airflow' AIRFLOW_CTX_DAG_ID='random_user_pipeline' AIRFLOW_CTX_TASK_ID='insert_***' AIRFLOW_CTX_EXECUTION_DATE='2025-04-29T00:00:00+00:00' AIRFLOW_CTX_TRY_NUMBER='1' AIRFLOW_CTX_DAG_RUN_ID='scheduled__2025-04-29T00:00:00+00:00'
[2025-04-30T03:04:59.045+0000] {taskinstance.py:430} INFO - ::endgroup::
[2025-04-30T03:04:59.085+0000] {logging_mixin.py:188} INFO - Parsed using ast.literal_eval (Python dict string).
[2025-04-30T03:04:59.458+0000] {logging_mixin.py:188} INFO - ✅ Database connection established.
[2025-04-30T03:04:59.463+0000] {logging_mixin.py:188} INFO - ✅ Table ready.
[2025-04-30T03:04:59.464+0000] {logging_mixin.py:188} INFO - 
--- Inserting product ---
[2025-04-30T03:04:59.465+0000] {logging_mixin.py:188} INFO - Name: Debitis ut harum dolor quis.
[2025-04-30T03:04:59.466+0000] {logging_mixin.py:188} INFO - Description: Ut voluptatem eum maiores. Voluptate consequatur aut placeat et voluptatum vel. Quos ut iure unde aspernatur sit.
[2025-04-30T03:04:59.467+0000] {logging_mixin.py:188} INFO - EAN: 2358794845764
[2025-04-30T03:04:59.467+0000] {logging_mixin.py:188} INFO - UPC: 682333320367
[2025-04-30T03:04:59.468+0000] {logging_mixin.py:188} INFO - Image: http://placeimg.com/640/480/tech
[2025-04-30T03:04:59.469+0000] {logging_mixin.py:188} INFO - Net Price: 3087533.97
[2025-04-30T03:04:59.470+0000] {logging_mixin.py:188} INFO - Taxes: 22.0
[2025-04-30T03:04:59.470+0000] {logging_mixin.py:188} INFO - Price: 3766791.44
[2025-04-30T03:04:59.475+0000] {logging_mixin.py:188} INFO - 
--- Inserting product ---
[2025-04-30T03:04:59.476+0000] {logging_mixin.py:188} INFO - Name: Quisquam qui minus delectus.
[2025-04-30T03:04:59.477+0000] {logging_mixin.py:188} INFO - Description: Sed sed suscipit porro voluptatem harum. Sint fugit et culpa qui dolorem. Tempore ex non accusamus sit id.
[2025-04-30T03:04:59.478+0000] {logging_mixin.py:188} INFO - EAN: 5886271822689
[2025-04-30T03:04:59.478+0000] {logging_mixin.py:188} INFO - UPC: 745303951144
[2025-04-30T03:04:59.479+0000] {logging_mixin.py:188} INFO - Image: http://placeimg.com/640/480/tech
[2025-04-30T03:04:59.480+0000] {logging_mixin.py:188} INFO - Net Price: 68.1
[2025-04-30T03:04:59.480+0000] {logging_mixin.py:188} INFO - Taxes: 22.0
[2025-04-30T03:04:59.481+0000] {logging_mixin.py:188} INFO - Price: 83.08
[2025-04-30T03:04:59.483+0000] {logging_mixin.py:188} INFO - 
--- Inserting product ---
[2025-04-30T03:04:59.484+0000] {logging_mixin.py:188} INFO - Name: Dolorem ipsam sint dolorem.
[2025-04-30T03:04:59.485+0000] {logging_mixin.py:188} INFO - Description: Qui velit labore tempore et et quas necessitatibus. Aspernatur consequatur vel et consequatur modi rem voluptatem. Quam rerum sed quis omnis.
[2025-04-30T03:04:59.485+0000] {logging_mixin.py:188} INFO - EAN: 4384169458367
[2025-04-30T03:04:59.486+0000] {logging_mixin.py:188} INFO - UPC: 681892955666
[2025-04-30T03:04:59.487+0000] {logging_mixin.py:188} INFO - Image: http://placeimg.com/640/480/tech
[2025-04-30T03:04:59.488+0000] {logging_mixin.py:188} INFO - Net Price: 10537702.8
[2025-04-30T03:04:59.489+0000] {logging_mixin.py:188} INFO - Taxes: 22.0
[2025-04-30T03:04:59.490+0000] {logging_mixin.py:188} INFO - Price: 12855997.42
[2025-04-30T03:04:59.493+0000] {logging_mixin.py:188} INFO - 
--- Inserting product ---
[2025-04-30T03:04:59.494+0000] {logging_mixin.py:188} INFO - Name: Aut provident et dolorem.
[2025-04-30T03:04:59.494+0000] {logging_mixin.py:188} INFO - Description: Eveniet rerum itaque est. Voluptas nam sit eveniet enim nisi sapiente. Rerum dolor libero qui vel voluptas ipsum. Veritatis voluptatem sint ea veniam nulla ipsam qui.
[2025-04-30T03:04:59.495+0000] {logging_mixin.py:188} INFO - EAN: 0388516480975
[2025-04-30T03:04:59.496+0000] {logging_mixin.py:188} INFO - UPC: 704934872774
[2025-04-30T03:04:59.496+0000] {logging_mixin.py:188} INFO - Image: http://placeimg.com/640/480/tech
[2025-04-30T03:04:59.497+0000] {logging_mixin.py:188} INFO - Net Price: 73.79
[2025-04-30T03:04:59.498+0000] {logging_mixin.py:188} INFO - Taxes: 22.0
[2025-04-30T03:04:59.498+0000] {logging_mixin.py:188} INFO - Price: 90.02
[2025-04-30T03:04:59.501+0000] {logging_mixin.py:188} INFO - 
--- Inserting product ---
[2025-04-30T03:04:59.501+0000] {logging_mixin.py:188} INFO - Name: Et quo et et nostrum qui.
[2025-04-30T03:04:59.503+0000] {logging_mixin.py:188} INFO - Description: Odit quibusdam ea non molestias harum et eaque. Cupiditate eius dolorem quis laborum autem et id.
[2025-04-30T03:04:59.504+0000] {logging_mixin.py:188} INFO - EAN: 4217705232025
[2025-04-30T03:04:59.504+0000] {logging_mixin.py:188} INFO - UPC: 750924812499
[2025-04-30T03:04:59.505+0000] {logging_mixin.py:188} INFO - Image: http://placeimg.com/640/480/tech
[2025-04-30T03:04:59.506+0000] {logging_mixin.py:188} INFO - Net Price: 47291.63
[2025-04-30T03:04:59.507+0000] {logging_mixin.py:188} INFO - Taxes: 22.0
[2025-04-30T03:04:59.507+0000] {logging_mixin.py:188} INFO - Price: 57695.79
[2025-04-30T03:04:59.511+0000] {logging_mixin.py:188} INFO - 
--- Inserting product ---
[2025-04-30T03:04:59.513+0000] {logging_mixin.py:188} INFO - Name: Nulla dolor suscipit modi.
[2025-04-30T03:04:59.513+0000] {logging_mixin.py:188} INFO - Description: Commodi aut velit explicabo sed. Provident esse ratione fugiat voluptatum adipisci laborum quam.
[2025-04-30T03:04:59.514+0000] {logging_mixin.py:188} INFO - EAN: 0177137519085
[2025-04-30T03:04:59.515+0000] {logging_mixin.py:188} INFO - UPC: 598714282195
[2025-04-30T03:04:59.516+0000] {logging_mixin.py:188} INFO - Image: http://placeimg.com/640/480/tech
[2025-04-30T03:04:59.517+0000] {logging_mixin.py:188} INFO - Net Price: 131.68
[2025-04-30T03:04:59.517+0000] {logging_mixin.py:188} INFO - Taxes: 22.0
[2025-04-30T03:04:59.518+0000] {logging_mixin.py:188} INFO - Price: 160.65
[2025-04-30T03:04:59.520+0000] {logging_mixin.py:188} INFO - 
--- Inserting product ---
[2025-04-30T03:04:59.522+0000] {logging_mixin.py:188} INFO - Name: Hic sit saepe in odit.
[2025-04-30T03:04:59.522+0000] {logging_mixin.py:188} INFO - Description: Accusamus hic omnis porro occaecati. Vel dolorum libero commodi qui est laborum. Repellat et nihil modi quas numquam atque.
[2025-04-30T03:04:59.523+0000] {logging_mixin.py:188} INFO - EAN: 5251170861907
[2025-04-30T03:04:59.524+0000] {logging_mixin.py:188} INFO - UPC: 200006288366
[2025-04-30T03:04:59.528+0000] {logging_mixin.py:188} INFO - Image: http://placeimg.com/640/480/tech
[2025-04-30T03:04:59.530+0000] {logging_mixin.py:188} INFO - Net Price: 172095982.79
[2025-04-30T03:04:59.530+0000] {logging_mixin.py:188} INFO - Taxes: 22.0
[2025-04-30T03:04:59.531+0000] {logging_mixin.py:188} INFO - Price: 209957099.0
[2025-04-30T03:04:59.536+0000] {logging_mixin.py:188} INFO - 
--- Inserting product ---
[2025-04-30T03:04:59.540+0000] {logging_mixin.py:188} INFO - Name: Qui error porro magnam enim.
[2025-04-30T03:04:59.541+0000] {logging_mixin.py:188} INFO - Description: Odit voluptatem laboriosam quis ut vel. Omnis magni animi vel laborum reprehenderit laboriosam.
[2025-04-30T03:04:59.542+0000] {logging_mixin.py:188} INFO - EAN: 2672466641899
[2025-04-30T03:04:59.543+0000] {logging_mixin.py:188} INFO - UPC: 522811441529
[2025-04-30T03:04:59.543+0000] {logging_mixin.py:188} INFO - Image: http://placeimg.com/640/480/tech
[2025-04-30T03:04:59.545+0000] {logging_mixin.py:188} INFO - Net Price: 8.32
[2025-04-30T03:04:59.546+0000] {logging_mixin.py:188} INFO - Taxes: 22.0
[2025-04-30T03:04:59.546+0000] {logging_mixin.py:188} INFO - Price: 10.15
[2025-04-30T03:04:59.549+0000] {logging_mixin.py:188} INFO - 
--- Inserting product ---
[2025-04-30T03:04:59.550+0000] {logging_mixin.py:188} INFO - Name: Vel earum ut dolores.
[2025-04-30T03:04:59.550+0000] {logging_mixin.py:188} INFO - Description: Fugiat vel similique vel sunt ea quaerat enim. Commodi eveniet nemo quibusdam eaque dolores. Similique consequatur voluptatum quo non sed alias pariatur.
[2025-04-30T03:04:59.551+0000] {logging_mixin.py:188} INFO - EAN: 9061427446667
[2025-04-30T03:04:59.552+0000] {logging_mixin.py:188} INFO - UPC: 311564336752
[2025-04-30T03:04:59.552+0000] {logging_mixin.py:188} INFO - Image: http://placeimg.com/640/480/tech
[2025-04-30T03:04:59.553+0000] {logging_mixin.py:188} INFO - Net Price: 4.24
[2025-04-30T03:04:59.554+0000] {logging_mixin.py:188} INFO - Taxes: 22.0
[2025-04-30T03:04:59.555+0000] {logging_mixin.py:188} INFO - Price: 5.17
[2025-04-30T03:04:59.557+0000] {logging_mixin.py:188} INFO - 
--- Inserting product ---
[2025-04-30T03:04:59.558+0000] {logging_mixin.py:188} INFO - Name: Dolorem placeat enim est aut.
[2025-04-30T03:04:59.559+0000] {logging_mixin.py:188} INFO - Description: Quidem minus eveniet nam magnam impedit. Velit quo blanditiis qui dicta. Nesciunt qui vero unde accusamus fugit quia. Qui sint in rerum iure perferendis.
[2025-04-30T03:04:59.560+0000] {logging_mixin.py:188} INFO - EAN: 3897383245664
[2025-04-30T03:04:59.560+0000] {logging_mixin.py:188} INFO - UPC: 319128546198
[2025-04-30T03:04:59.561+0000] {logging_mixin.py:188} INFO - Image: http://placeimg.com/640/480/tech
[2025-04-30T03:04:59.562+0000] {logging_mixin.py:188} INFO - Net Price: 30.62
[2025-04-30T03:04:59.562+0000] {logging_mixin.py:188} INFO - Taxes: 22.0
[2025-04-30T03:04:59.563+0000] {logging_mixin.py:188} INFO - Price: 37.36
[2025-04-30T03:04:59.568+0000] {logging_mixin.py:188} INFO - 
✅ Inserted 10 products successfully.
[2025-04-30T03:04:59.569+0000] {logging_mixin.py:188} INFO - 🔒 DB connection closed.
[2025-04-30T03:04:59.571+0000] {python.py:237} INFO - Done. Returned value was: None
[2025-04-30T03:04:59.572+0000] {taskinstance.py:441} INFO - ::group::Post task execution logs
[2025-04-30T03:04:59.926+0000] {taskinstance.py:1206} INFO - Marking task as SUCCESS. dag_id=random_user_pipeline, task_id=insert_***, run_id=scheduled__2025-04-29T00:00:00+00:00, execution_date=20250429T000000, start_date=20250430T030455, end_date=20250430T030459
[2025-04-30T03:04:59.982+0000] {local_task_job_runner.py:240} INFO - Task exited with return code 0
[2025-04-30T03:05:00.867+0000] {taskinstance.py:3503} INFO - 0 downstream tasks scheduled from follow-on schedule check
[2025-04-30T03:05:00.881+0000] {local_task_job_runner.py:222} INFO - ::endgroup::
