[2025-05-15T08:06:05.637+0000] {local_task_job_runner.py:120} INFO - ::group::Pre task execution logs
[2025-05-15T08:06:06.432+0000] {taskinstance.py:2076} INFO - Dependencies all met for dep_context=non-requeueable deps ti=<TaskInstance: random_user_pipeline.insert_postgres scheduled__2025-05-13T00:00:00+00:00 [queued]>
[2025-05-15T08:06:06.500+0000] {taskinstance.py:2076} INFO - Dependencies all met for dep_context=requeueable deps ti=<TaskInstance: random_user_pipeline.insert_postgres scheduled__2025-05-13T00:00:00+00:00 [queued]>
[2025-05-15T08:06:06.505+0000] {taskinstance.py:2306} INFO - Starting attempt 1 of 2
[2025-05-15T08:06:06.667+0000] {taskinstance.py:2330} INFO - Executing <Task(PythonOperator): insert_postgres> on 2025-05-13 00:00:00+00:00
[2025-05-15T08:06:06.703+0000] {standard_task_runner.py:90} INFO - Running: ['airflow', 'tasks', 'run', 'random_user_pipeline', 'insert_***', 'scheduled__2025-05-13T00:00:00+00:00', '--job-id', '223', '--raw', '--subdir', 'DAGS_FOLDER/random_user_pipeline.py', '--cfg-path', '/tmp/tmpzrd6ejv6']
[2025-05-15T08:06:06.722+0000] {standard_task_runner.py:91} INFO - Job 223: Subtask insert_***
[2025-05-15T08:06:06.733+0000] {logging_mixin.py:188} WARNING - /home/airflow/.local/lib/python3.12/site-packages/airflow/task/task_runner/standard_task_runner.py:61 DeprecationWarning: This process (pid=9625) is multi-threaded, use of fork() may lead to deadlocks in the child.
[2025-05-15T08:06:06.740+0000] {standard_task_runner.py:63} INFO - Started process 9626 to run task
[2025-05-15T08:06:08.523+0000] {task_command.py:426} INFO - Running <TaskInstance: random_user_pipeline.insert_postgres scheduled__2025-05-13T00:00:00+00:00 [running]> on host 4158771de208
[2025-05-15T08:06:11.482+0000] {taskinstance.py:2648} INFO - Exporting env vars: AIRFLOW_CTX_DAG_OWNER='airflow' AIRFLOW_CTX_DAG_ID='random_user_pipeline' AIRFLOW_CTX_TASK_ID='insert_***' AIRFLOW_CTX_EXECUTION_DATE='2025-05-13T00:00:00+00:00' AIRFLOW_CTX_TRY_NUMBER='1' AIRFLOW_CTX_DAG_RUN_ID='scheduled__2025-05-13T00:00:00+00:00'
[2025-05-15T08:06:11.485+0000] {taskinstance.py:430} INFO - ::endgroup::
[2025-05-15T08:06:11.526+0000] {logging_mixin.py:188} INFO - Parsed using ast.literal_eval (Python dict string).
[2025-05-15T08:06:12.013+0000] {logging_mixin.py:188} INFO - ✅ Database connection established.
[2025-05-15T08:06:12.034+0000] {logging_mixin.py:188} INFO - ✅ Table ready.
[2025-05-15T08:06:12.038+0000] {logging_mixin.py:188} INFO - 
--- Inserting product ---
[2025-05-15T08:06:12.054+0000] {logging_mixin.py:188} INFO - Name: Cum et cum ad incidunt.
[2025-05-15T08:06:12.056+0000] {logging_mixin.py:188} INFO - Description: Ea harum voluptates praesentium. Dolorum culpa doloremque voluptates aliquid autem laborum. Cum accusamus dolores quibusdam aut. Nostrum laudantium ex quam est. Maxime ut aspernatur aut.
[2025-05-15T08:06:12.057+0000] {logging_mixin.py:188} INFO - EAN: 7311069214677
[2025-05-15T08:06:12.058+0000] {logging_mixin.py:188} INFO - UPC: 174381335018
[2025-05-15T08:06:12.059+0000] {logging_mixin.py:188} INFO - Image: http://placeimg.com/640/480/tech
[2025-05-15T08:06:12.060+0000] {logging_mixin.py:188} INFO - Net Price: 5.7
[2025-05-15T08:06:12.062+0000] {logging_mixin.py:188} INFO - Taxes: 22.0
[2025-05-15T08:06:12.063+0000] {logging_mixin.py:188} INFO - Price: 6.95
[2025-05-15T08:06:12.075+0000] {logging_mixin.py:188} INFO - 
--- Inserting product ---
[2025-05-15T08:06:12.077+0000] {logging_mixin.py:188} INFO - Name: Odit provident et in culpa.
[2025-05-15T08:06:12.079+0000] {logging_mixin.py:188} INFO - Description: Beatae repellat laborum sunt qui quibusdam. Incidunt fuga odio non sequi sit consectetur voluptatem dolorem. Autem ut nam voluptas dolores odit id consequatur quia.
[2025-05-15T08:06:12.080+0000] {logging_mixin.py:188} INFO - EAN: 9754652455244
[2025-05-15T08:06:12.083+0000] {logging_mixin.py:188} INFO - UPC: 354497570923
[2025-05-15T08:06:12.093+0000] {logging_mixin.py:188} INFO - Image: http://placeimg.com/640/480/tech
[2025-05-15T08:06:12.095+0000] {logging_mixin.py:188} INFO - Net Price: 13.47
[2025-05-15T08:06:12.096+0000] {logging_mixin.py:188} INFO - Taxes: 22.0
[2025-05-15T08:06:12.098+0000] {logging_mixin.py:188} INFO - Price: 16.43
[2025-05-15T08:06:12.114+0000] {logging_mixin.py:188} INFO - 
--- Inserting product ---
[2025-05-15T08:06:12.117+0000] {logging_mixin.py:188} INFO - Name: Qui et sequi enim dolore.
[2025-05-15T08:06:12.120+0000] {logging_mixin.py:188} INFO - Description: Quam dolorem quis modi aut. Non in libero et perferendis officiis tenetur dolorem. Quia blanditiis dolorem qui at atque ex consequuntur.
[2025-05-15T08:06:12.126+0000] {logging_mixin.py:188} INFO - EAN: 6682231133029
[2025-05-15T08:06:12.127+0000] {logging_mixin.py:188} INFO - UPC: 802076837985
[2025-05-15T08:06:12.128+0000] {logging_mixin.py:188} INFO - Image: http://placeimg.com/640/480/tech
[2025-05-15T08:06:12.135+0000] {logging_mixin.py:188} INFO - Net Price: 1749655.23
[2025-05-15T08:06:12.149+0000] {logging_mixin.py:188} INFO - Taxes: 22.0
[2025-05-15T08:06:12.159+0000] {logging_mixin.py:188} INFO - Price: 2134579.38
[2025-05-15T08:06:12.208+0000] {logging_mixin.py:188} INFO - 
--- Inserting product ---
[2025-05-15T08:06:12.242+0000] {logging_mixin.py:188} INFO - Name: Rem dicta aut perferendis.
[2025-05-15T08:06:12.247+0000] {logging_mixin.py:188} INFO - Description: Minima cumque nihil nihil quia et sit veritatis. Rerum nulla est quod quo enim libero. Ab vero sapiente nihil alias consequatur. Ullam assumenda est est inventore aut.
[2025-05-15T08:06:12.264+0000] {logging_mixin.py:188} INFO - EAN: 9857855011863
[2025-05-15T08:06:12.272+0000] {logging_mixin.py:188} INFO - UPC: 744601639632
[2025-05-15T08:06:12.275+0000] {logging_mixin.py:188} INFO - Image: http://placeimg.com/640/480/tech
[2025-05-15T08:06:12.280+0000] {logging_mixin.py:188} INFO - Net Price: 2368649.35
[2025-05-15T08:06:12.286+0000] {logging_mixin.py:188} INFO - Taxes: 22.0
[2025-05-15T08:06:12.290+0000] {logging_mixin.py:188} INFO - Price: 2889752.21
[2025-05-15T08:06:12.357+0000] {logging_mixin.py:188} INFO - 
--- Inserting product ---
[2025-05-15T08:06:12.370+0000] {logging_mixin.py:188} INFO - Name: Fugiat dicta accusantium qui.
[2025-05-15T08:06:12.397+0000] {logging_mixin.py:188} INFO - Description: Dolor rem modi saepe asperiores. Voluptatem vero odit molestias voluptas.
[2025-05-15T08:06:12.399+0000] {logging_mixin.py:188} INFO - EAN: 6968974935749
[2025-05-15T08:06:12.400+0000] {logging_mixin.py:188} INFO - UPC: 108008808722
[2025-05-15T08:06:12.406+0000] {logging_mixin.py:188} INFO - Image: http://placeimg.com/640/480/tech
[2025-05-15T08:06:12.415+0000] {logging_mixin.py:188} INFO - Net Price: 0.08
[2025-05-15T08:06:12.433+0000] {logging_mixin.py:188} INFO - Taxes: 22.0
[2025-05-15T08:06:12.442+0000] {logging_mixin.py:188} INFO - Price: 0.1
[2025-05-15T08:06:12.467+0000] {logging_mixin.py:188} INFO - 
--- Inserting product ---
[2025-05-15T08:06:12.476+0000] {logging_mixin.py:188} INFO - Name: Saepe ut minima debitis.
[2025-05-15T08:06:12.479+0000] {logging_mixin.py:188} INFO - Description: In laboriosam cumque eos excepturi aut. Amet veritatis est ut consequatur. Enim distinctio rerum quia necessitatibus qui. Non ut recusandae officia sed architecto.
[2025-05-15T08:06:12.482+0000] {logging_mixin.py:188} INFO - EAN: 0572045929917
[2025-05-15T08:06:12.493+0000] {logging_mixin.py:188} INFO - UPC: 700930873453
[2025-05-15T08:06:12.513+0000] {logging_mixin.py:188} INFO - Image: http://placeimg.com/640/480/tech
[2025-05-15T08:06:12.528+0000] {logging_mixin.py:188} INFO - Net Price: 0.27
[2025-05-15T08:06:12.560+0000] {logging_mixin.py:188} INFO - Taxes: 22.0
[2025-05-15T08:06:12.573+0000] {logging_mixin.py:188} INFO - Price: 0.33
[2025-05-15T08:06:12.589+0000] {logging_mixin.py:188} INFO - 
--- Inserting product ---
[2025-05-15T08:06:12.592+0000] {logging_mixin.py:188} INFO - Name: Ex ab ut quas.
[2025-05-15T08:06:12.600+0000] {logging_mixin.py:188} INFO - Description: Odit mollitia aliquid delectus maiores. Labore porro aliquid et quidem. Et consequatur qui at culpa eaque ipsum dolores expedita. Cum ullam autem culpa.
[2025-05-15T08:06:12.611+0000] {logging_mixin.py:188} INFO - EAN: 9136282775310
[2025-05-15T08:06:12.620+0000] {logging_mixin.py:188} INFO - UPC: 502000772924
[2025-05-15T08:06:12.623+0000] {logging_mixin.py:188} INFO - Image: http://placeimg.com/640/480/tech
[2025-05-15T08:06:12.632+0000] {logging_mixin.py:188} INFO - Net Price: 19350.03
[2025-05-15T08:06:12.646+0000] {logging_mixin.py:188} INFO - Taxes: 22.0
[2025-05-15T08:06:12.648+0000] {logging_mixin.py:188} INFO - Price: 23607.04
[2025-05-15T08:06:12.650+0000] {logging_mixin.py:188} INFO - 
--- Inserting product ---
[2025-05-15T08:06:12.651+0000] {logging_mixin.py:188} INFO - Name: Sapiente voluptatem quod aut.
[2025-05-15T08:06:12.652+0000] {logging_mixin.py:188} INFO - Description: Dignissimos nisi rerum quia ratione iure beatae est. Rerum distinctio molestiae repellat impedit fuga vero natus asperiores.
[2025-05-15T08:06:12.653+0000] {logging_mixin.py:188} INFO - EAN: 7637972086430
[2025-05-15T08:06:12.654+0000] {logging_mixin.py:188} INFO - UPC: 506371407778
[2025-05-15T08:06:12.655+0000] {logging_mixin.py:188} INFO - Image: http://placeimg.com/640/480/tech
[2025-05-15T08:06:12.655+0000] {logging_mixin.py:188} INFO - Net Price: 221.05
[2025-05-15T08:06:12.656+0000] {logging_mixin.py:188} INFO - Taxes: 22.0
[2025-05-15T08:06:12.657+0000] {logging_mixin.py:188} INFO - Price: 269.68
[2025-05-15T08:06:12.659+0000] {logging_mixin.py:188} INFO - 
--- Inserting product ---
[2025-05-15T08:06:12.660+0000] {logging_mixin.py:188} INFO - Name: Qui necessitatibus sit vitae.
[2025-05-15T08:06:12.661+0000] {logging_mixin.py:188} INFO - Description: Omnis esse omnis nesciunt nostrum sunt cum et. Vero consectetur vero amet ullam cum sequi. Asperiores quia maiores consequatur vitae necessitatibus.
[2025-05-15T08:06:12.663+0000] {logging_mixin.py:188} INFO - EAN: 2106145566963
[2025-05-15T08:06:12.664+0000] {logging_mixin.py:188} INFO - UPC: 234284769798
[2025-05-15T08:06:12.665+0000] {logging_mixin.py:188} INFO - Image: http://placeimg.com/640/480/tech
[2025-05-15T08:06:12.665+0000] {logging_mixin.py:188} INFO - Net Price: 3859.75
[2025-05-15T08:06:12.666+0000] {logging_mixin.py:188} INFO - Taxes: 22.0
[2025-05-15T08:06:12.667+0000] {logging_mixin.py:188} INFO - Price: 4708.9
[2025-05-15T08:06:12.669+0000] {logging_mixin.py:188} INFO - 
--- Inserting product ---
[2025-05-15T08:06:12.671+0000] {logging_mixin.py:188} INFO - Name: Ut omnis velit ipsa tempora.
[2025-05-15T08:06:12.672+0000] {logging_mixin.py:188} INFO - Description: Rerum vel temporibus soluta ut placeat. Eos ut minima eum ea accusantium. Id harum non ad odio eligendi.
[2025-05-15T08:06:12.672+0000] {logging_mixin.py:188} INFO - EAN: 4003862482249
[2025-05-15T08:06:12.673+0000] {logging_mixin.py:188} INFO - UPC: 947115323939
[2025-05-15T08:06:12.674+0000] {logging_mixin.py:188} INFO - Image: http://placeimg.com/640/480/tech
[2025-05-15T08:06:12.675+0000] {logging_mixin.py:188} INFO - Net Price: 4900922.45
[2025-05-15T08:06:12.675+0000] {logging_mixin.py:188} INFO - Taxes: 22.0
[2025-05-15T08:06:12.676+0000] {logging_mixin.py:188} INFO - Price: 5979125.39
[2025-05-15T08:06:12.684+0000] {logging_mixin.py:188} INFO - 
✅ Inserted 10 products successfully.
[2025-05-15T08:06:12.685+0000] {logging_mixin.py:188} INFO - 🔒 DB connection closed.
[2025-05-15T08:06:12.686+0000] {python.py:237} INFO - Done. Returned value was: None
[2025-05-15T08:06:12.688+0000] {taskinstance.py:441} INFO - ::group::Post task execution logs
[2025-05-15T08:06:13.688+0000] {taskinstance.py:1206} INFO - Marking task as SUCCESS. dag_id=random_user_pipeline, task_id=insert_***, run_id=scheduled__2025-05-13T00:00:00+00:00, execution_date=20250513T000000, start_date=20250515T080606, end_date=20250515T080613
[2025-05-15T08:06:13.830+0000] {local_task_job_runner.py:240} INFO - Task exited with return code 0
[2025-05-15T08:06:19.400+0000] {taskinstance.py:3503} INFO - 0 downstream tasks scheduled from follow-on schedule check
[2025-05-15T08:06:19.404+0000] {local_task_job_runner.py:222} INFO - ::endgroup::
