[2025-05-16T04:13:37.840+0000] {local_task_job_runner.py:120} INFO - ::group::Pre task execution logs
[2025-05-16T04:13:38.882+0000] {taskinstance.py:2076} INFO - Dependencies all met for dep_context=non-requeueable deps ti=<TaskInstance: random_user_pipeline.insert_postgres scheduled__2025-05-15T00:00:00+00:00 [queued]>
[2025-05-16T04:13:39.031+0000] {taskinstance.py:2076} INFO - Dependencies all met for dep_context=requeueable deps ti=<TaskInstance: random_user_pipeline.insert_postgres scheduled__2025-05-15T00:00:00+00:00 [queued]>
[2025-05-16T04:13:39.037+0000] {taskinstance.py:2306} INFO - Starting attempt 1 of 2
[2025-05-16T04:13:39.278+0000] {taskinstance.py:2330} INFO - Executing <Task(PythonOperator): insert_postgres> on 2025-05-15 00:00:00+00:00
[2025-05-16T04:13:39.315+0000] {standard_task_runner.py:90} INFO - Running: ['airflow', 'tasks', 'run', 'random_user_pipeline', 'insert_***', 'scheduled__2025-05-15T00:00:00+00:00', '--job-id', '228', '--raw', '--subdir', 'DAGS_FOLDER/random_user_pipeline.py', '--cfg-path', '/tmp/tmp8fwf024x']
[2025-05-16T04:13:39.336+0000] {standard_task_runner.py:91} INFO - Job 228: Subtask insert_***
[2025-05-16T04:13:39.339+0000] {logging_mixin.py:188} WARNING - /home/airflow/.local/lib/python3.12/site-packages/airflow/task/task_runner/standard_task_runner.py:61 DeprecationWarning: This process (pid=12266) is multi-threaded, use of fork() may lead to deadlocks in the child.
[2025-05-16T04:13:39.343+0000] {standard_task_runner.py:63} INFO - Started process 12267 to run task
[2025-05-16T04:13:42.758+0000] {task_command.py:426} INFO - Running <TaskInstance: random_user_pipeline.insert_postgres scheduled__2025-05-15T00:00:00+00:00 [running]> on host 4158771de208
[2025-05-16T04:13:52.097+0000] {taskinstance.py:2648} INFO - Exporting env vars: AIRFLOW_CTX_DAG_OWNER='airflow' AIRFLOW_CTX_DAG_ID='random_user_pipeline' AIRFLOW_CTX_TASK_ID='insert_***' AIRFLOW_CTX_EXECUTION_DATE='2025-05-15T00:00:00+00:00' AIRFLOW_CTX_TRY_NUMBER='1' AIRFLOW_CTX_DAG_RUN_ID='scheduled__2025-05-15T00:00:00+00:00'
[2025-05-16T04:13:52.101+0000] {taskinstance.py:430} INFO - ::endgroup::
[2025-05-16T04:13:52.188+0000] {logging_mixin.py:188} INFO - Parsed using ast.literal_eval (Python dict string).
[2025-05-16T04:13:52.686+0000] {logging_mixin.py:188} INFO - ✅ Database connection established.
[2025-05-16T04:13:52.701+0000] {logging_mixin.py:188} INFO - ✅ Table ready.
[2025-05-16T04:13:52.703+0000] {logging_mixin.py:188} INFO - 
--- Inserting product ---
[2025-05-16T04:13:52.705+0000] {logging_mixin.py:188} INFO - Name: Nihil blanditiis alias sequi.
[2025-05-16T04:13:52.708+0000] {logging_mixin.py:188} INFO - Description: Vel labore quia ad sed perspiciatis quas consequuntur. Perferendis reiciendis alias laborum aliquam cumque.
[2025-05-16T04:13:52.709+0000] {logging_mixin.py:188} INFO - EAN: 0210407546470
[2025-05-16T04:13:52.712+0000] {logging_mixin.py:188} INFO - UPC: 919263958182
[2025-05-16T04:13:52.714+0000] {logging_mixin.py:188} INFO - Image: http://placeimg.com/640/480/tech
[2025-05-16T04:13:52.715+0000] {logging_mixin.py:188} INFO - Net Price: 3756.99
[2025-05-16T04:13:52.718+0000] {logging_mixin.py:188} INFO - Taxes: 22.0
[2025-05-16T04:13:52.720+0000] {logging_mixin.py:188} INFO - Price: 4583.53
[2025-05-16T04:13:52.732+0000] {logging_mixin.py:188} INFO - 
--- Inserting product ---
[2025-05-16T04:13:52.737+0000] {logging_mixin.py:188} INFO - Name: Saepe aliquid fugiat sed ut.
[2025-05-16T04:13:52.739+0000] {logging_mixin.py:188} INFO - Description: Id quia aliquam reprehenderit sit esse. Voluptate adipisci ut rerum fugiat ea. Est dicta veritatis ea quam impedit. Ut consequuntur reprehenderit numquam quasi minima dolor.
[2025-05-16T04:13:52.743+0000] {logging_mixin.py:188} INFO - EAN: 9939602721208
[2025-05-16T04:13:52.744+0000] {logging_mixin.py:188} INFO - UPC: 267463097815
[2025-05-16T04:13:52.745+0000] {logging_mixin.py:188} INFO - Image: http://placeimg.com/640/480/tech
[2025-05-16T04:13:52.746+0000] {logging_mixin.py:188} INFO - Net Price: 53.52
[2025-05-16T04:13:52.748+0000] {logging_mixin.py:188} INFO - Taxes: 22.0
[2025-05-16T04:13:52.750+0000] {logging_mixin.py:188} INFO - Price: 65.29
[2025-05-16T04:13:52.754+0000] {logging_mixin.py:188} INFO - 
--- Inserting product ---
[2025-05-16T04:13:52.757+0000] {logging_mixin.py:188} INFO - Name: Ipsum amet est facere.
[2025-05-16T04:13:52.759+0000] {logging_mixin.py:188} INFO - Description: Et pariatur eius eum et. Cupiditate dolorum blanditiis impedit nam. Est beatae cupiditate itaque neque tenetur. Illo et porro quod assumenda sequi dolore et.
[2025-05-16T04:13:52.761+0000] {logging_mixin.py:188} INFO - EAN: 4883062355921
[2025-05-16T04:13:52.764+0000] {logging_mixin.py:188} INFO - UPC: 740610337716
[2025-05-16T04:13:52.766+0000] {logging_mixin.py:188} INFO - Image: http://placeimg.com/640/480/tech
[2025-05-16T04:13:52.767+0000] {logging_mixin.py:188} INFO - Net Price: 373.38
[2025-05-16T04:13:52.773+0000] {logging_mixin.py:188} INFO - Taxes: 22.0
[2025-05-16T04:13:52.774+0000] {logging_mixin.py:188} INFO - Price: 455.52
[2025-05-16T04:13:52.779+0000] {logging_mixin.py:188} INFO - 
--- Inserting product ---
[2025-05-16T04:13:52.780+0000] {logging_mixin.py:188} INFO - Name: Qui qui repudiandae est.
[2025-05-16T04:13:52.781+0000] {logging_mixin.py:188} INFO - Description: Ad aliquid omnis quia et. Qui sunt iusto cupiditate. Quo reprehenderit est debitis. Aliquam repellat labore eum in et et quia.
[2025-05-16T04:13:52.789+0000] {logging_mixin.py:188} INFO - EAN: 7605272688593
[2025-05-16T04:13:52.791+0000] {logging_mixin.py:188} INFO - UPC: 661216623517
[2025-05-16T04:13:52.796+0000] {logging_mixin.py:188} INFO - Image: http://placeimg.com/640/480/tech
[2025-05-16T04:13:52.798+0000] {logging_mixin.py:188} INFO - Net Price: 12.44
[2025-05-16T04:13:52.800+0000] {logging_mixin.py:188} INFO - Taxes: 22.0
[2025-05-16T04:13:52.803+0000] {logging_mixin.py:188} INFO - Price: 15.18
[2025-05-16T04:13:52.807+0000] {logging_mixin.py:188} INFO - 
--- Inserting product ---
[2025-05-16T04:13:52.808+0000] {logging_mixin.py:188} INFO - Name: Eos cum quae omnis aut.
[2025-05-16T04:13:52.810+0000] {logging_mixin.py:188} INFO - Description: Non aut eum et nihil quaerat id voluptatem. Incidunt eum illum incidunt deserunt explicabo.
[2025-05-16T04:13:52.811+0000] {logging_mixin.py:188} INFO - EAN: 4610966031510
[2025-05-16T04:13:52.812+0000] {logging_mixin.py:188} INFO - UPC: 514755275336
[2025-05-16T04:13:52.813+0000] {logging_mixin.py:188} INFO - Image: http://placeimg.com/640/480/tech
[2025-05-16T04:13:52.814+0000] {logging_mixin.py:188} INFO - Net Price: 719.46
[2025-05-16T04:13:52.816+0000] {logging_mixin.py:188} INFO - Taxes: 22.0
[2025-05-16T04:13:52.817+0000] {logging_mixin.py:188} INFO - Price: 877.74
[2025-05-16T04:13:52.820+0000] {logging_mixin.py:188} INFO - 
--- Inserting product ---
[2025-05-16T04:13:52.821+0000] {logging_mixin.py:188} INFO - Name: Aperiam ab id voluptates.
[2025-05-16T04:13:52.822+0000] {logging_mixin.py:188} INFO - Description: Cumque quia neque et. Dolor deserunt animi praesentium cum non ut.
[2025-05-16T04:13:52.826+0000] {logging_mixin.py:188} INFO - EAN: 2029629800554
[2025-05-16T04:13:52.827+0000] {logging_mixin.py:188} INFO - UPC: 406594261939
[2025-05-16T04:13:52.828+0000] {logging_mixin.py:188} INFO - Image: http://placeimg.com/640/480/tech
[2025-05-16T04:13:52.829+0000] {logging_mixin.py:188} INFO - Net Price: 168.17
[2025-05-16T04:13:52.829+0000] {logging_mixin.py:188} INFO - Taxes: 22.0
[2025-05-16T04:13:52.830+0000] {logging_mixin.py:188} INFO - Price: 205.17
[2025-05-16T04:13:52.833+0000] {logging_mixin.py:188} INFO - 
--- Inserting product ---
[2025-05-16T04:13:52.834+0000] {logging_mixin.py:188} INFO - Name: Dolores ab quos est mollitia.
[2025-05-16T04:13:52.835+0000] {logging_mixin.py:188} INFO - Description: Aut quis qui nihil beatae quae qui fuga. Optio veniam sit architecto perspiciatis expedita delectus.
[2025-05-16T04:13:52.836+0000] {logging_mixin.py:188} INFO - EAN: 7634197342457
[2025-05-16T04:13:52.841+0000] {logging_mixin.py:188} INFO - UPC: 993674989946
[2025-05-16T04:13:52.843+0000] {logging_mixin.py:188} INFO - Image: http://placeimg.com/640/480/tech
[2025-05-16T04:13:52.845+0000] {logging_mixin.py:188} INFO - Net Price: 2447.64
[2025-05-16T04:13:52.845+0000] {logging_mixin.py:188} INFO - Taxes: 22.0
[2025-05-16T04:13:52.846+0000] {logging_mixin.py:188} INFO - Price: 2986.12
[2025-05-16T04:13:52.849+0000] {logging_mixin.py:188} INFO - 
--- Inserting product ---
[2025-05-16T04:13:52.850+0000] {logging_mixin.py:188} INFO - Name: Et sit animi reiciendis qui.
[2025-05-16T04:13:52.851+0000] {logging_mixin.py:188} INFO - Description: Id aut accusantium qui quidem debitis. Autem ut perferendis aperiam dignissimos quo qui dolores. Sint et voluptatem minima explicabo eos. Id nihil non animi hic harum laudantium.
[2025-05-16T04:13:52.851+0000] {logging_mixin.py:188} INFO - EAN: 2117587374092
[2025-05-16T04:13:52.852+0000] {logging_mixin.py:188} INFO - UPC: 385488406500
[2025-05-16T04:13:52.853+0000] {logging_mixin.py:188} INFO - Image: http://placeimg.com/640/480/tech
[2025-05-16T04:13:52.854+0000] {logging_mixin.py:188} INFO - Net Price: 15799.53
[2025-05-16T04:13:52.856+0000] {logging_mixin.py:188} INFO - Taxes: 22.0
[2025-05-16T04:13:52.859+0000] {logging_mixin.py:188} INFO - Price: 19275.43
[2025-05-16T04:13:52.864+0000] {logging_mixin.py:188} INFO - 
--- Inserting product ---
[2025-05-16T04:13:52.867+0000] {logging_mixin.py:188} INFO - Name: Ipsam numquam aliquam odit.
[2025-05-16T04:13:52.868+0000] {logging_mixin.py:188} INFO - Description: Debitis maxime dolor ipsum ut. Porro quibusdam omnis non natus deleniti adipisci voluptas. Excepturi quo illo autem ex expedita. Aut blanditiis sunt maiores esse quia qui quis.
[2025-05-16T04:13:52.870+0000] {logging_mixin.py:188} INFO - EAN: 4604010639197
[2025-05-16T04:13:52.871+0000] {logging_mixin.py:188} INFO - UPC: 489508068581
[2025-05-16T04:13:52.871+0000] {logging_mixin.py:188} INFO - Image: http://placeimg.com/640/480/tech
[2025-05-16T04:13:52.872+0000] {logging_mixin.py:188} INFO - Net Price: 9676805.12
[2025-05-16T04:13:52.873+0000] {logging_mixin.py:188} INFO - Taxes: 22.0
[2025-05-16T04:13:52.874+0000] {logging_mixin.py:188} INFO - Price: 11805702.25
[2025-05-16T04:13:52.877+0000] {logging_mixin.py:188} INFO - 
--- Inserting product ---
[2025-05-16T04:13:52.878+0000] {logging_mixin.py:188} INFO - Name: Illo id iste dolore.
[2025-05-16T04:13:52.879+0000] {logging_mixin.py:188} INFO - Description: Fugit error occaecati culpa similique rerum tenetur. Nostrum corrupti atque quidem dolorum explicabo eos voluptatibus. Fugit facilis corporis aut. Culpa enim quod iusto quam mollitia quis.
[2025-05-16T04:13:52.880+0000] {logging_mixin.py:188} INFO - EAN: 8449772991444
[2025-05-16T04:13:52.881+0000] {logging_mixin.py:188} INFO - UPC: 471593339567
[2025-05-16T04:13:52.882+0000] {logging_mixin.py:188} INFO - Image: http://placeimg.com/640/480/tech
[2025-05-16T04:13:52.883+0000] {logging_mixin.py:188} INFO - Net Price: 157923.62
[2025-05-16T04:13:52.884+0000] {logging_mixin.py:188} INFO - Taxes: 22.0
[2025-05-16T04:13:52.890+0000] {logging_mixin.py:188} INFO - Price: 192666.82
[2025-05-16T04:13:52.895+0000] {logging_mixin.py:188} INFO - 
✅ Inserted 10 products successfully.
[2025-05-16T04:13:52.896+0000] {logging_mixin.py:188} INFO - 🔒 DB connection closed.
[2025-05-16T04:13:52.898+0000] {python.py:237} INFO - Done. Returned value was: None
[2025-05-16T04:13:52.899+0000] {taskinstance.py:441} INFO - ::group::Post task execution logs
[2025-05-16T04:13:53.389+0000] {taskinstance.py:1206} INFO - Marking task as SUCCESS. dag_id=random_user_pipeline, task_id=insert_***, run_id=scheduled__2025-05-15T00:00:00+00:00, execution_date=20250515T000000, start_date=20250516T041338, end_date=20250516T041353
[2025-05-16T04:13:53.461+0000] {local_task_job_runner.py:240} INFO - Task exited with return code 0
[2025-05-16T04:13:53.989+0000] {taskinstance.py:3503} INFO - 0 downstream tasks scheduled from follow-on schedule check
[2025-05-16T04:13:53.995+0000] {local_task_job_runner.py:222} INFO - ::endgroup::
