[2025-05-29T10:43:57.585+0000] {processor.py:161} INFO - Started process (PID=1059) to work on /opt/airflow/dags/random_user_pipeline.py
[2025-05-29T10:43:57.605+0000] {processor.py:830} INFO - Processing file /opt/airflow/dags/random_user_pipeline.py for tasks to queue
[2025-05-29T10:43:57.619+0000] {logging_mixin.py:188} INFO - [2025-05-29T10:43:57.617+0000] {dagbag.py:545} INFO - Filling up the DagBag from /opt/airflow/dags/random_user_pipeline.py
[2025-05-29T10:43:58.188+0000] {logging_mixin.py:188} WARNING - /home/airflow/.local/lib/python3.12/site-packages/airflow/models/baseoperator.py:485 RemovedInAirflow3Warning: provide_context is deprecated as of 2.0 and is no longer required
[2025-05-29T10:43:58.302+0000] {processor.py:840} INFO - DAG(s) 'random_user_pipeline' retrieved from /opt/airflow/dags/random_user_pipeline.py
[2025-05-29T10:43:59.501+0000] {logging_mixin.py:188} INFO - [2025-05-29T10:43:59.500+0000] {dag.py:3096} INFO - Sync 1 DAGs
[2025-05-29T10:44:00.055+0000] {logging_mixin.py:188} INFO - [2025-05-29T10:44:00.054+0000] {dag.py:3954} INFO - Setting next_dagrun for random_user_pipeline to 2025-05-29 00:00:00+00:00, run_after=2025-05-30 00:00:00+00:00
[2025-05-29T10:44:00.973+0000] {processor.py:183} INFO - Processing /opt/airflow/dags/random_user_pipeline.py took 3.430 seconds
[2025-05-29T10:44:32.346+0000] {processor.py:161} INFO - Started process (PID=1064) to work on /opt/airflow/dags/random_user_pipeline.py
[2025-05-29T10:44:32.348+0000] {processor.py:830} INFO - Processing file /opt/airflow/dags/random_user_pipeline.py for tasks to queue
[2025-05-29T10:44:32.363+0000] {logging_mixin.py:188} INFO - [2025-05-29T10:44:32.362+0000] {dagbag.py:545} INFO - Filling up the DagBag from /opt/airflow/dags/random_user_pipeline.py
[2025-05-29T10:44:34.010+0000] {logging_mixin.py:188} WARNING - /home/airflow/.local/lib/python3.12/site-packages/airflow/models/baseoperator.py:485 RemovedInAirflow3Warning: provide_context is deprecated as of 2.0 and is no longer required
[2025-05-29T10:44:34.236+0000] {processor.py:840} INFO - DAG(s) 'random_user_pipeline' retrieved from /opt/airflow/dags/random_user_pipeline.py
[2025-05-29T10:44:35.066+0000] {logging_mixin.py:188} INFO - [2025-05-29T10:44:35.066+0000] {dag.py:3096} INFO - Sync 1 DAGs
[2025-05-29T10:44:35.213+0000] {logging_mixin.py:188} INFO - [2025-05-29T10:44:35.213+0000] {dag.py:3954} INFO - Setting next_dagrun for random_user_pipeline to 2025-05-29 00:00:00+00:00, run_after=2025-05-30 00:00:00+00:00
[2025-05-29T10:44:35.392+0000] {processor.py:183} INFO - Processing /opt/airflow/dags/random_user_pipeline.py took 3.067 seconds
[2025-05-29T10:45:05.859+0000] {processor.py:161} INFO - Started process (PID=1069) to work on /opt/airflow/dags/random_user_pipeline.py
[2025-05-29T10:45:05.861+0000] {processor.py:830} INFO - Processing file /opt/airflow/dags/random_user_pipeline.py for tasks to queue
[2025-05-29T10:45:05.864+0000] {logging_mixin.py:188} INFO - [2025-05-29T10:45:05.864+0000] {dagbag.py:545} INFO - Filling up the DagBag from /opt/airflow/dags/random_user_pipeline.py
[2025-05-29T10:45:06.159+0000] {logging_mixin.py:188} WARNING - /home/airflow/.local/lib/python3.12/site-packages/airflow/models/baseoperator.py:485 RemovedInAirflow3Warning: provide_context is deprecated as of 2.0 and is no longer required
[2025-05-29T10:45:06.235+0000] {processor.py:840} INFO - DAG(s) 'random_user_pipeline' retrieved from /opt/airflow/dags/random_user_pipeline.py
[2025-05-29T10:45:06.914+0000] {logging_mixin.py:188} INFO - [2025-05-29T10:45:06.914+0000] {dag.py:3096} INFO - Sync 1 DAGs
[2025-05-29T10:45:07.031+0000] {logging_mixin.py:188} INFO - [2025-05-29T10:45:07.031+0000] {dag.py:3954} INFO - Setting next_dagrun for random_user_pipeline to 2025-05-29 00:00:00+00:00, run_after=2025-05-30 00:00:00+00:00
[2025-05-29T10:45:07.136+0000] {processor.py:183} INFO - Processing /opt/airflow/dags/random_user_pipeline.py took 1.298 seconds
[2025-05-29T10:45:37.830+0000] {processor.py:161} INFO - Started process (PID=1074) to work on /opt/airflow/dags/random_user_pipeline.py
[2025-05-29T10:45:37.834+0000] {processor.py:830} INFO - Processing file /opt/airflow/dags/random_user_pipeline.py for tasks to queue
[2025-05-29T10:45:37.839+0000] {logging_mixin.py:188} INFO - [2025-05-29T10:45:37.838+0000] {dagbag.py:545} INFO - Filling up the DagBag from /opt/airflow/dags/random_user_pipeline.py
[2025-05-29T10:45:38.160+0000] {logging_mixin.py:188} WARNING - /home/airflow/.local/lib/python3.12/site-packages/airflow/models/baseoperator.py:485 RemovedInAirflow3Warning: provide_context is deprecated as of 2.0 and is no longer required
[2025-05-29T10:45:38.231+0000] {processor.py:840} INFO - DAG(s) 'random_user_pipeline' retrieved from /opt/airflow/dags/random_user_pipeline.py
[2025-05-29T10:45:38.957+0000] {logging_mixin.py:188} INFO - [2025-05-29T10:45:38.956+0000] {dag.py:3096} INFO - Sync 1 DAGs
[2025-05-29T10:45:39.075+0000] {logging_mixin.py:188} INFO - [2025-05-29T10:45:39.074+0000] {dag.py:3954} INFO - Setting next_dagrun for random_user_pipeline to 2025-05-29 00:00:00+00:00, run_after=2025-05-30 00:00:00+00:00
[2025-05-29T10:45:39.210+0000] {processor.py:183} INFO - Processing /opt/airflow/dags/random_user_pipeline.py took 1.402 seconds
[2025-05-29T10:46:10.221+0000] {processor.py:161} INFO - Started process (PID=1079) to work on /opt/airflow/dags/random_user_pipeline.py
[2025-05-29T10:46:10.225+0000] {processor.py:830} INFO - Processing file /opt/airflow/dags/random_user_pipeline.py for tasks to queue
[2025-05-29T10:46:10.239+0000] {logging_mixin.py:188} INFO - [2025-05-29T10:46:10.238+0000] {dagbag.py:545} INFO - Filling up the DagBag from /opt/airflow/dags/random_user_pipeline.py
[2025-05-29T10:46:10.702+0000] {logging_mixin.py:188} WARNING - /home/airflow/.local/lib/python3.12/site-packages/airflow/models/baseoperator.py:485 RemovedInAirflow3Warning: provide_context is deprecated as of 2.0 and is no longer required
[2025-05-29T10:46:10.779+0000] {processor.py:840} INFO - DAG(s) 'random_user_pipeline' retrieved from /opt/airflow/dags/random_user_pipeline.py
[2025-05-29T10:46:11.494+0000] {logging_mixin.py:188} INFO - [2025-05-29T10:46:11.493+0000] {dag.py:3096} INFO - Sync 1 DAGs
[2025-05-29T10:46:11.580+0000] {logging_mixin.py:188} INFO - [2025-05-29T10:46:11.579+0000] {dag.py:3954} INFO - Setting next_dagrun for random_user_pipeline to 2025-05-29 00:00:00+00:00, run_after=2025-05-30 00:00:00+00:00
[2025-05-29T10:46:11.692+0000] {processor.py:183} INFO - Processing /opt/airflow/dags/random_user_pipeline.py took 1.509 seconds
[2025-05-29T10:47:42.637+0000] {processor.py:161} INFO - Started process (PID=1084) to work on /opt/airflow/dags/random_user_pipeline.py
[2025-05-29T10:47:42.640+0000] {processor.py:830} INFO - Processing file /opt/airflow/dags/random_user_pipeline.py for tasks to queue
[2025-05-29T10:47:42.655+0000] {logging_mixin.py:188} INFO - [2025-05-29T10:47:42.654+0000] {dagbag.py:545} INFO - Filling up the DagBag from /opt/airflow/dags/random_user_pipeline.py
[2025-05-29T12:14:02.440+0000] {logging_mixin.py:188} WARNING - /home/airflow/.local/lib/python3.12/site-packages/airflow/models/baseoperator.py:485 RemovedInAirflow3Warning: provide_context is deprecated as of 2.0 and is no longer required
[2025-05-29T12:14:03.038+0000] {processor.py:840} INFO - DAG(s) 'random_user_pipeline' retrieved from /opt/airflow/dags/random_user_pipeline.py
[2025-05-29T12:14:10.614+0000] {logging_mixin.py:188} INFO - [2025-05-29T12:14:10.613+0000] {dag.py:3096} INFO - Sync 1 DAGs
[2025-05-29T12:22:56.484+0000] {processor.py:161} INFO - Started process (PID=1087) to work on /opt/airflow/dags/random_user_pipeline.py
[2025-05-29T12:22:56.493+0000] {processor.py:830} INFO - Processing file /opt/airflow/dags/random_user_pipeline.py for tasks to queue
[2025-05-29T12:22:56.504+0000] {logging_mixin.py:188} INFO - [2025-05-29T12:22:56.504+0000] {dagbag.py:545} INFO - Filling up the DagBag from /opt/airflow/dags/random_user_pipeline.py
[2025-05-29T12:22:57.400+0000] {logging_mixin.py:188} WARNING - /home/airflow/.local/lib/python3.12/site-packages/airflow/models/baseoperator.py:485 RemovedInAirflow3Warning: provide_context is deprecated as of 2.0 and is no longer required
[2025-05-29T12:22:57.539+0000] {processor.py:840} INFO - DAG(s) 'random_user_pipeline' retrieved from /opt/airflow/dags/random_user_pipeline.py
[2025-05-29T12:22:59.340+0000] {logging_mixin.py:188} INFO - [2025-05-29T12:22:59.339+0000] {dag.py:3096} INFO - Sync 1 DAGs
[2025-05-29T12:22:59.499+0000] {logging_mixin.py:188} INFO - [2025-05-29T12:22:59.499+0000] {dag.py:3954} INFO - Setting next_dagrun for random_user_pipeline to 2025-05-29 00:00:00+00:00, run_after=2025-05-30 00:00:00+00:00
[2025-05-29T12:22:59.666+0000] {processor.py:183} INFO - Processing /opt/airflow/dags/random_user_pipeline.py took 3.204 seconds
[2025-05-29T12:23:29.835+0000] {processor.py:161} INFO - Started process (PID=1092) to work on /opt/airflow/dags/random_user_pipeline.py
[2025-05-29T12:23:29.837+0000] {processor.py:830} INFO - Processing file /opt/airflow/dags/random_user_pipeline.py for tasks to queue
[2025-05-29T12:23:29.839+0000] {logging_mixin.py:188} INFO - [2025-05-29T12:23:29.839+0000] {dagbag.py:545} INFO - Filling up the DagBag from /opt/airflow/dags/random_user_pipeline.py
[2025-05-29T12:23:30.041+0000] {logging_mixin.py:188} WARNING - /home/airflow/.local/lib/python3.12/site-packages/airflow/models/baseoperator.py:485 RemovedInAirflow3Warning: provide_context is deprecated as of 2.0 and is no longer required
[2025-05-29T12:23:30.074+0000] {processor.py:840} INFO - DAG(s) 'random_user_pipeline' retrieved from /opt/airflow/dags/random_user_pipeline.py
[2025-05-29T12:23:30.429+0000] {logging_mixin.py:188} INFO - [2025-05-29T12:23:30.429+0000] {dag.py:3096} INFO - Sync 1 DAGs
[2025-05-29T12:23:30.480+0000] {logging_mixin.py:188} INFO - [2025-05-29T12:23:30.480+0000] {dag.py:3954} INFO - Setting next_dagrun for random_user_pipeline to 2025-05-29 00:00:00+00:00, run_after=2025-05-30 00:00:00+00:00
[2025-05-29T12:23:30.538+0000] {processor.py:183} INFO - Processing /opt/airflow/dags/random_user_pipeline.py took 0.717 seconds
[2025-05-29T12:24:00.893+0000] {processor.py:161} INFO - Started process (PID=1097) to work on /opt/airflow/dags/random_user_pipeline.py
[2025-05-29T12:24:00.895+0000] {processor.py:830} INFO - Processing file /opt/airflow/dags/random_user_pipeline.py for tasks to queue
[2025-05-29T12:24:00.897+0000] {logging_mixin.py:188} INFO - [2025-05-29T12:24:00.896+0000] {dagbag.py:545} INFO - Filling up the DagBag from /opt/airflow/dags/random_user_pipeline.py
[2025-05-29T12:24:01.008+0000] {logging_mixin.py:188} WARNING - /home/airflow/.local/lib/python3.12/site-packages/airflow/models/baseoperator.py:485 RemovedInAirflow3Warning: provide_context is deprecated as of 2.0 and is no longer required
[2025-05-29T12:24:01.038+0000] {processor.py:840} INFO - DAG(s) 'random_user_pipeline' retrieved from /opt/airflow/dags/random_user_pipeline.py
[2025-05-29T12:24:03.345+0000] {logging_mixin.py:188} INFO - [2025-05-29T12:24:03.345+0000] {dag.py:3096} INFO - Sync 1 DAGs
[2025-05-29T12:24:03.394+0000] {logging_mixin.py:188} INFO - [2025-05-29T12:24:03.393+0000] {dag.py:3954} INFO - Setting next_dagrun for random_user_pipeline to 2025-05-29 00:00:00+00:00, run_after=2025-05-30 00:00:00+00:00
[2025-05-29T12:24:03.443+0000] {processor.py:183} INFO - Processing /opt/airflow/dags/random_user_pipeline.py took 2.556 seconds
[2025-05-29T12:24:33.811+0000] {processor.py:161} INFO - Started process (PID=1102) to work on /opt/airflow/dags/random_user_pipeline.py
[2025-05-29T12:24:33.813+0000] {processor.py:830} INFO - Processing file /opt/airflow/dags/random_user_pipeline.py for tasks to queue
[2025-05-29T12:24:33.814+0000] {logging_mixin.py:188} INFO - [2025-05-29T12:24:33.814+0000] {dagbag.py:545} INFO - Filling up the DagBag from /opt/airflow/dags/random_user_pipeline.py
[2025-05-29T12:24:33.916+0000] {logging_mixin.py:188} WARNING - /home/airflow/.local/lib/python3.12/site-packages/airflow/models/baseoperator.py:485 RemovedInAirflow3Warning: provide_context is deprecated as of 2.0 and is no longer required
[2025-05-29T12:24:33.935+0000] {processor.py:840} INFO - DAG(s) 'random_user_pipeline' retrieved from /opt/airflow/dags/random_user_pipeline.py
[2025-05-29T12:24:34.161+0000] {logging_mixin.py:188} INFO - [2025-05-29T12:24:34.161+0000] {dag.py:3096} INFO - Sync 1 DAGs
[2025-05-29T12:24:34.195+0000] {logging_mixin.py:188} INFO - [2025-05-29T12:24:34.195+0000] {dag.py:3954} INFO - Setting next_dagrun for random_user_pipeline to 2025-05-29 00:00:00+00:00, run_after=2025-05-30 00:00:00+00:00
[2025-05-29T12:24:34.234+0000] {processor.py:183} INFO - Processing /opt/airflow/dags/random_user_pipeline.py took 0.432 seconds
[2025-05-29T12:25:04.590+0000] {processor.py:161} INFO - Started process (PID=1107) to work on /opt/airflow/dags/random_user_pipeline.py
[2025-05-29T12:25:04.591+0000] {processor.py:830} INFO - Processing file /opt/airflow/dags/random_user_pipeline.py for tasks to queue
[2025-05-29T12:25:04.592+0000] {logging_mixin.py:188} INFO - [2025-05-29T12:25:04.592+0000] {dagbag.py:545} INFO - Filling up the DagBag from /opt/airflow/dags/random_user_pipeline.py
[2025-05-29T12:25:04.667+0000] {logging_mixin.py:188} WARNING - /home/airflow/.local/lib/python3.12/site-packages/airflow/models/baseoperator.py:485 RemovedInAirflow3Warning: provide_context is deprecated as of 2.0 and is no longer required
[2025-05-29T12:25:04.684+0000] {processor.py:840} INFO - DAG(s) 'random_user_pipeline' retrieved from /opt/airflow/dags/random_user_pipeline.py
[2025-05-29T12:25:04.959+0000] {logging_mixin.py:188} INFO - [2025-05-29T12:25:04.959+0000] {dag.py:3096} INFO - Sync 1 DAGs
[2025-05-29T12:25:04.989+0000] {logging_mixin.py:188} INFO - [2025-05-29T12:25:04.989+0000] {dag.py:3954} INFO - Setting next_dagrun for random_user_pipeline to 2025-05-29 00:00:00+00:00, run_after=2025-05-30 00:00:00+00:00
[2025-05-29T12:25:05.019+0000] {processor.py:183} INFO - Processing /opt/airflow/dags/random_user_pipeline.py took 0.434 seconds
[2025-05-29T12:25:35.390+0000] {processor.py:161} INFO - Started process (PID=1112) to work on /opt/airflow/dags/random_user_pipeline.py
[2025-05-29T12:25:35.391+0000] {processor.py:830} INFO - Processing file /opt/airflow/dags/random_user_pipeline.py for tasks to queue
[2025-05-29T12:25:35.392+0000] {logging_mixin.py:188} INFO - [2025-05-29T12:25:35.392+0000] {dagbag.py:545} INFO - Filling up the DagBag from /opt/airflow/dags/random_user_pipeline.py
[2025-05-29T12:25:35.494+0000] {logging_mixin.py:188} WARNING - /home/airflow/.local/lib/python3.12/site-packages/airflow/models/baseoperator.py:485 RemovedInAirflow3Warning: provide_context is deprecated as of 2.0 and is no longer required
[2025-05-29T12:25:35.516+0000] {processor.py:840} INFO - DAG(s) 'random_user_pipeline' retrieved from /opt/airflow/dags/random_user_pipeline.py
[2025-05-29T12:25:35.743+0000] {logging_mixin.py:188} INFO - [2025-05-29T12:25:35.742+0000] {dag.py:3096} INFO - Sync 1 DAGs
[2025-05-29T12:25:35.772+0000] {logging_mixin.py:188} INFO - [2025-05-29T12:25:35.772+0000] {dag.py:3954} INFO - Setting next_dagrun for random_user_pipeline to 2025-05-29 00:00:00+00:00, run_after=2025-05-30 00:00:00+00:00
[2025-05-29T12:25:35.804+0000] {processor.py:183} INFO - Processing /opt/airflow/dags/random_user_pipeline.py took 0.419 seconds
[2025-05-29T12:26:06.195+0000] {processor.py:161} INFO - Started process (PID=1117) to work on /opt/airflow/dags/random_user_pipeline.py
[2025-05-29T12:26:06.196+0000] {processor.py:830} INFO - Processing file /opt/airflow/dags/random_user_pipeline.py for tasks to queue
[2025-05-29T12:26:06.197+0000] {logging_mixin.py:188} INFO - [2025-05-29T12:26:06.196+0000] {dagbag.py:545} INFO - Filling up the DagBag from /opt/airflow/dags/random_user_pipeline.py
[2025-05-29T12:26:06.287+0000] {logging_mixin.py:188} WARNING - /home/airflow/.local/lib/python3.12/site-packages/airflow/models/baseoperator.py:485 RemovedInAirflow3Warning: provide_context is deprecated as of 2.0 and is no longer required
[2025-05-29T12:26:06.305+0000] {processor.py:840} INFO - DAG(s) 'random_user_pipeline' retrieved from /opt/airflow/dags/random_user_pipeline.py
[2025-05-29T12:26:06.538+0000] {logging_mixin.py:188} INFO - [2025-05-29T12:26:06.538+0000] {dag.py:3096} INFO - Sync 1 DAGs
[2025-05-29T12:26:06.578+0000] {logging_mixin.py:188} INFO - [2025-05-29T12:26:06.578+0000] {dag.py:3954} INFO - Setting next_dagrun for random_user_pipeline to 2025-05-29 00:00:00+00:00, run_after=2025-05-30 00:00:00+00:00
[2025-05-29T12:26:06.621+0000] {processor.py:183} INFO - Processing /opt/airflow/dags/random_user_pipeline.py took 0.432 seconds
[2025-05-29T12:26:36.935+0000] {processor.py:161} INFO - Started process (PID=1122) to work on /opt/airflow/dags/random_user_pipeline.py
[2025-05-29T12:26:36.936+0000] {processor.py:830} INFO - Processing file /opt/airflow/dags/random_user_pipeline.py for tasks to queue
[2025-05-29T12:26:36.937+0000] {logging_mixin.py:188} INFO - [2025-05-29T12:26:36.937+0000] {dagbag.py:545} INFO - Filling up the DagBag from /opt/airflow/dags/random_user_pipeline.py
[2025-05-29T12:26:37.022+0000] {logging_mixin.py:188} WARNING - /home/airflow/.local/lib/python3.12/site-packages/airflow/models/baseoperator.py:485 RemovedInAirflow3Warning: provide_context is deprecated as of 2.0 and is no longer required
[2025-05-29T12:26:37.039+0000] {processor.py:840} INFO - DAG(s) 'random_user_pipeline' retrieved from /opt/airflow/dags/random_user_pipeline.py
[2025-05-29T12:26:37.368+0000] {logging_mixin.py:188} INFO - [2025-05-29T12:26:37.367+0000] {dag.py:3096} INFO - Sync 1 DAGs
[2025-05-29T12:26:37.398+0000] {logging_mixin.py:188} INFO - [2025-05-29T12:26:37.398+0000] {dag.py:3954} INFO - Setting next_dagrun for random_user_pipeline to 2025-05-29 00:00:00+00:00, run_after=2025-05-30 00:00:00+00:00
[2025-05-29T12:26:37.430+0000] {processor.py:183} INFO - Processing /opt/airflow/dags/random_user_pipeline.py took 0.500 seconds
[2025-05-29T12:27:07.727+0000] {processor.py:161} INFO - Started process (PID=1127) to work on /opt/airflow/dags/random_user_pipeline.py
[2025-05-29T12:27:07.728+0000] {processor.py:830} INFO - Processing file /opt/airflow/dags/random_user_pipeline.py for tasks to queue
[2025-05-29T12:27:07.729+0000] {logging_mixin.py:188} INFO - [2025-05-29T12:27:07.729+0000] {dagbag.py:545} INFO - Filling up the DagBag from /opt/airflow/dags/random_user_pipeline.py
[2025-05-29T12:27:07.822+0000] {logging_mixin.py:188} WARNING - /home/airflow/.local/lib/python3.12/site-packages/airflow/models/baseoperator.py:485 RemovedInAirflow3Warning: provide_context is deprecated as of 2.0 and is no longer required
[2025-05-29T12:27:07.845+0000] {processor.py:840} INFO - DAG(s) 'random_user_pipeline' retrieved from /opt/airflow/dags/random_user_pipeline.py
[2025-05-29T12:27:08.084+0000] {logging_mixin.py:188} INFO - [2025-05-29T12:27:08.084+0000] {dag.py:3096} INFO - Sync 1 DAGs
[2025-05-29T12:27:08.117+0000] {logging_mixin.py:188} INFO - [2025-05-29T12:27:08.117+0000] {dag.py:3954} INFO - Setting next_dagrun for random_user_pipeline to 2025-05-29 00:00:00+00:00, run_after=2025-05-30 00:00:00+00:00
[2025-05-29T12:27:08.157+0000] {processor.py:183} INFO - Processing /opt/airflow/dags/random_user_pipeline.py took 0.435 seconds
[2025-05-29T12:27:38.470+0000] {processor.py:161} INFO - Started process (PID=1132) to work on /opt/airflow/dags/random_user_pipeline.py
[2025-05-29T12:27:38.471+0000] {processor.py:830} INFO - Processing file /opt/airflow/dags/random_user_pipeline.py for tasks to queue
[2025-05-29T12:27:38.472+0000] {logging_mixin.py:188} INFO - [2025-05-29T12:27:38.472+0000] {dagbag.py:545} INFO - Filling up the DagBag from /opt/airflow/dags/random_user_pipeline.py
[2025-05-29T12:27:38.549+0000] {logging_mixin.py:188} WARNING - /home/airflow/.local/lib/python3.12/site-packages/airflow/models/baseoperator.py:485 RemovedInAirflow3Warning: provide_context is deprecated as of 2.0 and is no longer required
[2025-05-29T12:27:38.565+0000] {processor.py:840} INFO - DAG(s) 'random_user_pipeline' retrieved from /opt/airflow/dags/random_user_pipeline.py
[2025-05-29T12:27:38.775+0000] {logging_mixin.py:188} INFO - [2025-05-29T12:27:38.775+0000] {dag.py:3096} INFO - Sync 1 DAGs
[2025-05-29T12:27:38.807+0000] {logging_mixin.py:188} INFO - [2025-05-29T12:27:38.807+0000] {dag.py:3954} INFO - Setting next_dagrun for random_user_pipeline to 2025-05-29 00:00:00+00:00, run_after=2025-05-30 00:00:00+00:00
[2025-05-29T12:27:38.840+0000] {processor.py:183} INFO - Processing /opt/airflow/dags/random_user_pipeline.py took 0.375 seconds
[2025-05-29T12:28:08.915+0000] {processor.py:161} INFO - Started process (PID=1137) to work on /opt/airflow/dags/random_user_pipeline.py
[2025-05-29T12:28:08.916+0000] {processor.py:830} INFO - Processing file /opt/airflow/dags/random_user_pipeline.py for tasks to queue
[2025-05-29T12:28:08.917+0000] {logging_mixin.py:188} INFO - [2025-05-29T12:28:08.917+0000] {dagbag.py:545} INFO - Filling up the DagBag from /opt/airflow/dags/random_user_pipeline.py
[2025-05-29T12:28:09.017+0000] {logging_mixin.py:188} WARNING - /home/airflow/.local/lib/python3.12/site-packages/airflow/models/baseoperator.py:485 RemovedInAirflow3Warning: provide_context is deprecated as of 2.0 and is no longer required
[2025-05-29T12:28:09.041+0000] {processor.py:840} INFO - DAG(s) 'random_user_pipeline' retrieved from /opt/airflow/dags/random_user_pipeline.py
[2025-05-29T12:28:09.262+0000] {logging_mixin.py:188} INFO - [2025-05-29T12:28:09.262+0000] {dag.py:3096} INFO - Sync 1 DAGs
[2025-05-29T12:28:09.289+0000] {logging_mixin.py:188} INFO - [2025-05-29T12:28:09.289+0000] {dag.py:3954} INFO - Setting next_dagrun for random_user_pipeline to 2025-05-29 00:00:00+00:00, run_after=2025-05-30 00:00:00+00:00
[2025-05-29T12:28:09.321+0000] {processor.py:183} INFO - Processing /opt/airflow/dags/random_user_pipeline.py took 0.411 seconds
[2025-05-29T12:28:39.485+0000] {processor.py:161} INFO - Started process (PID=1142) to work on /opt/airflow/dags/random_user_pipeline.py
[2025-05-29T12:28:39.486+0000] {processor.py:830} INFO - Processing file /opt/airflow/dags/random_user_pipeline.py for tasks to queue
[2025-05-29T12:28:39.487+0000] {logging_mixin.py:188} INFO - [2025-05-29T12:28:39.487+0000] {dagbag.py:545} INFO - Filling up the DagBag from /opt/airflow/dags/random_user_pipeline.py
[2025-05-29T12:28:39.570+0000] {logging_mixin.py:188} WARNING - /home/airflow/.local/lib/python3.12/site-packages/airflow/models/baseoperator.py:485 RemovedInAirflow3Warning: provide_context is deprecated as of 2.0 and is no longer required
[2025-05-29T12:28:39.585+0000] {processor.py:840} INFO - DAG(s) 'random_user_pipeline' retrieved from /opt/airflow/dags/random_user_pipeline.py
[2025-05-29T12:28:39.833+0000] {logging_mixin.py:188} INFO - [2025-05-29T12:28:39.833+0000] {dag.py:3096} INFO - Sync 1 DAGs
[2025-05-29T12:28:39.863+0000] {logging_mixin.py:188} INFO - [2025-05-29T12:28:39.863+0000] {dag.py:3954} INFO - Setting next_dagrun for random_user_pipeline to 2025-05-29 00:00:00+00:00, run_after=2025-05-30 00:00:00+00:00
[2025-05-29T12:28:39.893+0000] {processor.py:183} INFO - Processing /opt/airflow/dags/random_user_pipeline.py took 0.413 seconds
[2025-05-29T12:29:10.032+0000] {processor.py:161} INFO - Started process (PID=1147) to work on /opt/airflow/dags/random_user_pipeline.py
[2025-05-29T12:29:10.033+0000] {processor.py:830} INFO - Processing file /opt/airflow/dags/random_user_pipeline.py for tasks to queue
[2025-05-29T12:29:10.034+0000] {logging_mixin.py:188} INFO - [2025-05-29T12:29:10.034+0000] {dagbag.py:545} INFO - Filling up the DagBag from /opt/airflow/dags/random_user_pipeline.py
[2025-05-29T12:29:10.156+0000] {logging_mixin.py:188} WARNING - /home/airflow/.local/lib/python3.12/site-packages/airflow/models/baseoperator.py:485 RemovedInAirflow3Warning: provide_context is deprecated as of 2.0 and is no longer required
[2025-05-29T12:29:10.179+0000] {processor.py:840} INFO - DAG(s) 'random_user_pipeline' retrieved from /opt/airflow/dags/random_user_pipeline.py
[2025-05-29T12:29:10.400+0000] {logging_mixin.py:188} INFO - [2025-05-29T12:29:10.400+0000] {dag.py:3096} INFO - Sync 1 DAGs
[2025-05-29T12:29:10.432+0000] {logging_mixin.py:188} INFO - [2025-05-29T12:29:10.432+0000] {dag.py:3954} INFO - Setting next_dagrun for random_user_pipeline to 2025-05-29 00:00:00+00:00, run_after=2025-05-30 00:00:00+00:00
[2025-05-29T12:29:10.463+0000] {processor.py:183} INFO - Processing /opt/airflow/dags/random_user_pipeline.py took 0.436 seconds
[2025-05-29T12:29:40.596+0000] {processor.py:161} INFO - Started process (PID=1152) to work on /opt/airflow/dags/random_user_pipeline.py
[2025-05-29T12:29:40.597+0000] {processor.py:830} INFO - Processing file /opt/airflow/dags/random_user_pipeline.py for tasks to queue
[2025-05-29T12:29:40.598+0000] {logging_mixin.py:188} INFO - [2025-05-29T12:29:40.598+0000] {dagbag.py:545} INFO - Filling up the DagBag from /opt/airflow/dags/random_user_pipeline.py
[2025-05-29T12:29:40.690+0000] {logging_mixin.py:188} WARNING - /home/airflow/.local/lib/python3.12/site-packages/airflow/models/baseoperator.py:485 RemovedInAirflow3Warning: provide_context is deprecated as of 2.0 and is no longer required
[2025-05-29T12:29:40.707+0000] {processor.py:840} INFO - DAG(s) 'random_user_pipeline' retrieved from /opt/airflow/dags/random_user_pipeline.py
[2025-05-29T12:29:42.911+0000] {logging_mixin.py:188} INFO - [2025-05-29T12:29:42.911+0000] {dag.py:3096} INFO - Sync 1 DAGs
[2025-05-29T12:29:42.939+0000] {logging_mixin.py:188} INFO - [2025-05-29T12:29:42.939+0000] {dag.py:3954} INFO - Setting next_dagrun for random_user_pipeline to 2025-05-29 00:00:00+00:00, run_after=2025-05-30 00:00:00+00:00
[2025-05-29T12:29:42.968+0000] {processor.py:183} INFO - Processing /opt/airflow/dags/random_user_pipeline.py took 2.377 seconds
[2025-05-29T12:30:13.235+0000] {processor.py:161} INFO - Started process (PID=1157) to work on /opt/airflow/dags/random_user_pipeline.py
[2025-05-29T12:30:13.236+0000] {processor.py:830} INFO - Processing file /opt/airflow/dags/random_user_pipeline.py for tasks to queue
[2025-05-29T12:30:13.237+0000] {logging_mixin.py:188} INFO - [2025-05-29T12:30:13.236+0000] {dagbag.py:545} INFO - Filling up the DagBag from /opt/airflow/dags/random_user_pipeline.py
[2025-05-29T12:30:13.337+0000] {logging_mixin.py:188} WARNING - /home/airflow/.local/lib/python3.12/site-packages/airflow/models/baseoperator.py:485 RemovedInAirflow3Warning: provide_context is deprecated as of 2.0 and is no longer required
[2025-05-29T12:30:13.355+0000] {processor.py:840} INFO - DAG(s) 'random_user_pipeline' retrieved from /opt/airflow/dags/random_user_pipeline.py
[2025-05-29T12:30:13.566+0000] {logging_mixin.py:188} INFO - [2025-05-29T12:30:13.566+0000] {dag.py:3096} INFO - Sync 1 DAGs
[2025-05-29T12:30:13.597+0000] {logging_mixin.py:188} INFO - [2025-05-29T12:30:13.596+0000] {dag.py:3954} INFO - Setting next_dagrun for random_user_pipeline to 2025-05-29 00:00:00+00:00, run_after=2025-05-30 00:00:00+00:00
[2025-05-29T12:30:13.627+0000] {processor.py:183} INFO - Processing /opt/airflow/dags/random_user_pipeline.py took 0.397 seconds
[2025-05-29T12:30:43.929+0000] {processor.py:161} INFO - Started process (PID=1162) to work on /opt/airflow/dags/random_user_pipeline.py
[2025-05-29T12:30:43.929+0000] {processor.py:830} INFO - Processing file /opt/airflow/dags/random_user_pipeline.py for tasks to queue
[2025-05-29T12:30:43.930+0000] {logging_mixin.py:188} INFO - [2025-05-29T12:30:43.930+0000] {dagbag.py:545} INFO - Filling up the DagBag from /opt/airflow/dags/random_user_pipeline.py
[2025-05-29T12:30:44.032+0000] {logging_mixin.py:188} WARNING - /home/airflow/.local/lib/python3.12/site-packages/airflow/models/baseoperator.py:485 RemovedInAirflow3Warning: provide_context is deprecated as of 2.0 and is no longer required
[2025-05-29T12:30:44.052+0000] {processor.py:840} INFO - DAG(s) 'random_user_pipeline' retrieved from /opt/airflow/dags/random_user_pipeline.py
[2025-05-29T12:30:44.310+0000] {logging_mixin.py:188} INFO - [2025-05-29T12:30:44.310+0000] {dag.py:3096} INFO - Sync 1 DAGs
[2025-05-29T12:30:44.340+0000] {logging_mixin.py:188} INFO - [2025-05-29T12:30:44.339+0000] {dag.py:3954} INFO - Setting next_dagrun for random_user_pipeline to 2025-05-29 00:00:00+00:00, run_after=2025-05-30 00:00:00+00:00
[2025-05-29T12:30:44.367+0000] {processor.py:183} INFO - Processing /opt/airflow/dags/random_user_pipeline.py took 0.444 seconds
[2025-05-29T12:31:14.743+0000] {processor.py:161} INFO - Started process (PID=1167) to work on /opt/airflow/dags/random_user_pipeline.py
[2025-05-29T12:31:14.744+0000] {processor.py:830} INFO - Processing file /opt/airflow/dags/random_user_pipeline.py for tasks to queue
[2025-05-29T12:31:14.745+0000] {logging_mixin.py:188} INFO - [2025-05-29T12:31:14.745+0000] {dagbag.py:545} INFO - Filling up the DagBag from /opt/airflow/dags/random_user_pipeline.py
[2025-05-29T12:31:14.826+0000] {logging_mixin.py:188} WARNING - /home/airflow/.local/lib/python3.12/site-packages/airflow/models/baseoperator.py:485 RemovedInAirflow3Warning: provide_context is deprecated as of 2.0 and is no longer required
[2025-05-29T12:31:14.854+0000] {processor.py:840} INFO - DAG(s) 'random_user_pipeline' retrieved from /opt/airflow/dags/random_user_pipeline.py
[2025-05-29T12:31:15.053+0000] {logging_mixin.py:188} INFO - [2025-05-29T12:31:15.053+0000] {dag.py:3096} INFO - Sync 1 DAGs
[2025-05-29T12:31:15.080+0000] {logging_mixin.py:188} INFO - [2025-05-29T12:31:15.080+0000] {dag.py:3954} INFO - Setting next_dagrun for random_user_pipeline to 2025-05-29 00:00:00+00:00, run_after=2025-05-30 00:00:00+00:00
[2025-05-29T12:31:15.110+0000] {processor.py:183} INFO - Processing /opt/airflow/dags/random_user_pipeline.py took 0.372 seconds
[2025-05-29T12:31:45.436+0000] {processor.py:161} INFO - Started process (PID=1173) to work on /opt/airflow/dags/random_user_pipeline.py
[2025-05-29T12:31:45.439+0000] {processor.py:830} INFO - Processing file /opt/airflow/dags/random_user_pipeline.py for tasks to queue
[2025-05-29T12:31:45.440+0000] {logging_mixin.py:188} INFO - [2025-05-29T12:31:45.440+0000] {dagbag.py:545} INFO - Filling up the DagBag from /opt/airflow/dags/random_user_pipeline.py
[2025-05-29T12:31:45.531+0000] {logging_mixin.py:188} WARNING - /home/airflow/.local/lib/python3.12/site-packages/airflow/models/baseoperator.py:485 RemovedInAirflow3Warning: provide_context is deprecated as of 2.0 and is no longer required
[2025-05-29T12:31:45.552+0000] {processor.py:840} INFO - DAG(s) 'random_user_pipeline' retrieved from /opt/airflow/dags/random_user_pipeline.py
[2025-05-29T12:31:45.825+0000] {logging_mixin.py:188} INFO - [2025-05-29T12:31:45.825+0000] {dag.py:3096} INFO - Sync 1 DAGs
[2025-05-29T12:31:45.862+0000] {logging_mixin.py:188} INFO - [2025-05-29T12:31:45.861+0000] {dag.py:3954} INFO - Setting next_dagrun for random_user_pipeline to 2025-05-29 00:00:00+00:00, run_after=2025-05-30 00:00:00+00:00
[2025-05-29T12:31:45.912+0000] {processor.py:183} INFO - Processing /opt/airflow/dags/random_user_pipeline.py took 0.482 seconds
[2025-05-29T12:32:16.365+0000] {processor.py:161} INFO - Started process (PID=1178) to work on /opt/airflow/dags/random_user_pipeline.py
[2025-05-29T12:32:16.366+0000] {processor.py:830} INFO - Processing file /opt/airflow/dags/random_user_pipeline.py for tasks to queue
[2025-05-29T12:32:16.367+0000] {logging_mixin.py:188} INFO - [2025-05-29T12:32:16.367+0000] {dagbag.py:545} INFO - Filling up the DagBag from /opt/airflow/dags/random_user_pipeline.py
[2025-05-29T12:32:16.499+0000] {logging_mixin.py:188} WARNING - /home/airflow/.local/lib/python3.12/site-packages/airflow/models/baseoperator.py:485 RemovedInAirflow3Warning: provide_context is deprecated as of 2.0 and is no longer required
[2025-05-29T12:32:16.522+0000] {processor.py:840} INFO - DAG(s) 'random_user_pipeline' retrieved from /opt/airflow/dags/random_user_pipeline.py
[2025-05-29T12:32:16.793+0000] {logging_mixin.py:188} INFO - [2025-05-29T12:32:16.793+0000] {dag.py:3096} INFO - Sync 1 DAGs
[2025-05-29T12:32:16.822+0000] {logging_mixin.py:188} INFO - [2025-05-29T12:32:16.821+0000] {dag.py:3954} INFO - Setting next_dagrun for random_user_pipeline to 2025-05-29 00:00:00+00:00, run_after=2025-05-30 00:00:00+00:00
[2025-05-29T12:32:16.850+0000] {processor.py:183} INFO - Processing /opt/airflow/dags/random_user_pipeline.py took 0.491 seconds
[2025-05-29T12:32:47.067+0000] {processor.py:161} INFO - Started process (PID=1183) to work on /opt/airflow/dags/random_user_pipeline.py
[2025-05-29T12:32:47.068+0000] {processor.py:830} INFO - Processing file /opt/airflow/dags/random_user_pipeline.py for tasks to queue
[2025-05-29T12:32:47.069+0000] {logging_mixin.py:188} INFO - [2025-05-29T12:32:47.068+0000] {dagbag.py:545} INFO - Filling up the DagBag from /opt/airflow/dags/random_user_pipeline.py
[2025-05-29T12:32:47.143+0000] {logging_mixin.py:188} WARNING - /home/airflow/.local/lib/python3.12/site-packages/airflow/models/baseoperator.py:485 RemovedInAirflow3Warning: provide_context is deprecated as of 2.0 and is no longer required
[2025-05-29T12:32:47.159+0000] {processor.py:840} INFO - DAG(s) 'random_user_pipeline' retrieved from /opt/airflow/dags/random_user_pipeline.py
[2025-05-29T12:32:47.366+0000] {logging_mixin.py:188} INFO - [2025-05-29T12:32:47.366+0000] {dag.py:3096} INFO - Sync 1 DAGs
[2025-05-29T12:32:47.402+0000] {logging_mixin.py:188} INFO - [2025-05-29T12:32:47.401+0000] {dag.py:3954} INFO - Setting next_dagrun for random_user_pipeline to 2025-05-29 00:00:00+00:00, run_after=2025-05-30 00:00:00+00:00
[2025-05-29T12:32:47.429+0000] {processor.py:183} INFO - Processing /opt/airflow/dags/random_user_pipeline.py took 0.373 seconds
[2025-05-29T12:33:17.723+0000] {processor.py:161} INFO - Started process (PID=1188) to work on /opt/airflow/dags/random_user_pipeline.py
[2025-05-29T12:33:17.725+0000] {processor.py:830} INFO - Processing file /opt/airflow/dags/random_user_pipeline.py for tasks to queue
[2025-05-29T12:33:17.726+0000] {logging_mixin.py:188} INFO - [2025-05-29T12:33:17.726+0000] {dagbag.py:545} INFO - Filling up the DagBag from /opt/airflow/dags/random_user_pipeline.py
[2025-05-29T12:33:17.810+0000] {logging_mixin.py:188} WARNING - /home/airflow/.local/lib/python3.12/site-packages/airflow/models/baseoperator.py:485 RemovedInAirflow3Warning: provide_context is deprecated as of 2.0 and is no longer required
[2025-05-29T12:33:17.833+0000] {processor.py:840} INFO - DAG(s) 'random_user_pipeline' retrieved from /opt/airflow/dags/random_user_pipeline.py
[2025-05-29T12:33:18.058+0000] {logging_mixin.py:188} INFO - [2025-05-29T12:33:18.058+0000] {dag.py:3096} INFO - Sync 1 DAGs
[2025-05-29T12:33:18.084+0000] {logging_mixin.py:188} INFO - [2025-05-29T12:33:18.084+0000] {dag.py:3954} INFO - Setting next_dagrun for random_user_pipeline to 2025-05-29 00:00:00+00:00, run_after=2025-05-30 00:00:00+00:00
[2025-05-29T12:33:18.111+0000] {processor.py:183} INFO - Processing /opt/airflow/dags/random_user_pipeline.py took 0.396 seconds
[2025-05-29T12:33:48.500+0000] {processor.py:161} INFO - Started process (PID=1193) to work on /opt/airflow/dags/random_user_pipeline.py
[2025-05-29T12:33:48.501+0000] {processor.py:830} INFO - Processing file /opt/airflow/dags/random_user_pipeline.py for tasks to queue
[2025-05-29T12:33:48.502+0000] {logging_mixin.py:188} INFO - [2025-05-29T12:33:48.502+0000] {dagbag.py:545} INFO - Filling up the DagBag from /opt/airflow/dags/random_user_pipeline.py
[2025-05-29T12:33:48.610+0000] {logging_mixin.py:188} WARNING - /home/airflow/.local/lib/python3.12/site-packages/airflow/models/baseoperator.py:485 RemovedInAirflow3Warning: provide_context is deprecated as of 2.0 and is no longer required
[2025-05-29T12:33:48.628+0000] {processor.py:840} INFO - DAG(s) 'random_user_pipeline' retrieved from /opt/airflow/dags/random_user_pipeline.py
[2025-05-29T12:33:48.837+0000] {logging_mixin.py:188} INFO - [2025-05-29T12:33:48.837+0000] {dag.py:3096} INFO - Sync 1 DAGs
[2025-05-29T12:33:48.868+0000] {logging_mixin.py:188} INFO - [2025-05-29T12:33:48.868+0000] {dag.py:3954} INFO - Setting next_dagrun for random_user_pipeline to 2025-05-29 00:00:00+00:00, run_after=2025-05-30 00:00:00+00:00
[2025-05-29T12:33:48.899+0000] {processor.py:183} INFO - Processing /opt/airflow/dags/random_user_pipeline.py took 0.405 seconds
[2025-05-29T12:34:19.291+0000] {processor.py:161} INFO - Started process (PID=1198) to work on /opt/airflow/dags/random_user_pipeline.py
[2025-05-29T12:34:19.292+0000] {processor.py:830} INFO - Processing file /opt/airflow/dags/random_user_pipeline.py for tasks to queue
[2025-05-29T12:34:19.293+0000] {logging_mixin.py:188} INFO - [2025-05-29T12:34:19.293+0000] {dagbag.py:545} INFO - Filling up the DagBag from /opt/airflow/dags/random_user_pipeline.py
[2025-05-29T12:34:19.386+0000] {logging_mixin.py:188} WARNING - /home/airflow/.local/lib/python3.12/site-packages/airflow/models/baseoperator.py:485 RemovedInAirflow3Warning: provide_context is deprecated as of 2.0 and is no longer required
[2025-05-29T12:34:19.406+0000] {processor.py:840} INFO - DAG(s) 'random_user_pipeline' retrieved from /opt/airflow/dags/random_user_pipeline.py
[2025-05-29T12:34:19.927+0000] {logging_mixin.py:188} INFO - [2025-05-29T12:34:19.927+0000] {dag.py:3096} INFO - Sync 1 DAGs
[2025-05-29T12:34:19.957+0000] {logging_mixin.py:188} INFO - [2025-05-29T12:34:19.957+0000] {dag.py:3954} INFO - Setting next_dagrun for random_user_pipeline to 2025-05-29 00:00:00+00:00, run_after=2025-05-30 00:00:00+00:00
[2025-05-29T12:34:19.987+0000] {processor.py:183} INFO - Processing /opt/airflow/dags/random_user_pipeline.py took 0.701 seconds
[2025-05-29T12:34:50.273+0000] {processor.py:161} INFO - Started process (PID=1203) to work on /opt/airflow/dags/random_user_pipeline.py
[2025-05-29T12:34:50.275+0000] {processor.py:830} INFO - Processing file /opt/airflow/dags/random_user_pipeline.py for tasks to queue
[2025-05-29T12:34:50.276+0000] {logging_mixin.py:188} INFO - [2025-05-29T12:34:50.276+0000] {dagbag.py:545} INFO - Filling up the DagBag from /opt/airflow/dags/random_user_pipeline.py
[2025-05-29T12:34:50.363+0000] {logging_mixin.py:188} WARNING - /home/airflow/.local/lib/python3.12/site-packages/airflow/models/baseoperator.py:485 RemovedInAirflow3Warning: provide_context is deprecated as of 2.0 and is no longer required
[2025-05-29T12:34:50.379+0000] {processor.py:840} INFO - DAG(s) 'random_user_pipeline' retrieved from /opt/airflow/dags/random_user_pipeline.py
[2025-05-29T12:34:50.599+0000] {logging_mixin.py:188} INFO - [2025-05-29T12:34:50.599+0000] {dag.py:3096} INFO - Sync 1 DAGs
[2025-05-29T12:34:50.632+0000] {logging_mixin.py:188} INFO - [2025-05-29T12:34:50.631+0000] {dag.py:3954} INFO - Setting next_dagrun for random_user_pipeline to 2025-05-29 00:00:00+00:00, run_after=2025-05-30 00:00:00+00:00
[2025-05-29T12:34:50.660+0000] {processor.py:183} INFO - Processing /opt/airflow/dags/random_user_pipeline.py took 0.398 seconds
[2025-05-29T12:35:21.087+0000] {processor.py:161} INFO - Started process (PID=1208) to work on /opt/airflow/dags/random_user_pipeline.py
[2025-05-29T12:35:21.088+0000] {processor.py:830} INFO - Processing file /opt/airflow/dags/random_user_pipeline.py for tasks to queue
[2025-05-29T12:35:21.089+0000] {logging_mixin.py:188} INFO - [2025-05-29T12:35:21.088+0000] {dagbag.py:545} INFO - Filling up the DagBag from /opt/airflow/dags/random_user_pipeline.py
[2025-05-29T12:35:21.175+0000] {logging_mixin.py:188} WARNING - /home/airflow/.local/lib/python3.12/site-packages/airflow/models/baseoperator.py:485 RemovedInAirflow3Warning: provide_context is deprecated as of 2.0 and is no longer required
[2025-05-29T12:35:21.192+0000] {processor.py:840} INFO - DAG(s) 'random_user_pipeline' retrieved from /opt/airflow/dags/random_user_pipeline.py
[2025-05-29T12:35:23.423+0000] {logging_mixin.py:188} INFO - [2025-05-29T12:35:23.423+0000] {dag.py:3096} INFO - Sync 1 DAGs
[2025-05-29T12:35:23.459+0000] {logging_mixin.py:188} INFO - [2025-05-29T12:35:23.459+0000] {dag.py:3954} INFO - Setting next_dagrun for random_user_pipeline to 2025-05-29 00:00:00+00:00, run_after=2025-05-30 00:00:00+00:00
[2025-05-29T12:35:23.492+0000] {processor.py:183} INFO - Processing /opt/airflow/dags/random_user_pipeline.py took 2.410 seconds
[2025-05-29T12:35:53.886+0000] {processor.py:161} INFO - Started process (PID=1213) to work on /opt/airflow/dags/random_user_pipeline.py
[2025-05-29T12:35:53.887+0000] {processor.py:830} INFO - Processing file /opt/airflow/dags/random_user_pipeline.py for tasks to queue
[2025-05-29T12:35:53.888+0000] {logging_mixin.py:188} INFO - [2025-05-29T12:35:53.887+0000] {dagbag.py:545} INFO - Filling up the DagBag from /opt/airflow/dags/random_user_pipeline.py
[2025-05-29T12:35:53.965+0000] {logging_mixin.py:188} WARNING - /home/airflow/.local/lib/python3.12/site-packages/airflow/models/baseoperator.py:485 RemovedInAirflow3Warning: provide_context is deprecated as of 2.0 and is no longer required
[2025-05-29T12:35:53.982+0000] {processor.py:840} INFO - DAG(s) 'random_user_pipeline' retrieved from /opt/airflow/dags/random_user_pipeline.py
[2025-05-29T12:35:54.192+0000] {logging_mixin.py:188} INFO - [2025-05-29T12:35:54.191+0000] {dag.py:3096} INFO - Sync 1 DAGs
[2025-05-29T12:35:54.220+0000] {logging_mixin.py:188} INFO - [2025-05-29T12:35:54.220+0000] {dag.py:3954} INFO - Setting next_dagrun for random_user_pipeline to 2025-05-29 00:00:00+00:00, run_after=2025-05-30 00:00:00+00:00
[2025-05-29T12:35:54.249+0000] {processor.py:183} INFO - Processing /opt/airflow/dags/random_user_pipeline.py took 0.367 seconds
[2025-05-29T12:36:24.650+0000] {processor.py:161} INFO - Started process (PID=1218) to work on /opt/airflow/dags/random_user_pipeline.py
[2025-05-29T12:36:24.651+0000] {processor.py:830} INFO - Processing file /opt/airflow/dags/random_user_pipeline.py for tasks to queue
[2025-05-29T12:36:24.652+0000] {logging_mixin.py:188} INFO - [2025-05-29T12:36:24.652+0000] {dagbag.py:545} INFO - Filling up the DagBag from /opt/airflow/dags/random_user_pipeline.py
[2025-05-29T12:36:24.743+0000] {logging_mixin.py:188} WARNING - /home/airflow/.local/lib/python3.12/site-packages/airflow/models/baseoperator.py:485 RemovedInAirflow3Warning: provide_context is deprecated as of 2.0 and is no longer required
[2025-05-29T12:36:24.772+0000] {processor.py:840} INFO - DAG(s) 'random_user_pipeline' retrieved from /opt/airflow/dags/random_user_pipeline.py
[2025-05-29T12:36:25.030+0000] {logging_mixin.py:188} INFO - [2025-05-29T12:36:25.029+0000] {dag.py:3096} INFO - Sync 1 DAGs
[2025-05-29T12:36:25.059+0000] {logging_mixin.py:188} INFO - [2025-05-29T12:36:25.059+0000] {dag.py:3954} INFO - Setting next_dagrun for random_user_pipeline to 2025-05-29 00:00:00+00:00, run_after=2025-05-30 00:00:00+00:00
[2025-05-29T12:36:25.093+0000] {processor.py:183} INFO - Processing /opt/airflow/dags/random_user_pipeline.py took 0.447 seconds
[2025-05-29T12:36:55.461+0000] {processor.py:161} INFO - Started process (PID=1223) to work on /opt/airflow/dags/random_user_pipeline.py
[2025-05-29T12:36:55.462+0000] {processor.py:830} INFO - Processing file /opt/airflow/dags/random_user_pipeline.py for tasks to queue
[2025-05-29T12:36:55.463+0000] {logging_mixin.py:188} INFO - [2025-05-29T12:36:55.463+0000] {dagbag.py:545} INFO - Filling up the DagBag from /opt/airflow/dags/random_user_pipeline.py
[2025-05-29T12:36:55.547+0000] {logging_mixin.py:188} WARNING - /home/airflow/.local/lib/python3.12/site-packages/airflow/models/baseoperator.py:485 RemovedInAirflow3Warning: provide_context is deprecated as of 2.0 and is no longer required
[2025-05-29T12:36:55.573+0000] {processor.py:840} INFO - DAG(s) 'random_user_pipeline' retrieved from /opt/airflow/dags/random_user_pipeline.py
[2025-05-29T12:36:55.828+0000] {logging_mixin.py:188} INFO - [2025-05-29T12:36:55.828+0000] {dag.py:3096} INFO - Sync 1 DAGs
[2025-05-29T12:36:55.863+0000] {logging_mixin.py:188} INFO - [2025-05-29T12:36:55.863+0000] {dag.py:3954} INFO - Setting next_dagrun for random_user_pipeline to 2025-05-29 00:00:00+00:00, run_after=2025-05-30 00:00:00+00:00
[2025-05-29T12:36:55.901+0000] {processor.py:183} INFO - Processing /opt/airflow/dags/random_user_pipeline.py took 0.446 seconds
[2025-05-29T12:37:26.282+0000] {processor.py:161} INFO - Started process (PID=1228) to work on /opt/airflow/dags/random_user_pipeline.py
[2025-05-29T12:37:26.283+0000] {processor.py:830} INFO - Processing file /opt/airflow/dags/random_user_pipeline.py for tasks to queue
[2025-05-29T12:37:26.283+0000] {logging_mixin.py:188} INFO - [2025-05-29T12:37:26.283+0000] {dagbag.py:545} INFO - Filling up the DagBag from /opt/airflow/dags/random_user_pipeline.py
[2025-05-29T12:37:26.370+0000] {logging_mixin.py:188} WARNING - /home/airflow/.local/lib/python3.12/site-packages/airflow/models/baseoperator.py:485 RemovedInAirflow3Warning: provide_context is deprecated as of 2.0 and is no longer required
[2025-05-29T12:37:26.388+0000] {processor.py:840} INFO - DAG(s) 'random_user_pipeline' retrieved from /opt/airflow/dags/random_user_pipeline.py
[2025-05-29T12:37:26.616+0000] {logging_mixin.py:188} INFO - [2025-05-29T12:37:26.616+0000] {dag.py:3096} INFO - Sync 1 DAGs
[2025-05-29T12:37:26.661+0000] {logging_mixin.py:188} INFO - [2025-05-29T12:37:26.661+0000] {dag.py:3954} INFO - Setting next_dagrun for random_user_pipeline to 2025-05-29 00:00:00+00:00, run_after=2025-05-30 00:00:00+00:00
[2025-05-29T12:37:26.702+0000] {processor.py:183} INFO - Processing /opt/airflow/dags/random_user_pipeline.py took 0.425 seconds
[2025-05-29T12:37:56.835+0000] {processor.py:161} INFO - Started process (PID=1233) to work on /opt/airflow/dags/random_user_pipeline.py
[2025-05-29T12:37:56.836+0000] {processor.py:830} INFO - Processing file /opt/airflow/dags/random_user_pipeline.py for tasks to queue
[2025-05-29T12:37:56.837+0000] {logging_mixin.py:188} INFO - [2025-05-29T12:37:56.837+0000] {dagbag.py:545} INFO - Filling up the DagBag from /opt/airflow/dags/random_user_pipeline.py
[2025-05-29T12:37:56.949+0000] {logging_mixin.py:188} WARNING - /home/airflow/.local/lib/python3.12/site-packages/airflow/models/baseoperator.py:485 RemovedInAirflow3Warning: provide_context is deprecated as of 2.0 and is no longer required
[2025-05-29T12:37:56.976+0000] {processor.py:840} INFO - DAG(s) 'random_user_pipeline' retrieved from /opt/airflow/dags/random_user_pipeline.py
[2025-05-29T12:37:57.199+0000] {logging_mixin.py:188} INFO - [2025-05-29T12:37:57.199+0000] {dag.py:3096} INFO - Sync 1 DAGs
[2025-05-29T12:37:57.227+0000] {logging_mixin.py:188} INFO - [2025-05-29T12:37:57.227+0000] {dag.py:3954} INFO - Setting next_dagrun for random_user_pipeline to 2025-05-29 00:00:00+00:00, run_after=2025-05-30 00:00:00+00:00
[2025-05-29T12:37:57.258+0000] {processor.py:183} INFO - Processing /opt/airflow/dags/random_user_pipeline.py took 0.429 seconds
[2025-05-29T12:38:27.342+0000] {processor.py:161} INFO - Started process (PID=1238) to work on /opt/airflow/dags/random_user_pipeline.py
[2025-05-29T12:38:27.343+0000] {processor.py:830} INFO - Processing file /opt/airflow/dags/random_user_pipeline.py for tasks to queue
[2025-05-29T12:38:27.344+0000] {logging_mixin.py:188} INFO - [2025-05-29T12:38:27.344+0000] {dagbag.py:545} INFO - Filling up the DagBag from /opt/airflow/dags/random_user_pipeline.py
[2025-05-29T12:38:27.467+0000] {logging_mixin.py:188} WARNING - /home/airflow/.local/lib/python3.12/site-packages/airflow/models/baseoperator.py:485 RemovedInAirflow3Warning: provide_context is deprecated as of 2.0 and is no longer required
[2025-05-29T12:38:27.499+0000] {processor.py:840} INFO - DAG(s) 'random_user_pipeline' retrieved from /opt/airflow/dags/random_user_pipeline.py
[2025-05-29T12:38:27.799+0000] {logging_mixin.py:188} INFO - [2025-05-29T12:38:27.798+0000] {dag.py:3096} INFO - Sync 1 DAGs
[2025-05-29T12:38:27.826+0000] {logging_mixin.py:188} INFO - [2025-05-29T12:38:27.826+0000] {dag.py:3954} INFO - Setting next_dagrun for random_user_pipeline to 2025-05-29 00:00:00+00:00, run_after=2025-05-30 00:00:00+00:00
[2025-05-29T12:38:27.857+0000] {processor.py:183} INFO - Processing /opt/airflow/dags/random_user_pipeline.py took 0.520 seconds
[2025-05-29T12:38:58.172+0000] {processor.py:161} INFO - Started process (PID=1243) to work on /opt/airflow/dags/random_user_pipeline.py
[2025-05-29T12:38:58.173+0000] {processor.py:830} INFO - Processing file /opt/airflow/dags/random_user_pipeline.py for tasks to queue
[2025-05-29T12:38:58.174+0000] {logging_mixin.py:188} INFO - [2025-05-29T12:38:58.174+0000] {dagbag.py:545} INFO - Filling up the DagBag from /opt/airflow/dags/random_user_pipeline.py
[2025-05-29T12:38:58.260+0000] {logging_mixin.py:188} WARNING - /home/airflow/.local/lib/python3.12/site-packages/airflow/models/baseoperator.py:485 RemovedInAirflow3Warning: provide_context is deprecated as of 2.0 and is no longer required
[2025-05-29T12:38:58.281+0000] {processor.py:840} INFO - DAG(s) 'random_user_pipeline' retrieved from /opt/airflow/dags/random_user_pipeline.py
[2025-05-29T12:38:58.561+0000] {logging_mixin.py:188} INFO - [2025-05-29T12:38:58.561+0000] {dag.py:3096} INFO - Sync 1 DAGs
[2025-05-29T12:38:58.593+0000] {logging_mixin.py:188} INFO - [2025-05-29T12:38:58.593+0000] {dag.py:3954} INFO - Setting next_dagrun for random_user_pipeline to 2025-05-29 00:00:00+00:00, run_after=2025-05-30 00:00:00+00:00
[2025-05-29T12:38:58.633+0000] {processor.py:183} INFO - Processing /opt/airflow/dags/random_user_pipeline.py took 0.467 seconds
[2025-05-29T12:39:28.953+0000] {processor.py:161} INFO - Started process (PID=1248) to work on /opt/airflow/dags/random_user_pipeline.py
[2025-05-29T12:39:28.954+0000] {processor.py:830} INFO - Processing file /opt/airflow/dags/random_user_pipeline.py for tasks to queue
[2025-05-29T12:39:28.955+0000] {logging_mixin.py:188} INFO - [2025-05-29T12:39:28.954+0000] {dagbag.py:545} INFO - Filling up the DagBag from /opt/airflow/dags/random_user_pipeline.py
[2025-05-29T12:39:29.046+0000] {logging_mixin.py:188} WARNING - /home/airflow/.local/lib/python3.12/site-packages/airflow/models/baseoperator.py:485 RemovedInAirflow3Warning: provide_context is deprecated as of 2.0 and is no longer required
[2025-05-29T12:39:29.066+0000] {processor.py:840} INFO - DAG(s) 'random_user_pipeline' retrieved from /opt/airflow/dags/random_user_pipeline.py
[2025-05-29T12:39:29.290+0000] {logging_mixin.py:188} INFO - [2025-05-29T12:39:29.290+0000] {dag.py:3096} INFO - Sync 1 DAGs
[2025-05-29T12:39:29.317+0000] {logging_mixin.py:188} INFO - [2025-05-29T12:39:29.317+0000] {dag.py:3954} INFO - Setting next_dagrun for random_user_pipeline to 2025-05-29 00:00:00+00:00, run_after=2025-05-30 00:00:00+00:00
[2025-05-29T12:39:29.346+0000] {processor.py:183} INFO - Processing /opt/airflow/dags/random_user_pipeline.py took 0.399 seconds
[2025-05-29T12:39:59.675+0000] {processor.py:161} INFO - Started process (PID=1253) to work on /opt/airflow/dags/random_user_pipeline.py
[2025-05-29T12:39:59.676+0000] {processor.py:830} INFO - Processing file /opt/airflow/dags/random_user_pipeline.py for tasks to queue
[2025-05-29T12:39:59.678+0000] {logging_mixin.py:188} INFO - [2025-05-29T12:39:59.677+0000] {dagbag.py:545} INFO - Filling up the DagBag from /opt/airflow/dags/random_user_pipeline.py
[2025-05-29T12:39:59.790+0000] {logging_mixin.py:188} WARNING - /home/airflow/.local/lib/python3.12/site-packages/airflow/models/baseoperator.py:485 RemovedInAirflow3Warning: provide_context is deprecated as of 2.0 and is no longer required
[2025-05-29T12:39:59.814+0000] {processor.py:840} INFO - DAG(s) 'random_user_pipeline' retrieved from /opt/airflow/dags/random_user_pipeline.py
[2025-05-29T12:40:00.369+0000] {logging_mixin.py:188} INFO - [2025-05-29T12:40:00.369+0000] {dag.py:3096} INFO - Sync 1 DAGs
[2025-05-29T12:40:00.397+0000] {logging_mixin.py:188} INFO - [2025-05-29T12:40:00.397+0000] {dag.py:3954} INFO - Setting next_dagrun for random_user_pipeline to 2025-05-29 00:00:00+00:00, run_after=2025-05-30 00:00:00+00:00
[2025-05-29T12:40:00.439+0000] {processor.py:183} INFO - Processing /opt/airflow/dags/random_user_pipeline.py took 0.772 seconds
[2025-05-29T12:40:30.554+0000] {processor.py:161} INFO - Started process (PID=1258) to work on /opt/airflow/dags/random_user_pipeline.py
[2025-05-29T12:40:30.556+0000] {processor.py:830} INFO - Processing file /opt/airflow/dags/random_user_pipeline.py for tasks to queue
[2025-05-29T12:40:30.557+0000] {logging_mixin.py:188} INFO - [2025-05-29T12:40:30.556+0000] {dagbag.py:545} INFO - Filling up the DagBag from /opt/airflow/dags/random_user_pipeline.py
[2025-05-29T12:40:30.672+0000] {logging_mixin.py:188} WARNING - /home/airflow/.local/lib/python3.12/site-packages/airflow/models/baseoperator.py:485 RemovedInAirflow3Warning: provide_context is deprecated as of 2.0 and is no longer required
[2025-05-29T12:40:30.706+0000] {processor.py:840} INFO - DAG(s) 'random_user_pipeline' retrieved from /opt/airflow/dags/random_user_pipeline.py
[2025-05-29T12:40:30.953+0000] {logging_mixin.py:188} INFO - [2025-05-29T12:40:30.953+0000] {dag.py:3096} INFO - Sync 1 DAGs
[2025-05-29T12:40:30.989+0000] {logging_mixin.py:188} INFO - [2025-05-29T12:40:30.988+0000] {dag.py:3954} INFO - Setting next_dagrun for random_user_pipeline to 2025-05-29 00:00:00+00:00, run_after=2025-05-30 00:00:00+00:00
[2025-05-29T12:40:31.027+0000] {processor.py:183} INFO - Processing /opt/airflow/dags/random_user_pipeline.py took 0.478 seconds
[2025-05-29T12:41:01.340+0000] {processor.py:161} INFO - Started process (PID=1263) to work on /opt/airflow/dags/random_user_pipeline.py
[2025-05-29T12:41:01.341+0000] {processor.py:830} INFO - Processing file /opt/airflow/dags/random_user_pipeline.py for tasks to queue
[2025-05-29T12:41:01.342+0000] {logging_mixin.py:188} INFO - [2025-05-29T12:41:01.342+0000] {dagbag.py:545} INFO - Filling up the DagBag from /opt/airflow/dags/random_user_pipeline.py
[2025-05-29T12:41:01.486+0000] {logging_mixin.py:188} WARNING - /home/airflow/.local/lib/python3.12/site-packages/airflow/models/baseoperator.py:485 RemovedInAirflow3Warning: provide_context is deprecated as of 2.0 and is no longer required
[2025-05-29T12:41:01.508+0000] {processor.py:840} INFO - DAG(s) 'random_user_pipeline' retrieved from /opt/airflow/dags/random_user_pipeline.py
[2025-05-29T12:41:03.786+0000] {logging_mixin.py:188} INFO - [2025-05-29T12:41:03.786+0000] {dag.py:3096} INFO - Sync 1 DAGs
[2025-05-29T12:41:03.819+0000] {logging_mixin.py:188} INFO - [2025-05-29T12:41:03.819+0000] {dag.py:3954} INFO - Setting next_dagrun for random_user_pipeline to 2025-05-29 00:00:00+00:00, run_after=2025-05-30 00:00:00+00:00
[2025-05-29T12:41:03.855+0000] {processor.py:183} INFO - Processing /opt/airflow/dags/random_user_pipeline.py took 2.523 seconds
[2025-05-29T12:41:34.179+0000] {processor.py:161} INFO - Started process (PID=1268) to work on /opt/airflow/dags/random_user_pipeline.py
[2025-05-29T12:41:34.180+0000] {processor.py:830} INFO - Processing file /opt/airflow/dags/random_user_pipeline.py for tasks to queue
[2025-05-29T12:41:34.181+0000] {logging_mixin.py:188} INFO - [2025-05-29T12:41:34.181+0000] {dagbag.py:545} INFO - Filling up the DagBag from /opt/airflow/dags/random_user_pipeline.py
[2025-05-29T12:41:34.290+0000] {logging_mixin.py:188} WARNING - /home/airflow/.local/lib/python3.12/site-packages/airflow/models/baseoperator.py:485 RemovedInAirflow3Warning: provide_context is deprecated as of 2.0 and is no longer required
[2025-05-29T12:41:34.316+0000] {processor.py:840} INFO - DAG(s) 'random_user_pipeline' retrieved from /opt/airflow/dags/random_user_pipeline.py
[2025-05-29T12:41:34.591+0000] {logging_mixin.py:188} INFO - [2025-05-29T12:41:34.591+0000] {dag.py:3096} INFO - Sync 1 DAGs
[2025-05-29T12:41:34.622+0000] {logging_mixin.py:188} INFO - [2025-05-29T12:41:34.622+0000] {dag.py:3954} INFO - Setting next_dagrun for random_user_pipeline to 2025-05-29 00:00:00+00:00, run_after=2025-05-30 00:00:00+00:00
[2025-05-29T12:41:34.657+0000] {processor.py:183} INFO - Processing /opt/airflow/dags/random_user_pipeline.py took 0.484 seconds
[2025-05-29T12:42:04.944+0000] {processor.py:161} INFO - Started process (PID=1273) to work on /opt/airflow/dags/random_user_pipeline.py
[2025-05-29T12:42:04.946+0000] {processor.py:830} INFO - Processing file /opt/airflow/dags/random_user_pipeline.py for tasks to queue
[2025-05-29T12:42:04.947+0000] {logging_mixin.py:188} INFO - [2025-05-29T12:42:04.946+0000] {dagbag.py:545} INFO - Filling up the DagBag from /opt/airflow/dags/random_user_pipeline.py
[2025-05-29T12:42:05.056+0000] {logging_mixin.py:188} WARNING - /home/airflow/.local/lib/python3.12/site-packages/airflow/models/baseoperator.py:485 RemovedInAirflow3Warning: provide_context is deprecated as of 2.0 and is no longer required
[2025-05-29T12:42:05.092+0000] {processor.py:840} INFO - DAG(s) 'random_user_pipeline' retrieved from /opt/airflow/dags/random_user_pipeline.py
[2025-05-29T12:42:05.366+0000] {logging_mixin.py:188} INFO - [2025-05-29T12:42:05.366+0000] {dag.py:3096} INFO - Sync 1 DAGs
[2025-05-29T12:42:05.400+0000] {logging_mixin.py:188} INFO - [2025-05-29T12:42:05.399+0000] {dag.py:3954} INFO - Setting next_dagrun for random_user_pipeline to 2025-05-29 00:00:00+00:00, run_after=2025-05-30 00:00:00+00:00
[2025-05-29T12:42:05.447+0000] {processor.py:183} INFO - Processing /opt/airflow/dags/random_user_pipeline.py took 0.508 seconds
[2025-05-29T12:42:35.767+0000] {processor.py:161} INFO - Started process (PID=1278) to work on /opt/airflow/dags/random_user_pipeline.py
[2025-05-29T12:42:35.768+0000] {processor.py:830} INFO - Processing file /opt/airflow/dags/random_user_pipeline.py for tasks to queue
[2025-05-29T12:42:35.770+0000] {logging_mixin.py:188} INFO - [2025-05-29T12:42:35.769+0000] {dagbag.py:545} INFO - Filling up the DagBag from /opt/airflow/dags/random_user_pipeline.py
[2025-05-29T12:42:35.891+0000] {logging_mixin.py:188} WARNING - /home/airflow/.local/lib/python3.12/site-packages/airflow/models/baseoperator.py:485 RemovedInAirflow3Warning: provide_context is deprecated as of 2.0 and is no longer required
[2025-05-29T12:42:35.923+0000] {processor.py:840} INFO - DAG(s) 'random_user_pipeline' retrieved from /opt/airflow/dags/random_user_pipeline.py
[2025-05-29T12:42:36.375+0000] {logging_mixin.py:188} INFO - [2025-05-29T12:42:36.375+0000] {dag.py:3096} INFO - Sync 1 DAGs
[2025-05-29T12:42:36.410+0000] {logging_mixin.py:188} INFO - [2025-05-29T12:42:36.410+0000] {dag.py:3954} INFO - Setting next_dagrun for random_user_pipeline to 2025-05-29 00:00:00+00:00, run_after=2025-05-30 00:00:00+00:00
[2025-05-29T12:42:36.454+0000] {processor.py:183} INFO - Processing /opt/airflow/dags/random_user_pipeline.py took 0.692 seconds
[2025-05-29T12:43:06.545+0000] {processor.py:161} INFO - Started process (PID=1283) to work on /opt/airflow/dags/random_user_pipeline.py
[2025-05-29T12:43:06.546+0000] {processor.py:830} INFO - Processing file /opt/airflow/dags/random_user_pipeline.py for tasks to queue
[2025-05-29T12:43:06.547+0000] {logging_mixin.py:188} INFO - [2025-05-29T12:43:06.547+0000] {dagbag.py:545} INFO - Filling up the DagBag from /opt/airflow/dags/random_user_pipeline.py
[2025-05-29T12:43:06.649+0000] {logging_mixin.py:188} WARNING - /home/airflow/.local/lib/python3.12/site-packages/airflow/models/baseoperator.py:485 RemovedInAirflow3Warning: provide_context is deprecated as of 2.0 and is no longer required
[2025-05-29T12:43:06.667+0000] {processor.py:840} INFO - DAG(s) 'random_user_pipeline' retrieved from /opt/airflow/dags/random_user_pipeline.py
[2025-05-29T12:43:06.936+0000] {logging_mixin.py:188} INFO - [2025-05-29T12:43:06.935+0000] {dag.py:3096} INFO - Sync 1 DAGs
[2025-05-29T12:43:06.975+0000] {logging_mixin.py:188} INFO - [2025-05-29T12:43:06.975+0000] {dag.py:3954} INFO - Setting next_dagrun for random_user_pipeline to 2025-05-29 00:00:00+00:00, run_after=2025-05-30 00:00:00+00:00
[2025-05-29T12:43:07.035+0000] {processor.py:183} INFO - Processing /opt/airflow/dags/random_user_pipeline.py took 0.496 seconds
[2025-05-29T12:43:37.300+0000] {processor.py:161} INFO - Started process (PID=1288) to work on /opt/airflow/dags/random_user_pipeline.py
[2025-05-29T12:43:37.302+0000] {processor.py:830} INFO - Processing file /opt/airflow/dags/random_user_pipeline.py for tasks to queue
[2025-05-29T12:43:37.303+0000] {logging_mixin.py:188} INFO - [2025-05-29T12:43:37.303+0000] {dagbag.py:545} INFO - Filling up the DagBag from /opt/airflow/dags/random_user_pipeline.py
[2025-05-29T12:43:37.396+0000] {logging_mixin.py:188} WARNING - /home/airflow/.local/lib/python3.12/site-packages/airflow/models/baseoperator.py:485 RemovedInAirflow3Warning: provide_context is deprecated as of 2.0 and is no longer required
[2025-05-29T12:43:37.420+0000] {processor.py:840} INFO - DAG(s) 'random_user_pipeline' retrieved from /opt/airflow/dags/random_user_pipeline.py
[2025-05-29T12:43:37.743+0000] {logging_mixin.py:188} INFO - [2025-05-29T12:43:37.743+0000] {dag.py:3096} INFO - Sync 1 DAGs
[2025-05-29T12:43:37.778+0000] {logging_mixin.py:188} INFO - [2025-05-29T12:43:37.778+0000] {dag.py:3954} INFO - Setting next_dagrun for random_user_pipeline to 2025-05-29 00:00:00+00:00, run_after=2025-05-30 00:00:00+00:00
[2025-05-29T12:43:37.819+0000] {processor.py:183} INFO - Processing /opt/airflow/dags/random_user_pipeline.py took 0.527 seconds
[2025-05-29T12:44:08.330+0000] {processor.py:161} INFO - Started process (PID=1293) to work on /opt/airflow/dags/random_user_pipeline.py
[2025-05-29T12:44:08.331+0000] {processor.py:830} INFO - Processing file /opt/airflow/dags/random_user_pipeline.py for tasks to queue
[2025-05-29T12:44:08.333+0000] {logging_mixin.py:188} INFO - [2025-05-29T12:44:08.332+0000] {dagbag.py:545} INFO - Filling up the DagBag from /opt/airflow/dags/random_user_pipeline.py
[2025-05-29T12:44:08.429+0000] {logging_mixin.py:188} WARNING - /home/airflow/.local/lib/python3.12/site-packages/airflow/models/baseoperator.py:485 RemovedInAirflow3Warning: provide_context is deprecated as of 2.0 and is no longer required
[2025-05-29T12:44:08.450+0000] {processor.py:840} INFO - DAG(s) 'random_user_pipeline' retrieved from /opt/airflow/dags/random_user_pipeline.py
[2025-05-29T12:44:08.678+0000] {logging_mixin.py:188} INFO - [2025-05-29T12:44:08.678+0000] {dag.py:3096} INFO - Sync 1 DAGs
[2025-05-29T12:44:08.708+0000] {logging_mixin.py:188} INFO - [2025-05-29T12:44:08.708+0000] {dag.py:3954} INFO - Setting next_dagrun for random_user_pipeline to 2025-05-29 00:00:00+00:00, run_after=2025-05-30 00:00:00+00:00
[2025-05-29T12:44:08.746+0000] {processor.py:183} INFO - Processing /opt/airflow/dags/random_user_pipeline.py took 0.423 seconds
[2025-05-29T12:44:38.840+0000] {processor.py:161} INFO - Started process (PID=1298) to work on /opt/airflow/dags/random_user_pipeline.py
[2025-05-29T12:44:38.841+0000] {processor.py:830} INFO - Processing file /opt/airflow/dags/random_user_pipeline.py for tasks to queue
[2025-05-29T12:44:38.842+0000] {logging_mixin.py:188} INFO - [2025-05-29T12:44:38.842+0000] {dagbag.py:545} INFO - Filling up the DagBag from /opt/airflow/dags/random_user_pipeline.py
[2025-05-29T12:44:38.941+0000] {logging_mixin.py:188} WARNING - /home/airflow/.local/lib/python3.12/site-packages/airflow/models/baseoperator.py:485 RemovedInAirflow3Warning: provide_context is deprecated as of 2.0 and is no longer required
[2025-05-29T12:44:38.958+0000] {processor.py:840} INFO - DAG(s) 'random_user_pipeline' retrieved from /opt/airflow/dags/random_user_pipeline.py
[2025-05-29T12:44:39.202+0000] {logging_mixin.py:188} INFO - [2025-05-29T12:44:39.202+0000] {dag.py:3096} INFO - Sync 1 DAGs
[2025-05-29T12:44:39.229+0000] {logging_mixin.py:188} INFO - [2025-05-29T12:44:39.229+0000] {dag.py:3954} INFO - Setting next_dagrun for random_user_pipeline to 2025-05-29 00:00:00+00:00, run_after=2025-05-30 00:00:00+00:00
[2025-05-29T12:44:39.263+0000] {processor.py:183} INFO - Processing /opt/airflow/dags/random_user_pipeline.py took 0.431 seconds
[2025-05-29T12:45:09.559+0000] {processor.py:161} INFO - Started process (PID=1303) to work on /opt/airflow/dags/random_user_pipeline.py
[2025-05-29T12:45:09.560+0000] {processor.py:830} INFO - Processing file /opt/airflow/dags/random_user_pipeline.py for tasks to queue
[2025-05-29T12:45:09.561+0000] {logging_mixin.py:188} INFO - [2025-05-29T12:45:09.561+0000] {dagbag.py:545} INFO - Filling up the DagBag from /opt/airflow/dags/random_user_pipeline.py
[2025-05-29T12:45:09.658+0000] {logging_mixin.py:188} WARNING - /home/airflow/.local/lib/python3.12/site-packages/airflow/models/baseoperator.py:485 RemovedInAirflow3Warning: provide_context is deprecated as of 2.0 and is no longer required
[2025-05-29T12:45:09.684+0000] {processor.py:840} INFO - DAG(s) 'random_user_pipeline' retrieved from /opt/airflow/dags/random_user_pipeline.py
[2025-05-29T12:45:09.946+0000] {logging_mixin.py:188} INFO - [2025-05-29T12:45:09.946+0000] {dag.py:3096} INFO - Sync 1 DAGs
[2025-05-29T12:45:09.980+0000] {logging_mixin.py:188} INFO - [2025-05-29T12:45:09.980+0000] {dag.py:3954} INFO - Setting next_dagrun for random_user_pipeline to 2025-05-29 00:00:00+00:00, run_after=2025-05-30 00:00:00+00:00
[2025-05-29T12:45:10.016+0000] {processor.py:183} INFO - Processing /opt/airflow/dags/random_user_pipeline.py took 0.464 seconds
[2025-05-29T12:45:40.317+0000] {processor.py:161} INFO - Started process (PID=1308) to work on /opt/airflow/dags/random_user_pipeline.py
[2025-05-29T12:45:40.318+0000] {processor.py:830} INFO - Processing file /opt/airflow/dags/random_user_pipeline.py for tasks to queue
[2025-05-29T12:45:40.319+0000] {logging_mixin.py:188} INFO - [2025-05-29T12:45:40.319+0000] {dagbag.py:545} INFO - Filling up the DagBag from /opt/airflow/dags/random_user_pipeline.py
[2025-05-29T12:45:40.415+0000] {logging_mixin.py:188} WARNING - /home/airflow/.local/lib/python3.12/site-packages/airflow/models/baseoperator.py:485 RemovedInAirflow3Warning: provide_context is deprecated as of 2.0 and is no longer required
[2025-05-29T12:45:40.436+0000] {processor.py:840} INFO - DAG(s) 'random_user_pipeline' retrieved from /opt/airflow/dags/random_user_pipeline.py
[2025-05-29T12:45:40.845+0000] {logging_mixin.py:188} INFO - [2025-05-29T12:45:40.845+0000] {dag.py:3096} INFO - Sync 1 DAGs
[2025-05-29T12:45:40.878+0000] {logging_mixin.py:188} INFO - [2025-05-29T12:45:40.877+0000] {dag.py:3954} INFO - Setting next_dagrun for random_user_pipeline to 2025-05-29 00:00:00+00:00, run_after=2025-05-30 00:00:00+00:00
[2025-05-29T12:45:40.915+0000] {processor.py:183} INFO - Processing /opt/airflow/dags/random_user_pipeline.py took 0.602 seconds
[2025-05-29T12:46:11.090+0000] {processor.py:161} INFO - Started process (PID=1313) to work on /opt/airflow/dags/random_user_pipeline.py
[2025-05-29T12:46:11.091+0000] {processor.py:830} INFO - Processing file /opt/airflow/dags/random_user_pipeline.py for tasks to queue
[2025-05-29T12:46:11.092+0000] {logging_mixin.py:188} INFO - [2025-05-29T12:46:11.092+0000] {dagbag.py:545} INFO - Filling up the DagBag from /opt/airflow/dags/random_user_pipeline.py
[2025-05-29T12:46:11.191+0000] {logging_mixin.py:188} WARNING - /home/airflow/.local/lib/python3.12/site-packages/airflow/models/baseoperator.py:485 RemovedInAirflow3Warning: provide_context is deprecated as of 2.0 and is no longer required
[2025-05-29T12:46:11.214+0000] {processor.py:840} INFO - DAG(s) 'random_user_pipeline' retrieved from /opt/airflow/dags/random_user_pipeline.py
[2025-05-29T12:46:11.472+0000] {logging_mixin.py:188} INFO - [2025-05-29T12:46:11.472+0000] {dag.py:3096} INFO - Sync 1 DAGs
[2025-05-29T12:46:11.502+0000] {logging_mixin.py:188} INFO - [2025-05-29T12:46:11.502+0000] {dag.py:3954} INFO - Setting next_dagrun for random_user_pipeline to 2025-05-29 00:00:00+00:00, run_after=2025-05-30 00:00:00+00:00
[2025-05-29T12:46:11.534+0000] {processor.py:183} INFO - Processing /opt/airflow/dags/random_user_pipeline.py took 0.449 seconds
[2025-05-29T12:46:41.819+0000] {processor.py:161} INFO - Started process (PID=1318) to work on /opt/airflow/dags/random_user_pipeline.py
[2025-05-29T12:46:41.820+0000] {processor.py:830} INFO - Processing file /opt/airflow/dags/random_user_pipeline.py for tasks to queue
[2025-05-29T12:46:41.820+0000] {logging_mixin.py:188} INFO - [2025-05-29T12:46:41.820+0000] {dagbag.py:545} INFO - Filling up the DagBag from /opt/airflow/dags/random_user_pipeline.py
[2025-05-29T12:46:41.927+0000] {logging_mixin.py:188} WARNING - /home/airflow/.local/lib/python3.12/site-packages/airflow/models/baseoperator.py:485 RemovedInAirflow3Warning: provide_context is deprecated as of 2.0 and is no longer required
[2025-05-29T12:46:41.946+0000] {processor.py:840} INFO - DAG(s) 'random_user_pipeline' retrieved from /opt/airflow/dags/random_user_pipeline.py
[2025-05-29T12:46:44.180+0000] {logging_mixin.py:188} INFO - [2025-05-29T12:46:44.180+0000] {dag.py:3096} INFO - Sync 1 DAGs
[2025-05-29T12:46:44.209+0000] {logging_mixin.py:188} INFO - [2025-05-29T12:46:44.209+0000] {dag.py:3954} INFO - Setting next_dagrun for random_user_pipeline to 2025-05-29 00:00:00+00:00, run_after=2025-05-30 00:00:00+00:00
[2025-05-29T12:46:44.246+0000] {processor.py:183} INFO - Processing /opt/airflow/dags/random_user_pipeline.py took 2.433 seconds
[2025-05-29T12:47:14.587+0000] {processor.py:161} INFO - Started process (PID=1323) to work on /opt/airflow/dags/random_user_pipeline.py
[2025-05-29T12:47:14.588+0000] {processor.py:830} INFO - Processing file /opt/airflow/dags/random_user_pipeline.py for tasks to queue
[2025-05-29T12:47:14.590+0000] {logging_mixin.py:188} INFO - [2025-05-29T12:47:14.589+0000] {dagbag.py:545} INFO - Filling up the DagBag from /opt/airflow/dags/random_user_pipeline.py
[2025-05-29T12:47:14.699+0000] {logging_mixin.py:188} WARNING - /home/airflow/.local/lib/python3.12/site-packages/airflow/models/baseoperator.py:485 RemovedInAirflow3Warning: provide_context is deprecated as of 2.0 and is no longer required
[2025-05-29T12:47:14.721+0000] {processor.py:840} INFO - DAG(s) 'random_user_pipeline' retrieved from /opt/airflow/dags/random_user_pipeline.py
[2025-05-29T12:47:14.973+0000] {logging_mixin.py:188} INFO - [2025-05-29T12:47:14.973+0000] {dag.py:3096} INFO - Sync 1 DAGs
[2025-05-29T12:47:15.002+0000] {logging_mixin.py:188} INFO - [2025-05-29T12:47:15.001+0000] {dag.py:3954} INFO - Setting next_dagrun for random_user_pipeline to 2025-05-29 00:00:00+00:00, run_after=2025-05-30 00:00:00+00:00
[2025-05-29T12:47:15.031+0000] {processor.py:183} INFO - Processing /opt/airflow/dags/random_user_pipeline.py took 0.451 seconds
