[2025-05-22T14:01:48.859+0000] {local_task_job_runner.py:120} INFO - ::group::Pre task execution logs
[2025-05-22T14:01:49.199+0000] {taskinstance.py:2076} INFO - Dependencies all met for dep_context=non-requeueable deps ti=<TaskInstance: random_user_pipeline.branch_on_count manual__2025-05-22T14:01:41.973668+00:00 [queued]>
[2025-05-22T14:01:49.218+0000] {taskinstance.py:2076} INFO - Dependencies all met for dep_context=requeueable deps ti=<TaskInstance: random_user_pipeline.branch_on_count manual__2025-05-22T14:01:41.973668+00:00 [queued]>
[2025-05-22T14:01:49.219+0000] {taskinstance.py:2306} INFO - Starting attempt 1 of 2
[2025-05-22T14:01:49.240+0000] {taskinstance.py:2330} INFO - Executing <Task(BranchPythonOperator): branch_on_count> on 2025-05-22 14:01:41.973668+00:00
[2025-05-22T14:01:49.248+0000] {logging_mixin.py:188} WARNING - /home/airflow/.local/lib/python3.12/site-packages/airflow/task/task_runner/standard_task_runner.py:61 DeprecationWarning: This process (pid=213) is multi-threaded, use of fork() may lead to deadlocks in the child.
[2025-05-22T14:01:49.250+0000] {standard_task_runner.py:63} INFO - Started process 217 to run task
[2025-05-22T14:01:49.249+0000] {standard_task_runner.py:90} INFO - Running: ['airflow', 'tasks', 'run', 'random_user_pipeline', 'branch_on_count', 'manual__2025-05-22T14:01:41.973668+00:00', '--job-id', '426', '--raw', '--subdir', 'DAGS_FOLDER/random_user_pipeline.py', '--cfg-path', '/tmp/tmp84yzglgr']
[2025-05-22T14:01:49.251+0000] {standard_task_runner.py:91} INFO - Job 426: Subtask branch_on_count
[2025-05-22T14:01:50.822+0000] {task_command.py:426} INFO - Running <TaskInstance: random_user_pipeline.branch_on_count manual__2025-05-22T14:01:41.973668+00:00 [running]> on host 45099b717e09
[2025-05-22T14:01:52.714+0000] {taskinstance.py:2648} INFO - Exporting env vars: AIRFLOW_CTX_DAG_EMAIL='papala.ramesh@quation.in,smilesoframs@gmail.com,ramesh.rams333@gmail.com' AIRFLOW_CTX_DAG_OWNER='airflow' AIRFLOW_CTX_DAG_ID='random_user_pipeline' AIRFLOW_CTX_TASK_ID='branch_on_count' AIRFLOW_CTX_EXECUTION_DATE='2025-05-22T14:01:41.973668+00:00' AIRFLOW_CTX_TRY_NUMBER='1' AIRFLOW_CTX_DAG_RUN_ID='manual__2025-05-22T14:01:41.973668+00:00'
[2025-05-22T14:01:52.715+0000] {taskinstance.py:430} INFO - ::endgroup::
[2025-05-22T14:01:52.728+0000] {baseoperator.py:400} WARNING - BranchPythonOperator.execute cannot be called outside TaskInstance!
[2025-05-22T14:01:52.737+0000] {crypto.py:82} WARNING - empty cryptography key - values will not be stored encrypted.
[2025-05-22T14:01:52.738+0000] {base.py:84} INFO - Using connection ID '***_default' for task execution.
[2025-05-22T14:01:53.148+0000] {sql.py:487} INFO - Running statement: SELECT COUNT(*) FROM products WHERE DATE(created_at) = CURRENT_DATE;
, parameters: None
[2025-05-22T14:01:53.153+0000] {sql.py:496} INFO - Rows affected: 1
[2025-05-22T14:01:54.797+0000] {python.py:237} INFO - Done. Returned value was: fetch_random_product
[2025-05-22T14:01:54.798+0000] {branch.py:36} INFO - Branch into fetch_random_product
[2025-05-22T14:01:54.799+0000] {skipmixin.py:178} INFO - Following branch fetch_random_product
[2025-05-22T14:02:00.532+0000] {skipmixin.py:246} INFO - Skipping tasks [('skip_fetch_insert', -1)]
[2025-05-22T14:02:01.344+0000] {taskinstance.py:441} INFO - ::group::Post task execution logs
[2025-05-22T14:02:01.881+0000] {taskinstance.py:1206} INFO - Marking task as SUCCESS. dag_id=random_user_pipeline, task_id=branch_on_count, run_id=manual__2025-05-22T14:01:41.973668+00:00, execution_date=20250522T140141, start_date=20250522T140149, end_date=20250522T140201
[2025-05-22T14:02:01.929+0000] {local_task_job_runner.py:240} INFO - Task exited with return code 0
[2025-05-22T14:02:02.230+0000] {logging_mixin.py:188} WARNING - /home/airflow/.local/lib/python3.12/site-packages/airflow/models/baseoperator.py:1297 AirflowProviderDeprecationWarning: Call to deprecated class PostgresOperator. (Please use `airflow.providers.common.sql.operators.sql.SQLExecuteQueryOperator`.Also, you can provide `hook_params={'schema': <database>}`.)
[2025-05-22T14:02:02.260+0000] {taskinstance.py:3503} INFO - 1 downstream tasks scheduled from follow-on schedule check
[2025-05-22T14:02:02.263+0000] {local_task_job_runner.py:222} INFO - ::endgroup::
