[2025-05-05T04:44:28.033+0000] {processor.py:161} INFO - Started process (PID=7894) to work on /opt/airflow/dags/random_user_pipeline.py
[2025-05-05T04:44:28.037+0000] {processor.py:830} INFO - Processing file /opt/airflow/dags/random_user_pipeline.py for tasks to queue
[2025-05-05T04:44:28.045+0000] {logging_mixin.py:188} INFO - [2025-05-05T04:44:28.044+0000] {dagbag.py:545} INFO - Filling up the DagBag from /opt/airflow/dags/random_user_pipeline.py
[2025-05-05T04:44:28.521+0000] {processor.py:840} INFO - DAG(s) 'random_user_pipeline' retrieved from /opt/airflow/dags/random_user_pipeline.py
[2025-05-05T04:44:30.140+0000] {logging_mixin.py:188} INFO - [2025-05-05T04:44:30.140+0000] {dag.py:3096} INFO - Sync 1 DAGs
[2025-05-05T04:44:30.355+0000] {logging_mixin.py:188} INFO - [2025-05-05T04:44:30.354+0000] {dag.py:3954} INFO - Setting next_dagrun for random_user_pipeline to 2025-05-05 00:00:00+00:00, run_after=2025-05-06 00:00:00+00:00
[2025-05-05T04:44:30.747+0000] {processor.py:183} INFO - Processing /opt/airflow/dags/random_user_pipeline.py took 2.778 seconds
[2025-05-05T04:45:01.001+0000] {processor.py:161} INFO - Started process (PID=7902) to work on /opt/airflow/dags/random_user_pipeline.py
[2025-05-05T04:45:01.004+0000] {processor.py:830} INFO - Processing file /opt/airflow/dags/random_user_pipeline.py for tasks to queue
[2025-05-05T04:45:01.016+0000] {logging_mixin.py:188} INFO - [2025-05-05T04:45:01.015+0000] {dagbag.py:545} INFO - Filling up the DagBag from /opt/airflow/dags/random_user_pipeline.py
[2025-05-05T04:45:01.196+0000] {processor.py:840} INFO - DAG(s) 'random_user_pipeline' retrieved from /opt/airflow/dags/random_user_pipeline.py
[2025-05-05T04:45:01.707+0000] {logging_mixin.py:188} INFO - [2025-05-05T04:45:01.706+0000] {dag.py:3096} INFO - Sync 1 DAGs
[2025-05-05T04:45:01.777+0000] {logging_mixin.py:188} INFO - [2025-05-05T04:45:01.776+0000] {dag.py:3954} INFO - Setting next_dagrun for random_user_pipeline to 2025-05-05 00:00:00+00:00, run_after=2025-05-06 00:00:00+00:00
[2025-05-05T04:45:01.852+0000] {processor.py:183} INFO - Processing /opt/airflow/dags/random_user_pipeline.py took 0.864 seconds
[2025-05-05T04:45:32.066+0000] {processor.py:161} INFO - Started process (PID=7907) to work on /opt/airflow/dags/random_user_pipeline.py
[2025-05-05T04:45:32.069+0000] {processor.py:830} INFO - Processing file /opt/airflow/dags/random_user_pipeline.py for tasks to queue
[2025-05-05T04:45:32.076+0000] {logging_mixin.py:188} INFO - [2025-05-05T04:45:32.074+0000] {dagbag.py:545} INFO - Filling up the DagBag from /opt/airflow/dags/random_user_pipeline.py
[2025-05-05T04:45:32.328+0000] {processor.py:840} INFO - DAG(s) 'random_user_pipeline' retrieved from /opt/airflow/dags/random_user_pipeline.py
[2025-05-05T04:45:32.881+0000] {logging_mixin.py:188} INFO - [2025-05-05T04:45:32.880+0000] {dag.py:3096} INFO - Sync 1 DAGs
[2025-05-05T04:45:33.005+0000] {logging_mixin.py:188} INFO - [2025-05-05T04:45:33.004+0000] {dag.py:3954} INFO - Setting next_dagrun for random_user_pipeline to 2025-05-05 00:00:00+00:00, run_after=2025-05-06 00:00:00+00:00
[2025-05-05T04:45:33.159+0000] {processor.py:183} INFO - Processing /opt/airflow/dags/random_user_pipeline.py took 1.114 seconds
[2025-05-05T04:46:03.395+0000] {processor.py:161} INFO - Started process (PID=7912) to work on /opt/airflow/dags/random_user_pipeline.py
[2025-05-05T04:46:03.396+0000] {processor.py:830} INFO - Processing file /opt/airflow/dags/random_user_pipeline.py for tasks to queue
[2025-05-05T04:46:03.398+0000] {logging_mixin.py:188} INFO - [2025-05-05T04:46:03.398+0000] {dagbag.py:545} INFO - Filling up the DagBag from /opt/airflow/dags/random_user_pipeline.py
[2025-05-05T04:46:03.490+0000] {processor.py:840} INFO - DAG(s) 'random_user_pipeline' retrieved from /opt/airflow/dags/random_user_pipeline.py
[2025-05-05T04:46:03.696+0000] {logging_mixin.py:188} INFO - [2025-05-05T04:46:03.696+0000] {dag.py:3096} INFO - Sync 1 DAGs
[2025-05-05T04:46:03.726+0000] {logging_mixin.py:188} INFO - [2025-05-05T04:46:03.726+0000] {dag.py:3954} INFO - Setting next_dagrun for random_user_pipeline to 2025-05-05 00:00:00+00:00, run_after=2025-05-06 00:00:00+00:00
[2025-05-05T04:46:03.758+0000] {processor.py:183} INFO - Processing /opt/airflow/dags/random_user_pipeline.py took 0.374 seconds
[2025-05-05T04:46:34.043+0000] {processor.py:161} INFO - Started process (PID=7917) to work on /opt/airflow/dags/random_user_pipeline.py
[2025-05-05T04:46:34.044+0000] {processor.py:830} INFO - Processing file /opt/airflow/dags/random_user_pipeline.py for tasks to queue
[2025-05-05T04:46:34.046+0000] {logging_mixin.py:188} INFO - [2025-05-05T04:46:34.046+0000] {dagbag.py:545} INFO - Filling up the DagBag from /opt/airflow/dags/random_user_pipeline.py
[2025-05-05T04:46:34.113+0000] {processor.py:840} INFO - DAG(s) 'random_user_pipeline' retrieved from /opt/airflow/dags/random_user_pipeline.py
[2025-05-05T04:46:35.045+0000] {logging_mixin.py:188} INFO - [2025-05-05T04:46:35.045+0000] {dag.py:3096} INFO - Sync 1 DAGs
[2025-05-05T04:46:35.081+0000] {logging_mixin.py:188} INFO - [2025-05-05T04:46:35.081+0000] {dag.py:3954} INFO - Setting next_dagrun for random_user_pipeline to 2025-05-05 00:00:00+00:00, run_after=2025-05-06 00:00:00+00:00
[2025-05-05T04:46:35.115+0000] {processor.py:183} INFO - Processing /opt/airflow/dags/random_user_pipeline.py took 1.078 seconds
[2025-05-05T04:47:05.288+0000] {processor.py:161} INFO - Started process (PID=7922) to work on /opt/airflow/dags/random_user_pipeline.py
[2025-05-05T04:47:05.288+0000] {processor.py:830} INFO - Processing file /opt/airflow/dags/random_user_pipeline.py for tasks to queue
[2025-05-05T04:47:05.290+0000] {logging_mixin.py:188} INFO - [2025-05-05T04:47:05.290+0000] {dagbag.py:545} INFO - Filling up the DagBag from /opt/airflow/dags/random_user_pipeline.py
[2025-05-05T04:47:05.352+0000] {processor.py:840} INFO - DAG(s) 'random_user_pipeline' retrieved from /opt/airflow/dags/random_user_pipeline.py
[2025-05-05T04:47:05.555+0000] {logging_mixin.py:188} INFO - [2025-05-05T04:47:05.554+0000] {dag.py:3096} INFO - Sync 1 DAGs
[2025-05-05T04:47:05.588+0000] {logging_mixin.py:188} INFO - [2025-05-05T04:47:05.588+0000] {dag.py:3954} INFO - Setting next_dagrun for random_user_pipeline to 2025-05-05 00:00:00+00:00, run_after=2025-05-06 00:00:00+00:00
[2025-05-05T04:47:05.627+0000] {processor.py:183} INFO - Processing /opt/airflow/dags/random_user_pipeline.py took 0.345 seconds
[2025-05-05T04:47:35.884+0000] {processor.py:161} INFO - Started process (PID=7927) to work on /opt/airflow/dags/random_user_pipeline.py
[2025-05-05T04:47:35.885+0000] {processor.py:830} INFO - Processing file /opt/airflow/dags/random_user_pipeline.py for tasks to queue
[2025-05-05T04:47:35.887+0000] {logging_mixin.py:188} INFO - [2025-05-05T04:47:35.886+0000] {dagbag.py:545} INFO - Filling up the DagBag from /opt/airflow/dags/random_user_pipeline.py
[2025-05-05T04:47:35.959+0000] {processor.py:840} INFO - DAG(s) 'random_user_pipeline' retrieved from /opt/airflow/dags/random_user_pipeline.py
[2025-05-05T04:47:38.184+0000] {logging_mixin.py:188} INFO - [2025-05-05T04:47:38.184+0000] {dag.py:3096} INFO - Sync 1 DAGs
[2025-05-05T04:47:38.219+0000] {logging_mixin.py:188} INFO - [2025-05-05T04:47:38.219+0000] {dag.py:3954} INFO - Setting next_dagrun for random_user_pipeline to 2025-05-05 00:00:00+00:00, run_after=2025-05-06 00:00:00+00:00
[2025-05-05T04:47:38.248+0000] {processor.py:183} INFO - Processing /opt/airflow/dags/random_user_pipeline.py took 2.368 seconds
[2025-05-05T04:48:08.507+0000] {processor.py:161} INFO - Started process (PID=7932) to work on /opt/airflow/dags/random_user_pipeline.py
[2025-05-05T04:48:08.508+0000] {processor.py:830} INFO - Processing file /opt/airflow/dags/random_user_pipeline.py for tasks to queue
[2025-05-05T04:48:08.510+0000] {logging_mixin.py:188} INFO - [2025-05-05T04:48:08.510+0000] {dagbag.py:545} INFO - Filling up the DagBag from /opt/airflow/dags/random_user_pipeline.py
[2025-05-05T04:48:08.579+0000] {processor.py:840} INFO - DAG(s) 'random_user_pipeline' retrieved from /opt/airflow/dags/random_user_pipeline.py
[2025-05-05T04:48:08.778+0000] {logging_mixin.py:188} INFO - [2025-05-05T04:48:08.778+0000] {dag.py:3096} INFO - Sync 1 DAGs
[2025-05-05T04:48:08.805+0000] {logging_mixin.py:188} INFO - [2025-05-05T04:48:08.805+0000] {dag.py:3954} INFO - Setting next_dagrun for random_user_pipeline to 2025-05-05 00:00:00+00:00, run_after=2025-05-06 00:00:00+00:00
[2025-05-05T04:48:08.837+0000] {processor.py:183} INFO - Processing /opt/airflow/dags/random_user_pipeline.py took 0.334 seconds
[2025-05-05T04:48:39.118+0000] {processor.py:161} INFO - Started process (PID=7937) to work on /opt/airflow/dags/random_user_pipeline.py
[2025-05-05T04:48:39.119+0000] {processor.py:830} INFO - Processing file /opt/airflow/dags/random_user_pipeline.py for tasks to queue
[2025-05-05T04:48:39.120+0000] {logging_mixin.py:188} INFO - [2025-05-05T04:48:39.120+0000] {dagbag.py:545} INFO - Filling up the DagBag from /opt/airflow/dags/random_user_pipeline.py
[2025-05-05T04:48:39.177+0000] {processor.py:840} INFO - DAG(s) 'random_user_pipeline' retrieved from /opt/airflow/dags/random_user_pipeline.py
[2025-05-05T04:48:39.370+0000] {logging_mixin.py:188} INFO - [2025-05-05T04:48:39.370+0000] {dag.py:3096} INFO - Sync 1 DAGs
[2025-05-05T04:48:39.397+0000] {logging_mixin.py:188} INFO - [2025-05-05T04:48:39.396+0000] {dag.py:3954} INFO - Setting next_dagrun for random_user_pipeline to 2025-05-05 00:00:00+00:00, run_after=2025-05-06 00:00:00+00:00
[2025-05-05T04:48:39.435+0000] {processor.py:183} INFO - Processing /opt/airflow/dags/random_user_pipeline.py took 0.322 seconds
[2025-05-05T04:49:09.724+0000] {processor.py:161} INFO - Started process (PID=7942) to work on /opt/airflow/dags/random_user_pipeline.py
[2025-05-05T04:49:09.726+0000] {processor.py:830} INFO - Processing file /opt/airflow/dags/random_user_pipeline.py for tasks to queue
[2025-05-05T04:49:09.728+0000] {logging_mixin.py:188} INFO - [2025-05-05T04:49:09.727+0000] {dagbag.py:545} INFO - Filling up the DagBag from /opt/airflow/dags/random_user_pipeline.py
[2025-05-05T04:49:09.831+0000] {processor.py:840} INFO - DAG(s) 'random_user_pipeline' retrieved from /opt/airflow/dags/random_user_pipeline.py
[2025-05-05T04:49:10.106+0000] {logging_mixin.py:188} INFO - [2025-05-05T04:49:10.106+0000] {dag.py:3096} INFO - Sync 1 DAGs
[2025-05-05T04:49:10.135+0000] {logging_mixin.py:188} INFO - [2025-05-05T04:49:10.135+0000] {dag.py:3954} INFO - Setting next_dagrun for random_user_pipeline to 2025-05-05 00:00:00+00:00, run_after=2025-05-06 00:00:00+00:00
[2025-05-05T04:49:10.165+0000] {processor.py:183} INFO - Processing /opt/airflow/dags/random_user_pipeline.py took 0.448 seconds
[2025-05-05T04:49:40.568+0000] {processor.py:161} INFO - Started process (PID=7947) to work on /opt/airflow/dags/random_user_pipeline.py
[2025-05-05T04:49:40.569+0000] {processor.py:830} INFO - Processing file /opt/airflow/dags/random_user_pipeline.py for tasks to queue
[2025-05-05T04:49:40.571+0000] {logging_mixin.py:188} INFO - [2025-05-05T04:49:40.571+0000] {dagbag.py:545} INFO - Filling up the DagBag from /opt/airflow/dags/random_user_pipeline.py
[2025-05-05T04:49:40.640+0000] {processor.py:840} INFO - DAG(s) 'random_user_pipeline' retrieved from /opt/airflow/dags/random_user_pipeline.py
[2025-05-05T04:49:40.863+0000] {logging_mixin.py:188} INFO - [2025-05-05T04:49:40.863+0000] {dag.py:3096} INFO - Sync 1 DAGs
[2025-05-05T04:49:40.898+0000] {logging_mixin.py:188} INFO - [2025-05-05T04:49:40.898+0000] {dag.py:3954} INFO - Setting next_dagrun for random_user_pipeline to 2025-05-05 00:00:00+00:00, run_after=2025-05-06 00:00:00+00:00
[2025-05-05T04:49:40.940+0000] {processor.py:183} INFO - Processing /opt/airflow/dags/random_user_pipeline.py took 0.378 seconds
[2025-05-05T04:50:11.212+0000] {processor.py:161} INFO - Started process (PID=7952) to work on /opt/airflow/dags/random_user_pipeline.py
[2025-05-05T04:50:11.214+0000] {processor.py:830} INFO - Processing file /opt/airflow/dags/random_user_pipeline.py for tasks to queue
[2025-05-05T04:50:11.216+0000] {logging_mixin.py:188} INFO - [2025-05-05T04:50:11.216+0000] {dagbag.py:545} INFO - Filling up the DagBag from /opt/airflow/dags/random_user_pipeline.py
[2025-05-05T04:50:11.283+0000] {processor.py:840} INFO - DAG(s) 'random_user_pipeline' retrieved from /opt/airflow/dags/random_user_pipeline.py
[2025-05-05T04:50:11.526+0000] {logging_mixin.py:188} INFO - [2025-05-05T04:50:11.526+0000] {dag.py:3096} INFO - Sync 1 DAGs
[2025-05-05T04:50:11.555+0000] {logging_mixin.py:188} INFO - [2025-05-05T04:50:11.555+0000] {dag.py:3954} INFO - Setting next_dagrun for random_user_pipeline to 2025-05-05 00:00:00+00:00, run_after=2025-05-06 00:00:00+00:00
[2025-05-05T04:50:11.585+0000] {processor.py:183} INFO - Processing /opt/airflow/dags/random_user_pipeline.py took 0.378 seconds
[2025-05-05T04:50:41.853+0000] {processor.py:161} INFO - Started process (PID=7958) to work on /opt/airflow/dags/random_user_pipeline.py
[2025-05-05T04:50:41.854+0000] {processor.py:830} INFO - Processing file /opt/airflow/dags/random_user_pipeline.py for tasks to queue
[2025-05-05T04:50:41.856+0000] {logging_mixin.py:188} INFO - [2025-05-05T04:50:41.856+0000] {dagbag.py:545} INFO - Filling up the DagBag from /opt/airflow/dags/random_user_pipeline.py
[2025-05-05T04:50:41.930+0000] {processor.py:840} INFO - DAG(s) 'random_user_pipeline' retrieved from /opt/airflow/dags/random_user_pipeline.py
[2025-05-05T04:50:42.169+0000] {logging_mixin.py:188} INFO - [2025-05-05T04:50:42.169+0000] {dag.py:3096} INFO - Sync 1 DAGs
[2025-05-05T04:50:42.201+0000] {logging_mixin.py:188} INFO - [2025-05-05T04:50:42.201+0000] {dag.py:3954} INFO - Setting next_dagrun for random_user_pipeline to 2025-05-05 00:00:00+00:00, run_after=2025-05-06 00:00:00+00:00
[2025-05-05T04:50:42.240+0000] {processor.py:183} INFO - Processing /opt/airflow/dags/random_user_pipeline.py took 0.397 seconds
[2025-05-05T04:51:12.592+0000] {processor.py:161} INFO - Started process (PID=7963) to work on /opt/airflow/dags/random_user_pipeline.py
[2025-05-05T04:51:12.593+0000] {processor.py:830} INFO - Processing file /opt/airflow/dags/random_user_pipeline.py for tasks to queue
[2025-05-05T04:51:12.595+0000] {logging_mixin.py:188} INFO - [2025-05-05T04:51:12.595+0000] {dagbag.py:545} INFO - Filling up the DagBag from /opt/airflow/dags/random_user_pipeline.py
[2025-05-05T04:51:12.660+0000] {processor.py:840} INFO - DAG(s) 'random_user_pipeline' retrieved from /opt/airflow/dags/random_user_pipeline.py
[2025-05-05T04:51:12.877+0000] {logging_mixin.py:188} INFO - [2025-05-05T04:51:12.877+0000] {dag.py:3096} INFO - Sync 1 DAGs
[2025-05-05T04:51:12.909+0000] {logging_mixin.py:188} INFO - [2025-05-05T04:51:12.909+0000] {dag.py:3954} INFO - Setting next_dagrun for random_user_pipeline to 2025-05-05 00:00:00+00:00, run_after=2025-05-06 00:00:00+00:00
[2025-05-05T04:51:12.938+0000] {processor.py:183} INFO - Processing /opt/airflow/dags/random_user_pipeline.py took 0.352 seconds
[2025-05-05T04:51:43.207+0000] {processor.py:161} INFO - Started process (PID=7968) to work on /opt/airflow/dags/random_user_pipeline.py
[2025-05-05T04:51:43.208+0000] {processor.py:830} INFO - Processing file /opt/airflow/dags/random_user_pipeline.py for tasks to queue
[2025-05-05T04:51:43.210+0000] {logging_mixin.py:188} INFO - [2025-05-05T04:51:43.210+0000] {dagbag.py:545} INFO - Filling up the DagBag from /opt/airflow/dags/random_user_pipeline.py
[2025-05-05T04:51:43.267+0000] {processor.py:840} INFO - DAG(s) 'random_user_pipeline' retrieved from /opt/airflow/dags/random_user_pipeline.py
[2025-05-05T04:51:43.483+0000] {logging_mixin.py:188} INFO - [2025-05-05T04:51:43.483+0000] {dag.py:3096} INFO - Sync 1 DAGs
[2025-05-05T04:51:43.517+0000] {logging_mixin.py:188} INFO - [2025-05-05T04:51:43.517+0000] {dag.py:3954} INFO - Setting next_dagrun for random_user_pipeline to 2025-05-05 00:00:00+00:00, run_after=2025-05-06 00:00:00+00:00
[2025-05-05T04:51:43.548+0000] {processor.py:183} INFO - Processing /opt/airflow/dags/random_user_pipeline.py took 0.347 seconds
[2025-05-05T04:52:13.855+0000] {processor.py:161} INFO - Started process (PID=7973) to work on /opt/airflow/dags/random_user_pipeline.py
[2025-05-05T04:52:13.857+0000] {processor.py:830} INFO - Processing file /opt/airflow/dags/random_user_pipeline.py for tasks to queue
[2025-05-05T04:52:13.859+0000] {logging_mixin.py:188} INFO - [2025-05-05T04:52:13.859+0000] {dagbag.py:545} INFO - Filling up the DagBag from /opt/airflow/dags/random_user_pipeline.py
[2025-05-05T04:52:13.950+0000] {processor.py:840} INFO - DAG(s) 'random_user_pipeline' retrieved from /opt/airflow/dags/random_user_pipeline.py
[2025-05-05T04:52:14.167+0000] {logging_mixin.py:188} INFO - [2025-05-05T04:52:14.167+0000] {dag.py:3096} INFO - Sync 1 DAGs
[2025-05-05T04:52:14.198+0000] {logging_mixin.py:188} INFO - [2025-05-05T04:52:14.198+0000] {dag.py:3954} INFO - Setting next_dagrun for random_user_pipeline to 2025-05-05 00:00:00+00:00, run_after=2025-05-06 00:00:00+00:00
[2025-05-05T04:52:14.225+0000] {processor.py:183} INFO - Processing /opt/airflow/dags/random_user_pipeline.py took 0.376 seconds
[2025-05-05T04:52:44.498+0000] {processor.py:161} INFO - Started process (PID=7978) to work on /opt/airflow/dags/random_user_pipeline.py
[2025-05-05T04:52:44.499+0000] {processor.py:830} INFO - Processing file /opt/airflow/dags/random_user_pipeline.py for tasks to queue
[2025-05-05T04:52:44.501+0000] {logging_mixin.py:188} INFO - [2025-05-05T04:52:44.500+0000] {dagbag.py:545} INFO - Filling up the DagBag from /opt/airflow/dags/random_user_pipeline.py
[2025-05-05T04:52:44.566+0000] {processor.py:840} INFO - DAG(s) 'random_user_pipeline' retrieved from /opt/airflow/dags/random_user_pipeline.py
[2025-05-05T04:52:44.794+0000] {logging_mixin.py:188} INFO - [2025-05-05T04:52:44.794+0000] {dag.py:3096} INFO - Sync 1 DAGs
[2025-05-05T04:52:44.827+0000] {logging_mixin.py:188} INFO - [2025-05-05T04:52:44.826+0000] {dag.py:3954} INFO - Setting next_dagrun for random_user_pipeline to 2025-05-05 00:00:00+00:00, run_after=2025-05-06 00:00:00+00:00
[2025-05-05T04:52:44.860+0000] {processor.py:183} INFO - Processing /opt/airflow/dags/random_user_pipeline.py took 0.368 seconds
[2025-05-05T04:53:15.143+0000] {processor.py:161} INFO - Started process (PID=7983) to work on /opt/airflow/dags/random_user_pipeline.py
[2025-05-05T04:53:15.144+0000] {processor.py:830} INFO - Processing file /opt/airflow/dags/random_user_pipeline.py for tasks to queue
[2025-05-05T04:53:15.146+0000] {logging_mixin.py:188} INFO - [2025-05-05T04:53:15.146+0000] {dagbag.py:545} INFO - Filling up the DagBag from /opt/airflow/dags/random_user_pipeline.py
[2025-05-05T04:53:15.204+0000] {processor.py:840} INFO - DAG(s) 'random_user_pipeline' retrieved from /opt/airflow/dags/random_user_pipeline.py
[2025-05-05T04:53:15.410+0000] {logging_mixin.py:188} INFO - [2025-05-05T04:53:15.410+0000] {dag.py:3096} INFO - Sync 1 DAGs
[2025-05-05T04:53:15.438+0000] {logging_mixin.py:188} INFO - [2025-05-05T04:53:15.438+0000] {dag.py:3954} INFO - Setting next_dagrun for random_user_pipeline to 2025-05-05 00:00:00+00:00, run_after=2025-05-06 00:00:00+00:00
[2025-05-05T04:53:15.467+0000] {processor.py:183} INFO - Processing /opt/airflow/dags/random_user_pipeline.py took 0.329 seconds
[2025-05-05T04:53:45.751+0000] {processor.py:161} INFO - Started process (PID=7988) to work on /opt/airflow/dags/random_user_pipeline.py
[2025-05-05T04:53:45.753+0000] {processor.py:830} INFO - Processing file /opt/airflow/dags/random_user_pipeline.py for tasks to queue
[2025-05-05T04:53:45.755+0000] {logging_mixin.py:188} INFO - [2025-05-05T04:53:45.754+0000] {dagbag.py:545} INFO - Filling up the DagBag from /opt/airflow/dags/random_user_pipeline.py
[2025-05-05T04:53:45.817+0000] {processor.py:840} INFO - DAG(s) 'random_user_pipeline' retrieved from /opt/airflow/dags/random_user_pipeline.py
[2025-05-05T04:53:46.044+0000] {logging_mixin.py:188} INFO - [2025-05-05T04:53:46.044+0000] {dag.py:3096} INFO - Sync 1 DAGs
[2025-05-05T04:53:46.074+0000] {logging_mixin.py:188} INFO - [2025-05-05T04:53:46.074+0000] {dag.py:3954} INFO - Setting next_dagrun for random_user_pipeline to 2025-05-05 00:00:00+00:00, run_after=2025-05-06 00:00:00+00:00
[2025-05-05T04:53:46.103+0000] {processor.py:183} INFO - Processing /opt/airflow/dags/random_user_pipeline.py took 0.357 seconds
[2025-05-05T04:54:16.437+0000] {processor.py:161} INFO - Started process (PID=7993) to work on /opt/airflow/dags/random_user_pipeline.py
[2025-05-05T04:54:16.438+0000] {processor.py:830} INFO - Processing file /opt/airflow/dags/random_user_pipeline.py for tasks to queue
[2025-05-05T04:54:16.440+0000] {logging_mixin.py:188} INFO - [2025-05-05T04:54:16.439+0000] {dagbag.py:545} INFO - Filling up the DagBag from /opt/airflow/dags/random_user_pipeline.py
[2025-05-05T04:54:16.527+0000] {processor.py:840} INFO - DAG(s) 'random_user_pipeline' retrieved from /opt/airflow/dags/random_user_pipeline.py
[2025-05-05T04:54:16.826+0000] {logging_mixin.py:188} INFO - [2025-05-05T04:54:16.826+0000] {dag.py:3096} INFO - Sync 1 DAGs
[2025-05-05T04:54:16.854+0000] {logging_mixin.py:188} INFO - [2025-05-05T04:54:16.854+0000] {dag.py:3954} INFO - Setting next_dagrun for random_user_pipeline to 2025-05-05 00:00:00+00:00, run_after=2025-05-06 00:00:00+00:00
[2025-05-05T04:54:16.885+0000] {processor.py:183} INFO - Processing /opt/airflow/dags/random_user_pipeline.py took 0.454 seconds
[2025-05-05T04:54:47.153+0000] {processor.py:161} INFO - Started process (PID=7998) to work on /opt/airflow/dags/random_user_pipeline.py
[2025-05-05T04:54:47.154+0000] {processor.py:830} INFO - Processing file /opt/airflow/dags/random_user_pipeline.py for tasks to queue
[2025-05-05T04:54:47.155+0000] {logging_mixin.py:188} INFO - [2025-05-05T04:54:47.155+0000] {dagbag.py:545} INFO - Filling up the DagBag from /opt/airflow/dags/random_user_pipeline.py
[2025-05-05T04:54:47.212+0000] {processor.py:840} INFO - DAG(s) 'random_user_pipeline' retrieved from /opt/airflow/dags/random_user_pipeline.py
[2025-05-05T04:54:47.401+0000] {logging_mixin.py:188} INFO - [2025-05-05T04:54:47.401+0000] {dag.py:3096} INFO - Sync 1 DAGs
[2025-05-05T04:54:47.432+0000] {logging_mixin.py:188} INFO - [2025-05-05T04:54:47.432+0000] {dag.py:3954} INFO - Setting next_dagrun for random_user_pipeline to 2025-05-05 00:00:00+00:00, run_after=2025-05-06 00:00:00+00:00
[2025-05-05T04:54:47.461+0000] {processor.py:183} INFO - Processing /opt/airflow/dags/random_user_pipeline.py took 0.313 seconds
[2025-05-05T04:55:17.770+0000] {processor.py:161} INFO - Started process (PID=8003) to work on /opt/airflow/dags/random_user_pipeline.py
[2025-05-05T04:55:17.771+0000] {processor.py:830} INFO - Processing file /opt/airflow/dags/random_user_pipeline.py for tasks to queue
[2025-05-05T04:55:17.772+0000] {logging_mixin.py:188} INFO - [2025-05-05T04:55:17.772+0000] {dagbag.py:545} INFO - Filling up the DagBag from /opt/airflow/dags/random_user_pipeline.py
[2025-05-05T04:55:17.851+0000] {processor.py:840} INFO - DAG(s) 'random_user_pipeline' retrieved from /opt/airflow/dags/random_user_pipeline.py
[2025-05-05T04:55:18.071+0000] {logging_mixin.py:188} INFO - [2025-05-05T04:55:18.071+0000] {dag.py:3096} INFO - Sync 1 DAGs
[2025-05-05T04:55:18.099+0000] {logging_mixin.py:188} INFO - [2025-05-05T04:55:18.099+0000] {dag.py:3954} INFO - Setting next_dagrun for random_user_pipeline to 2025-05-05 00:00:00+00:00, run_after=2025-05-06 00:00:00+00:00
[2025-05-05T04:55:18.128+0000] {processor.py:183} INFO - Processing /opt/airflow/dags/random_user_pipeline.py took 0.365 seconds
[2025-05-05T04:55:48.449+0000] {processor.py:161} INFO - Started process (PID=8008) to work on /opt/airflow/dags/random_user_pipeline.py
[2025-05-05T04:55:48.450+0000] {processor.py:830} INFO - Processing file /opt/airflow/dags/random_user_pipeline.py for tasks to queue
[2025-05-05T04:55:48.451+0000] {logging_mixin.py:188} INFO - [2025-05-05T04:55:48.451+0000] {dagbag.py:545} INFO - Filling up the DagBag from /opt/airflow/dags/random_user_pipeline.py
[2025-05-05T04:55:48.510+0000] {processor.py:840} INFO - DAG(s) 'random_user_pipeline' retrieved from /opt/airflow/dags/random_user_pipeline.py
[2025-05-05T04:55:50.773+0000] {logging_mixin.py:188} INFO - [2025-05-05T04:55:50.772+0000] {dag.py:3096} INFO - Sync 1 DAGs
[2025-05-05T04:55:50.797+0000] {logging_mixin.py:188} INFO - [2025-05-05T04:55:50.797+0000] {dag.py:3954} INFO - Setting next_dagrun for random_user_pipeline to 2025-05-05 00:00:00+00:00, run_after=2025-05-06 00:00:00+00:00
[2025-05-05T04:55:50.822+0000] {processor.py:183} INFO - Processing /opt/airflow/dags/random_user_pipeline.py took 2.380 seconds
[2025-05-05T04:56:21.157+0000] {processor.py:161} INFO - Started process (PID=8013) to work on /opt/airflow/dags/random_user_pipeline.py
[2025-05-05T04:56:21.158+0000] {processor.py:830} INFO - Processing file /opt/airflow/dags/random_user_pipeline.py for tasks to queue
[2025-05-05T04:56:21.159+0000] {logging_mixin.py:188} INFO - [2025-05-05T04:56:21.159+0000] {dagbag.py:545} INFO - Filling up the DagBag from /opt/airflow/dags/random_user_pipeline.py
[2025-05-05T04:56:21.238+0000] {processor.py:840} INFO - DAG(s) 'random_user_pipeline' retrieved from /opt/airflow/dags/random_user_pipeline.py
[2025-05-05T04:56:21.462+0000] {logging_mixin.py:188} INFO - [2025-05-05T04:56:21.462+0000] {dag.py:3096} INFO - Sync 1 DAGs
[2025-05-05T04:56:21.492+0000] {logging_mixin.py:188} INFO - [2025-05-05T04:56:21.492+0000] {dag.py:3954} INFO - Setting next_dagrun for random_user_pipeline to 2025-05-05 00:00:00+00:00, run_after=2025-05-06 00:00:00+00:00
[2025-05-05T04:56:21.523+0000] {processor.py:183} INFO - Processing /opt/airflow/dags/random_user_pipeline.py took 0.371 seconds
[2025-05-05T04:56:51.860+0000] {processor.py:161} INFO - Started process (PID=8018) to work on /opt/airflow/dags/random_user_pipeline.py
[2025-05-05T04:56:51.861+0000] {processor.py:830} INFO - Processing file /opt/airflow/dags/random_user_pipeline.py for tasks to queue
[2025-05-05T04:56:51.863+0000] {logging_mixin.py:188} INFO - [2025-05-05T04:56:51.863+0000] {dagbag.py:545} INFO - Filling up the DagBag from /opt/airflow/dags/random_user_pipeline.py
[2025-05-05T04:56:51.927+0000] {processor.py:840} INFO - DAG(s) 'random_user_pipeline' retrieved from /opt/airflow/dags/random_user_pipeline.py
[2025-05-05T04:56:52.125+0000] {logging_mixin.py:188} INFO - [2025-05-05T04:56:52.125+0000] {dag.py:3096} INFO - Sync 1 DAGs
[2025-05-05T04:56:52.157+0000] {logging_mixin.py:188} INFO - [2025-05-05T04:56:52.157+0000] {dag.py:3954} INFO - Setting next_dagrun for random_user_pipeline to 2025-05-05 00:00:00+00:00, run_after=2025-05-06 00:00:00+00:00
[2025-05-05T04:56:52.198+0000] {processor.py:183} INFO - Processing /opt/airflow/dags/random_user_pipeline.py took 0.342 seconds
[2025-05-05T04:57:22.540+0000] {processor.py:161} INFO - Started process (PID=8023) to work on /opt/airflow/dags/random_user_pipeline.py
[2025-05-05T04:57:22.541+0000] {processor.py:830} INFO - Processing file /opt/airflow/dags/random_user_pipeline.py for tasks to queue
[2025-05-05T04:57:22.543+0000] {logging_mixin.py:188} INFO - [2025-05-05T04:57:22.543+0000] {dagbag.py:545} INFO - Filling up the DagBag from /opt/airflow/dags/random_user_pipeline.py
[2025-05-05T04:57:22.605+0000] {processor.py:840} INFO - DAG(s) 'random_user_pipeline' retrieved from /opt/airflow/dags/random_user_pipeline.py
[2025-05-05T04:57:22.850+0000] {logging_mixin.py:188} INFO - [2025-05-05T04:57:22.850+0000] {dag.py:3096} INFO - Sync 1 DAGs
[2025-05-05T04:57:22.876+0000] {logging_mixin.py:188} INFO - [2025-05-05T04:57:22.875+0000] {dag.py:3954} INFO - Setting next_dagrun for random_user_pipeline to 2025-05-05 00:00:00+00:00, run_after=2025-05-06 00:00:00+00:00
[2025-05-05T04:57:22.901+0000] {processor.py:183} INFO - Processing /opt/airflow/dags/random_user_pipeline.py took 0.365 seconds
[2025-05-05T04:57:53.258+0000] {processor.py:161} INFO - Started process (PID=8028) to work on /opt/airflow/dags/random_user_pipeline.py
[2025-05-05T04:57:53.260+0000] {processor.py:830} INFO - Processing file /opt/airflow/dags/random_user_pipeline.py for tasks to queue
[2025-05-05T04:57:53.261+0000] {logging_mixin.py:188} INFO - [2025-05-05T04:57:53.261+0000] {dagbag.py:545} INFO - Filling up the DagBag from /opt/airflow/dags/random_user_pipeline.py
[2025-05-05T04:57:53.357+0000] {processor.py:840} INFO - DAG(s) 'random_user_pipeline' retrieved from /opt/airflow/dags/random_user_pipeline.py
[2025-05-05T04:57:53.570+0000] {logging_mixin.py:188} INFO - [2025-05-05T04:57:53.570+0000] {dag.py:3096} INFO - Sync 1 DAGs
[2025-05-05T04:57:53.597+0000] {logging_mixin.py:188} INFO - [2025-05-05T04:57:53.597+0000] {dag.py:3954} INFO - Setting next_dagrun for random_user_pipeline to 2025-05-05 00:00:00+00:00, run_after=2025-05-06 00:00:00+00:00
[2025-05-05T04:57:53.624+0000] {processor.py:183} INFO - Processing /opt/airflow/dags/random_user_pipeline.py took 0.371 seconds
[2025-05-05T04:58:24.008+0000] {processor.py:161} INFO - Started process (PID=8033) to work on /opt/airflow/dags/random_user_pipeline.py
[2025-05-05T04:58:24.009+0000] {processor.py:830} INFO - Processing file /opt/airflow/dags/random_user_pipeline.py for tasks to queue
[2025-05-05T04:58:24.011+0000] {logging_mixin.py:188} INFO - [2025-05-05T04:58:24.010+0000] {dagbag.py:545} INFO - Filling up the DagBag from /opt/airflow/dags/random_user_pipeline.py
[2025-05-05T04:58:24.085+0000] {processor.py:840} INFO - DAG(s) 'random_user_pipeline' retrieved from /opt/airflow/dags/random_user_pipeline.py
[2025-05-05T04:58:24.289+0000] {logging_mixin.py:188} INFO - [2025-05-05T04:58:24.289+0000] {dag.py:3096} INFO - Sync 1 DAGs
[2025-05-05T04:58:24.319+0000] {logging_mixin.py:188} INFO - [2025-05-05T04:58:24.319+0000] {dag.py:3954} INFO - Setting next_dagrun for random_user_pipeline to 2025-05-05 00:00:00+00:00, run_after=2025-05-06 00:00:00+00:00
[2025-05-05T04:58:24.352+0000] {processor.py:183} INFO - Processing /opt/airflow/dags/random_user_pipeline.py took 0.349 seconds
[2025-05-05T04:58:54.691+0000] {processor.py:161} INFO - Started process (PID=8038) to work on /opt/airflow/dags/random_user_pipeline.py
[2025-05-05T04:58:54.692+0000] {processor.py:830} INFO - Processing file /opt/airflow/dags/random_user_pipeline.py for tasks to queue
[2025-05-05T04:58:54.693+0000] {logging_mixin.py:188} INFO - [2025-05-05T04:58:54.693+0000] {dagbag.py:545} INFO - Filling up the DagBag from /opt/airflow/dags/random_user_pipeline.py
[2025-05-05T04:58:54.745+0000] {processor.py:840} INFO - DAG(s) 'random_user_pipeline' retrieved from /opt/airflow/dags/random_user_pipeline.py
[2025-05-05T04:58:54.957+0000] {logging_mixin.py:188} INFO - [2025-05-05T04:58:54.957+0000] {dag.py:3096} INFO - Sync 1 DAGs
[2025-05-05T04:58:54.981+0000] {logging_mixin.py:188} INFO - [2025-05-05T04:58:54.981+0000] {dag.py:3954} INFO - Setting next_dagrun for random_user_pipeline to 2025-05-05 00:00:00+00:00, run_after=2025-05-06 00:00:00+00:00
[2025-05-05T04:58:55.008+0000] {processor.py:183} INFO - Processing /opt/airflow/dags/random_user_pipeline.py took 0.321 seconds
[2025-05-05T04:59:25.314+0000] {processor.py:161} INFO - Started process (PID=8043) to work on /opt/airflow/dags/random_user_pipeline.py
[2025-05-05T04:59:25.315+0000] {processor.py:830} INFO - Processing file /opt/airflow/dags/random_user_pipeline.py for tasks to queue
[2025-05-05T04:59:25.318+0000] {logging_mixin.py:188} INFO - [2025-05-05T04:59:25.317+0000] {dagbag.py:545} INFO - Filling up the DagBag from /opt/airflow/dags/random_user_pipeline.py
[2025-05-05T04:59:25.414+0000] {processor.py:840} INFO - DAG(s) 'random_user_pipeline' retrieved from /opt/airflow/dags/random_user_pipeline.py
[2025-05-05T04:59:25.662+0000] {logging_mixin.py:188} INFO - [2025-05-05T04:59:25.662+0000] {dag.py:3096} INFO - Sync 1 DAGs
[2025-05-05T04:59:25.693+0000] {logging_mixin.py:188} INFO - [2025-05-05T04:59:25.692+0000] {dag.py:3954} INFO - Setting next_dagrun for random_user_pipeline to 2025-05-05 00:00:00+00:00, run_after=2025-05-06 00:00:00+00:00
[2025-05-05T04:59:25.725+0000] {processor.py:183} INFO - Processing /opt/airflow/dags/random_user_pipeline.py took 0.417 seconds
[2025-05-05T04:59:56.158+0000] {processor.py:161} INFO - Started process (PID=8048) to work on /opt/airflow/dags/random_user_pipeline.py
[2025-05-05T04:59:56.159+0000] {processor.py:830} INFO - Processing file /opt/airflow/dags/random_user_pipeline.py for tasks to queue
[2025-05-05T04:59:56.161+0000] {logging_mixin.py:188} INFO - [2025-05-05T04:59:56.160+0000] {dagbag.py:545} INFO - Filling up the DagBag from /opt/airflow/dags/random_user_pipeline.py
[2025-05-05T04:59:56.242+0000] {processor.py:840} INFO - DAG(s) 'random_user_pipeline' retrieved from /opt/airflow/dags/random_user_pipeline.py
[2025-05-05T04:59:56.450+0000] {logging_mixin.py:188} INFO - [2025-05-05T04:59:56.449+0000] {dag.py:3096} INFO - Sync 1 DAGs
[2025-05-05T04:59:56.477+0000] {logging_mixin.py:188} INFO - [2025-05-05T04:59:56.477+0000] {dag.py:3954} INFO - Setting next_dagrun for random_user_pipeline to 2025-05-05 00:00:00+00:00, run_after=2025-05-06 00:00:00+00:00
[2025-05-05T04:59:56.508+0000] {processor.py:183} INFO - Processing /opt/airflow/dags/random_user_pipeline.py took 0.354 seconds
[2025-05-05T05:00:26.891+0000] {processor.py:161} INFO - Started process (PID=8053) to work on /opt/airflow/dags/random_user_pipeline.py
[2025-05-05T05:00:26.892+0000] {processor.py:830} INFO - Processing file /opt/airflow/dags/random_user_pipeline.py for tasks to queue
[2025-05-05T05:00:26.894+0000] {logging_mixin.py:188} INFO - [2025-05-05T05:00:26.894+0000] {dagbag.py:545} INFO - Filling up the DagBag from /opt/airflow/dags/random_user_pipeline.py
[2025-05-05T05:00:27.066+0000] {processor.py:840} INFO - DAG(s) 'random_user_pipeline' retrieved from /opt/airflow/dags/random_user_pipeline.py
[2025-05-05T05:00:29.391+0000] {logging_mixin.py:188} INFO - [2025-05-05T05:00:29.391+0000] {dag.py:3096} INFO - Sync 1 DAGs
[2025-05-05T05:00:29.419+0000] {logging_mixin.py:188} INFO - [2025-05-05T05:00:29.418+0000] {dag.py:3954} INFO - Setting next_dagrun for random_user_pipeline to 2025-05-05 00:00:00+00:00, run_after=2025-05-06 00:00:00+00:00
[2025-05-05T05:00:29.452+0000] {processor.py:183} INFO - Processing /opt/airflow/dags/random_user_pipeline.py took 2.580 seconds
[2025-05-05T05:00:59.823+0000] {processor.py:161} INFO - Started process (PID=8058) to work on /opt/airflow/dags/random_user_pipeline.py
[2025-05-05T05:00:59.824+0000] {processor.py:830} INFO - Processing file /opt/airflow/dags/random_user_pipeline.py for tasks to queue
[2025-05-05T05:00:59.825+0000] {logging_mixin.py:188} INFO - [2025-05-05T05:00:59.825+0000] {dagbag.py:545} INFO - Filling up the DagBag from /opt/airflow/dags/random_user_pipeline.py
[2025-05-05T05:00:59.892+0000] {processor.py:840} INFO - DAG(s) 'random_user_pipeline' retrieved from /opt/airflow/dags/random_user_pipeline.py
[2025-05-05T05:01:00.114+0000] {logging_mixin.py:188} INFO - [2025-05-05T05:01:00.114+0000] {dag.py:3096} INFO - Sync 1 DAGs
[2025-05-05T05:01:00.147+0000] {logging_mixin.py:188} INFO - [2025-05-05T05:01:00.147+0000] {dag.py:3954} INFO - Setting next_dagrun for random_user_pipeline to 2025-05-05 00:00:00+00:00, run_after=2025-05-06 00:00:00+00:00
[2025-05-05T05:01:00.178+0000] {processor.py:183} INFO - Processing /opt/airflow/dags/random_user_pipeline.py took 0.360 seconds
[2025-05-05T05:01:30.525+0000] {processor.py:161} INFO - Started process (PID=8063) to work on /opt/airflow/dags/random_user_pipeline.py
[2025-05-05T05:01:30.526+0000] {processor.py:830} INFO - Processing file /opt/airflow/dags/random_user_pipeline.py for tasks to queue
[2025-05-05T05:01:30.527+0000] {logging_mixin.py:188} INFO - [2025-05-05T05:01:30.527+0000] {dagbag.py:545} INFO - Filling up the DagBag from /opt/airflow/dags/random_user_pipeline.py
[2025-05-05T05:01:30.589+0000] {processor.py:840} INFO - DAG(s) 'random_user_pipeline' retrieved from /opt/airflow/dags/random_user_pipeline.py
[2025-05-05T05:01:30.822+0000] {logging_mixin.py:188} INFO - [2025-05-05T05:01:30.822+0000] {dag.py:3096} INFO - Sync 1 DAGs
[2025-05-05T05:01:30.847+0000] {logging_mixin.py:188} INFO - [2025-05-05T05:01:30.846+0000] {dag.py:3954} INFO - Setting next_dagrun for random_user_pipeline to 2025-05-05 00:00:00+00:00, run_after=2025-05-06 00:00:00+00:00
[2025-05-05T05:01:30.870+0000] {processor.py:183} INFO - Processing /opt/airflow/dags/random_user_pipeline.py took 0.352 seconds
[2025-05-05T05:02:01.221+0000] {processor.py:161} INFO - Started process (PID=8068) to work on /opt/airflow/dags/random_user_pipeline.py
[2025-05-05T05:02:01.222+0000] {processor.py:830} INFO - Processing file /opt/airflow/dags/random_user_pipeline.py for tasks to queue
[2025-05-05T05:02:01.223+0000] {logging_mixin.py:188} INFO - [2025-05-05T05:02:01.223+0000] {dagbag.py:545} INFO - Filling up the DagBag from /opt/airflow/dags/random_user_pipeline.py
[2025-05-05T05:02:01.284+0000] {processor.py:840} INFO - DAG(s) 'random_user_pipeline' retrieved from /opt/airflow/dags/random_user_pipeline.py
[2025-05-05T05:02:01.519+0000] {logging_mixin.py:188} INFO - [2025-05-05T05:02:01.519+0000] {dag.py:3096} INFO - Sync 1 DAGs
[2025-05-05T05:02:01.544+0000] {logging_mixin.py:188} INFO - [2025-05-05T05:02:01.544+0000] {dag.py:3954} INFO - Setting next_dagrun for random_user_pipeline to 2025-05-05 00:00:00+00:00, run_after=2025-05-06 00:00:00+00:00
[2025-05-05T05:02:01.571+0000] {processor.py:183} INFO - Processing /opt/airflow/dags/random_user_pipeline.py took 0.355 seconds
[2025-05-05T05:02:31.927+0000] {processor.py:161} INFO - Started process (PID=8073) to work on /opt/airflow/dags/random_user_pipeline.py
[2025-05-05T05:02:31.928+0000] {processor.py:830} INFO - Processing file /opt/airflow/dags/random_user_pipeline.py for tasks to queue
[2025-05-05T05:02:31.931+0000] {logging_mixin.py:188} INFO - [2025-05-05T05:02:31.931+0000] {dagbag.py:545} INFO - Filling up the DagBag from /opt/airflow/dags/random_user_pipeline.py
[2025-05-05T05:02:32.025+0000] {processor.py:840} INFO - DAG(s) 'random_user_pipeline' retrieved from /opt/airflow/dags/random_user_pipeline.py
[2025-05-05T05:02:32.228+0000] {logging_mixin.py:188} INFO - [2025-05-05T05:02:32.228+0000] {dag.py:3096} INFO - Sync 1 DAGs
[2025-05-05T05:02:32.253+0000] {logging_mixin.py:188} INFO - [2025-05-05T05:02:32.252+0000] {dag.py:3954} INFO - Setting next_dagrun for random_user_pipeline to 2025-05-05 00:00:00+00:00, run_after=2025-05-06 00:00:00+00:00
[2025-05-05T05:02:32.279+0000] {processor.py:183} INFO - Processing /opt/airflow/dags/random_user_pipeline.py took 0.357 seconds
[2025-05-05T05:03:02.594+0000] {processor.py:161} INFO - Started process (PID=8078) to work on /opt/airflow/dags/random_user_pipeline.py
[2025-05-05T05:03:02.595+0000] {processor.py:830} INFO - Processing file /opt/airflow/dags/random_user_pipeline.py for tasks to queue
[2025-05-05T05:03:02.597+0000] {logging_mixin.py:188} INFO - [2025-05-05T05:03:02.596+0000] {dagbag.py:545} INFO - Filling up the DagBag from /opt/airflow/dags/random_user_pipeline.py
[2025-05-05T05:03:02.680+0000] {processor.py:840} INFO - DAG(s) 'random_user_pipeline' retrieved from /opt/airflow/dags/random_user_pipeline.py
[2025-05-05T05:03:02.884+0000] {logging_mixin.py:188} INFO - [2025-05-05T05:03:02.884+0000] {dag.py:3096} INFO - Sync 1 DAGs
[2025-05-05T05:03:02.910+0000] {logging_mixin.py:188} INFO - [2025-05-05T05:03:02.910+0000] {dag.py:3954} INFO - Setting next_dagrun for random_user_pipeline to 2025-05-05 00:00:00+00:00, run_after=2025-05-06 00:00:00+00:00
[2025-05-05T05:03:02.939+0000] {processor.py:183} INFO - Processing /opt/airflow/dags/random_user_pipeline.py took 0.349 seconds
[2025-05-05T05:03:33.332+0000] {processor.py:161} INFO - Started process (PID=8083) to work on /opt/airflow/dags/random_user_pipeline.py
[2025-05-05T05:03:33.333+0000] {processor.py:830} INFO - Processing file /opt/airflow/dags/random_user_pipeline.py for tasks to queue
[2025-05-05T05:03:33.335+0000] {logging_mixin.py:188} INFO - [2025-05-05T05:03:33.335+0000] {dagbag.py:545} INFO - Filling up the DagBag from /opt/airflow/dags/random_user_pipeline.py
[2025-05-05T05:03:33.426+0000] {processor.py:840} INFO - DAG(s) 'random_user_pipeline' retrieved from /opt/airflow/dags/random_user_pipeline.py
[2025-05-05T05:03:33.630+0000] {logging_mixin.py:188} INFO - [2025-05-05T05:03:33.629+0000] {dag.py:3096} INFO - Sync 1 DAGs
[2025-05-05T05:03:33.657+0000] {logging_mixin.py:188} INFO - [2025-05-05T05:03:33.657+0000] {dag.py:3954} INFO - Setting next_dagrun for random_user_pipeline to 2025-05-05 00:00:00+00:00, run_after=2025-05-06 00:00:00+00:00
[2025-05-05T05:03:33.684+0000] {processor.py:183} INFO - Processing /opt/airflow/dags/random_user_pipeline.py took 0.357 seconds
[2025-05-05T05:04:04.034+0000] {processor.py:161} INFO - Started process (PID=8088) to work on /opt/airflow/dags/random_user_pipeline.py
[2025-05-05T05:04:04.035+0000] {processor.py:830} INFO - Processing file /opt/airflow/dags/random_user_pipeline.py for tasks to queue
[2025-05-05T05:04:04.036+0000] {logging_mixin.py:188} INFO - [2025-05-05T05:04:04.036+0000] {dagbag.py:545} INFO - Filling up the DagBag from /opt/airflow/dags/random_user_pipeline.py
[2025-05-05T05:04:04.094+0000] {processor.py:840} INFO - DAG(s) 'random_user_pipeline' retrieved from /opt/airflow/dags/random_user_pipeline.py
[2025-05-05T05:04:05.580+0000] {logging_mixin.py:188} INFO - [2025-05-05T05:04:05.579+0000] {dag.py:3096} INFO - Sync 1 DAGs
[2025-05-05T05:04:05.608+0000] {logging_mixin.py:188} INFO - [2025-05-05T05:04:05.608+0000] {dag.py:3954} INFO - Setting next_dagrun for random_user_pipeline to 2025-05-05 00:00:00+00:00, run_after=2025-05-06 00:00:00+00:00
[2025-05-05T05:04:05.638+0000] {processor.py:183} INFO - Processing /opt/airflow/dags/random_user_pipeline.py took 1.610 seconds
[2025-05-05T05:04:36.121+0000] {processor.py:161} INFO - Started process (PID=8093) to work on /opt/airflow/dags/random_user_pipeline.py
[2025-05-05T05:04:36.122+0000] {processor.py:830} INFO - Processing file /opt/airflow/dags/random_user_pipeline.py for tasks to queue
[2025-05-05T05:04:36.123+0000] {logging_mixin.py:188} INFO - [2025-05-05T05:04:36.123+0000] {dagbag.py:545} INFO - Filling up the DagBag from /opt/airflow/dags/random_user_pipeline.py
[2025-05-05T05:04:36.178+0000] {processor.py:840} INFO - DAG(s) 'random_user_pipeline' retrieved from /opt/airflow/dags/random_user_pipeline.py
[2025-05-05T05:04:36.388+0000] {logging_mixin.py:188} INFO - [2025-05-05T05:04:36.388+0000] {dag.py:3096} INFO - Sync 1 DAGs
[2025-05-05T05:04:36.415+0000] {logging_mixin.py:188} INFO - [2025-05-05T05:04:36.415+0000] {dag.py:3954} INFO - Setting next_dagrun for random_user_pipeline to 2025-05-05 00:00:00+00:00, run_after=2025-05-06 00:00:00+00:00
[2025-05-05T05:04:36.447+0000] {processor.py:183} INFO - Processing /opt/airflow/dags/random_user_pipeline.py took 0.331 seconds
[2025-05-05T05:05:06.792+0000] {processor.py:161} INFO - Started process (PID=8098) to work on /opt/airflow/dags/random_user_pipeline.py
[2025-05-05T05:05:06.793+0000] {processor.py:830} INFO - Processing file /opt/airflow/dags/random_user_pipeline.py for tasks to queue
[2025-05-05T05:05:06.795+0000] {logging_mixin.py:188} INFO - [2025-05-05T05:05:06.794+0000] {dagbag.py:545} INFO - Filling up the DagBag from /opt/airflow/dags/random_user_pipeline.py
[2025-05-05T05:05:06.876+0000] {processor.py:840} INFO - DAG(s) 'random_user_pipeline' retrieved from /opt/airflow/dags/random_user_pipeline.py
[2025-05-05T05:05:09.073+0000] {logging_mixin.py:188} INFO - [2025-05-05T05:05:09.072+0000] {dag.py:3096} INFO - Sync 1 DAGs
[2025-05-05T05:05:09.097+0000] {logging_mixin.py:188} INFO - [2025-05-05T05:05:09.097+0000] {dag.py:3954} INFO - Setting next_dagrun for random_user_pipeline to 2025-05-05 00:00:00+00:00, run_after=2025-05-06 00:00:00+00:00
[2025-05-05T05:05:09.122+0000] {processor.py:183} INFO - Processing /opt/airflow/dags/random_user_pipeline.py took 2.335 seconds
[2025-05-05T05:05:39.180+0000] {processor.py:161} INFO - Started process (PID=8103) to work on /opt/airflow/dags/random_user_pipeline.py
[2025-05-05T05:05:39.181+0000] {processor.py:830} INFO - Processing file /opt/airflow/dags/random_user_pipeline.py for tasks to queue
[2025-05-05T05:05:39.183+0000] {logging_mixin.py:188} INFO - [2025-05-05T05:05:39.182+0000] {dagbag.py:545} INFO - Filling up the DagBag from /opt/airflow/dags/random_user_pipeline.py
[2025-05-05T05:05:39.243+0000] {processor.py:840} INFO - DAG(s) 'random_user_pipeline' retrieved from /opt/airflow/dags/random_user_pipeline.py
[2025-05-05T05:05:39.443+0000] {logging_mixin.py:188} INFO - [2025-05-05T05:05:39.442+0000] {dag.py:3096} INFO - Sync 1 DAGs
[2025-05-05T05:05:39.467+0000] {logging_mixin.py:188} INFO - [2025-05-05T05:05:39.467+0000] {dag.py:3954} INFO - Setting next_dagrun for random_user_pipeline to 2025-05-05 00:00:00+00:00, run_after=2025-05-06 00:00:00+00:00
[2025-05-05T05:05:39.492+0000] {processor.py:183} INFO - Processing /opt/airflow/dags/random_user_pipeline.py took 0.316 seconds
[2025-05-05T05:06:09.746+0000] {processor.py:161} INFO - Started process (PID=8108) to work on /opt/airflow/dags/random_user_pipeline.py
[2025-05-05T05:06:09.747+0000] {processor.py:830} INFO - Processing file /opt/airflow/dags/random_user_pipeline.py for tasks to queue
[2025-05-05T05:06:09.748+0000] {logging_mixin.py:188} INFO - [2025-05-05T05:06:09.748+0000] {dagbag.py:545} INFO - Filling up the DagBag from /opt/airflow/dags/random_user_pipeline.py
[2025-05-05T05:06:09.810+0000] {processor.py:840} INFO - DAG(s) 'random_user_pipeline' retrieved from /opt/airflow/dags/random_user_pipeline.py
[2025-05-05T05:06:10.001+0000] {logging_mixin.py:188} INFO - [2025-05-05T05:06:10.001+0000] {dag.py:3096} INFO - Sync 1 DAGs
[2025-05-05T05:06:10.029+0000] {logging_mixin.py:188} INFO - [2025-05-05T05:06:10.028+0000] {dag.py:3954} INFO - Setting next_dagrun for random_user_pipeline to 2025-05-05 00:00:00+00:00, run_after=2025-05-06 00:00:00+00:00
[2025-05-05T05:06:10.057+0000] {processor.py:183} INFO - Processing /opt/airflow/dags/random_user_pipeline.py took 0.316 seconds
[2025-05-05T05:06:40.116+0000] {processor.py:161} INFO - Started process (PID=8113) to work on /opt/airflow/dags/random_user_pipeline.py
[2025-05-05T05:06:40.117+0000] {processor.py:830} INFO - Processing file /opt/airflow/dags/random_user_pipeline.py for tasks to queue
[2025-05-05T05:06:40.118+0000] {logging_mixin.py:188} INFO - [2025-05-05T05:06:40.118+0000] {dagbag.py:545} INFO - Filling up the DagBag from /opt/airflow/dags/random_user_pipeline.py
[2025-05-05T05:06:40.170+0000] {processor.py:840} INFO - DAG(s) 'random_user_pipeline' retrieved from /opt/airflow/dags/random_user_pipeline.py
[2025-05-05T05:06:40.408+0000] {logging_mixin.py:188} INFO - [2025-05-05T05:06:40.407+0000] {dag.py:3096} INFO - Sync 1 DAGs
[2025-05-05T05:06:40.435+0000] {logging_mixin.py:188} INFO - [2025-05-05T05:06:40.434+0000] {dag.py:3954} INFO - Setting next_dagrun for random_user_pipeline to 2025-05-05 00:00:00+00:00, run_after=2025-05-06 00:00:00+00:00
[2025-05-05T05:06:40.462+0000] {processor.py:183} INFO - Processing /opt/airflow/dags/random_user_pipeline.py took 0.350 seconds
[2025-05-05T05:07:10.744+0000] {processor.py:161} INFO - Started process (PID=8118) to work on /opt/airflow/dags/random_user_pipeline.py
[2025-05-05T05:07:10.745+0000] {processor.py:830} INFO - Processing file /opt/airflow/dags/random_user_pipeline.py for tasks to queue
[2025-05-05T05:07:10.747+0000] {logging_mixin.py:188} INFO - [2025-05-05T05:07:10.746+0000] {dagbag.py:545} INFO - Filling up the DagBag from /opt/airflow/dags/random_user_pipeline.py
[2025-05-05T05:07:10.811+0000] {processor.py:840} INFO - DAG(s) 'random_user_pipeline' retrieved from /opt/airflow/dags/random_user_pipeline.py
[2025-05-05T05:07:11.050+0000] {logging_mixin.py:188} INFO - [2025-05-05T05:07:11.049+0000] {dag.py:3096} INFO - Sync 1 DAGs
[2025-05-05T05:07:11.077+0000] {logging_mixin.py:188} INFO - [2025-05-05T05:07:11.077+0000] {dag.py:3954} INFO - Setting next_dagrun for random_user_pipeline to 2025-05-05 00:00:00+00:00, run_after=2025-05-06 00:00:00+00:00
[2025-05-05T05:07:11.102+0000] {processor.py:183} INFO - Processing /opt/airflow/dags/random_user_pipeline.py took 0.363 seconds
[2025-05-05T05:07:41.464+0000] {processor.py:161} INFO - Started process (PID=8123) to work on /opt/airflow/dags/random_user_pipeline.py
[2025-05-05T05:07:41.465+0000] {processor.py:830} INFO - Processing file /opt/airflow/dags/random_user_pipeline.py for tasks to queue
[2025-05-05T05:07:41.466+0000] {logging_mixin.py:188} INFO - [2025-05-05T05:07:41.466+0000] {dagbag.py:545} INFO - Filling up the DagBag from /opt/airflow/dags/random_user_pipeline.py
[2025-05-05T05:07:41.525+0000] {processor.py:840} INFO - DAG(s) 'random_user_pipeline' retrieved from /opt/airflow/dags/random_user_pipeline.py
[2025-05-05T05:07:41.733+0000] {logging_mixin.py:188} INFO - [2025-05-05T05:07:41.732+0000] {dag.py:3096} INFO - Sync 1 DAGs
[2025-05-05T05:07:41.759+0000] {logging_mixin.py:188} INFO - [2025-05-05T05:07:41.759+0000] {dag.py:3954} INFO - Setting next_dagrun for random_user_pipeline to 2025-05-05 00:00:00+00:00, run_after=2025-05-06 00:00:00+00:00
[2025-05-05T05:07:41.785+0000] {processor.py:183} INFO - Processing /opt/airflow/dags/random_user_pipeline.py took 0.326 seconds
[2025-05-05T05:08:12.137+0000] {processor.py:161} INFO - Started process (PID=8128) to work on /opt/airflow/dags/random_user_pipeline.py
[2025-05-05T05:08:12.139+0000] {processor.py:830} INFO - Processing file /opt/airflow/dags/random_user_pipeline.py for tasks to queue
[2025-05-05T05:08:12.141+0000] {logging_mixin.py:188} INFO - [2025-05-05T05:08:12.141+0000] {dagbag.py:545} INFO - Filling up the DagBag from /opt/airflow/dags/random_user_pipeline.py
[2025-05-05T05:08:12.223+0000] {processor.py:840} INFO - DAG(s) 'random_user_pipeline' retrieved from /opt/airflow/dags/random_user_pipeline.py
[2025-05-05T05:08:12.423+0000] {logging_mixin.py:188} INFO - [2025-05-05T05:08:12.422+0000] {dag.py:3096} INFO - Sync 1 DAGs
[2025-05-05T05:08:12.449+0000] {logging_mixin.py:188} INFO - [2025-05-05T05:08:12.449+0000] {dag.py:3954} INFO - Setting next_dagrun for random_user_pipeline to 2025-05-05 00:00:00+00:00, run_after=2025-05-06 00:00:00+00:00
[2025-05-05T05:08:12.477+0000] {processor.py:183} INFO - Processing /opt/airflow/dags/random_user_pipeline.py took 0.345 seconds
[2025-05-05T05:08:42.820+0000] {processor.py:161} INFO - Started process (PID=8133) to work on /opt/airflow/dags/random_user_pipeline.py
[2025-05-05T05:08:42.821+0000] {processor.py:830} INFO - Processing file /opt/airflow/dags/random_user_pipeline.py for tasks to queue
[2025-05-05T05:08:42.822+0000] {logging_mixin.py:188} INFO - [2025-05-05T05:08:42.822+0000] {dagbag.py:545} INFO - Filling up the DagBag from /opt/airflow/dags/random_user_pipeline.py
[2025-05-05T05:08:42.883+0000] {processor.py:840} INFO - DAG(s) 'random_user_pipeline' retrieved from /opt/airflow/dags/random_user_pipeline.py
[2025-05-05T05:08:43.109+0000] {logging_mixin.py:188} INFO - [2025-05-05T05:08:43.108+0000] {dag.py:3096} INFO - Sync 1 DAGs
[2025-05-05T05:08:43.136+0000] {logging_mixin.py:188} INFO - [2025-05-05T05:08:43.135+0000] {dag.py:3954} INFO - Setting next_dagrun for random_user_pipeline to 2025-05-05 00:00:00+00:00, run_after=2025-05-06 00:00:00+00:00
[2025-05-05T05:08:43.163+0000] {processor.py:183} INFO - Processing /opt/airflow/dags/random_user_pipeline.py took 0.347 seconds
[2025-05-05T05:09:13.463+0000] {processor.py:161} INFO - Started process (PID=8138) to work on /opt/airflow/dags/random_user_pipeline.py
[2025-05-05T05:09:13.464+0000] {processor.py:830} INFO - Processing file /opt/airflow/dags/random_user_pipeline.py for tasks to queue
[2025-05-05T05:09:13.465+0000] {logging_mixin.py:188} INFO - [2025-05-05T05:09:13.465+0000] {dagbag.py:545} INFO - Filling up the DagBag from /opt/airflow/dags/random_user_pipeline.py
[2025-05-05T05:09:13.520+0000] {processor.py:840} INFO - DAG(s) 'random_user_pipeline' retrieved from /opt/airflow/dags/random_user_pipeline.py
[2025-05-05T05:09:13.702+0000] {logging_mixin.py:188} INFO - [2025-05-05T05:09:13.702+0000] {dag.py:3096} INFO - Sync 1 DAGs
[2025-05-05T05:09:13.725+0000] {logging_mixin.py:188} INFO - [2025-05-05T05:09:13.725+0000] {dag.py:3954} INFO - Setting next_dagrun for random_user_pipeline to 2025-05-05 00:00:00+00:00, run_after=2025-05-06 00:00:00+00:00
[2025-05-05T05:09:13.749+0000] {processor.py:183} INFO - Processing /opt/airflow/dags/random_user_pipeline.py took 0.290 seconds
[2025-05-05T05:09:43.877+0000] {processor.py:161} INFO - Started process (PID=8143) to work on /opt/airflow/dags/random_user_pipeline.py
[2025-05-05T05:09:43.878+0000] {processor.py:830} INFO - Processing file /opt/airflow/dags/random_user_pipeline.py for tasks to queue
[2025-05-05T05:09:43.880+0000] {logging_mixin.py:188} INFO - [2025-05-05T05:09:43.880+0000] {dagbag.py:545} INFO - Filling up the DagBag from /opt/airflow/dags/random_user_pipeline.py
[2025-05-05T05:09:43.961+0000] {processor.py:840} INFO - DAG(s) 'random_user_pipeline' retrieved from /opt/airflow/dags/random_user_pipeline.py
[2025-05-05T05:09:44.204+0000] {logging_mixin.py:188} INFO - [2025-05-05T05:09:44.204+0000] {dag.py:3096} INFO - Sync 1 DAGs
[2025-05-05T05:09:44.234+0000] {logging_mixin.py:188} INFO - [2025-05-05T05:09:44.233+0000] {dag.py:3954} INFO - Setting next_dagrun for random_user_pipeline to 2025-05-05 00:00:00+00:00, run_after=2025-05-06 00:00:00+00:00
[2025-05-05T05:09:44.270+0000] {processor.py:183} INFO - Processing /opt/airflow/dags/random_user_pipeline.py took 0.398 seconds
[2025-05-05T05:10:14.439+0000] {processor.py:161} INFO - Started process (PID=8148) to work on /opt/airflow/dags/random_user_pipeline.py
[2025-05-05T05:10:14.440+0000] {processor.py:830} INFO - Processing file /opt/airflow/dags/random_user_pipeline.py for tasks to queue
[2025-05-05T05:10:14.442+0000] {logging_mixin.py:188} INFO - [2025-05-05T05:10:14.442+0000] {dagbag.py:545} INFO - Filling up the DagBag from /opt/airflow/dags/random_user_pipeline.py
[2025-05-05T05:10:14.508+0000] {processor.py:840} INFO - DAG(s) 'random_user_pipeline' retrieved from /opt/airflow/dags/random_user_pipeline.py
[2025-05-05T05:10:14.714+0000] {logging_mixin.py:188} INFO - [2025-05-05T05:10:14.714+0000] {dag.py:3096} INFO - Sync 1 DAGs
[2025-05-05T05:10:14.749+0000] {logging_mixin.py:188} INFO - [2025-05-05T05:10:14.749+0000] {dag.py:3954} INFO - Setting next_dagrun for random_user_pipeline to 2025-05-05 00:00:00+00:00, run_after=2025-05-06 00:00:00+00:00
[2025-05-05T05:10:14.792+0000] {processor.py:183} INFO - Processing /opt/airflow/dags/random_user_pipeline.py took 0.359 seconds
[2025-05-05T05:10:44.909+0000] {processor.py:161} INFO - Started process (PID=8153) to work on /opt/airflow/dags/random_user_pipeline.py
[2025-05-05T05:10:44.911+0000] {processor.py:830} INFO - Processing file /opt/airflow/dags/random_user_pipeline.py for tasks to queue
[2025-05-05T05:10:44.913+0000] {logging_mixin.py:188} INFO - [2025-05-05T05:10:44.912+0000] {dagbag.py:545} INFO - Filling up the DagBag from /opt/airflow/dags/random_user_pipeline.py
[2025-05-05T05:10:44.992+0000] {processor.py:840} INFO - DAG(s) 'random_user_pipeline' retrieved from /opt/airflow/dags/random_user_pipeline.py
[2025-05-05T05:10:45.209+0000] {logging_mixin.py:188} INFO - [2025-05-05T05:10:45.209+0000] {dag.py:3096} INFO - Sync 1 DAGs
[2025-05-05T05:10:45.239+0000] {logging_mixin.py:188} INFO - [2025-05-05T05:10:45.238+0000] {dag.py:3954} INFO - Setting next_dagrun for random_user_pipeline to 2025-05-05 00:00:00+00:00, run_after=2025-05-06 00:00:00+00:00
[2025-05-05T05:10:45.269+0000] {processor.py:183} INFO - Processing /opt/airflow/dags/random_user_pipeline.py took 0.365 seconds
[2025-05-05T05:11:15.487+0000] {processor.py:161} INFO - Started process (PID=8158) to work on /opt/airflow/dags/random_user_pipeline.py
[2025-05-05T05:11:15.488+0000] {processor.py:830} INFO - Processing file /opt/airflow/dags/random_user_pipeline.py for tasks to queue
[2025-05-05T05:11:15.489+0000] {logging_mixin.py:188} INFO - [2025-05-05T05:11:15.489+0000] {dagbag.py:545} INFO - Filling up the DagBag from /opt/airflow/dags/random_user_pipeline.py
[2025-05-05T05:11:15.558+0000] {processor.py:840} INFO - DAG(s) 'random_user_pipeline' retrieved from /opt/airflow/dags/random_user_pipeline.py
[2025-05-05T05:11:15.753+0000] {logging_mixin.py:188} INFO - [2025-05-05T05:11:15.753+0000] {dag.py:3096} INFO - Sync 1 DAGs
[2025-05-05T05:11:15.779+0000] {logging_mixin.py:188} INFO - [2025-05-05T05:11:15.778+0000] {dag.py:3954} INFO - Setting next_dagrun for random_user_pipeline to 2025-05-05 00:00:00+00:00, run_after=2025-05-06 00:00:00+00:00
[2025-05-05T05:11:15.806+0000] {processor.py:183} INFO - Processing /opt/airflow/dags/random_user_pipeline.py took 0.324 seconds
[2025-05-05T05:11:45.933+0000] {processor.py:161} INFO - Started process (PID=8163) to work on /opt/airflow/dags/random_user_pipeline.py
[2025-05-05T05:11:45.934+0000] {processor.py:830} INFO - Processing file /opt/airflow/dags/random_user_pipeline.py for tasks to queue
[2025-05-05T05:11:45.936+0000] {logging_mixin.py:188} INFO - [2025-05-05T05:11:45.935+0000] {dagbag.py:545} INFO - Filling up the DagBag from /opt/airflow/dags/random_user_pipeline.py
[2025-05-05T05:11:45.987+0000] {processor.py:840} INFO - DAG(s) 'random_user_pipeline' retrieved from /opt/airflow/dags/random_user_pipeline.py
[2025-05-05T05:11:46.172+0000] {logging_mixin.py:188} INFO - [2025-05-05T05:11:46.171+0000] {dag.py:3096} INFO - Sync 1 DAGs
[2025-05-05T05:11:46.200+0000] {logging_mixin.py:188} INFO - [2025-05-05T05:11:46.199+0000] {dag.py:3954} INFO - Setting next_dagrun for random_user_pipeline to 2025-05-05 00:00:00+00:00, run_after=2025-05-06 00:00:00+00:00
[2025-05-05T05:11:46.226+0000] {processor.py:183} INFO - Processing /opt/airflow/dags/random_user_pipeline.py took 0.297 seconds
[2025-05-05T05:12:16.510+0000] {processor.py:161} INFO - Started process (PID=8168) to work on /opt/airflow/dags/random_user_pipeline.py
[2025-05-05T05:12:16.511+0000] {processor.py:830} INFO - Processing file /opt/airflow/dags/random_user_pipeline.py for tasks to queue
[2025-05-05T05:12:16.512+0000] {logging_mixin.py:188} INFO - [2025-05-05T05:12:16.512+0000] {dagbag.py:545} INFO - Filling up the DagBag from /opt/airflow/dags/random_user_pipeline.py
[2025-05-05T05:12:16.565+0000] {processor.py:840} INFO - DAG(s) 'random_user_pipeline' retrieved from /opt/airflow/dags/random_user_pipeline.py
[2025-05-05T05:12:16.800+0000] {logging_mixin.py:188} INFO - [2025-05-05T05:12:16.800+0000] {dag.py:3096} INFO - Sync 1 DAGs
[2025-05-05T05:12:16.833+0000] {logging_mixin.py:188} INFO - [2025-05-05T05:12:16.833+0000] {dag.py:3954} INFO - Setting next_dagrun for random_user_pipeline to 2025-05-05 00:00:00+00:00, run_after=2025-05-06 00:00:00+00:00
[2025-05-05T05:12:16.859+0000] {processor.py:183} INFO - Processing /opt/airflow/dags/random_user_pipeline.py took 0.355 seconds
[2025-05-05T05:12:47.218+0000] {processor.py:161} INFO - Started process (PID=8173) to work on /opt/airflow/dags/random_user_pipeline.py
[2025-05-05T05:12:47.219+0000] {processor.py:830} INFO - Processing file /opt/airflow/dags/random_user_pipeline.py for tasks to queue
[2025-05-05T05:12:47.220+0000] {logging_mixin.py:188} INFO - [2025-05-05T05:12:47.220+0000] {dagbag.py:545} INFO - Filling up the DagBag from /opt/airflow/dags/random_user_pipeline.py
[2025-05-05T05:12:47.280+0000] {processor.py:840} INFO - DAG(s) 'random_user_pipeline' retrieved from /opt/airflow/dags/random_user_pipeline.py
[2025-05-05T05:12:47.492+0000] {logging_mixin.py:188} INFO - [2025-05-05T05:12:47.492+0000] {dag.py:3096} INFO - Sync 1 DAGs
[2025-05-05T05:12:47.522+0000] {logging_mixin.py:188} INFO - [2025-05-05T05:12:47.522+0000] {dag.py:3954} INFO - Setting next_dagrun for random_user_pipeline to 2025-05-05 00:00:00+00:00, run_after=2025-05-06 00:00:00+00:00
[2025-05-05T05:12:47.552+0000] {processor.py:183} INFO - Processing /opt/airflow/dags/random_user_pipeline.py took 0.340 seconds
[2025-05-05T05:13:17.874+0000] {processor.py:161} INFO - Started process (PID=8178) to work on /opt/airflow/dags/random_user_pipeline.py
[2025-05-05T05:13:17.875+0000] {processor.py:830} INFO - Processing file /opt/airflow/dags/random_user_pipeline.py for tasks to queue
[2025-05-05T05:13:17.877+0000] {logging_mixin.py:188} INFO - [2025-05-05T05:13:17.876+0000] {dagbag.py:545} INFO - Filling up the DagBag from /opt/airflow/dags/random_user_pipeline.py
[2025-05-05T05:13:17.936+0000] {processor.py:840} INFO - DAG(s) 'random_user_pipeline' retrieved from /opt/airflow/dags/random_user_pipeline.py
[2025-05-05T05:13:20.118+0000] {logging_mixin.py:188} INFO - [2025-05-05T05:13:20.117+0000] {dag.py:3096} INFO - Sync 1 DAGs
[2025-05-05T05:13:20.147+0000] {logging_mixin.py:188} INFO - [2025-05-05T05:13:20.147+0000] {dag.py:3954} INFO - Setting next_dagrun for random_user_pipeline to 2025-05-05 00:00:00+00:00, run_after=2025-05-06 00:00:00+00:00
[2025-05-05T05:13:20.178+0000] {processor.py:183} INFO - Processing /opt/airflow/dags/random_user_pipeline.py took 2.309 seconds
[2025-05-05T05:13:50.217+0000] {processor.py:161} INFO - Started process (PID=8183) to work on /opt/airflow/dags/random_user_pipeline.py
[2025-05-05T05:13:50.218+0000] {processor.py:830} INFO - Processing file /opt/airflow/dags/random_user_pipeline.py for tasks to queue
[2025-05-05T05:13:50.219+0000] {logging_mixin.py:188} INFO - [2025-05-05T05:13:50.219+0000] {dagbag.py:545} INFO - Filling up the DagBag from /opt/airflow/dags/random_user_pipeline.py
[2025-05-05T05:13:50.289+0000] {processor.py:840} INFO - DAG(s) 'random_user_pipeline' retrieved from /opt/airflow/dags/random_user_pipeline.py
[2025-05-05T05:13:50.495+0000] {logging_mixin.py:188} INFO - [2025-05-05T05:13:50.495+0000] {dag.py:3096} INFO - Sync 1 DAGs
[2025-05-05T05:13:50.523+0000] {logging_mixin.py:188} INFO - [2025-05-05T05:13:50.523+0000] {dag.py:3954} INFO - Setting next_dagrun for random_user_pipeline to 2025-05-05 00:00:00+00:00, run_after=2025-05-06 00:00:00+00:00
[2025-05-05T05:13:50.553+0000] {processor.py:183} INFO - Processing /opt/airflow/dags/random_user_pipeline.py took 0.341 seconds
[2025-05-05T05:14:20.911+0000] {processor.py:161} INFO - Started process (PID=8188) to work on /opt/airflow/dags/random_user_pipeline.py
[2025-05-05T05:14:20.912+0000] {processor.py:830} INFO - Processing file /opt/airflow/dags/random_user_pipeline.py for tasks to queue
[2025-05-05T05:14:20.914+0000] {logging_mixin.py:188} INFO - [2025-05-05T05:14:20.914+0000] {dagbag.py:545} INFO - Filling up the DagBag from /opt/airflow/dags/random_user_pipeline.py
[2025-05-05T05:14:20.992+0000] {processor.py:840} INFO - DAG(s) 'random_user_pipeline' retrieved from /opt/airflow/dags/random_user_pipeline.py
[2025-05-05T05:14:21.267+0000] {logging_mixin.py:188} INFO - [2025-05-05T05:14:21.266+0000] {dag.py:3096} INFO - Sync 1 DAGs
[2025-05-05T05:14:21.307+0000] {logging_mixin.py:188} INFO - [2025-05-05T05:14:21.307+0000] {dag.py:3954} INFO - Setting next_dagrun for random_user_pipeline to 2025-05-05 00:00:00+00:00, run_after=2025-05-06 00:00:00+00:00
[2025-05-05T05:14:21.361+0000] {processor.py:183} INFO - Processing /opt/airflow/dags/random_user_pipeline.py took 0.455 seconds
[2025-05-05T06:11:50.008+0000] {processor.py:161} INFO - Started process (PID=8193) to work on /opt/airflow/dags/random_user_pipeline.py
[2025-05-05T06:11:50.010+0000] {processor.py:830} INFO - Processing file /opt/airflow/dags/random_user_pipeline.py for tasks to queue
[2025-05-05T06:11:50.016+0000] {logging_mixin.py:188} INFO - [2025-05-05T06:11:50.015+0000] {dagbag.py:545} INFO - Filling up the DagBag from /opt/airflow/dags/random_user_pipeline.py
[2025-05-05T06:11:50.471+0000] {processor.py:840} INFO - DAG(s) 'random_user_pipeline' retrieved from /opt/airflow/dags/random_user_pipeline.py
[2025-05-05T06:11:53.988+0000] {logging_mixin.py:188} INFO - [2025-05-05T06:11:53.987+0000] {dag.py:3096} INFO - Sync 1 DAGs
[2025-05-05T06:11:54.057+0000] {logging_mixin.py:188} INFO - [2025-05-05T06:11:54.056+0000] {dag.py:3954} INFO - Setting next_dagrun for random_user_pipeline to 2025-05-05 00:00:00+00:00, run_after=2025-05-06 00:00:00+00:00
[2025-05-05T06:11:54.136+0000] {processor.py:183} INFO - Processing /opt/airflow/dags/random_user_pipeline.py took 4.140 seconds
[2025-05-05T06:12:24.356+0000] {processor.py:161} INFO - Started process (PID=8198) to work on /opt/airflow/dags/random_user_pipeline.py
[2025-05-05T06:12:24.357+0000] {processor.py:830} INFO - Processing file /opt/airflow/dags/random_user_pipeline.py for tasks to queue
[2025-05-05T06:12:24.359+0000] {logging_mixin.py:188} INFO - [2025-05-05T06:12:24.358+0000] {dagbag.py:545} INFO - Filling up the DagBag from /opt/airflow/dags/random_user_pipeline.py
[2025-05-05T06:12:24.429+0000] {processor.py:840} INFO - DAG(s) 'random_user_pipeline' retrieved from /opt/airflow/dags/random_user_pipeline.py
[2025-05-05T06:12:24.623+0000] {logging_mixin.py:188} INFO - [2025-05-05T06:12:24.623+0000] {dag.py:3096} INFO - Sync 1 DAGs
[2025-05-05T06:12:24.651+0000] {logging_mixin.py:188} INFO - [2025-05-05T06:12:24.650+0000] {dag.py:3954} INFO - Setting next_dagrun for random_user_pipeline to 2025-05-05 00:00:00+00:00, run_after=2025-05-06 00:00:00+00:00
[2025-05-05T06:12:24.679+0000] {processor.py:183} INFO - Processing /opt/airflow/dags/random_user_pipeline.py took 0.328 seconds
[2025-05-05T06:12:54.781+0000] {processor.py:161} INFO - Started process (PID=8203) to work on /opt/airflow/dags/random_user_pipeline.py
[2025-05-05T06:12:54.782+0000] {processor.py:830} INFO - Processing file /opt/airflow/dags/random_user_pipeline.py for tasks to queue
[2025-05-05T06:12:54.784+0000] {logging_mixin.py:188} INFO - [2025-05-05T06:12:54.783+0000] {dagbag.py:545} INFO - Filling up the DagBag from /opt/airflow/dags/random_user_pipeline.py
[2025-05-05T06:12:54.864+0000] {processor.py:840} INFO - DAG(s) 'random_user_pipeline' retrieved from /opt/airflow/dags/random_user_pipeline.py
[2025-05-05T06:12:57.092+0000] {logging_mixin.py:188} INFO - [2025-05-05T06:12:57.091+0000] {dag.py:3096} INFO - Sync 1 DAGs
[2025-05-05T06:12:57.121+0000] {logging_mixin.py:188} INFO - [2025-05-05T06:12:57.120+0000] {dag.py:3954} INFO - Setting next_dagrun for random_user_pipeline to 2025-05-05 00:00:00+00:00, run_after=2025-05-06 00:00:00+00:00
[2025-05-05T06:12:57.159+0000] {processor.py:183} INFO - Processing /opt/airflow/dags/random_user_pipeline.py took 2.384 seconds
[2025-05-05T06:13:27.494+0000] {processor.py:161} INFO - Started process (PID=8208) to work on /opt/airflow/dags/random_user_pipeline.py
[2025-05-05T06:13:27.495+0000] {processor.py:830} INFO - Processing file /opt/airflow/dags/random_user_pipeline.py for tasks to queue
[2025-05-05T06:13:27.497+0000] {logging_mixin.py:188} INFO - [2025-05-05T06:13:27.497+0000] {dagbag.py:545} INFO - Filling up the DagBag from /opt/airflow/dags/random_user_pipeline.py
[2025-05-05T06:13:27.564+0000] {processor.py:840} INFO - DAG(s) 'random_user_pipeline' retrieved from /opt/airflow/dags/random_user_pipeline.py
[2025-05-05T06:13:27.869+0000] {logging_mixin.py:188} INFO - [2025-05-05T06:13:27.869+0000] {dag.py:3096} INFO - Sync 1 DAGs
[2025-05-05T06:13:27.900+0000] {logging_mixin.py:188} INFO - [2025-05-05T06:13:27.900+0000] {dag.py:3954} INFO - Setting next_dagrun for random_user_pipeline to 2025-05-05 00:00:00+00:00, run_after=2025-05-06 00:00:00+00:00
[2025-05-05T06:13:27.928+0000] {processor.py:183} INFO - Processing /opt/airflow/dags/random_user_pipeline.py took 0.439 seconds
[2025-05-05T06:13:58.218+0000] {processor.py:161} INFO - Started process (PID=8213) to work on /opt/airflow/dags/random_user_pipeline.py
[2025-05-05T06:13:58.220+0000] {processor.py:830} INFO - Processing file /opt/airflow/dags/random_user_pipeline.py for tasks to queue
[2025-05-05T06:13:58.221+0000] {logging_mixin.py:188} INFO - [2025-05-05T06:13:58.221+0000] {dagbag.py:545} INFO - Filling up the DagBag from /opt/airflow/dags/random_user_pipeline.py
[2025-05-05T06:13:58.288+0000] {processor.py:840} INFO - DAG(s) 'random_user_pipeline' retrieved from /opt/airflow/dags/random_user_pipeline.py
[2025-05-05T06:13:58.486+0000] {logging_mixin.py:188} INFO - [2025-05-05T06:13:58.486+0000] {dag.py:3096} INFO - Sync 1 DAGs
[2025-05-05T06:13:58.514+0000] {logging_mixin.py:188} INFO - [2025-05-05T06:13:58.514+0000] {dag.py:3954} INFO - Setting next_dagrun for random_user_pipeline to 2025-05-05 00:00:00+00:00, run_after=2025-05-06 00:00:00+00:00
[2025-05-05T06:13:58.545+0000] {processor.py:183} INFO - Processing /opt/airflow/dags/random_user_pipeline.py took 0.331 seconds
[2025-05-05T06:14:28.799+0000] {processor.py:161} INFO - Started process (PID=8218) to work on /opt/airflow/dags/random_user_pipeline.py
[2025-05-05T06:14:28.800+0000] {processor.py:830} INFO - Processing file /opt/airflow/dags/random_user_pipeline.py for tasks to queue
[2025-05-05T06:14:28.801+0000] {logging_mixin.py:188} INFO - [2025-05-05T06:14:28.801+0000] {dagbag.py:545} INFO - Filling up the DagBag from /opt/airflow/dags/random_user_pipeline.py
[2025-05-05T06:14:28.867+0000] {processor.py:840} INFO - DAG(s) 'random_user_pipeline' retrieved from /opt/airflow/dags/random_user_pipeline.py
[2025-05-05T06:14:29.074+0000] {logging_mixin.py:188} INFO - [2025-05-05T06:14:29.073+0000] {dag.py:3096} INFO - Sync 1 DAGs
[2025-05-05T06:14:29.101+0000] {logging_mixin.py:188} INFO - [2025-05-05T06:14:29.101+0000] {dag.py:3954} INFO - Setting next_dagrun for random_user_pipeline to 2025-05-05 00:00:00+00:00, run_after=2025-05-06 00:00:00+00:00
[2025-05-05T06:14:29.131+0000] {processor.py:183} INFO - Processing /opt/airflow/dags/random_user_pipeline.py took 0.337 seconds
[2025-05-05T06:14:59.409+0000] {processor.py:161} INFO - Started process (PID=8223) to work on /opt/airflow/dags/random_user_pipeline.py
[2025-05-05T06:14:59.409+0000] {processor.py:830} INFO - Processing file /opt/airflow/dags/random_user_pipeline.py for tasks to queue
[2025-05-05T06:14:59.411+0000] {logging_mixin.py:188} INFO - [2025-05-05T06:14:59.411+0000] {dagbag.py:545} INFO - Filling up the DagBag from /opt/airflow/dags/random_user_pipeline.py
[2025-05-05T06:14:59.492+0000] {processor.py:840} INFO - DAG(s) 'random_user_pipeline' retrieved from /opt/airflow/dags/random_user_pipeline.py
[2025-05-05T06:14:59.720+0000] {logging_mixin.py:188} INFO - [2025-05-05T06:14:59.720+0000] {dag.py:3096} INFO - Sync 1 DAGs
[2025-05-05T06:14:59.748+0000] {logging_mixin.py:188} INFO - [2025-05-05T06:14:59.748+0000] {dag.py:3954} INFO - Setting next_dagrun for random_user_pipeline to 2025-05-05 00:00:00+00:00, run_after=2025-05-06 00:00:00+00:00
[2025-05-05T06:14:59.779+0000] {processor.py:183} INFO - Processing /opt/airflow/dags/random_user_pipeline.py took 0.374 seconds
[2025-05-05T06:15:30.051+0000] {processor.py:161} INFO - Started process (PID=8228) to work on /opt/airflow/dags/random_user_pipeline.py
[2025-05-05T06:15:30.053+0000] {processor.py:830} INFO - Processing file /opt/airflow/dags/random_user_pipeline.py for tasks to queue
[2025-05-05T06:15:30.054+0000] {logging_mixin.py:188} INFO - [2025-05-05T06:15:30.054+0000] {dagbag.py:545} INFO - Filling up the DagBag from /opt/airflow/dags/random_user_pipeline.py
[2025-05-05T06:15:30.119+0000] {processor.py:840} INFO - DAG(s) 'random_user_pipeline' retrieved from /opt/airflow/dags/random_user_pipeline.py
[2025-05-05T06:15:30.369+0000] {logging_mixin.py:188} INFO - [2025-05-05T06:15:30.369+0000] {dag.py:3096} INFO - Sync 1 DAGs
[2025-05-05T06:15:30.401+0000] {logging_mixin.py:188} INFO - [2025-05-05T06:15:30.400+0000] {dag.py:3954} INFO - Setting next_dagrun for random_user_pipeline to 2025-05-05 00:00:00+00:00, run_after=2025-05-06 00:00:00+00:00
[2025-05-05T06:15:30.438+0000] {processor.py:183} INFO - Processing /opt/airflow/dags/random_user_pipeline.py took 0.393 seconds
[2025-05-05T06:16:00.698+0000] {processor.py:161} INFO - Started process (PID=8233) to work on /opt/airflow/dags/random_user_pipeline.py
[2025-05-05T06:16:00.699+0000] {processor.py:830} INFO - Processing file /opt/airflow/dags/random_user_pipeline.py for tasks to queue
[2025-05-05T06:16:00.701+0000] {logging_mixin.py:188} INFO - [2025-05-05T06:16:00.700+0000] {dagbag.py:545} INFO - Filling up the DagBag from /opt/airflow/dags/random_user_pipeline.py
[2025-05-05T06:16:00.781+0000] {processor.py:840} INFO - DAG(s) 'random_user_pipeline' retrieved from /opt/airflow/dags/random_user_pipeline.py
[2025-05-05T06:16:00.987+0000] {logging_mixin.py:188} INFO - [2025-05-05T06:16:00.987+0000] {dag.py:3096} INFO - Sync 1 DAGs
[2025-05-05T06:16:01.014+0000] {logging_mixin.py:188} INFO - [2025-05-05T06:16:01.014+0000] {dag.py:3954} INFO - Setting next_dagrun for random_user_pipeline to 2025-05-05 00:00:00+00:00, run_after=2025-05-06 00:00:00+00:00
[2025-05-05T06:16:01.043+0000] {processor.py:183} INFO - Processing /opt/airflow/dags/random_user_pipeline.py took 0.351 seconds
[2025-05-05T06:16:31.321+0000] {processor.py:161} INFO - Started process (PID=8238) to work on /opt/airflow/dags/random_user_pipeline.py
[2025-05-05T06:16:31.322+0000] {processor.py:830} INFO - Processing file /opt/airflow/dags/random_user_pipeline.py for tasks to queue
[2025-05-05T06:16:31.324+0000] {logging_mixin.py:188} INFO - [2025-05-05T06:16:31.324+0000] {dagbag.py:545} INFO - Filling up the DagBag from /opt/airflow/dags/random_user_pipeline.py
[2025-05-05T06:16:31.408+0000] {processor.py:840} INFO - DAG(s) 'random_user_pipeline' retrieved from /opt/airflow/dags/random_user_pipeline.py
[2025-05-05T06:16:31.665+0000] {logging_mixin.py:188} INFO - [2025-05-05T06:16:31.664+0000] {dag.py:3096} INFO - Sync 1 DAGs
[2025-05-05T06:16:31.693+0000] {logging_mixin.py:188} INFO - [2025-05-05T06:16:31.692+0000] {dag.py:3954} INFO - Setting next_dagrun for random_user_pipeline to 2025-05-05 00:00:00+00:00, run_after=2025-05-06 00:00:00+00:00
[2025-05-05T06:16:31.720+0000] {processor.py:183} INFO - Processing /opt/airflow/dags/random_user_pipeline.py took 0.403 seconds
[2025-05-05T06:17:01.999+0000] {processor.py:161} INFO - Started process (PID=8243) to work on /opt/airflow/dags/random_user_pipeline.py
[2025-05-05T06:17:02.000+0000] {processor.py:830} INFO - Processing file /opt/airflow/dags/random_user_pipeline.py for tasks to queue
[2025-05-05T06:17:02.002+0000] {logging_mixin.py:188} INFO - [2025-05-05T06:17:02.002+0000] {dagbag.py:545} INFO - Filling up the DagBag from /opt/airflow/dags/random_user_pipeline.py
[2025-05-05T06:17:02.065+0000] {processor.py:840} INFO - DAG(s) 'random_user_pipeline' retrieved from /opt/airflow/dags/random_user_pipeline.py
[2025-05-05T06:17:02.258+0000] {logging_mixin.py:188} INFO - [2025-05-05T06:17:02.258+0000] {dag.py:3096} INFO - Sync 1 DAGs
[2025-05-05T06:17:02.287+0000] {logging_mixin.py:188} INFO - [2025-05-05T06:17:02.287+0000] {dag.py:3954} INFO - Setting next_dagrun for random_user_pipeline to 2025-05-05 00:00:00+00:00, run_after=2025-05-06 00:00:00+00:00
[2025-05-05T06:17:02.314+0000] {processor.py:183} INFO - Processing /opt/airflow/dags/random_user_pipeline.py took 0.320 seconds
[2025-05-05T06:17:32.594+0000] {processor.py:161} INFO - Started process (PID=8248) to work on /opt/airflow/dags/random_user_pipeline.py
[2025-05-05T06:17:32.595+0000] {processor.py:830} INFO - Processing file /opt/airflow/dags/random_user_pipeline.py for tasks to queue
[2025-05-05T06:17:32.598+0000] {logging_mixin.py:188} INFO - [2025-05-05T06:17:32.598+0000] {dagbag.py:545} INFO - Filling up the DagBag from /opt/airflow/dags/random_user_pipeline.py
[2025-05-05T06:17:32.690+0000] {processor.py:840} INFO - DAG(s) 'random_user_pipeline' retrieved from /opt/airflow/dags/random_user_pipeline.py
[2025-05-05T06:17:32.908+0000] {logging_mixin.py:188} INFO - [2025-05-05T06:17:32.907+0000] {dag.py:3096} INFO - Sync 1 DAGs
[2025-05-05T06:17:32.940+0000] {logging_mixin.py:188} INFO - [2025-05-05T06:17:32.939+0000] {dag.py:3954} INFO - Setting next_dagrun for random_user_pipeline to 2025-05-05 00:00:00+00:00, run_after=2025-05-06 00:00:00+00:00
[2025-05-05T06:17:32.973+0000] {processor.py:183} INFO - Processing /opt/airflow/dags/random_user_pipeline.py took 0.387 seconds
[2025-05-05T06:18:03.249+0000] {processor.py:161} INFO - Started process (PID=8253) to work on /opt/airflow/dags/random_user_pipeline.py
[2025-05-05T06:18:03.250+0000] {processor.py:830} INFO - Processing file /opt/airflow/dags/random_user_pipeline.py for tasks to queue
[2025-05-05T06:18:03.252+0000] {logging_mixin.py:188} INFO - [2025-05-05T06:18:03.252+0000] {dagbag.py:545} INFO - Filling up the DagBag from /opt/airflow/dags/random_user_pipeline.py
[2025-05-05T06:18:03.305+0000] {processor.py:840} INFO - DAG(s) 'random_user_pipeline' retrieved from /opt/airflow/dags/random_user_pipeline.py
[2025-05-05T06:18:03.505+0000] {logging_mixin.py:188} INFO - [2025-05-05T06:18:03.505+0000] {dag.py:3096} INFO - Sync 1 DAGs
[2025-05-05T06:18:03.535+0000] {logging_mixin.py:188} INFO - [2025-05-05T06:18:03.534+0000] {dag.py:3954} INFO - Setting next_dagrun for random_user_pipeline to 2025-05-05 00:00:00+00:00, run_after=2025-05-06 00:00:00+00:00
[2025-05-05T06:18:03.566+0000] {processor.py:183} INFO - Processing /opt/airflow/dags/random_user_pipeline.py took 0.322 seconds
[2025-05-05T06:18:33.837+0000] {processor.py:161} INFO - Started process (PID=8258) to work on /opt/airflow/dags/random_user_pipeline.py
[2025-05-05T06:18:33.838+0000] {processor.py:830} INFO - Processing file /opt/airflow/dags/random_user_pipeline.py for tasks to queue
[2025-05-05T06:18:33.840+0000] {logging_mixin.py:188} INFO - [2025-05-05T06:18:33.839+0000] {dagbag.py:545} INFO - Filling up the DagBag from /opt/airflow/dags/random_user_pipeline.py
[2025-05-05T06:18:33.902+0000] {processor.py:840} INFO - DAG(s) 'random_user_pipeline' retrieved from /opt/airflow/dags/random_user_pipeline.py
[2025-05-05T06:18:36.209+0000] {logging_mixin.py:188} INFO - [2025-05-05T06:18:36.209+0000] {dag.py:3096} INFO - Sync 1 DAGs
[2025-05-05T06:18:36.238+0000] {logging_mixin.py:188} INFO - [2025-05-05T06:18:36.238+0000] {dag.py:3954} INFO - Setting next_dagrun for random_user_pipeline to 2025-05-05 00:00:00+00:00, run_after=2025-05-06 00:00:00+00:00
[2025-05-05T06:18:36.268+0000] {processor.py:183} INFO - Processing /opt/airflow/dags/random_user_pipeline.py took 2.436 seconds
[2025-05-05T06:19:06.532+0000] {processor.py:161} INFO - Started process (PID=8263) to work on /opt/airflow/dags/random_user_pipeline.py
[2025-05-05T06:19:06.534+0000] {processor.py:830} INFO - Processing file /opt/airflow/dags/random_user_pipeline.py for tasks to queue
[2025-05-05T06:19:06.535+0000] {logging_mixin.py:188} INFO - [2025-05-05T06:19:06.535+0000] {dagbag.py:545} INFO - Filling up the DagBag from /opt/airflow/dags/random_user_pipeline.py
[2025-05-05T06:19:06.611+0000] {processor.py:840} INFO - DAG(s) 'random_user_pipeline' retrieved from /opt/airflow/dags/random_user_pipeline.py
[2025-05-05T06:19:06.817+0000] {logging_mixin.py:188} INFO - [2025-05-05T06:19:06.816+0000] {dag.py:3096} INFO - Sync 1 DAGs
[2025-05-05T06:19:06.847+0000] {logging_mixin.py:188} INFO - [2025-05-05T06:19:06.847+0000] {dag.py:3954} INFO - Setting next_dagrun for random_user_pipeline to 2025-05-05 00:00:00+00:00, run_after=2025-05-06 00:00:00+00:00
[2025-05-05T06:19:06.885+0000] {processor.py:183} INFO - Processing /opt/airflow/dags/random_user_pipeline.py took 0.358 seconds
[2025-05-05T06:19:37.186+0000] {processor.py:161} INFO - Started process (PID=8268) to work on /opt/airflow/dags/random_user_pipeline.py
[2025-05-05T06:19:37.187+0000] {processor.py:830} INFO - Processing file /opt/airflow/dags/random_user_pipeline.py for tasks to queue
[2025-05-05T06:19:37.189+0000] {logging_mixin.py:188} INFO - [2025-05-05T06:19:37.189+0000] {dagbag.py:545} INFO - Filling up the DagBag from /opt/airflow/dags/random_user_pipeline.py
[2025-05-05T06:19:37.245+0000] {processor.py:840} INFO - DAG(s) 'random_user_pipeline' retrieved from /opt/airflow/dags/random_user_pipeline.py
[2025-05-05T06:19:37.433+0000] {logging_mixin.py:188} INFO - [2025-05-05T06:19:37.432+0000] {dag.py:3096} INFO - Sync 1 DAGs
[2025-05-05T06:19:37.460+0000] {logging_mixin.py:188} INFO - [2025-05-05T06:19:37.459+0000] {dag.py:3954} INFO - Setting next_dagrun for random_user_pipeline to 2025-05-05 00:00:00+00:00, run_after=2025-05-06 00:00:00+00:00
[2025-05-05T06:19:37.491+0000] {processor.py:183} INFO - Processing /opt/airflow/dags/random_user_pipeline.py took 0.310 seconds
[2025-05-05T06:20:07.760+0000] {processor.py:161} INFO - Started process (PID=8273) to work on /opt/airflow/dags/random_user_pipeline.py
[2025-05-05T06:20:07.761+0000] {processor.py:830} INFO - Processing file /opt/airflow/dags/random_user_pipeline.py for tasks to queue
[2025-05-05T06:20:07.762+0000] {logging_mixin.py:188} INFO - [2025-05-05T06:20:07.762+0000] {dagbag.py:545} INFO - Filling up the DagBag from /opt/airflow/dags/random_user_pipeline.py
[2025-05-05T06:20:07.822+0000] {processor.py:840} INFO - DAG(s) 'random_user_pipeline' retrieved from /opt/airflow/dags/random_user_pipeline.py
[2025-05-05T06:20:08.048+0000] {logging_mixin.py:188} INFO - [2025-05-05T06:20:08.048+0000] {dag.py:3096} INFO - Sync 1 DAGs
[2025-05-05T06:20:08.081+0000] {logging_mixin.py:188} INFO - [2025-05-05T06:20:08.081+0000] {dag.py:3954} INFO - Setting next_dagrun for random_user_pipeline to 2025-05-05 00:00:00+00:00, run_after=2025-05-06 00:00:00+00:00
[2025-05-05T06:20:08.110+0000] {processor.py:183} INFO - Processing /opt/airflow/dags/random_user_pipeline.py took 0.355 seconds
[2025-05-05T06:23:31.255+0000] {processor.py:161} INFO - Started process (PID=8278) to work on /opt/airflow/dags/random_user_pipeline.py
[2025-05-05T06:23:31.257+0000] {processor.py:830} INFO - Processing file /opt/airflow/dags/random_user_pipeline.py for tasks to queue
[2025-05-05T06:23:31.268+0000] {logging_mixin.py:188} INFO - [2025-05-05T06:23:31.266+0000] {dagbag.py:545} INFO - Filling up the DagBag from /opt/airflow/dags/random_user_pipeline.py
[2025-05-05T07:24:02.731+0000] {processor.py:840} INFO - DAG(s) 'random_user_pipeline' retrieved from /opt/airflow/dags/random_user_pipeline.py
[2025-05-05T10:57:23.325+0000] {processor.py:161} INFO - Started process (PID=8281) to work on /opt/airflow/dags/random_user_pipeline.py
[2025-05-05T10:57:23.347+0000] {processor.py:830} INFO - Processing file /opt/airflow/dags/random_user_pipeline.py for tasks to queue
[2025-05-05T10:57:23.372+0000] {logging_mixin.py:188} INFO - [2025-05-05T10:57:23.372+0000] {dagbag.py:545} INFO - Filling up the DagBag from /opt/airflow/dags/random_user_pipeline.py
[2025-05-05T10:57:24.468+0000] {processor.py:840} INFO - DAG(s) 'random_user_pipeline' retrieved from /opt/airflow/dags/random_user_pipeline.py
[2025-05-13T08:19:23.298+0000] {logging_mixin.py:188} INFO - [2025-05-13T08:19:23.297+0000] {dag.py:3096} INFO - Sync 1 DAGs
[2025-05-13T08:19:23.409+0000] {logging_mixin.py:188} INFO - [2025-05-13T08:19:23.399+0000] {dag.py:3954} INFO - Setting next_dagrun for random_user_pipeline to 2025-05-12 00:00:00+00:00, run_after=2025-05-13 00:00:00+00:00
[2025-05-13T08:19:23.546+0000] {processor.py:183} INFO - Processing /opt/airflow/dags/random_user_pipeline.py took 27.412 seconds
