[2025-05-20T05:04:51.370+0000] {local_task_job_runner.py:120} INFO - ::group::Pre task execution logs
[2025-05-20T05:04:51.588+0000] {taskinstance.py:2076} INFO - Dependencies all met for dep_context=non-requeueable deps ti=<TaskInstance: random_user_pipeline.log_ingestion_audit manual__2025-05-20T05:03:29.549243+00:00 [queued]>
[2025-05-20T05:04:51.601+0000] {taskinstance.py:2076} INFO - Dependencies all met for dep_context=requeueable deps ti=<TaskInstance: random_user_pipeline.log_ingestion_audit manual__2025-05-20T05:03:29.549243+00:00 [queued]>
[2025-05-20T05:04:51.601+0000] {taskinstance.py:2306} INFO - Starting attempt 1 of 2
[2025-05-20T05:04:51.620+0000] {taskinstance.py:2330} INFO - Executing <Task(PostgresOperator): log_ingestion_audit> on 2025-05-20 05:03:29.549243+00:00
[2025-05-20T05:04:51.629+0000] {standard_task_runner.py:90} INFO - Running: ['airflow', 'tasks', 'run', 'random_user_pipeline', 'log_ingestion_audit', 'manual__2025-05-20T05:03:29.549243+00:00', '--job-id', '335', '--raw', '--subdir', 'DAGS_FOLDER/random_user_pipeline.py', '--cfg-path', '/tmp/tmpd3gsgu56']
[2025-05-20T05:04:51.631+0000] {standard_task_runner.py:91} INFO - Job 335: Subtask log_ingestion_audit
[2025-05-20T05:04:51.634+0000] {logging_mixin.py:188} WARNING - /home/airflow/.local/lib/python3.12/site-packages/airflow/task/task_runner/standard_task_runner.py:61 DeprecationWarning: This process (pid=500) is multi-threaded, use of fork() may lead to deadlocks in the child.
[2025-05-20T05:04:51.635+0000] {standard_task_runner.py:63} INFO - Started process 504 to run task
[2025-05-20T05:04:52.378+0000] {task_command.py:426} INFO - Running <TaskInstance: random_user_pipeline.log_ingestion_audit manual__2025-05-20T05:03:29.549243+00:00 [running]> on host bafcef54437d
[2025-05-20T05:04:54.964+0000] {taskinstance.py:2648} INFO - Exporting env vars: AIRFLOW_CTX_DAG_EMAIL='papala.ramesh@quation.in,smilesoframs@gmail.com,ramesh.rams333@gmail.com' AIRFLOW_CTX_DAG_OWNER='airflow' AIRFLOW_CTX_DAG_ID='random_user_pipeline' AIRFLOW_CTX_TASK_ID='log_ingestion_audit' AIRFLOW_CTX_EXECUTION_DATE='2025-05-20T05:03:29.549243+00:00' AIRFLOW_CTX_TRY_NUMBER='1' AIRFLOW_CTX_DAG_RUN_ID='manual__2025-05-20T05:03:29.549243+00:00'
[2025-05-20T05:04:54.965+0000] {taskinstance.py:430} INFO - ::endgroup::
[2025-05-20T05:04:54.977+0000] {sql.py:276} INFO - Executing: -- Create audit table if it doesn't exist
CREATE TABLE IF NOT EXISTS ingestion_audit (
    id SERIAL PRIMARY KEY,
    ingestion_date DATE,
    source TEXT,
    record_count INT,
    status TEXT,
    notes TEXT,
    retry_count INT,
    start_time TIMESTAMP,
    end_time TIMESTAMP,
    logged_at TIMESTAMP DEFAULT CURRENT_TIMESTAMP
);

-- Insert audit log
INSERT INTO ingestion_audit (
    ingestion_date,
    source,
    record_count,
    status,
    notes,
    retry_count,
    start_time,
    end_time
)
VALUES (
    '2025-05-20',
    'random_product_api',
    0,
    'failure',
    'column "names" of relation "products" does not exist
LINE 2:                 names, descriptions, ean, upc, image, net_pr...
                        ^
',
    2,
    '2025-05-20T05:04:43.326770'::timestamp,
    '2025-05-20T05:04:43.557328'::timestamp
);
[2025-05-20T05:04:54.978+0000] {crypto.py:82} WARNING - empty cryptography key - values will not be stored encrypted.
[2025-05-20T05:04:54.979+0000] {base.py:84} INFO - Using connection ID '***_default' for task execution.
[2025-05-20T05:04:54.982+0000] {base.py:84} INFO - Using connection ID '***_default' for task execution.
[2025-05-20T05:04:55.275+0000] {sql.py:487} INFO - Running statement: -- Create audit table if it doesn't exist
CREATE TABLE IF NOT EXISTS ingestion_audit (
    id SERIAL PRIMARY KEY,
    ingestion_date DATE,
    source TEXT,
    record_count INT,
    status TEXT,
    notes TEXT,
    retry_count INT,
    start_time TIMESTAMP,
    end_time TIMESTAMP,
    logged_at TIMESTAMP DEFAULT CURRENT_TIMESTAMP
);

-- Insert audit log
INSERT INTO ingestion_audit (
    ingestion_date,
    source,
    record_count,
    status,
    notes,
    retry_count,
    start_time,
    end_time
)
VALUES (
    '2025-05-20',
    'random_product_api',
    0,
    'failure',
    'column "names" of relation "products" does not exist
LINE 2:                 names, descriptions, ean, upc, image, net_pr...
                        ^
',
    2,
    '2025-05-20T05:04:43.326770'::timestamp,
    '2025-05-20T05:04:43.557328'::timestamp
);, parameters: None
[2025-05-20T05:04:55.278+0000] {sql.py:496} INFO - Rows affected: 1
[2025-05-20T05:04:55.281+0000] {taskinstance.py:441} INFO - ::group::Post task execution logs
[2025-05-20T05:04:55.482+0000] {taskinstance.py:1206} INFO - Marking task as SUCCESS. dag_id=random_user_pipeline, task_id=log_ingestion_audit, run_id=manual__2025-05-20T05:03:29.549243+00:00, execution_date=20250520T050329, start_date=20250520T050451, end_date=20250520T050455
[2025-05-20T05:04:55.508+0000] {local_task_job_runner.py:240} INFO - Task exited with return code 0
[2025-05-20T05:04:55.723+0000] {taskinstance.py:3503} INFO - 0 downstream tasks scheduled from follow-on schedule check
[2025-05-20T05:04:55.725+0000] {local_task_job_runner.py:222} INFO - ::endgroup::
