[2025-06-03T03:42:21.422+0000] {local_task_job_runner.py:120} INFO - ::group::Pre task execution logs
[2025-06-03T03:42:21.632+0000] {taskinstance.py:2076} INFO - Dependencies all met for dep_context=non-requeueable deps ti=<TaskInstance: random_user_pipeline.wait_for_existing_data manual__2025-06-03T03:42:19.437908+00:00 [queued]>
[2025-06-03T03:42:21.643+0000] {taskinstance.py:2076} INFO - Dependencies all met for dep_context=requeueable deps ti=<TaskInstance: random_user_pipeline.wait_for_existing_data manual__2025-06-03T03:42:19.437908+00:00 [queued]>
[2025-06-03T03:42:21.645+0000] {taskinstance.py:2306} INFO - Starting attempt 1 of 2
[2025-06-03T03:42:21.660+0000] {taskinstance.py:2330} INFO - Executing <Task(SqlSensor): wait_for_existing_data> on 2025-06-03 03:42:19.437908+00:00
[2025-06-03T03:42:21.666+0000] {logging_mixin.py:188} WARNING - /home/airflow/.local/lib/python3.12/site-packages/airflow/task/task_runner/standard_task_runner.py:61 DeprecationWarning: This process (pid=380) is multi-threaded, use of fork() may lead to deadlocks in the child.
[2025-06-03T03:42:21.667+0000] {standard_task_runner.py:63} INFO - Started process 381 to run task
[2025-06-03T03:42:21.667+0000] {standard_task_runner.py:90} INFO - Running: ['airflow', 'tasks', 'run', 'random_user_pipeline', 'wait_for_existing_data', 'manual__2025-06-03T03:42:19.437908+00:00', '--job-id', '458', '--raw', '--subdir', 'DAGS_FOLDER/random_user_pipeline.py', '--cfg-path', '/tmp/tmpapelifgn']
[2025-06-03T03:42:21.669+0000] {standard_task_runner.py:91} INFO - Job 458: Subtask wait_for_existing_data
[2025-06-03T03:42:22.367+0000] {task_command.py:426} INFO - Running <TaskInstance: random_user_pipeline.wait_for_existing_data manual__2025-06-03T03:42:19.437908+00:00 [running]> on host 87db888b1009
[2025-06-03T03:42:23.262+0000] {taskinstance.py:2648} INFO - Exporting env vars: AIRFLOW_CTX_DAG_EMAIL='papala.ramesh@quation.in,smilesoframs@gmail.com' AIRFLOW_CTX_DAG_OWNER='airflow' AIRFLOW_CTX_DAG_ID='random_user_pipeline' AIRFLOW_CTX_TASK_ID='wait_for_existing_data' AIRFLOW_CTX_EXECUTION_DATE='2025-06-03T03:42:19.437908+00:00' AIRFLOW_CTX_TRY_NUMBER='1' AIRFLOW_CTX_DAG_RUN_ID='manual__2025-06-03T03:42:19.437908+00:00'
[2025-06-03T03:42:23.263+0000] {taskinstance.py:430} INFO - ::endgroup::
[2025-06-03T03:42:23.278+0000] {crypto.py:82} WARNING - empty cryptography key - values will not be stored encrypted.
[2025-06-03T03:42:23.278+0000] {base.py:84} INFO - Using connection ID '***_default' for task execution.
[2025-06-03T03:42:23.281+0000] {sql.py:95} INFO - Poking: SELECT 1 FROM products WHERE DATE(created_at) = CURRENT_DATE LIMIT 1; (with parameters None)
[2025-06-03T03:42:23.282+0000] {base.py:84} INFO - Using connection ID '***_default' for task execution.
[2025-06-03T03:42:23.481+0000] {sql.py:487} INFO - Running statement: SELECT 1 FROM products WHERE DATE(created_at) = CURRENT_DATE LIMIT 1;, parameters: None
[2025-06-03T03:42:23.485+0000] {sql.py:496} INFO - Rows affected: 1
[2025-06-03T03:42:23.486+0000] {base.py:294} INFO - Success criteria met. Exiting.
[2025-06-03T03:42:23.486+0000] {taskinstance.py:441} INFO - ::group::Post task execution logs
[2025-06-03T03:42:23.698+0000] {taskinstance.py:1206} INFO - Marking task as SUCCESS. dag_id=random_user_pipeline, task_id=wait_for_existing_data, run_id=manual__2025-06-03T03:42:19.437908+00:00, execution_date=20250603T034219, start_date=20250603T034221, end_date=20250603T034223
[2025-06-03T03:42:23.730+0000] {local_task_job_runner.py:240} INFO - Task exited with return code 0
[2025-06-03T03:42:23.975+0000] {logging_mixin.py:188} WARNING - /home/airflow/.local/lib/python3.12/site-packages/airflow/models/baseoperator.py:1297 AirflowProviderDeprecationWarning: Call to deprecated class PostgresOperator. (Please use `airflow.providers.common.sql.operators.sql.SQLExecuteQueryOperator`.Also, you can provide `hook_params={'schema': <database>}`.)
[2025-06-03T03:42:24.008+0000] {taskinstance.py:3503} INFO - 1 downstream tasks scheduled from follow-on schedule check
[2025-06-03T03:42:24.010+0000] {local_task_job_runner.py:222} INFO - ::endgroup::
