[2025-05-22T13:01:04.745+0000] {local_task_job_runner.py:120} INFO - ::group::Pre task execution logs
[2025-05-22T13:01:04.983+0000] {taskinstance.py:2076} INFO - Dependencies all met for dep_context=non-requeueable deps ti=<TaskInstance: random_user_pipeline.log_ingestion_audit manual__2025-05-22T12:59:54.283035+00:00 [queued]>
[2025-05-22T13:01:05.001+0000] {taskinstance.py:2076} INFO - Dependencies all met for dep_context=requeueable deps ti=<TaskInstance: random_user_pipeline.log_ingestion_audit manual__2025-05-22T12:59:54.283035+00:00 [queued]>
[2025-05-22T13:01:05.003+0000] {taskinstance.py:2306} INFO - Starting attempt 2 of 2
[2025-05-22T13:01:05.022+0000] {taskinstance.py:2330} INFO - Executing <Task(PostgresOperator): log_ingestion_audit> on 2025-05-22 12:59:54.283035+00:00
[2025-05-22T13:01:05.029+0000] {logging_mixin.py:188} WARNING - /home/airflow/.local/lib/python3.12/site-packages/airflow/task/task_runner/standard_task_runner.py:61 DeprecationWarning: This process (pid=397) is multi-threaded, use of fork() may lead to deadlocks in the child.
[2025-05-22T13:01:05.031+0000] {standard_task_runner.py:63} INFO - Started process 398 to run task
[2025-05-22T13:01:05.029+0000] {standard_task_runner.py:90} INFO - Running: ['airflow', 'tasks', 'run', 'random_user_pipeline', 'log_ingestion_audit', 'manual__2025-05-22T12:59:54.283035+00:00', '--job-id', '415', '--raw', '--subdir', 'DAGS_FOLDER/random_user_pipeline.py', '--cfg-path', '/tmp/tmp5w479uzx']
[2025-05-22T13:01:05.032+0000] {standard_task_runner.py:91} INFO - Job 415: Subtask log_ingestion_audit
[2025-05-22T13:01:05.812+0000] {task_command.py:426} INFO - Running <TaskInstance: random_user_pipeline.log_ingestion_audit manual__2025-05-22T12:59:54.283035+00:00 [running]> on host 9fdc869a03df
[2025-05-22T13:01:08.717+0000] {taskinstance.py:2648} INFO - Exporting env vars: AIRFLOW_CTX_DAG_EMAIL='papala.ramesh@quation.in,smilesoframs@gmail.com,ramesh.rams333@gmail.com' AIRFLOW_CTX_DAG_OWNER='airflow' AIRFLOW_CTX_DAG_ID='random_user_pipeline' AIRFLOW_CTX_TASK_ID='log_ingestion_audit' AIRFLOW_CTX_EXECUTION_DATE='2025-05-22T12:59:54.283035+00:00' AIRFLOW_CTX_TRY_NUMBER='2' AIRFLOW_CTX_DAG_RUN_ID='manual__2025-05-22T12:59:54.283035+00:00'
[2025-05-22T13:01:08.718+0000] {taskinstance.py:430} INFO - ::endgroup::
[2025-05-22T13:01:08.728+0000] {sql.py:276} INFO - Executing: -- Insert audit log
INSERT INTO ingestion_audit (
    ingestion_date,
    source,
    record_count,
    status,
    notes,
    retry_count,
    start_time,
    end_time
)
VALUES (
    '2025-05-22',
    'random_product_api',
    100,
    'success',
    'Inserted successfully',
    1,
    '2025-05-22T13:00:15.568841'::timestamp,
    '2025-05-22T13:00:15.854030'::timestamp
);
[2025-05-22T13:01:08.729+0000] {crypto.py:82} WARNING - empty cryptography key - values will not be stored encrypted.
[2025-05-22T13:01:08.730+0000] {base.py:84} INFO - Using connection ID '***_default' for task execution.
[2025-05-22T13:01:08.732+0000] {base.py:84} INFO - Using connection ID '***_default' for task execution.
[2025-05-22T13:01:08.949+0000] {sql.py:487} INFO - Running statement: -- Insert audit log
INSERT INTO ingestion_audit (
    ingestion_date,
    source,
    record_count,
    status,
    notes,
    retry_count,
    start_time,
    end_time
)
VALUES (
    '2025-05-22',
    'random_product_api',
    100,
    'success',
    'Inserted successfully',
    1,
    '2025-05-22T13:00:15.568841'::timestamp,
    '2025-05-22T13:00:15.854030'::timestamp
);, parameters: None
[2025-05-22T13:01:08.952+0000] {taskinstance.py:441} INFO - ::group::Post task execution logs
[2025-05-22T13:01:08.952+0000] {taskinstance.py:2905} ERROR - Task failed with exception
Traceback (most recent call last):
  File "/home/airflow/.local/lib/python3.12/site-packages/airflow/models/taskinstance.py", line 465, in _execute_task
    result = _execute_callable(context=context, **execute_callable_kwargs)
             ^^^^^^^^^^^^^^^^^^^^^^^^^^^^^^^^^^^^^^^^^^^^^^^^^^^^^^^^^^^^^
  File "/home/airflow/.local/lib/python3.12/site-packages/airflow/models/taskinstance.py", line 432, in _execute_callable
    return execute_callable(context=context, **execute_callable_kwargs)
           ^^^^^^^^^^^^^^^^^^^^^^^^^^^^^^^^^^^^^^^^^^^^^^^^^^^^^^^^^^^^
  File "/home/airflow/.local/lib/python3.12/site-packages/airflow/models/baseoperator.py", line 401, in wrapper
    return func(self, *args, **kwargs)
           ^^^^^^^^^^^^^^^^^^^^^^^^^^^
  File "/home/airflow/.local/lib/python3.12/site-packages/airflow/providers/common/sql/operators/sql.py", line 282, in execute
    output = hook.run(
             ^^^^^^^^^
  File "/home/airflow/.local/lib/python3.12/site-packages/airflow/providers/common/sql/hooks/sql.py", line 435, in run
    self._run_command(cur, sql_statement, parameters)
  File "/home/airflow/.local/lib/python3.12/site-packages/airflow/providers/common/sql/hooks/sql.py", line 492, in _run_command
    cur.execute(sql_statement)
psycopg2.errors.UndefinedTable: relation "ingestion_audit" does not exist
LINE 2: INSERT INTO ingestion_audit (
                    ^

[2025-05-22T13:01:09.132+0000] {taskinstance.py:1206} INFO - Marking task as FAILED. dag_id=random_user_pipeline, task_id=log_ingestion_audit, run_id=manual__2025-05-22T12:59:54.283035+00:00, execution_date=20250522T125954, start_date=20250522T130104, end_date=20250522T130109
[2025-05-22T13:01:09.155+0000] {logging_mixin.py:188} WARNING - /home/airflow/.local/lib/python3.12/site-packages/airflow/utils/email.py:154 RemovedInAirflow3Warning: Fetching SMTP credentials from configuration variables will be deprecated in a future release. Please set credentials using a connection instead.
[2025-05-22T13:01:09.156+0000] {email.py:271} INFO - Email alerting: attempt 1
[2025-05-22T13:01:10.422+0000] {email.py:282} INFO - Sent an alert email to ['papala.ramesh@quation.in', 'smilesoframs@gmail.com', 'ramesh.rams333@gmail.com']
[2025-05-22T13:01:14.766+0000] {standard_task_runner.py:110} ERROR - Failed to execute job 415 for task log_ingestion_audit (relation "ingestion_audit" does not exist
LINE 2: INSERT INTO ingestion_audit (
                    ^
; 398)
[2025-05-22T13:01:14.790+0000] {local_task_job_runner.py:240} INFO - Task exited with return code 1
[2025-05-22T13:01:14.990+0000] {logging_mixin.py:188} WARNING - /home/airflow/.local/lib/python3.12/site-packages/airflow/models/baseoperator.py:1297 AirflowProviderDeprecationWarning: Call to deprecated class PostgresOperator. (Please use `airflow.providers.common.sql.operators.sql.SQLExecuteQueryOperator`.Also, you can provide `hook_params={'schema': <database>}`.)
[2025-05-22T13:01:15.005+0000] {taskinstance.py:3503} INFO - 1 downstream tasks scheduled from follow-on schedule check
[2025-05-22T13:01:15.007+0000] {local_task_job_runner.py:222} INFO - ::endgroup::
