[2025-04-29T15:27:17.816+0000] {local_task_job_runner.py:120} INFO - ::group::Pre task execution logs
[2025-04-29T15:27:18.120+0000] {taskinstance.py:2076} INFO - Dependencies all met for dep_context=non-requeueable deps ti=<TaskInstance: random_user_pipeline.insert_postgres manual__2025-04-29T15:27:08.428520+00:00 [queued]>
[2025-04-29T15:27:18.134+0000] {taskinstance.py:2076} INFO - Dependencies all met for dep_context=requeueable deps ti=<TaskInstance: random_user_pipeline.insert_postgres manual__2025-04-29T15:27:08.428520+00:00 [queued]>
[2025-04-29T15:27:18.135+0000] {taskinstance.py:2306} INFO - Starting attempt 1 of 2
[2025-04-29T15:27:18.153+0000] {taskinstance.py:2330} INFO - Executing <Task(PythonOperator): insert_postgres> on 2025-04-29 15:27:08.428520+00:00
[2025-04-29T15:27:18.160+0000] {standard_task_runner.py:90} INFO - Running: ['airflow', 'tasks', 'run', 'random_user_pipeline', 'insert_***', 'manual__2025-04-29T15:27:08.428520+00:00', '--job-id', '186', '--raw', '--subdir', 'DAGS_FOLDER/random_user_pipeline.py', '--cfg-path', '/tmp/tmp7hq2fisf']
[2025-04-29T15:27:18.163+0000] {standard_task_runner.py:91} INFO - Job 186: Subtask insert_***
[2025-04-29T15:27:18.163+0000] {logging_mixin.py:188} WARNING - /home/airflow/.local/lib/python3.12/site-packages/airflow/task/task_runner/standard_task_runner.py:61 DeprecationWarning: This process (pid=209) is multi-threaded, use of fork() may lead to deadlocks in the child.
[2025-04-29T15:27:18.164+0000] {standard_task_runner.py:63} INFO - Started process 210 to run task
[2025-04-29T15:27:19.115+0000] {task_command.py:426} INFO - Running <TaskInstance: random_user_pipeline.insert_postgres manual__2025-04-29T15:27:08.428520+00:00 [running]> on host 0bebd31558a6
[2025-04-29T15:27:20.538+0000] {taskinstance.py:2648} INFO - Exporting env vars: AIRFLOW_CTX_DAG_OWNER='airflow' AIRFLOW_CTX_DAG_ID='random_user_pipeline' AIRFLOW_CTX_TASK_ID='insert_***' AIRFLOW_CTX_EXECUTION_DATE='2025-04-29T15:27:08.428520+00:00' AIRFLOW_CTX_TRY_NUMBER='1' AIRFLOW_CTX_DAG_RUN_ID='manual__2025-04-29T15:27:08.428520+00:00'
[2025-04-29T15:27:20.539+0000] {taskinstance.py:430} INFO - ::endgroup::
[2025-04-29T15:27:20.551+0000] {logging_mixin.py:188} INFO - >>> Raw input type: <class 'str'>
[2025-04-29T15:27:20.552+0000] {logging_mixin.py:188} INFO - >>> Input is a string, trying to parse...
[2025-04-29T15:27:20.555+0000] {logging_mixin.py:188} INFO - >>> Parsed using ast.literal_eval (Python dict string).
[2025-04-29T15:27:20.555+0000] {logging_mixin.py:188} INFO - >>> Data is now a Python dictionary.
[2025-04-29T15:27:20.556+0000] {logging_mixin.py:188} INFO - >>> Number of products: 10
[2025-04-29T15:27:20.556+0000] {logging_mixin.py:188} INFO - >>> First product preview: {'id': 1, 'name': 'Nobis alias quod inventore.', 'description': 'Perspiciatis impedit eum sit molestiae porro. Rerum illo iste quia similique beatae autem consequatur architecto. Maiores et expedita enim reprehenderit.', 'ean': '4722591609047', 'upc': '763475639814', 'image': 'http://placeimg.com/640/480/tech', 'images': [{'title': 'Corrupti vero sapiente quam.', 'description': 'Accusantium eaque fugit expedita ipsa ex odio. Ullam possimus molestiae expedita et. Ut ipsam vero optio libero voluptates fuga. Qui assumenda sed aliquam corporis.', 'url': 'https://picsum.photos/640/480'}, {'title': 'A rerum quas vel atque ipsa.', 'description': 'At et pariatur adipisci molestiae itaque eligendi. Hic et provident quam nam cum qui fuga. Autem optio voluptatem saepe sed soluta fugiat. Odit quia error ad.', 'url': 'https://picsum.photos/640/480'}, {'title': 'Inventore quo est quo vitae.', 'description': 'Voluptatum quia eligendi nulla vitae nesciunt et. Est tempora provident eligendi dolores. Distinctio reiciendis accusantium possimus autem.', 'url': 'https://picsum.photos/640/480'}], 'net_price': 64.99, 'taxes': 22, 'price': 79.29, 'categories': [27, 28, 29, 30, 31, 32, 33, 34, 35], 'tags': ['qui', 'voluptatibus', 'consequuntur', 'numquam', 'eos', 'nihil', 'velit', 'est', 'provident', 'ullam']}
[2025-04-29T15:27:20.557+0000] {python.py:237} INFO - Done. Returned value was: None
[2025-04-29T15:27:20.557+0000] {taskinstance.py:441} INFO - ::group::Post task execution logs
[2025-04-29T15:27:20.824+0000] {taskinstance.py:1206} INFO - Marking task as SUCCESS. dag_id=random_user_pipeline, task_id=insert_***, run_id=manual__2025-04-29T15:27:08.428520+00:00, execution_date=20250429T152708, start_date=20250429T152718, end_date=20250429T152720
[2025-04-29T15:27:20.872+0000] {local_task_job_runner.py:240} INFO - Task exited with return code 0
[2025-04-29T15:27:21.123+0000] {taskinstance.py:3503} INFO - 0 downstream tasks scheduled from follow-on schedule check
[2025-04-29T15:27:21.126+0000] {local_task_job_runner.py:222} INFO - ::endgroup::
