[2025-05-15T08:06:06.021+0000] {local_task_job_runner.py:120} INFO - ::group::Pre task execution logs
[2025-05-15T08:06:06.800+0000] {taskinstance.py:2076} INFO - Dependencies all met for dep_context=non-requeueable deps ti=<TaskInstance: random_user_pipeline.insert_postgres scheduled__2025-05-14T00:00:00+00:00 [queued]>
[2025-05-15T08:06:06.878+0000] {taskinstance.py:2076} INFO - Dependencies all met for dep_context=requeueable deps ti=<TaskInstance: random_user_pipeline.insert_postgres scheduled__2025-05-14T00:00:00+00:00 [queued]>
[2025-05-15T08:06:06.880+0000] {taskinstance.py:2306} INFO - Starting attempt 1 of 2
[2025-05-15T08:06:06.963+0000] {taskinstance.py:2330} INFO - Executing <Task(PythonOperator): insert_postgres> on 2025-05-14 00:00:00+00:00
[2025-05-15T08:06:07.003+0000] {logging_mixin.py:188} WARNING - /home/airflow/.local/lib/python3.12/site-packages/airflow/task/task_runner/standard_task_runner.py:61 DeprecationWarning: This process (pid=9624) is multi-threaded, use of fork() may lead to deadlocks in the child.
[2025-05-15T08:06:06.994+0000] {standard_task_runner.py:90} INFO - Running: ['airflow', 'tasks', 'run', 'random_user_pipeline', 'insert_***', 'scheduled__2025-05-14T00:00:00+00:00', '--job-id', '224', '--raw', '--subdir', 'DAGS_FOLDER/random_user_pipeline.py', '--cfg-path', '/tmp/tmp1wvwvk0r']
[2025-05-15T08:06:07.007+0000] {standard_task_runner.py:63} INFO - Started process 9627 to run task
[2025-05-15T08:06:07.009+0000] {standard_task_runner.py:91} INFO - Job 224: Subtask insert_***
[2025-05-15T08:06:08.775+0000] {task_command.py:426} INFO - Running <TaskInstance: random_user_pipeline.insert_postgres scheduled__2025-05-14T00:00:00+00:00 [running]> on host 4158771de208
[2025-05-15T08:06:11.754+0000] {taskinstance.py:2648} INFO - Exporting env vars: AIRFLOW_CTX_DAG_OWNER='airflow' AIRFLOW_CTX_DAG_ID='random_user_pipeline' AIRFLOW_CTX_TASK_ID='insert_***' AIRFLOW_CTX_EXECUTION_DATE='2025-05-14T00:00:00+00:00' AIRFLOW_CTX_TRY_NUMBER='1' AIRFLOW_CTX_DAG_RUN_ID='scheduled__2025-05-14T00:00:00+00:00'
[2025-05-15T08:06:11.756+0000] {taskinstance.py:430} INFO - ::endgroup::
[2025-05-15T08:06:11.800+0000] {logging_mixin.py:188} INFO - Parsed using ast.literal_eval (Python dict string).
[2025-05-15T08:06:12.667+0000] {logging_mixin.py:188} INFO - ✅ Database connection established.
[2025-05-15T08:06:12.671+0000] {logging_mixin.py:188} INFO - ✅ Table ready.
[2025-05-15T08:06:12.672+0000] {logging_mixin.py:188} INFO - 
--- Inserting product ---
[2025-05-15T08:06:12.673+0000] {logging_mixin.py:188} INFO - Name: Facilis fugiat alias eum.
[2025-05-15T08:06:12.674+0000] {logging_mixin.py:188} INFO - Description: Dolore ipsum quidem cumque repellat iure voluptatem est. Harum eaque placeat id minima porro alias perspiciatis aperiam. Quasi enim reprehenderit amet illo dolorum.
[2025-05-15T08:06:12.675+0000] {logging_mixin.py:188} INFO - EAN: 8039941069663
[2025-05-15T08:06:12.676+0000] {logging_mixin.py:188} INFO - UPC: 378508204134
[2025-05-15T08:06:12.677+0000] {logging_mixin.py:188} INFO - Image: http://placeimg.com/640/480/tech
[2025-05-15T08:06:12.678+0000] {logging_mixin.py:188} INFO - Net Price: 552.47
[2025-05-15T08:06:12.679+0000] {logging_mixin.py:188} INFO - Taxes: 22.0
[2025-05-15T08:06:12.680+0000] {logging_mixin.py:188} INFO - Price: 674.01
[2025-05-15T08:06:12.685+0000] {logging_mixin.py:188} INFO - 
--- Inserting product ---
[2025-05-15T08:06:12.687+0000] {logging_mixin.py:188} INFO - Name: Minus ipsa beatae sunt.
[2025-05-15T08:06:12.688+0000] {logging_mixin.py:188} INFO - Description: Sit qui quia dolores eum. Deleniti hic voluptas nemo non aut. Ut sequi dolore repellendus nihil.
[2025-05-15T08:06:12.691+0000] {logging_mixin.py:188} INFO - EAN: 6977668436370
[2025-05-15T08:06:12.695+0000] {logging_mixin.py:188} INFO - UPC: 231145034555
[2025-05-15T08:06:12.697+0000] {logging_mixin.py:188} INFO - Image: http://placeimg.com/640/480/tech
[2025-05-15T08:06:12.699+0000] {logging_mixin.py:188} INFO - Net Price: 11.45
[2025-05-15T08:06:12.701+0000] {logging_mixin.py:188} INFO - Taxes: 22.0
[2025-05-15T08:06:12.703+0000] {logging_mixin.py:188} INFO - Price: 13.97
[2025-05-15T08:06:12.705+0000] {logging_mixin.py:188} INFO - 
--- Inserting product ---
[2025-05-15T08:06:12.706+0000] {logging_mixin.py:188} INFO - Name: Ea et nihil reprehenderit.
[2025-05-15T08:06:12.707+0000] {logging_mixin.py:188} INFO - Description: Aliquid architecto facilis labore exercitationem recusandae nam distinctio. Dolorem recusandae enim hic vero quia ad blanditiis. Sequi non praesentium aut.
[2025-05-15T08:06:12.708+0000] {logging_mixin.py:188} INFO - EAN: 9815323812374
[2025-05-15T08:06:12.708+0000] {logging_mixin.py:188} INFO - UPC: 294255953973
[2025-05-15T08:06:12.709+0000] {logging_mixin.py:188} INFO - Image: http://placeimg.com/640/480/tech
[2025-05-15T08:06:12.711+0000] {logging_mixin.py:188} INFO - Net Price: 2.33
[2025-05-15T08:06:12.711+0000] {logging_mixin.py:188} INFO - Taxes: 22.0
[2025-05-15T08:06:12.712+0000] {logging_mixin.py:188} INFO - Price: 2.84
[2025-05-15T08:06:12.716+0000] {logging_mixin.py:188} INFO - 
--- Inserting product ---
[2025-05-15T08:06:12.717+0000] {logging_mixin.py:188} INFO - Name: Provident et quia aut.
[2025-05-15T08:06:12.719+0000] {logging_mixin.py:188} INFO - Description: Omnis voluptatum sit aliquam. Fugiat incidunt necessitatibus aut ut excepturi in ut. Minima est est quod libero minima minus. Aut sit inventore dolorum quos nobis laborum voluptate.
[2025-05-15T08:06:12.721+0000] {logging_mixin.py:188} INFO - EAN: 6565187654636
[2025-05-15T08:06:12.722+0000] {logging_mixin.py:188} INFO - UPC: 499492686610
[2025-05-15T08:06:12.723+0000] {logging_mixin.py:188} INFO - Image: http://placeimg.com/640/480/tech
[2025-05-15T08:06:12.724+0000] {logging_mixin.py:188} INFO - Net Price: 1.95
[2025-05-15T08:06:12.725+0000] {logging_mixin.py:188} INFO - Taxes: 22.0
[2025-05-15T08:06:12.726+0000] {logging_mixin.py:188} INFO - Price: 2.38
[2025-05-15T08:06:12.729+0000] {logging_mixin.py:188} INFO - 
--- Inserting product ---
[2025-05-15T08:06:12.731+0000] {logging_mixin.py:188} INFO - Name: Rem eos nam excepturi beatae.
[2025-05-15T08:06:12.733+0000] {logging_mixin.py:188} INFO - Description: Itaque et qui consequatur fugiat eligendi aperiam vitae ut. Nostrum facere ut accusantium repellat aliquid. Voluptas nisi voluptate et amet.
[2025-05-15T08:06:12.734+0000] {logging_mixin.py:188} INFO - EAN: 6388539641449
[2025-05-15T08:06:12.735+0000] {logging_mixin.py:188} INFO - UPC: 937208991890
[2025-05-15T08:06:12.736+0000] {logging_mixin.py:188} INFO - Image: http://placeimg.com/640/480/tech
[2025-05-15T08:06:12.737+0000] {logging_mixin.py:188} INFO - Net Price: 1310.62
[2025-05-15T08:06:12.738+0000] {logging_mixin.py:188} INFO - Taxes: 22.0
[2025-05-15T08:06:12.739+0000] {logging_mixin.py:188} INFO - Price: 1598.96
[2025-05-15T08:06:12.742+0000] {logging_mixin.py:188} INFO - 
--- Inserting product ---
[2025-05-15T08:06:12.744+0000] {logging_mixin.py:188} INFO - Name: Accusantium ab aut neque.
[2025-05-15T08:06:12.745+0000] {logging_mixin.py:188} INFO - Description: Aut et exercitationem et hic at maxime tempora. Ex libero modi et atque fugiat. Ad ad alias aliquid sit sunt eos.
[2025-05-15T08:06:12.749+0000] {logging_mixin.py:188} INFO - EAN: 9986684575588
[2025-05-15T08:06:12.750+0000] {logging_mixin.py:188} INFO - UPC: 317023531668
[2025-05-15T08:06:12.755+0000] {logging_mixin.py:188} INFO - Image: http://placeimg.com/640/480/tech
[2025-05-15T08:06:12.769+0000] {logging_mixin.py:188} INFO - Net Price: 755630.48
[2025-05-15T08:06:12.771+0000] {logging_mixin.py:188} INFO - Taxes: 22.0
[2025-05-15T08:06:12.772+0000] {logging_mixin.py:188} INFO - Price: 921869.19
[2025-05-15T08:06:12.775+0000] {logging_mixin.py:188} INFO - 
--- Inserting product ---
[2025-05-15T08:06:12.776+0000] {logging_mixin.py:188} INFO - Name: Id totam et quia tempora et.
[2025-05-15T08:06:12.776+0000] {logging_mixin.py:188} INFO - Description: Dolorum et omnis ut animi ut nostrum beatae. Odio et in quidem ut. Alias tempora et suscipit at tempora.
[2025-05-15T08:06:12.777+0000] {logging_mixin.py:188} INFO - EAN: 9751738330235
[2025-05-15T08:06:12.778+0000] {logging_mixin.py:188} INFO - UPC: 148680629170
[2025-05-15T08:06:12.779+0000] {logging_mixin.py:188} INFO - Image: http://placeimg.com/640/480/tech
[2025-05-15T08:06:12.780+0000] {logging_mixin.py:188} INFO - Net Price: 281.73
[2025-05-15T08:06:12.781+0000] {logging_mixin.py:188} INFO - Taxes: 22.0
[2025-05-15T08:06:12.781+0000] {logging_mixin.py:188} INFO - Price: 343.71
[2025-05-15T08:06:12.785+0000] {logging_mixin.py:188} INFO - 
--- Inserting product ---
[2025-05-15T08:06:12.786+0000] {logging_mixin.py:188} INFO - Name: Autem et sed non est.
[2025-05-15T08:06:12.787+0000] {logging_mixin.py:188} INFO - Description: Corrupti explicabo harum error rerum. Similique id dolorem ea ut nulla aliquam sequi. Quae sit totam ad vel atque. Culpa quos repellendus et est. Nam rerum dicta iure vero repellat aut.
[2025-05-15T08:06:12.788+0000] {logging_mixin.py:188} INFO - EAN: 8162000358665
[2025-05-15T08:06:12.791+0000] {logging_mixin.py:188} INFO - UPC: 435573898534
[2025-05-15T08:06:12.792+0000] {logging_mixin.py:188} INFO - Image: http://placeimg.com/640/480/tech
[2025-05-15T08:06:12.793+0000] {logging_mixin.py:188} INFO - Net Price: 4778.75
[2025-05-15T08:06:12.794+0000] {logging_mixin.py:188} INFO - Taxes: 22.0
[2025-05-15T08:06:12.795+0000] {logging_mixin.py:188} INFO - Price: 5830.08
[2025-05-15T08:06:12.798+0000] {logging_mixin.py:188} INFO - 
--- Inserting product ---
[2025-05-15T08:06:12.800+0000] {logging_mixin.py:188} INFO - Name: Est quod quos alias vero.
[2025-05-15T08:06:12.803+0000] {logging_mixin.py:188} INFO - Description: Necessitatibus minima atque ut. Facere ullam quia et nulla. Rerum consequatur odit natus nesciunt. Eum quidem architecto id quos officia illum.
[2025-05-15T08:06:12.812+0000] {logging_mixin.py:188} INFO - EAN: 9009913370997
[2025-05-15T08:06:12.821+0000] {logging_mixin.py:188} INFO - UPC: 544825267549
[2025-05-15T08:06:12.831+0000] {logging_mixin.py:188} INFO - Image: http://placeimg.com/640/480/tech
[2025-05-15T08:06:12.854+0000] {logging_mixin.py:188} INFO - Net Price: 111528022.67
[2025-05-15T08:06:12.865+0000] {logging_mixin.py:188} INFO - Taxes: 22.0
[2025-05-15T08:06:12.872+0000] {logging_mixin.py:188} INFO - Price: 136064187.66
[2025-05-15T08:06:12.948+0000] {logging_mixin.py:188} INFO - 
--- Inserting product ---
[2025-05-15T08:06:12.968+0000] {logging_mixin.py:188} INFO - Name: Consequatur ipsam ut a quia.
[2025-05-15T08:06:12.989+0000] {logging_mixin.py:188} INFO - Description: Nam ut et sit fugiat. Excepturi et et recusandae labore hic distinctio. Reiciendis qui eum nobis aut expedita esse.
[2025-05-15T08:06:13.002+0000] {logging_mixin.py:188} INFO - EAN: 4067289207342
[2025-05-15T08:06:13.010+0000] {logging_mixin.py:188} INFO - UPC: 644338066971
[2025-05-15T08:06:13.034+0000] {logging_mixin.py:188} INFO - Image: http://placeimg.com/640/480/tech
[2025-05-15T08:06:13.035+0000] {logging_mixin.py:188} INFO - Net Price: 257.57
[2025-05-15T08:06:13.045+0000] {logging_mixin.py:188} INFO - Taxes: 22.0
[2025-05-15T08:06:13.055+0000] {logging_mixin.py:188} INFO - Price: 314.24
[2025-05-15T08:06:13.125+0000] {logging_mixin.py:188} INFO - 
✅ Inserted 10 products successfully.
[2025-05-15T08:06:13.142+0000] {logging_mixin.py:188} INFO - 🔒 DB connection closed.
[2025-05-15T08:06:13.158+0000] {python.py:237} INFO - Done. Returned value was: None
[2025-05-15T08:06:13.190+0000] {taskinstance.py:441} INFO - ::group::Post task execution logs
[2025-05-15T08:06:16.115+0000] {taskinstance.py:1206} INFO - Marking task as SUCCESS. dag_id=random_user_pipeline, task_id=insert_***, run_id=scheduled__2025-05-14T00:00:00+00:00, execution_date=20250514T000000, start_date=20250515T080606, end_date=20250515T080616
[2025-05-15T08:06:18.374+0000] {local_task_job_runner.py:240} INFO - Task exited with return code 0
[2025-05-15T08:06:19.835+0000] {taskinstance.py:3503} INFO - 0 downstream tasks scheduled from follow-on schedule check
[2025-05-15T08:06:19.841+0000] {local_task_job_runner.py:222} INFO - ::endgroup::
