[2025-05-22T02:16:36.233+0000] {local_task_job_runner.py:120} INFO - ::group::Pre task execution logs
[2025-05-22T02:16:36.713+0000] {taskinstance.py:2076} INFO - Dependencies all met for dep_context=non-requeueable deps ti=<TaskInstance: random_user_pipeline.log_ingestion_audit scheduled__2025-05-21T00:00:00+00:00 [queued]>
[2025-05-22T02:16:36.738+0000] {taskinstance.py:2076} INFO - Dependencies all met for dep_context=requeueable deps ti=<TaskInstance: random_user_pipeline.log_ingestion_audit scheduled__2025-05-21T00:00:00+00:00 [queued]>
[2025-05-22T02:16:36.740+0000] {taskinstance.py:2306} INFO - Starting attempt 1 of 2
[2025-05-22T02:16:36.775+0000] {taskinstance.py:2330} INFO - Executing <Task(PostgresOperator): log_ingestion_audit> on 2025-05-21 00:00:00+00:00
[2025-05-22T02:16:36.788+0000] {standard_task_runner.py:90} INFO - Running: ['airflow', 'tasks', 'run', 'random_user_pipeline', 'log_ingestion_audit', 'scheduled__2025-05-21T00:00:00+00:00', '--job-id', '360', '--raw', '--subdir', 'DAGS_FOLDER/random_user_pipeline.py', '--cfg-path', '/tmp/tmpr3aqnb5q']
[2025-05-22T02:16:36.795+0000] {standard_task_runner.py:91} INFO - Job 360: Subtask log_ingestion_audit
[2025-05-22T02:16:36.803+0000] {logging_mixin.py:188} WARNING - /home/airflow/.local/lib/python3.12/site-packages/airflow/task/task_runner/standard_task_runner.py:61 DeprecationWarning: This process (pid=427) is multi-threaded, use of fork() may lead to deadlocks in the child.
[2025-05-22T02:16:36.805+0000] {standard_task_runner.py:63} INFO - Started process 428 to run task
[2025-05-22T02:16:38.049+0000] {task_command.py:426} INFO - Running <TaskInstance: random_user_pipeline.log_ingestion_audit scheduled__2025-05-21T00:00:00+00:00 [running]> on host b867ec644bc6
[2025-05-22T02:16:41.937+0000] {taskinstance.py:2648} INFO - Exporting env vars: AIRFLOW_CTX_DAG_EMAIL='papala.ramesh@quation.in,smilesoframs@gmail.com,ramesh.rams333@gmail.com' AIRFLOW_CTX_DAG_OWNER='airflow' AIRFLOW_CTX_DAG_ID='random_user_pipeline' AIRFLOW_CTX_TASK_ID='log_ingestion_audit' AIRFLOW_CTX_EXECUTION_DATE='2025-05-21T00:00:00+00:00' AIRFLOW_CTX_TRY_NUMBER='1' AIRFLOW_CTX_DAG_RUN_ID='scheduled__2025-05-21T00:00:00+00:00'
[2025-05-22T02:16:41.939+0000] {taskinstance.py:430} INFO - ::endgroup::
[2025-05-22T02:16:41.960+0000] {sql.py:276} INFO - Executing: -- Create audit table if it doesn't exist
CREATE TABLE IF NOT EXISTS ingestion_audit (
    id SERIAL PRIMARY KEY,
    ingestion_date DATE,
    source TEXT,
    record_count INT,
    status TEXT,
    notes TEXT,
    retry_count INT,
    start_time TIMESTAMP,
    end_time TIMESTAMP,
    logged_at TIMESTAMP DEFAULT CURRENT_TIMESTAMP
);

-- Insert audit log
INSERT INTO ingestion_audit (
    ingestion_date,
    source,
    record_count,
    status,
    notes,
    retry_count,
    start_time,
    end_time
)
VALUES (
    '2025-05-21',
    'random_product_api',
    100,
    'success',
    'Inserted successfully',
    1,
    '2025-05-22T02:16:30.539498'::timestamp,
    '2025-05-22T02:16:31.003026'::timestamp
);
[2025-05-22T02:16:41.963+0000] {crypto.py:82} WARNING - empty cryptography key - values will not be stored encrypted.
[2025-05-22T02:16:41.964+0000] {base.py:84} INFO - Using connection ID '***_default' for task execution.
[2025-05-22T02:16:41.970+0000] {base.py:84} INFO - Using connection ID '***_default' for task execution.
[2025-05-22T02:16:42.409+0000] {sql.py:487} INFO - Running statement: -- Create audit table if it doesn't exist
CREATE TABLE IF NOT EXISTS ingestion_audit (
    id SERIAL PRIMARY KEY,
    ingestion_date DATE,
    source TEXT,
    record_count INT,
    status TEXT,
    notes TEXT,
    retry_count INT,
    start_time TIMESTAMP,
    end_time TIMESTAMP,
    logged_at TIMESTAMP DEFAULT CURRENT_TIMESTAMP
);

-- Insert audit log
INSERT INTO ingestion_audit (
    ingestion_date,
    source,
    record_count,
    status,
    notes,
    retry_count,
    start_time,
    end_time
)
VALUES (
    '2025-05-21',
    'random_product_api',
    100,
    'success',
    'Inserted successfully',
    1,
    '2025-05-22T02:16:30.539498'::timestamp,
    '2025-05-22T02:16:31.003026'::timestamp
);, parameters: None
[2025-05-22T02:16:42.417+0000] {sql.py:496} INFO - Rows affected: 1
[2025-05-22T02:16:42.421+0000] {taskinstance.py:441} INFO - ::group::Post task execution logs
[2025-05-22T02:16:42.869+0000] {taskinstance.py:1206} INFO - Marking task as SUCCESS. dag_id=random_user_pipeline, task_id=log_ingestion_audit, run_id=scheduled__2025-05-21T00:00:00+00:00, execution_date=20250521T000000, start_date=20250522T021636, end_date=20250522T021642
[2025-05-22T02:16:42.941+0000] {local_task_job_runner.py:240} INFO - Task exited with return code 0
[2025-05-22T02:16:43.403+0000] {taskinstance.py:3503} INFO - 0 downstream tasks scheduled from follow-on schedule check
[2025-05-22T02:16:43.408+0000] {local_task_job_runner.py:222} INFO - ::endgroup::
