[2025-05-02T07:47:07.621+0000] {local_task_job_runner.py:120} INFO - ::group::Pre task execution logs
[2025-05-02T07:47:09.325+0000] {taskinstance.py:2076} INFO - Dependencies all met for dep_context=non-requeueable deps ti=<TaskInstance: random_user_pipeline.insert_postgres scheduled__2025-05-01T00:00:00+00:00 [queued]>
[2025-05-02T07:47:09.460+0000] {taskinstance.py:2076} INFO - Dependencies all met for dep_context=requeueable deps ti=<TaskInstance: random_user_pipeline.insert_postgres scheduled__2025-05-01T00:00:00+00:00 [queued]>
[2025-05-02T07:47:09.496+0000] {taskinstance.py:2306} INFO - Starting attempt 1 of 2
[2025-05-02T07:47:09.632+0000] {taskinstance.py:2330} INFO - Executing <Task(PythonOperator): insert_postgres> on 2025-05-01 00:00:00+00:00
[2025-05-02T07:47:09.660+0000] {standard_task_runner.py:90} INFO - Running: ['airflow', 'tasks', 'run', 'random_user_pipeline', 'insert_***', 'scheduled__2025-05-01T00:00:00+00:00', '--job-id', '205', '--raw', '--subdir', 'DAGS_FOLDER/random_user_pipeline.py', '--cfg-path', '/tmp/tmp3_gvhh6v']
[2025-05-02T07:47:09.685+0000] {logging_mixin.py:188} WARNING - /home/airflow/.local/lib/python3.12/site-packages/airflow/task/task_runner/standard_task_runner.py:61 DeprecationWarning: This process (pid=1825) is multi-threaded, use of fork() may lead to deadlocks in the child.
[2025-05-02T07:47:09.696+0000] {standard_task_runner.py:91} INFO - Job 205: Subtask insert_***
[2025-05-02T07:47:09.699+0000] {standard_task_runner.py:63} INFO - Started process 1826 to run task
[2025-05-02T07:47:15.631+0000] {task_command.py:426} INFO - Running <TaskInstance: random_user_pipeline.insert_postgres scheduled__2025-05-01T00:00:00+00:00 [running]> on host 4158771de208
[2025-05-02T07:47:24.681+0000] {taskinstance.py:2648} INFO - Exporting env vars: AIRFLOW_CTX_DAG_OWNER='airflow' AIRFLOW_CTX_DAG_ID='random_user_pipeline' AIRFLOW_CTX_TASK_ID='insert_***' AIRFLOW_CTX_EXECUTION_DATE='2025-05-01T00:00:00+00:00' AIRFLOW_CTX_TRY_NUMBER='1' AIRFLOW_CTX_DAG_RUN_ID='scheduled__2025-05-01T00:00:00+00:00'
[2025-05-02T07:47:24.687+0000] {taskinstance.py:430} INFO - ::endgroup::
[2025-05-02T07:47:24.784+0000] {logging_mixin.py:188} INFO - Parsed using ast.literal_eval (Python dict string).
[2025-05-02T07:47:27.402+0000] {logging_mixin.py:188} INFO - ✅ Database connection established.
[2025-05-02T07:47:27.509+0000] {logging_mixin.py:188} INFO - ✅ Table ready.
[2025-05-02T07:47:27.513+0000] {logging_mixin.py:188} INFO - 
--- Inserting product ---
[2025-05-02T07:47:27.524+0000] {logging_mixin.py:188} INFO - Name: Excepturi et occaecati ab.
[2025-05-02T07:47:27.541+0000] {logging_mixin.py:188} INFO - Description: Aut tempore in consequatur sed necessitatibus neque id. Et sapiente quia fugiat pariatur illum.
[2025-05-02T07:47:27.563+0000] {logging_mixin.py:188} INFO - EAN: 1484142035295
[2025-05-02T07:47:27.576+0000] {logging_mixin.py:188} INFO - UPC: 325917285446
[2025-05-02T07:47:27.581+0000] {logging_mixin.py:188} INFO - Image: http://placeimg.com/640/480/tech
[2025-05-02T07:47:27.584+0000] {logging_mixin.py:188} INFO - Net Price: 12150.33
[2025-05-02T07:47:27.586+0000] {logging_mixin.py:188} INFO - Taxes: 22.0
[2025-05-02T07:47:27.587+0000] {logging_mixin.py:188} INFO - Price: 14823.4
[2025-05-02T07:47:27.597+0000] {logging_mixin.py:188} INFO - 
--- Inserting product ---
[2025-05-02T07:47:27.599+0000] {logging_mixin.py:188} INFO - Name: Inventore ab qui at est.
[2025-05-02T07:47:27.600+0000] {logging_mixin.py:188} INFO - Description: Veritatis est quis voluptatum dicta. Enim molestiae et autem. Omnis itaque omnis maxime animi ab. Et exercitationem iure qui rerum minus enim. Dolores minus quia a id sunt non rerum.
[2025-05-02T07:47:27.601+0000] {logging_mixin.py:188} INFO - EAN: 5559247773192
[2025-05-02T07:47:27.602+0000] {logging_mixin.py:188} INFO - UPC: 439372847504
[2025-05-02T07:47:27.603+0000] {logging_mixin.py:188} INFO - Image: http://placeimg.com/640/480/tech
[2025-05-02T07:47:27.605+0000] {logging_mixin.py:188} INFO - Net Price: 14.82
[2025-05-02T07:47:27.606+0000] {logging_mixin.py:188} INFO - Taxes: 22.0
[2025-05-02T07:47:27.607+0000] {logging_mixin.py:188} INFO - Price: 18.08
[2025-05-02T07:47:27.611+0000] {logging_mixin.py:188} INFO - 
--- Inserting product ---
[2025-05-02T07:47:27.615+0000] {logging_mixin.py:188} INFO - Name: Quo et aut numquam sit.
[2025-05-02T07:47:27.620+0000] {logging_mixin.py:188} INFO - Description: Amet est quis architecto. Porro et dolor mollitia deleniti autem minus et.
[2025-05-02T07:47:27.622+0000] {logging_mixin.py:188} INFO - EAN: 6209089299938
[2025-05-02T07:47:27.623+0000] {logging_mixin.py:188} INFO - UPC: 694719808238
[2025-05-02T07:47:27.624+0000] {logging_mixin.py:188} INFO - Image: http://placeimg.com/640/480/tech
[2025-05-02T07:47:27.640+0000] {logging_mixin.py:188} INFO - Net Price: 85525.83
[2025-05-02T07:47:27.643+0000] {logging_mixin.py:188} INFO - Taxes: 22.0
[2025-05-02T07:47:27.653+0000] {logging_mixin.py:188} INFO - Price: 104341.51
[2025-05-02T07:47:27.692+0000] {logging_mixin.py:188} INFO - 
--- Inserting product ---
[2025-05-02T07:47:27.700+0000] {logging_mixin.py:188} INFO - Name: Quo esse temporibus ipsam.
[2025-05-02T07:47:27.710+0000] {logging_mixin.py:188} INFO - Description: Ad dolores qui molestiae consequatur. Ducimus culpa dolores quisquam cumque.
[2025-05-02T07:47:27.720+0000] {logging_mixin.py:188} INFO - EAN: 9003357054819
[2025-05-02T07:47:27.724+0000] {logging_mixin.py:188} INFO - UPC: 075878849004
[2025-05-02T07:47:27.729+0000] {logging_mixin.py:188} INFO - Image: http://placeimg.com/640/480/tech
[2025-05-02T07:47:27.735+0000] {logging_mixin.py:188} INFO - Net Price: 562.33
[2025-05-02T07:47:27.741+0000] {logging_mixin.py:188} INFO - Taxes: 22.0
[2025-05-02T07:47:27.761+0000] {logging_mixin.py:188} INFO - Price: 686.04
[2025-05-02T07:47:27.806+0000] {logging_mixin.py:188} INFO - 
--- Inserting product ---
[2025-05-02T07:47:27.808+0000] {logging_mixin.py:188} INFO - Name: Ut qui ab in dolor.
[2025-05-02T07:47:27.809+0000] {logging_mixin.py:188} INFO - Description: Quia rerum tempora numquam dolorem. Eos perspiciatis ipsum voluptatum itaque dignissimos eaque voluptatum. Quos provident est ut autem architecto laboriosam.
[2025-05-02T07:47:27.810+0000] {logging_mixin.py:188} INFO - EAN: 3299583513374
[2025-05-02T07:47:27.811+0000] {logging_mixin.py:188} INFO - UPC: 989043481639
[2025-05-02T07:47:27.812+0000] {logging_mixin.py:188} INFO - Image: http://placeimg.com/640/480/tech
[2025-05-02T07:47:27.813+0000] {logging_mixin.py:188} INFO - Net Price: 165499194.57
[2025-05-02T07:47:27.814+0000] {logging_mixin.py:188} INFO - Taxes: 22.0
[2025-05-02T07:47:27.814+0000] {logging_mixin.py:188} INFO - Price: 201909017.38
[2025-05-02T07:47:27.818+0000] {logging_mixin.py:188} INFO - 
--- Inserting product ---
[2025-05-02T07:47:27.819+0000] {logging_mixin.py:188} INFO - Name: Ut nisi voluptas iusto iste.
[2025-05-02T07:47:27.820+0000] {logging_mixin.py:188} INFO - Description: Aut minus rerum mollitia dolor laboriosam qui rem ut. Vel quia et eligendi ab. Qui eos consequuntur tempore quae nisi alias quia.
[2025-05-02T07:47:27.821+0000] {logging_mixin.py:188} INFO - EAN: 2426045094176
[2025-05-02T07:47:27.822+0000] {logging_mixin.py:188} INFO - UPC: 212218082286
[2025-05-02T07:47:27.861+0000] {logging_mixin.py:188} INFO - Image: http://placeimg.com/640/480/tech
[2025-05-02T07:47:27.904+0000] {logging_mixin.py:188} INFO - Net Price: 0.12
[2025-05-02T07:47:27.974+0000] {logging_mixin.py:188} INFO - Taxes: 22.0
[2025-05-02T07:47:27.985+0000] {logging_mixin.py:188} INFO - Price: 0.15
[2025-05-02T07:47:27.992+0000] {logging_mixin.py:188} INFO - 
--- Inserting product ---
[2025-05-02T07:47:27.994+0000] {logging_mixin.py:188} INFO - Name: Vel iste aut iure ex.
[2025-05-02T07:47:27.997+0000] {logging_mixin.py:188} INFO - Description: Modi nobis voluptatem dignissimos. Ea iste id sed tempore cumque sit odio. Deserunt nihil id rerum laudantium deleniti.
[2025-05-02T07:47:28.006+0000] {logging_mixin.py:188} INFO - EAN: 1244616436948
[2025-05-02T07:47:28.011+0000] {logging_mixin.py:188} INFO - UPC: 352329568409
[2025-05-02T07:47:28.029+0000] {logging_mixin.py:188} INFO - Image: http://placeimg.com/640/480/tech
[2025-05-02T07:47:28.063+0000] {logging_mixin.py:188} INFO - Net Price: 4723.14
[2025-05-02T07:47:28.099+0000] {logging_mixin.py:188} INFO - Taxes: 22.0
[2025-05-02T07:47:28.138+0000] {logging_mixin.py:188} INFO - Price: 5762.23
[2025-05-02T07:47:28.178+0000] {logging_mixin.py:188} INFO - 
--- Inserting product ---
[2025-05-02T07:47:28.192+0000] {logging_mixin.py:188} INFO - Name: Quibusdam officiis ea non.
[2025-05-02T07:47:28.195+0000] {logging_mixin.py:188} INFO - Description: Dignissimos rerum enim quibusdam. Ut laboriosam eos nemo voluptatem praesentium nobis vitae. Eum saepe molestiae atque quod. A repellendus suscipit dolore dolores voluptatibus.
[2025-05-02T07:47:28.229+0000] {logging_mixin.py:188} INFO - EAN: 0256852477235
[2025-05-02T07:47:28.275+0000] {logging_mixin.py:188} INFO - UPC: 394212183637
[2025-05-02T07:47:28.302+0000] {logging_mixin.py:188} INFO - Image: http://placeimg.com/640/480/tech
[2025-05-02T07:47:28.359+0000] {logging_mixin.py:188} INFO - Net Price: 1.16
[2025-05-02T07:47:28.396+0000] {logging_mixin.py:188} INFO - Taxes: 22.0
[2025-05-02T07:47:28.416+0000] {logging_mixin.py:188} INFO - Price: 1.42
[2025-05-02T07:47:28.443+0000] {logging_mixin.py:188} INFO - 
--- Inserting product ---
[2025-05-02T07:47:28.467+0000] {logging_mixin.py:188} INFO - Name: Quos unde velit dolorem sit.
[2025-05-02T07:47:28.502+0000] {logging_mixin.py:188} INFO - Description: Numquam a minus consequatur cum. Tenetur consequatur enim nam similique exercitationem quia expedita. Deleniti magnam deserunt et sequi. Facilis nam omnis ad consequuntur ab et dicta minus.
[2025-05-02T07:47:28.552+0000] {logging_mixin.py:188} INFO - EAN: 5701163803365
[2025-05-02T07:47:28.689+0000] {logging_mixin.py:188} INFO - UPC: 544987094498
[2025-05-02T07:47:28.702+0000] {logging_mixin.py:188} INFO - Image: http://placeimg.com/640/480/tech
[2025-05-02T07:47:28.732+0000] {logging_mixin.py:188} INFO - Net Price: 69446835.11
[2025-05-02T07:47:28.752+0000] {logging_mixin.py:188} INFO - Taxes: 22.0
[2025-05-02T07:47:28.757+0000] {logging_mixin.py:188} INFO - Price: 84725138.83
[2025-05-02T07:47:28.772+0000] {logging_mixin.py:188} INFO - 
--- Inserting product ---
[2025-05-02T07:47:28.778+0000] {logging_mixin.py:188} INFO - Name: Ut placeat corrupti id ut ut.
[2025-05-02T07:47:28.781+0000] {logging_mixin.py:188} INFO - Description: Delectus neque aut suscipit possimus consequatur nihil. Ipsum aut occaecati ipsa officiis quaerat minus sunt. Perferendis dolorum officia earum voluptatem.
[2025-05-02T07:47:28.784+0000] {logging_mixin.py:188} INFO - EAN: 0316535029127
[2025-05-02T07:47:28.787+0000] {logging_mixin.py:188} INFO - UPC: 650414358185
[2025-05-02T07:47:28.789+0000] {logging_mixin.py:188} INFO - Image: http://placeimg.com/640/480/tech
[2025-05-02T07:47:28.790+0000] {logging_mixin.py:188} INFO - Net Price: 11.64
[2025-05-02T07:47:28.792+0000] {logging_mixin.py:188} INFO - Taxes: 22.0
[2025-05-02T07:47:28.798+0000] {logging_mixin.py:188} INFO - Price: 14.2
[2025-05-02T07:47:28.898+0000] {logging_mixin.py:188} INFO - 
✅ Inserted 10 products successfully.
[2025-05-02T07:47:28.928+0000] {logging_mixin.py:188} INFO - 🔒 DB connection closed.
[2025-05-02T07:47:28.951+0000] {python.py:237} INFO - Done. Returned value was: None
[2025-05-02T07:47:28.972+0000] {taskinstance.py:441} INFO - ::group::Post task execution logs
[2025-05-02T07:47:30.509+0000] {taskinstance.py:1206} INFO - Marking task as SUCCESS. dag_id=random_user_pipeline, task_id=insert_***, run_id=scheduled__2025-05-01T00:00:00+00:00, execution_date=20250501T000000, start_date=20250502T074709, end_date=20250502T074730
[2025-05-02T07:47:30.615+0000] {local_task_job_runner.py:240} INFO - Task exited with return code 0
[2025-05-02T07:47:31.550+0000] {taskinstance.py:3503} INFO - 0 downstream tasks scheduled from follow-on schedule check
[2025-05-02T07:47:31.602+0000] {local_task_job_runner.py:222} INFO - ::endgroup::
