[2025-05-22T03:18:08.053+0000] {local_task_job_runner.py:120} INFO - ::group::Pre task execution logs
[2025-05-22T03:18:08.279+0000] {taskinstance.py:2076} INFO - Dependencies all met for dep_context=non-requeueable deps ti=<TaskInstance: random_user_pipeline.wait_for_fresh_data manual__2025-05-22T03:18:06.589525+00:00 [queued]>
[2025-05-22T03:18:08.292+0000] {taskinstance.py:2076} INFO - Dependencies all met for dep_context=requeueable deps ti=<TaskInstance: random_user_pipeline.wait_for_fresh_data manual__2025-05-22T03:18:06.589525+00:00 [queued]>
[2025-05-22T03:18:08.293+0000] {taskinstance.py:2306} INFO - Starting attempt 1 of 2
[2025-05-22T03:18:08.309+0000] {taskinstance.py:2330} INFO - Executing <Task(SqlSensor): wait_for_fresh_data> on 2025-05-22 03:18:06.589525+00:00
[2025-05-22T03:18:08.315+0000] {standard_task_runner.py:90} INFO - Running: ['airflow', 'tasks', 'run', 'random_user_pipeline', 'wait_for_fresh_data', 'manual__2025-05-22T03:18:06.589525+00:00', '--job-id', '365', '--raw', '--subdir', 'DAGS_FOLDER/random_user_pipeline.py', '--cfg-path', '/tmp/tmptyx6uciq']
[2025-05-22T03:18:08.317+0000] {standard_task_runner.py:91} INFO - Job 365: Subtask wait_for_fresh_data
[2025-05-22T03:18:08.318+0000] {logging_mixin.py:188} WARNING - /home/airflow/.local/lib/python3.12/site-packages/airflow/task/task_runner/standard_task_runner.py:61 DeprecationWarning: This process (pid=540) is multi-threaded, use of fork() may lead to deadlocks in the child.
[2025-05-22T03:18:08.319+0000] {standard_task_runner.py:63} INFO - Started process 541 to run task
[2025-05-22T03:18:08.933+0000] {task_command.py:426} INFO - Running <TaskInstance: random_user_pipeline.wait_for_fresh_data manual__2025-05-22T03:18:06.589525+00:00 [running]> on host 4b4dcd5b52ac
[2025-05-22T03:18:09.780+0000] {taskinstance.py:2648} INFO - Exporting env vars: AIRFLOW_CTX_DAG_EMAIL='papala.ramesh@quation.in,smilesoframs@gmail.com,ramesh.rams333@gmail.com' AIRFLOW_CTX_DAG_OWNER='airflow' AIRFLOW_CTX_DAG_ID='random_user_pipeline' AIRFLOW_CTX_TASK_ID='wait_for_fresh_data' AIRFLOW_CTX_EXECUTION_DATE='2025-05-22T03:18:06.589525+00:00' AIRFLOW_CTX_TRY_NUMBER='1' AIRFLOW_CTX_DAG_RUN_ID='manual__2025-05-22T03:18:06.589525+00:00'
[2025-05-22T03:18:09.781+0000] {taskinstance.py:430} INFO - ::endgroup::
[2025-05-22T03:18:09.794+0000] {crypto.py:82} WARNING - empty cryptography key - values will not be stored encrypted.
[2025-05-22T03:18:09.795+0000] {base.py:84} INFO - Using connection ID '***_default' for task execution.
[2025-05-22T03:18:09.798+0000] {sql.py:95} INFO - Poking: SELECT COUNT(*) = 0 FROM products WHERE DATE(created_at) = CURRENT_DATE; (with parameters None)
[2025-05-22T03:18:09.799+0000] {base.py:84} INFO - Using connection ID '***_default' for task execution.
[2025-05-22T03:18:10.004+0000] {sql.py:487} INFO - Running statement: SELECT COUNT(*) = 0 FROM products WHERE DATE(created_at) = CURRENT_DATE;, parameters: None
[2025-05-22T03:18:10.009+0000] {sql.py:496} INFO - Rows affected: 1
[2025-05-22T03:18:10.010+0000] {base.py:294} INFO - Success criteria met. Exiting.
[2025-05-22T03:18:10.011+0000] {taskinstance.py:441} INFO - ::group::Post task execution logs
[2025-05-22T03:18:10.256+0000] {taskinstance.py:1206} INFO - Marking task as SUCCESS. dag_id=random_user_pipeline, task_id=wait_for_fresh_data, run_id=manual__2025-05-22T03:18:06.589525+00:00, execution_date=20250522T031806, start_date=20250522T031808, end_date=20250522T031810
[2025-05-22T03:18:10.303+0000] {local_task_job_runner.py:240} INFO - Task exited with return code 0
[2025-05-22T03:18:10.540+0000] {logging_mixin.py:188} WARNING - /home/airflow/.local/lib/python3.12/site-packages/airflow/models/baseoperator.py:1297 AirflowProviderDeprecationWarning: Call to deprecated class PostgresOperator. (Please use `airflow.providers.common.sql.operators.sql.SQLExecuteQueryOperator`.Also, you can provide `hook_params={'schema': <database>}`.)
[2025-05-22T03:18:10.572+0000] {taskinstance.py:3503} INFO - 1 downstream tasks scheduled from follow-on schedule check
[2025-05-22T03:18:10.575+0000] {local_task_job_runner.py:222} INFO - ::endgroup::
