[2025-05-24T03:33:33.017+0000] {local_task_job_runner.py:120} INFO - ::group::Pre task execution logs
[2025-05-24T03:33:33.536+0000] {taskinstance.py:2076} INFO - Dependencies all met for dep_context=non-requeueable deps ti=<TaskInstance: random_user_pipeline.log_ingestion_audit manual__2025-05-24T03:31:42.290300+00:00 [queued]>
[2025-05-24T03:33:33.562+0000] {taskinstance.py:2076} INFO - Dependencies all met for dep_context=requeueable deps ti=<TaskInstance: random_user_pipeline.log_ingestion_audit manual__2025-05-24T03:31:42.290300+00:00 [queued]>
[2025-05-24T03:33:33.564+0000] {taskinstance.py:2306} INFO - Starting attempt 1 of 2
[2025-05-24T03:33:33.626+0000] {taskinstance.py:2330} INFO - Executing <Task(PostgresOperator): log_ingestion_audit> on 2025-05-24 03:31:42.290300+00:00
[2025-05-24T03:33:33.640+0000] {logging_mixin.py:188} WARNING - /home/airflow/.local/lib/python3.12/site-packages/airflow/task/task_runner/standard_task_runner.py:61 DeprecationWarning: This process (pid=326) is multi-threaded, use of fork() may lead to deadlocks in the child.
[2025-05-24T03:33:33.639+0000] {standard_task_runner.py:90} INFO - Running: ['airflow', 'tasks', 'run', 'random_user_pipeline', 'log_ingestion_audit', 'manual__2025-05-24T03:31:42.290300+00:00', '--job-id', '448', '--raw', '--subdir', 'DAGS_FOLDER/random_user_pipeline.py', '--cfg-path', '/tmp/tmpf0r6w5vo']
[2025-05-24T03:33:33.643+0000] {standard_task_runner.py:63} INFO - Started process 327 to run task
[2025-05-24T03:33:33.644+0000] {standard_task_runner.py:91} INFO - Job 448: Subtask log_ingestion_audit
[2025-05-24T03:33:34.972+0000] {task_command.py:426} INFO - Running <TaskInstance: random_user_pipeline.log_ingestion_audit manual__2025-05-24T03:31:42.290300+00:00 [running]> on host fed8e0f764cf
[2025-05-24T03:33:44.961+0000] {taskinstance.py:2648} INFO - Exporting env vars: AIRFLOW_CTX_DAG_EMAIL='papala.ramesh@quation.in,smilesoframs@gmail.com,ramesh.rams333@gmail.com' AIRFLOW_CTX_DAG_OWNER='airflow' AIRFLOW_CTX_DAG_ID='random_user_pipeline' AIRFLOW_CTX_TASK_ID='log_ingestion_audit' AIRFLOW_CTX_EXECUTION_DATE='2025-05-24T03:31:42.290300+00:00' AIRFLOW_CTX_TRY_NUMBER='1' AIRFLOW_CTX_DAG_RUN_ID='manual__2025-05-24T03:31:42.290300+00:00'
[2025-05-24T03:33:44.963+0000] {taskinstance.py:430} INFO - ::endgroup::
[2025-05-24T03:33:44.981+0000] {sql.py:276} INFO - Executing: -- Create the ingestion_audit table if it doesn't exist
CREATE TABLE IF NOT EXISTS ingestion_audit (
    id SERIAL PRIMARY KEY,
    ingestion_date DATE,
    source TEXT,
    record_count INTEGER,
    status TEXT,
    notes TEXT,
    retry_count INTEGER,
    start_time TIMESTAMP,
    end_time TIMESTAMP
);

-- Insert audit log
INSERT INTO ingestion_audit (
    ingestion_date,
    source,
    record_count,
    status,
    notes,
    retry_count,
    start_time,
    end_time
)
VALUES (
    '2025-05-24',
    'random_product_api',
    100,
    'success',
    'Inserted successfully',
    1,
    '2025-05-24T03:33:25.260916'::timestamp,
    '2025-05-24T03:33:25.950337'::timestamp
);
[2025-05-24T03:33:44.983+0000] {crypto.py:82} WARNING - empty cryptography key - values will not be stored encrypted.
[2025-05-24T03:33:44.984+0000] {base.py:84} INFO - Using connection ID '***_default' for task execution.
[2025-05-24T03:33:44.989+0000] {base.py:84} INFO - Using connection ID '***_default' for task execution.
[2025-05-24T03:33:46.312+0000] {sql.py:487} INFO - Running statement: -- Create the ingestion_audit table if it doesn't exist
CREATE TABLE IF NOT EXISTS ingestion_audit (
    id SERIAL PRIMARY KEY,
    ingestion_date DATE,
    source TEXT,
    record_count INTEGER,
    status TEXT,
    notes TEXT,
    retry_count INTEGER,
    start_time TIMESTAMP,
    end_time TIMESTAMP
);

-- Insert audit log
INSERT INTO ingestion_audit (
    ingestion_date,
    source,
    record_count,
    status,
    notes,
    retry_count,
    start_time,
    end_time
)
VALUES (
    '2025-05-24',
    'random_product_api',
    100,
    'success',
    'Inserted successfully',
    1,
    '2025-05-24T03:33:25.260916'::timestamp,
    '2025-05-24T03:33:25.950337'::timestamp
);, parameters: None
[2025-05-24T03:33:46.319+0000] {sql.py:496} INFO - Rows affected: 1
[2025-05-24T03:33:46.323+0000] {taskinstance.py:441} INFO - ::group::Post task execution logs
[2025-05-24T03:33:46.973+0000] {taskinstance.py:1206} INFO - Marking task as SUCCESS. dag_id=random_user_pipeline, task_id=log_ingestion_audit, run_id=manual__2025-05-24T03:31:42.290300+00:00, execution_date=20250524T033142, start_date=20250524T033333, end_date=20250524T033346
[2025-05-24T03:33:47.040+0000] {local_task_job_runner.py:240} INFO - Task exited with return code 0
[2025-05-24T03:33:47.497+0000] {logging_mixin.py:188} WARNING - /home/airflow/.local/lib/python3.12/site-packages/airflow/models/baseoperator.py:1297 AirflowProviderDeprecationWarning: Call to deprecated class PostgresOperator. (Please use `airflow.providers.common.sql.operators.sql.SQLExecuteQueryOperator`.Also, you can provide `hook_params={'schema': <database>}`.)
[2025-05-24T03:33:47.524+0000] {taskinstance.py:3503} INFO - 0 downstream tasks scheduled from follow-on schedule check
[2025-05-24T03:33:47.528+0000] {local_task_job_runner.py:222} INFO - ::endgroup::
