[2025-05-13T11:39:46.201+0000] {local_task_job_runner.py:120} INFO - ::group::Pre task execution logs
[2025-05-13T11:39:46.616+0000] {taskinstance.py:2076} INFO - Dependencies all met for dep_context=non-requeueable deps ti=<TaskInstance: random_user_pipeline.insert_postgres manual__2025-05-13T11:39:35.397717+00:00 [queued]>
[2025-05-13T11:39:46.630+0000] {taskinstance.py:2076} INFO - Dependencies all met for dep_context=requeueable deps ti=<TaskInstance: random_user_pipeline.insert_postgres manual__2025-05-13T11:39:35.397717+00:00 [queued]>
[2025-05-13T11:39:46.631+0000] {taskinstance.py:2306} INFO - Starting attempt 1 of 2
[2025-05-13T11:39:46.652+0000] {taskinstance.py:2330} INFO - Executing <Task(PythonOperator): insert_postgres> on 2025-05-13 11:39:35.397717+00:00
[2025-05-13T11:39:46.660+0000] {standard_task_runner.py:90} INFO - Running: ['airflow', 'tasks', 'run', 'random_user_pipeline', 'insert_***', 'manual__2025-05-13T11:39:35.397717+00:00', '--job-id', '220', '--raw', '--subdir', 'DAGS_FOLDER/random_user_pipeline.py', '--cfg-path', '/tmp/tmpuynwku_w']
[2025-05-13T11:39:46.663+0000] {standard_task_runner.py:91} INFO - Job 220: Subtask insert_***
[2025-05-13T11:39:46.663+0000] {logging_mixin.py:188} WARNING - /home/airflow/.local/lib/python3.12/site-packages/airflow/task/task_runner/standard_task_runner.py:61 DeprecationWarning: This process (pid=8404) is multi-threaded, use of fork() may lead to deadlocks in the child.
[2025-05-13T11:39:46.664+0000] {standard_task_runner.py:63} INFO - Started process 8405 to run task
[2025-05-13T11:39:47.825+0000] {task_command.py:426} INFO - Running <TaskInstance: random_user_pipeline.insert_postgres manual__2025-05-13T11:39:35.397717+00:00 [running]> on host 4158771de208
[2025-05-13T11:39:50.052+0000] {taskinstance.py:2648} INFO - Exporting env vars: AIRFLOW_CTX_DAG_OWNER='airflow' AIRFLOW_CTX_DAG_ID='random_user_pipeline' AIRFLOW_CTX_TASK_ID='insert_***' AIRFLOW_CTX_EXECUTION_DATE='2025-05-13T11:39:35.397717+00:00' AIRFLOW_CTX_TRY_NUMBER='1' AIRFLOW_CTX_DAG_RUN_ID='manual__2025-05-13T11:39:35.397717+00:00'
[2025-05-13T11:39:50.053+0000] {taskinstance.py:430} INFO - ::endgroup::
[2025-05-13T11:39:50.068+0000] {logging_mixin.py:188} INFO - Parsed using ast.literal_eval (Python dict string).
[2025-05-13T11:39:50.410+0000] {logging_mixin.py:188} INFO - ✅ Database connection established.
[2025-05-13T11:39:50.413+0000] {logging_mixin.py:188} INFO - ✅ Table ready.
[2025-05-13T11:39:50.414+0000] {logging_mixin.py:188} INFO - 
--- Inserting product ---
[2025-05-13T11:39:50.414+0000] {logging_mixin.py:188} INFO - Name: Similique et et esse et.
[2025-05-13T11:39:50.415+0000] {logging_mixin.py:188} INFO - Description: Aspernatur illum dolor deleniti qui rerum. Exercitationem sit aliquid quo laboriosam quidem. Laborum perferendis vero eum dolorem sit molestiae et. Consequatur repudiandae et repellat nihil.
[2025-05-13T11:39:50.415+0000] {logging_mixin.py:188} INFO - EAN: 0569536098214
[2025-05-13T11:39:50.416+0000] {logging_mixin.py:188} INFO - UPC: 540718460700
[2025-05-13T11:39:50.416+0000] {logging_mixin.py:188} INFO - Image: http://placeimg.com/640/480/tech
[2025-05-13T11:39:50.417+0000] {logging_mixin.py:188} INFO - Net Price: 49547.96
[2025-05-13T11:39:50.417+0000] {logging_mixin.py:188} INFO - Taxes: 22.0
[2025-05-13T11:39:50.418+0000] {logging_mixin.py:188} INFO - Price: 60448.51
[2025-05-13T11:39:50.420+0000] {logging_mixin.py:188} INFO - 
--- Inserting product ---
[2025-05-13T11:39:50.421+0000] {logging_mixin.py:188} INFO - Name: Quia et et officiis quod.
[2025-05-13T11:39:50.422+0000] {logging_mixin.py:188} INFO - Description: Eaque sit voluptatem commodi doloribus eos. Quae voluptas maiores suscipit officiis laboriosam. Ullam aut enim sit voluptas reiciendis et non aut. Dolores incidunt est fugiat accusantium.
[2025-05-13T11:39:50.422+0000] {logging_mixin.py:188} INFO - EAN: 3361540321695
[2025-05-13T11:39:50.422+0000] {logging_mixin.py:188} INFO - UPC: 036718995134
[2025-05-13T11:39:50.423+0000] {logging_mixin.py:188} INFO - Image: http://placeimg.com/640/480/tech
[2025-05-13T11:39:50.423+0000] {logging_mixin.py:188} INFO - Net Price: 7224.17
[2025-05-13T11:39:50.424+0000] {logging_mixin.py:188} INFO - Taxes: 22.0
[2025-05-13T11:39:50.424+0000] {logging_mixin.py:188} INFO - Price: 8813.49
[2025-05-13T11:39:50.426+0000] {logging_mixin.py:188} INFO - 
--- Inserting product ---
[2025-05-13T11:39:50.426+0000] {logging_mixin.py:188} INFO - Name: Est quo nam voluptas et.
[2025-05-13T11:39:50.426+0000] {logging_mixin.py:188} INFO - Description: Dolores ad omnis et non. Ab velit impedit eos recusandae nulla eos. Deleniti et veniam vitae facilis recusandae.
[2025-05-13T11:39:50.427+0000] {logging_mixin.py:188} INFO - EAN: 1211381674769
[2025-05-13T11:39:50.427+0000] {logging_mixin.py:188} INFO - UPC: 744886627819
[2025-05-13T11:39:50.428+0000] {logging_mixin.py:188} INFO - Image: http://placeimg.com/640/480/tech
[2025-05-13T11:39:50.428+0000] {logging_mixin.py:188} INFO - Net Price: 6.24
[2025-05-13T11:39:50.428+0000] {logging_mixin.py:188} INFO - Taxes: 22.0
[2025-05-13T11:39:50.429+0000] {logging_mixin.py:188} INFO - Price: 7.61
[2025-05-13T11:39:50.432+0000] {logging_mixin.py:188} INFO - 
--- Inserting product ---
[2025-05-13T11:39:50.432+0000] {logging_mixin.py:188} INFO - Name: Est placeat et asperiores.
[2025-05-13T11:39:50.433+0000] {logging_mixin.py:188} INFO - Description: Ratione quis harum quaerat. Voluptatem exercitationem incidunt rerum placeat accusamus sequi aspernatur. Voluptas sit cupiditate tenetur.
[2025-05-13T11:39:50.433+0000] {logging_mixin.py:188} INFO - EAN: 8815117591813
[2025-05-13T11:39:50.434+0000] {logging_mixin.py:188} INFO - UPC: 642518682635
[2025-05-13T11:39:50.434+0000] {logging_mixin.py:188} INFO - Image: http://placeimg.com/640/480/tech
[2025-05-13T11:39:50.435+0000] {logging_mixin.py:188} INFO - Net Price: 0.01
[2025-05-13T11:39:50.435+0000] {logging_mixin.py:188} INFO - Taxes: 22.0
[2025-05-13T11:39:50.435+0000] {logging_mixin.py:188} INFO - Price: 0.01
[2025-05-13T11:39:50.437+0000] {logging_mixin.py:188} INFO - 
--- Inserting product ---
[2025-05-13T11:39:50.437+0000] {logging_mixin.py:188} INFO - Name: Illo eaque a molestiae optio.
[2025-05-13T11:39:50.438+0000] {logging_mixin.py:188} INFO - Description: Voluptatem neque at voluptatum nihil amet esse. Minus quis assumenda quia quas deserunt voluptatem placeat unde. A dolor aut optio.
[2025-05-13T11:39:50.438+0000] {logging_mixin.py:188} INFO - EAN: 0743372317658
[2025-05-13T11:39:50.439+0000] {logging_mixin.py:188} INFO - UPC: 381271808079
[2025-05-13T11:39:50.439+0000] {logging_mixin.py:188} INFO - Image: http://placeimg.com/640/480/tech
[2025-05-13T11:39:50.440+0000] {logging_mixin.py:188} INFO - Net Price: 838560568.45
[2025-05-13T11:39:50.440+0000] {logging_mixin.py:188} INFO - Taxes: 22.0
[2025-05-13T11:39:50.441+0000] {logging_mixin.py:188} INFO - Price: 1023043893.51
[2025-05-13T11:39:50.442+0000] {logging_mixin.py:188} INFO - 
--- Inserting product ---
[2025-05-13T11:39:50.442+0000] {logging_mixin.py:188} INFO - Name: Totam exercitationem qui et.
[2025-05-13T11:39:50.443+0000] {logging_mixin.py:188} INFO - Description: Aperiam omnis deserunt molestiae ullam maiores. Saepe corporis quis sit et in minus.
[2025-05-13T11:39:50.443+0000] {logging_mixin.py:188} INFO - EAN: 7561344568227
[2025-05-13T11:39:50.443+0000] {logging_mixin.py:188} INFO - UPC: 126020918712
[2025-05-13T11:39:50.444+0000] {logging_mixin.py:188} INFO - Image: http://placeimg.com/640/480/tech
[2025-05-13T11:39:50.444+0000] {logging_mixin.py:188} INFO - Net Price: 7365.86
[2025-05-13T11:39:50.444+0000] {logging_mixin.py:188} INFO - Taxes: 22.0
[2025-05-13T11:39:50.445+0000] {logging_mixin.py:188} INFO - Price: 8986.35
[2025-05-13T11:39:50.447+0000] {logging_mixin.py:188} INFO - 
--- Inserting product ---
[2025-05-13T11:39:50.447+0000] {logging_mixin.py:188} INFO - Name: Eum sunt ut et rerum ex.
[2025-05-13T11:39:50.448+0000] {logging_mixin.py:188} INFO - Description: Voluptatum id soluta laborum minima quas in. Assumenda necessitatibus omnis rem omnis sed. Molestiae est sequi in at aliquam.
[2025-05-13T11:39:50.448+0000] {logging_mixin.py:188} INFO - EAN: 5518408234910
[2025-05-13T11:39:50.449+0000] {logging_mixin.py:188} INFO - UPC: 081949000424
[2025-05-13T11:39:50.449+0000] {logging_mixin.py:188} INFO - Image: http://placeimg.com/640/480/tech
[2025-05-13T11:39:50.450+0000] {logging_mixin.py:188} INFO - Net Price: 594149.62
[2025-05-13T11:39:50.450+0000] {logging_mixin.py:188} INFO - Taxes: 22.0
[2025-05-13T11:39:50.450+0000] {logging_mixin.py:188} INFO - Price: 724862.54
[2025-05-13T11:39:50.452+0000] {logging_mixin.py:188} INFO - 
--- Inserting product ---
[2025-05-13T11:39:50.452+0000] {logging_mixin.py:188} INFO - Name: In rem est distinctio.
[2025-05-13T11:39:50.453+0000] {logging_mixin.py:188} INFO - Description: Quisquam ut delectus molestiae corporis minus adipisci. Eaque ab autem iusto est quam modi excepturi. Minus asperiores minus eos provident.
[2025-05-13T11:39:50.453+0000] {logging_mixin.py:188} INFO - EAN: 0921233901981
[2025-05-13T11:39:50.453+0000] {logging_mixin.py:188} INFO - UPC: 621896250833
[2025-05-13T11:39:50.454+0000] {logging_mixin.py:188} INFO - Image: http://placeimg.com/640/480/tech
[2025-05-13T11:39:50.454+0000] {logging_mixin.py:188} INFO - Net Price: 41253.59
[2025-05-13T11:39:50.454+0000] {logging_mixin.py:188} INFO - Taxes: 22.0
[2025-05-13T11:39:50.455+0000] {logging_mixin.py:188} INFO - Price: 50329.38
[2025-05-13T11:39:50.456+0000] {logging_mixin.py:188} INFO - 
--- Inserting product ---
[2025-05-13T11:39:50.457+0000] {logging_mixin.py:188} INFO - Name: Et aut et sit.
[2025-05-13T11:39:50.457+0000] {logging_mixin.py:188} INFO - Description: Cum doloremque et soluta velit a. Qui totam molestias dolores totam tempora consequatur. Amet quia qui occaecati.
[2025-05-13T11:39:50.457+0000] {logging_mixin.py:188} INFO - EAN: 5180598515676
[2025-05-13T11:39:50.458+0000] {logging_mixin.py:188} INFO - UPC: 964998358671
[2025-05-13T11:39:50.458+0000] {logging_mixin.py:188} INFO - Image: http://placeimg.com/640/480/tech
[2025-05-13T11:39:50.458+0000] {logging_mixin.py:188} INFO - Net Price: 54.05
[2025-05-13T11:39:50.459+0000] {logging_mixin.py:188} INFO - Taxes: 22.0
[2025-05-13T11:39:50.459+0000] {logging_mixin.py:188} INFO - Price: 65.94
[2025-05-13T11:39:50.461+0000] {logging_mixin.py:188} INFO - 
--- Inserting product ---
[2025-05-13T11:39:50.461+0000] {logging_mixin.py:188} INFO - Name: Quas cumque ipsa quod a.
[2025-05-13T11:39:50.462+0000] {logging_mixin.py:188} INFO - Description: Et vero et voluptatibus temporibus. Soluta perspiciatis laudantium et alias quas dolor. Consequuntur enim incidunt ut voluptatem. Nulla officia sint sint eligendi.
[2025-05-13T11:39:50.462+0000] {logging_mixin.py:188} INFO - EAN: 3036522698491
[2025-05-13T11:39:50.463+0000] {logging_mixin.py:188} INFO - UPC: 157490814750
[2025-05-13T11:39:50.463+0000] {logging_mixin.py:188} INFO - Image: http://placeimg.com/640/480/tech
[2025-05-13T11:39:50.463+0000] {logging_mixin.py:188} INFO - Net Price: 428.87
[2025-05-13T11:39:50.464+0000] {logging_mixin.py:188} INFO - Taxes: 22.0
[2025-05-13T11:39:50.464+0000] {logging_mixin.py:188} INFO - Price: 523.22
[2025-05-13T11:39:50.468+0000] {logging_mixin.py:188} INFO - 
✅ Inserted 10 products successfully.
[2025-05-13T11:39:50.469+0000] {logging_mixin.py:188} INFO - 🔒 DB connection closed.
[2025-05-13T11:39:50.469+0000] {python.py:237} INFO - Done. Returned value was: None
[2025-05-13T11:39:50.470+0000] {taskinstance.py:441} INFO - ::group::Post task execution logs
[2025-05-13T11:39:50.758+0000] {taskinstance.py:1206} INFO - Marking task as SUCCESS. dag_id=random_user_pipeline, task_id=insert_***, run_id=manual__2025-05-13T11:39:35.397717+00:00, execution_date=20250513T113935, start_date=20250513T113946, end_date=20250513T113950
[2025-05-13T11:39:50.779+0000] {local_task_job_runner.py:240} INFO - Task exited with return code 0
[2025-05-13T11:39:51.199+0000] {taskinstance.py:3503} INFO - 0 downstream tasks scheduled from follow-on schedule check
[2025-05-13T11:39:51.202+0000] {local_task_job_runner.py:222} INFO - ::endgroup::
