[2025-05-20T04:17:12.292+0000] {local_task_job_runner.py:120} INFO - ::group::Pre task execution logs
[2025-05-20T04:17:12.511+0000] {taskinstance.py:2076} INFO - Dependencies all met for dep_context=non-requeueable deps ti=<TaskInstance: random_user_pipeline.insert_postgres manual__2025-05-20T04:16:01.075655+00:00 [queued]>
[2025-05-20T04:17:12.523+0000] {taskinstance.py:2076} INFO - Dependencies all met for dep_context=requeueable deps ti=<TaskInstance: random_user_pipeline.insert_postgres manual__2025-05-20T04:16:01.075655+00:00 [queued]>
[2025-05-20T04:17:12.525+0000] {taskinstance.py:2306} INFO - Starting attempt 2 of 2
[2025-05-20T04:17:12.542+0000] {taskinstance.py:2330} INFO - Executing <Task(PythonOperator): insert_postgres> on 2025-05-20 04:16:01.075655+00:00
[2025-05-20T04:17:12.547+0000] {standard_task_runner.py:90} INFO - Running: ['airflow', 'tasks', 'run', 'random_user_pipeline', 'insert_***', 'manual__2025-05-20T04:16:01.075655+00:00', '--job-id', '308', '--raw', '--subdir', 'DAGS_FOLDER/random_user_pipeline.py', '--cfg-path', '/tmp/tmp5gspcmbj']
[2025-05-20T04:17:12.549+0000] {standard_task_runner.py:91} INFO - Job 308: Subtask insert_***
[2025-05-20T04:17:12.549+0000] {logging_mixin.py:188} WARNING - /home/airflow/.local/lib/python3.12/site-packages/airflow/task/task_runner/standard_task_runner.py:61 DeprecationWarning: This process (pid=256) is multi-threaded, use of fork() may lead to deadlocks in the child.
[2025-05-20T04:17:12.550+0000] {standard_task_runner.py:63} INFO - Started process 257 to run task
[2025-05-20T04:17:13.200+0000] {task_command.py:426} INFO - Running <TaskInstance: random_user_pipeline.insert_postgres manual__2025-05-20T04:16:01.075655+00:00 [running]> on host 682e9244635f
[2025-05-20T04:17:14.331+0000] {taskinstance.py:2648} INFO - Exporting env vars: AIRFLOW_CTX_DAG_EMAIL='papala.ramesh@quation.in,smilesoframs@gmail.com,ramesh.rams333@gmail.com' AIRFLOW_CTX_DAG_OWNER='airflow' AIRFLOW_CTX_DAG_ID='random_user_pipeline' AIRFLOW_CTX_TASK_ID='insert_***' AIRFLOW_CTX_EXECUTION_DATE='2025-05-20T04:16:01.075655+00:00' AIRFLOW_CTX_TRY_NUMBER='2' AIRFLOW_CTX_DAG_RUN_ID='manual__2025-05-20T04:16:01.075655+00:00'
[2025-05-20T04:17:14.333+0000] {taskinstance.py:430} INFO - ::endgroup::
[2025-05-20T04:17:14.344+0000] {taskinstance.py:441} INFO - ::group::Post task execution logs
[2025-05-20T04:17:14.345+0000] {taskinstance.py:2905} ERROR - Task failed with exception
Traceback (most recent call last):
  File "/home/airflow/.local/lib/python3.12/site-packages/airflow/models/taskinstance.py", line 465, in _execute_task
    result = _execute_callable(context=context, **execute_callable_kwargs)
             ^^^^^^^^^^^^^^^^^^^^^^^^^^^^^^^^^^^^^^^^^^^^^^^^^^^^^^^^^^^^^
  File "/home/airflow/.local/lib/python3.12/site-packages/airflow/models/taskinstance.py", line 432, in _execute_callable
    return execute_callable(context=context, **execute_callable_kwargs)
           ^^^^^^^^^^^^^^^^^^^^^^^^^^^^^^^^^^^^^^^^^^^^^^^^^^^^^^^^^^^^
  File "/home/airflow/.local/lib/python3.12/site-packages/airflow/models/baseoperator.py", line 401, in wrapper
    return func(self, *args, **kwargs)
           ^^^^^^^^^^^^^^^^^^^^^^^^^^^
  File "/home/airflow/.local/lib/python3.12/site-packages/airflow/operators/python.py", line 235, in execute
    return_value = self.execute_callable()
                   ^^^^^^^^^^^^^^^^^^^^^^^
  File "/home/airflow/.local/lib/python3.12/site-packages/airflow/operators/python.py", line 252, in execute_callable
    return self.python_callable(*self.op_args, **self.op_kwargs)
           ^^^^^^^^^^^^^^^^^^^^^^^^^^^^^^^^^^^^^^^^^^^^^^^^^^^^^
  File "/opt/airflow/dags/storage/postgres_loader/write_to_postgres.py", line 18, in write_to_postgres
    if isinstance(data, str):
                  ^^^^
UnboundLocalError: cannot access local variable 'data' where it is not associated with a value
[2025-05-20T04:17:14.579+0000] {taskinstance.py:1206} INFO - Marking task as FAILED. dag_id=random_user_pipeline, task_id=insert_***, run_id=manual__2025-05-20T04:16:01.075655+00:00, execution_date=20250520T041601, start_date=20250520T041712, end_date=20250520T041714
[2025-05-20T04:17:14.607+0000] {logging_mixin.py:188} WARNING - /home/airflow/.local/lib/python3.12/site-packages/airflow/utils/email.py:154 RemovedInAirflow3Warning: Fetching SMTP credentials from configuration variables will be deprecated in a future release. Please set credentials using a connection instead.
[2025-05-20T04:17:14.607+0000] {email.py:271} INFO - Email alerting: attempt 1
[2025-05-20T04:17:15.851+0000] {email.py:282} INFO - Sent an alert email to ['papala.ramesh@quation.in', 'smilesoframs@gmail.com', 'ramesh.rams333@gmail.com']
[2025-05-20T04:17:18.228+0000] {standard_task_runner.py:110} ERROR - Failed to execute job 308 for task insert_*** (cannot access local variable 'data' where it is not associated with a value; 257)
[2025-05-20T04:17:18.254+0000] {local_task_job_runner.py:240} INFO - Task exited with return code 1
[2025-05-20T04:17:18.515+0000] {logging_mixin.py:188} WARNING - /home/airflow/.local/lib/python3.12/site-packages/airflow/models/baseoperator.py:1297 AirflowProviderDeprecationWarning: Call to deprecated class PostgresOperator. (Please use `airflow.providers.common.sql.operators.sql.SQLExecuteQueryOperator`.Also, you can provide `hook_params={'schema': <database>}`.)
[2025-05-20T04:17:18.533+0000] {taskinstance.py:3503} INFO - 0 downstream tasks scheduled from follow-on schedule check
[2025-05-20T04:17:18.535+0000] {local_task_job_runner.py:222} INFO - ::endgroup::
