[2025-05-22T13:43:23.952+0000] {local_task_job_runner.py:120} INFO - ::group::Pre task execution logs
[2025-05-22T13:43:24.241+0000] {taskinstance.py:2076} INFO - Dependencies all met for dep_context=non-requeueable deps ti=<TaskInstance: random_user_pipeline.send_summary_email manual__2025-05-22T13:43:10.358087+00:00 [queued]>
[2025-05-22T13:43:24.251+0000] {taskinstance.py:2076} INFO - Dependencies all met for dep_context=requeueable deps ti=<TaskInstance: random_user_pipeline.send_summary_email manual__2025-05-22T13:43:10.358087+00:00 [queued]>
[2025-05-22T13:43:24.252+0000] {taskinstance.py:2306} INFO - Starting attempt 1 of 2
[2025-05-22T13:43:24.265+0000] {taskinstance.py:2330} INFO - Executing <Task(EmailOperator): send_summary_email> on 2025-05-22 13:43:10.358087+00:00
[2025-05-22T13:43:24.271+0000] {logging_mixin.py:188} WARNING - /home/airflow/.local/lib/python3.12/site-packages/airflow/task/task_runner/standard_task_runner.py:61 DeprecationWarning: This process (pid=220) is multi-threaded, use of fork() may lead to deadlocks in the child.
[2025-05-22T13:43:24.272+0000] {standard_task_runner.py:63} INFO - Started process 221 to run task
[2025-05-22T13:43:24.271+0000] {standard_task_runner.py:90} INFO - Running: ['airflow', 'tasks', 'run', 'random_user_pipeline', 'send_summary_email', 'manual__2025-05-22T13:43:10.358087+00:00', '--job-id', '421', '--raw', '--subdir', 'DAGS_FOLDER/random_user_pipeline.py', '--cfg-path', '/tmp/tmpdvlmo4ef']
[2025-05-22T13:43:24.273+0000] {standard_task_runner.py:91} INFO - Job 421: Subtask send_summary_email
[2025-05-22T13:43:25.210+0000] {task_command.py:426} INFO - Running <TaskInstance: random_user_pipeline.send_summary_email manual__2025-05-22T13:43:10.358087+00:00 [running]> on host ef7940912deb
[2025-05-22T13:43:28.317+0000] {taskinstance.py:2648} INFO - Exporting env vars: AIRFLOW_CTX_DAG_EMAIL='papala.ramesh@quation.in,smilesoframs@gmail.com,ramesh.rams333@gmail.com' AIRFLOW_CTX_DAG_OWNER='airflow' AIRFLOW_CTX_DAG_ID='random_user_pipeline' AIRFLOW_CTX_TASK_ID='send_summary_email' AIRFLOW_CTX_EXECUTION_DATE='2025-05-22T13:43:10.358087+00:00' AIRFLOW_CTX_TRY_NUMBER='1' AIRFLOW_CTX_DAG_RUN_ID='manual__2025-05-22T13:43:10.358087+00:00'
[2025-05-22T13:43:28.318+0000] {taskinstance.py:430} INFO - ::endgroup::
[2025-05-22T13:43:28.531+0000] {logging_mixin.py:188} WARNING - /home/airflow/.local/lib/python3.12/site-packages/airflow/utils/email.py:154 RemovedInAirflow3Warning: Fetching SMTP credentials from configuration variables will be deprecated in a future release. Please set credentials using a connection instead.
[2025-05-22T13:43:28.532+0000] {email.py:271} INFO - Email alerting: attempt 1
[2025-05-22T13:43:29.814+0000] {email.py:282} INFO - Sent an alert email to ['papala.ramesh@quation.in', 'smilesoframs@gmail.com', 'ramesh.rams333@gmail.com']
[2025-05-22T13:43:31.790+0000] {taskinstance.py:441} INFO - ::group::Post task execution logs
[2025-05-22T13:43:32.041+0000] {taskinstance.py:1206} INFO - Marking task as SUCCESS. dag_id=random_user_pipeline, task_id=send_summary_email, run_id=manual__2025-05-22T13:43:10.358087+00:00, execution_date=20250522T134310, start_date=20250522T134324, end_date=20250522T134332
[2025-05-22T13:43:32.100+0000] {local_task_job_runner.py:240} INFO - Task exited with return code 0
[2025-05-22T13:43:32.324+0000] {taskinstance.py:3503} INFO - 0 downstream tasks scheduled from follow-on schedule check
[2025-05-22T13:43:32.327+0000] {local_task_job_runner.py:222} INFO - ::endgroup::
