[2025-05-16T06:58:50.253+0000] {local_task_job_runner.py:120} INFO - ::group::Pre task execution logs
[2025-05-16T06:58:50.749+0000] {taskinstance.py:2076} INFO - Dependencies all met for dep_context=non-requeueable deps ti=<TaskInstance: random_user_pipeline.insert_postgres manual__2025-05-16T06:58:36.217625+00:00 [queued]>
[2025-05-16T06:58:50.769+0000] {taskinstance.py:2076} INFO - Dependencies all met for dep_context=requeueable deps ti=<TaskInstance: random_user_pipeline.insert_postgres manual__2025-05-16T06:58:36.217625+00:00 [queued]>
[2025-05-16T06:58:50.771+0000] {taskinstance.py:2306} INFO - Starting attempt 1 of 2
[2025-05-16T06:58:50.800+0000] {taskinstance.py:2330} INFO - Executing <Task(PythonOperator): insert_postgres> on 2025-05-16 06:58:36.217625+00:00
[2025-05-16T06:58:50.813+0000] {logging_mixin.py:188} WARNING - /home/airflow/.local/lib/python3.12/site-packages/airflow/task/task_runner/standard_task_runner.py:61 DeprecationWarning: This process (pid=226) is multi-threaded, use of fork() may lead to deadlocks in the child.
[2025-05-16T06:58:50.815+0000] {standard_task_runner.py:63} INFO - Started process 227 to run task
[2025-05-16T06:58:50.812+0000] {standard_task_runner.py:90} INFO - Running: ['airflow', 'tasks', 'run', 'random_user_pipeline', 'insert_***', 'manual__2025-05-16T06:58:36.217625+00:00', '--job-id', '246', '--raw', '--subdir', 'DAGS_FOLDER/random_user_pipeline.py', '--cfg-path', '/tmp/tmpjcfssqvy']
[2025-05-16T06:58:50.817+0000] {standard_task_runner.py:91} INFO - Job 246: Subtask insert_***
[2025-05-16T06:58:52.201+0000] {task_command.py:426} INFO - Running <TaskInstance: random_user_pipeline.insert_postgres manual__2025-05-16T06:58:36.217625+00:00 [running]> on host 55f744d14f9d
[2025-05-16T06:58:54.627+0000] {taskinstance.py:2648} INFO - Exporting env vars: AIRFLOW_CTX_DAG_EMAIL='papala.ramesh@quation.in,smilesoframs@gmail.com,ramesh.rams333@gmail.com' AIRFLOW_CTX_DAG_OWNER='airflow' AIRFLOW_CTX_DAG_ID='random_user_pipeline' AIRFLOW_CTX_TASK_ID='insert_***' AIRFLOW_CTX_EXECUTION_DATE='2025-05-16T06:58:36.217625+00:00' AIRFLOW_CTX_TRY_NUMBER='1' AIRFLOW_CTX_DAG_RUN_ID='manual__2025-05-16T06:58:36.217625+00:00'
[2025-05-16T06:58:54.629+0000] {taskinstance.py:430} INFO - ::endgroup::
[2025-05-16T06:58:54.650+0000] {logging_mixin.py:188} INFO - Parsed using ast.literal_eval (Python dict string).
[2025-05-16T06:58:55.115+0000] {logging_mixin.py:188} INFO - ✅ Database connection established.
[2025-05-16T06:58:55.119+0000] {logging_mixin.py:188} INFO - ✅ Table ready.
[2025-05-16T06:58:55.120+0000] {logging_mixin.py:188} INFO - 
--- Inserting product ---
[2025-05-16T06:58:55.121+0000] {logging_mixin.py:188} INFO - Name: Sint quia sit voluptas et.
[2025-05-16T06:58:55.121+0000] {logging_mixin.py:188} INFO - Description: Amet autem vero labore vitae ut. Numquam autem magnam enim inventore doloribus. Corrupti occaecati est eius voluptatem nulla id dolorem. Labore doloribus consectetur aperiam et impedit.
[2025-05-16T06:58:55.122+0000] {logging_mixin.py:188} INFO - EAN: 5363055144583
[2025-05-16T06:58:55.122+0000] {logging_mixin.py:188} INFO - UPC: 209957831632
[2025-05-16T06:58:55.123+0000] {logging_mixin.py:188} INFO - Image: http://placeimg.com/640/480/tech
[2025-05-16T06:58:55.123+0000] {logging_mixin.py:188} INFO - Net Price: 16738123.99
[2025-05-16T06:58:55.124+0000] {logging_mixin.py:188} INFO - Taxes: 22.0
[2025-05-16T06:58:55.125+0000] {logging_mixin.py:188} INFO - Price: 20420511.27
[2025-05-16T06:58:55.130+0000] {logging_mixin.py:188} INFO - 
--- Inserting product ---
[2025-05-16T06:58:55.131+0000] {logging_mixin.py:188} INFO - Name: Fugiat quasi laboriosam in.
[2025-05-16T06:58:55.132+0000] {logging_mixin.py:188} INFO - Description: In dolor dolores vel exercitationem minima. Et eum laudantium vel. Quia totam harum tempora architecto. Et at inventore aut temporibus reiciendis odio.
[2025-05-16T06:58:55.133+0000] {logging_mixin.py:188} INFO - EAN: 4795773573696
[2025-05-16T06:58:55.134+0000] {logging_mixin.py:188} INFO - UPC: 116140325028
[2025-05-16T06:58:55.134+0000] {logging_mixin.py:188} INFO - Image: http://placeimg.com/640/480/tech
[2025-05-16T06:58:55.135+0000] {logging_mixin.py:188} INFO - Net Price: 2.33
[2025-05-16T06:58:55.136+0000] {logging_mixin.py:188} INFO - Taxes: 22.0
[2025-05-16T06:58:55.136+0000] {logging_mixin.py:188} INFO - Price: 2.84
[2025-05-16T06:58:55.139+0000] {logging_mixin.py:188} INFO - 
--- Inserting product ---
[2025-05-16T06:58:55.139+0000] {logging_mixin.py:188} INFO - Name: Ipsa autem eius esse sint.
[2025-05-16T06:58:55.140+0000] {logging_mixin.py:188} INFO - Description: Dolorum inventore eius tempore minima. Ipsa deleniti ipsa voluptatem laboriosam. Saepe similique omnis provident veritatis itaque ipsa.
[2025-05-16T06:58:55.141+0000] {logging_mixin.py:188} INFO - EAN: 7948268535434
[2025-05-16T06:58:55.141+0000] {logging_mixin.py:188} INFO - UPC: 717120915202
[2025-05-16T06:58:55.142+0000] {logging_mixin.py:188} INFO - Image: http://placeimg.com/640/480/tech
[2025-05-16T06:58:55.142+0000] {logging_mixin.py:188} INFO - Net Price: 8138949.45
[2025-05-16T06:58:55.143+0000] {logging_mixin.py:188} INFO - Taxes: 22.0
[2025-05-16T06:58:55.143+0000] {logging_mixin.py:188} INFO - Price: 9929518.33
[2025-05-16T06:58:55.145+0000] {logging_mixin.py:188} INFO - 
--- Inserting product ---
[2025-05-16T06:58:55.146+0000] {logging_mixin.py:188} INFO - Name: Id impedit qui cupiditate.
[2025-05-16T06:58:55.147+0000] {logging_mixin.py:188} INFO - Description: Totam fugit doloribus accusantium veritatis. Est sed quia laudantium vitae modi. Explicabo ratione facilis optio vitae quo harum. Corporis quia fuga doloribus dolores id.
[2025-05-16T06:58:55.147+0000] {logging_mixin.py:188} INFO - EAN: 8653518737658
[2025-05-16T06:58:55.148+0000] {logging_mixin.py:188} INFO - UPC: 177770393211
[2025-05-16T06:58:55.149+0000] {logging_mixin.py:188} INFO - Image: http://placeimg.com/640/480/tech
[2025-05-16T06:58:55.149+0000] {logging_mixin.py:188} INFO - Net Price: 1439.14
[2025-05-16T06:58:55.150+0000] {logging_mixin.py:188} INFO - Taxes: 22.0
[2025-05-16T06:58:55.150+0000] {logging_mixin.py:188} INFO - Price: 1755.75
[2025-05-16T06:58:55.152+0000] {logging_mixin.py:188} INFO - 
--- Inserting product ---
[2025-05-16T06:58:55.153+0000] {logging_mixin.py:188} INFO - Name: Quia omnis consequuntur amet.
[2025-05-16T06:58:55.154+0000] {logging_mixin.py:188} INFO - Description: Optio illum voluptatibus occaecati velit hic mollitia. Culpa consequatur nostrum hic inventore laudantium. Est ut sunt enim. Quos iure blanditiis quod omnis assumenda doloremque enim rerum.
[2025-05-16T06:58:55.154+0000] {logging_mixin.py:188} INFO - EAN: 8701108508475
[2025-05-16T06:58:55.155+0000] {logging_mixin.py:188} INFO - UPC: 009897040569
[2025-05-16T06:58:55.155+0000] {logging_mixin.py:188} INFO - Image: http://placeimg.com/640/480/tech
[2025-05-16T06:58:55.156+0000] {logging_mixin.py:188} INFO - Net Price: 0.67
[2025-05-16T06:58:55.157+0000] {logging_mixin.py:188} INFO - Taxes: 22.0
[2025-05-16T06:58:55.157+0000] {logging_mixin.py:188} INFO - Price: 0.82
[2025-05-16T06:58:55.159+0000] {logging_mixin.py:188} INFO - 
--- Inserting product ---
[2025-05-16T06:58:55.160+0000] {logging_mixin.py:188} INFO - Name: Ea aut quo et.
[2025-05-16T06:58:55.160+0000] {logging_mixin.py:188} INFO - Description: Aut doloremque occaecati quos temporibus nihil ipsum ut debitis. Tempore enim quidem ut placeat nihil eligendi. Aut maxime quia et in consequatur eius quia.
[2025-05-16T06:58:55.161+0000] {logging_mixin.py:188} INFO - EAN: 7106694225231
[2025-05-16T06:58:55.161+0000] {logging_mixin.py:188} INFO - UPC: 060746995384
[2025-05-16T06:58:55.162+0000] {logging_mixin.py:188} INFO - Image: http://placeimg.com/640/480/tech
[2025-05-16T06:58:55.162+0000] {logging_mixin.py:188} INFO - Net Price: 61013326.41
[2025-05-16T06:58:55.163+0000] {logging_mixin.py:188} INFO - Taxes: 22.0
[2025-05-16T06:58:55.163+0000] {logging_mixin.py:188} INFO - Price: 74436258.22
[2025-05-16T06:58:55.165+0000] {logging_mixin.py:188} INFO - 
--- Inserting product ---
[2025-05-16T06:58:55.166+0000] {logging_mixin.py:188} INFO - Name: Alias ea dolor tempore.
[2025-05-16T06:58:55.166+0000] {logging_mixin.py:188} INFO - Description: Nihil corrupti non repellat recusandae. Assumenda laborum debitis maxime est. Et aperiam in quidem voluptatem. Quod quaerat laborum excepturi odit architecto.
[2025-05-16T06:58:55.167+0000] {logging_mixin.py:188} INFO - EAN: 4358297827395
[2025-05-16T06:58:55.167+0000] {logging_mixin.py:188} INFO - UPC: 463332256223
[2025-05-16T06:58:55.168+0000] {logging_mixin.py:188} INFO - Image: http://placeimg.com/640/480/tech
[2025-05-16T06:58:55.168+0000] {logging_mixin.py:188} INFO - Net Price: 169539437.44
[2025-05-16T06:58:55.169+0000] {logging_mixin.py:188} INFO - Taxes: 22.0
[2025-05-16T06:58:55.170+0000] {logging_mixin.py:188} INFO - Price: 206838113.68
[2025-05-16T06:58:55.171+0000] {logging_mixin.py:188} INFO - 
--- Inserting product ---
[2025-05-16T06:58:55.172+0000] {logging_mixin.py:188} INFO - Name: Ad maiores et aut quas.
[2025-05-16T06:58:55.172+0000] {logging_mixin.py:188} INFO - Description: Voluptatem ea ea nihil. Eveniet vel unde vel id voluptatem aut. Perferendis consequatur voluptate ex consectetur quo. Et enim id eos tenetur magnam.
[2025-05-16T06:58:55.173+0000] {logging_mixin.py:188} INFO - EAN: 0405589649372
[2025-05-16T06:58:55.173+0000] {logging_mixin.py:188} INFO - UPC: 227612406337
[2025-05-16T06:58:55.174+0000] {logging_mixin.py:188} INFO - Image: http://placeimg.com/640/480/tech
[2025-05-16T06:58:55.175+0000] {logging_mixin.py:188} INFO - Net Price: 30133.33
[2025-05-16T06:58:55.176+0000] {logging_mixin.py:188} INFO - Taxes: 22.0
[2025-05-16T06:58:55.176+0000] {logging_mixin.py:188} INFO - Price: 36762.66
[2025-05-16T06:58:55.178+0000] {logging_mixin.py:188} INFO - 
--- Inserting product ---
[2025-05-16T06:58:55.178+0000] {logging_mixin.py:188} INFO - Name: Non nisi quo blanditiis.
[2025-05-16T06:58:55.179+0000] {logging_mixin.py:188} INFO - Description: Tenetur aperiam eum dolor saepe libero vel ut ea. Enim placeat occaecati esse quaerat dolor. Excepturi sed et ut aut iste et. Consequatur nihil sit et veniam debitis exercitationem.
[2025-05-16T06:58:55.180+0000] {logging_mixin.py:188} INFO - EAN: 9636575864153
[2025-05-16T06:58:55.180+0000] {logging_mixin.py:188} INFO - UPC: 740055851549
[2025-05-16T06:58:55.181+0000] {logging_mixin.py:188} INFO - Image: http://placeimg.com/640/480/tech
[2025-05-16T06:58:55.181+0000] {logging_mixin.py:188} INFO - Net Price: 5064.98
[2025-05-16T06:58:55.182+0000] {logging_mixin.py:188} INFO - Taxes: 22.0
[2025-05-16T06:58:55.182+0000] {logging_mixin.py:188} INFO - Price: 6179.28
[2025-05-16T06:58:55.185+0000] {logging_mixin.py:188} INFO - 
--- Inserting product ---
[2025-05-16T06:58:55.185+0000] {logging_mixin.py:188} INFO - Name: Itaque omnis id quam unde.
[2025-05-16T06:58:55.186+0000] {logging_mixin.py:188} INFO - Description: Ea enim necessitatibus magni optio. Cupiditate recusandae quibusdam accusamus quia adipisci voluptas. Qui harum libero debitis id.
[2025-05-16T06:58:55.187+0000] {logging_mixin.py:188} INFO - EAN: 4990966615508
[2025-05-16T06:58:55.188+0000] {logging_mixin.py:188} INFO - UPC: 410125242361
[2025-05-16T06:58:55.188+0000] {logging_mixin.py:188} INFO - Image: http://placeimg.com/640/480/tech
[2025-05-16T06:58:55.189+0000] {logging_mixin.py:188} INFO - Net Price: 4607924.0
[2025-05-16T06:58:55.189+0000] {logging_mixin.py:188} INFO - Taxes: 22.0
[2025-05-16T06:58:55.190+0000] {logging_mixin.py:188} INFO - Price: 5621667.28
[2025-05-16T06:58:55.195+0000] {logging_mixin.py:188} INFO - 
✅ Inserted 10 products successfully.
[2025-05-16T06:58:55.196+0000] {logging_mixin.py:188} INFO - 🔒 DB connection closed.
[2025-05-16T06:58:55.197+0000] {python.py:237} INFO - Done. Returned value was: None
[2025-05-16T06:58:55.197+0000] {taskinstance.py:441} INFO - ::group::Post task execution logs
[2025-05-16T06:58:55.657+0000] {taskinstance.py:1206} INFO - Marking task as SUCCESS. dag_id=random_user_pipeline, task_id=insert_***, run_id=manual__2025-05-16T06:58:36.217625+00:00, execution_date=20250516T065836, start_date=20250516T065850, end_date=20250516T065855
[2025-05-16T06:58:55.708+0000] {local_task_job_runner.py:240} INFO - Task exited with return code 0
[2025-05-16T06:58:56.142+0000] {taskinstance.py:3503} INFO - 0 downstream tasks scheduled from follow-on schedule check
[2025-05-16T06:58:56.146+0000] {local_task_job_runner.py:222} INFO - ::endgroup::
