[2025-06-03T03:24:49.047+0000] {local_task_job_runner.py:120} INFO - ::group::Pre task execution logs
[2025-06-03T03:24:49.371+0000] {taskinstance.py:2076} INFO - Dependencies all met for dep_context=non-requeueable deps ti=<TaskInstance: random_user_pipeline.wait_for_existing_data scheduled__2025-06-02T00:00:00+00:00 [queued]>
[2025-06-03T03:24:49.392+0000] {taskinstance.py:2076} INFO - Dependencies all met for dep_context=requeueable deps ti=<TaskInstance: random_user_pipeline.wait_for_existing_data scheduled__2025-06-02T00:00:00+00:00 [queued]>
[2025-06-03T03:24:49.393+0000] {taskinstance.py:2306} INFO - Starting attempt 2 of 2
[2025-06-03T03:24:49.429+0000] {taskinstance.py:2330} INFO - Executing <Task(SqlSensor): wait_for_existing_data> on 2025-06-02 00:00:00+00:00
[2025-06-03T03:24:49.439+0000] {logging_mixin.py:188} WARNING - /home/airflow/.local/lib/python3.12/site-packages/airflow/task/task_runner/standard_task_runner.py:61 DeprecationWarning: This process (pid=177) is multi-threaded, use of fork() may lead to deadlocks in the child.
[2025-06-03T03:24:49.440+0000] {standard_task_runner.py:63} INFO - Started process 184 to run task
[2025-06-03T03:24:49.438+0000] {standard_task_runner.py:90} INFO - Running: ['airflow', 'tasks', 'run', 'random_user_pipeline', 'wait_for_existing_data', 'scheduled__2025-06-02T00:00:00+00:00', '--job-id', '455', '--raw', '--subdir', 'DAGS_FOLDER/random_user_pipeline.py', '--cfg-path', '/tmp/tmpc8w34d_0']
[2025-06-03T03:24:49.442+0000] {standard_task_runner.py:91} INFO - Job 455: Subtask wait_for_existing_data
[2025-06-03T03:24:50.713+0000] {task_command.py:426} INFO - Running <TaskInstance: random_user_pipeline.wait_for_existing_data scheduled__2025-06-02T00:00:00+00:00 [running]> on host 87db888b1009
[2025-06-03T03:24:51.743+0000] {taskinstance.py:2648} INFO - Exporting env vars: AIRFLOW_CTX_DAG_EMAIL='papala.ramesh@quation.in,smilesoframs@gmail.com' AIRFLOW_CTX_DAG_OWNER='airflow' AIRFLOW_CTX_DAG_ID='random_user_pipeline' AIRFLOW_CTX_TASK_ID='wait_for_existing_data' AIRFLOW_CTX_EXECUTION_DATE='2025-06-02T00:00:00+00:00' AIRFLOW_CTX_TRY_NUMBER='2' AIRFLOW_CTX_DAG_RUN_ID='scheduled__2025-06-02T00:00:00+00:00'
[2025-06-03T03:24:51.744+0000] {taskinstance.py:430} INFO - ::endgroup::
[2025-06-03T03:24:51.783+0000] {crypto.py:82} WARNING - empty cryptography key - values will not be stored encrypted.
[2025-06-03T03:24:51.784+0000] {base.py:84} INFO - Using connection ID '***_default' for task execution.
[2025-06-03T03:24:51.791+0000] {sql.py:95} INFO - Poking: SELECT 1 FROM products WHERE DATE(created_at) = CURRENT_DATE LIMIT 1; (with parameters None)
[2025-06-03T03:24:51.792+0000] {base.py:84} INFO - Using connection ID '***_default' for task execution.
[2025-06-03T03:24:52.095+0000] {sql.py:487} INFO - Running statement: SELECT 1 FROM products WHERE DATE(created_at) = CURRENT_DATE LIMIT 1;, parameters: None
[2025-06-03T03:24:52.100+0000] {sql.py:496} INFO - Rows affected: 0
[2025-06-03T03:25:22.101+0000] {base.py:84} INFO - Using connection ID '***_default' for task execution.
[2025-06-03T03:25:22.102+0000] {sql.py:95} INFO - Poking: SELECT 1 FROM products WHERE DATE(created_at) = CURRENT_DATE LIMIT 1; (with parameters None)
[2025-06-03T03:25:22.103+0000] {base.py:84} INFO - Using connection ID '***_default' for task execution.
[2025-06-03T03:25:23.795+0000] {sql.py:487} INFO - Running statement: SELECT 1 FROM products WHERE DATE(created_at) = CURRENT_DATE LIMIT 1;, parameters: None
[2025-06-03T03:25:23.799+0000] {sql.py:496} INFO - Rows affected: 0
[2025-06-03T03:25:53.802+0000] {base.py:84} INFO - Using connection ID '***_default' for task execution.
[2025-06-03T03:25:53.803+0000] {sql.py:95} INFO - Poking: SELECT 1 FROM products WHERE DATE(created_at) = CURRENT_DATE LIMIT 1; (with parameters None)
[2025-06-03T03:25:53.805+0000] {base.py:84} INFO - Using connection ID '***_default' for task execution.
[2025-06-03T03:25:54.228+0000] {sql.py:487} INFO - Running statement: SELECT 1 FROM products WHERE DATE(created_at) = CURRENT_DATE LIMIT 1;, parameters: None
[2025-06-03T03:25:54.234+0000] {sql.py:496} INFO - Rows affected: 0
[2025-06-03T03:26:24.236+0000] {base.py:84} INFO - Using connection ID '***_default' for task execution.
[2025-06-03T03:26:24.237+0000] {sql.py:95} INFO - Poking: SELECT 1 FROM products WHERE DATE(created_at) = CURRENT_DATE LIMIT 1; (with parameters None)
[2025-06-03T03:26:24.238+0000] {base.py:84} INFO - Using connection ID '***_default' for task execution.
[2025-06-03T03:26:24.413+0000] {sql.py:487} INFO - Running statement: SELECT 1 FROM products WHERE DATE(created_at) = CURRENT_DATE LIMIT 1;, parameters: None
[2025-06-03T03:26:24.418+0000] {sql.py:496} INFO - Rows affected: 0
[2025-06-03T03:26:54.419+0000] {base.py:84} INFO - Using connection ID '***_default' for task execution.
[2025-06-03T03:26:54.420+0000] {sql.py:95} INFO - Poking: SELECT 1 FROM products WHERE DATE(created_at) = CURRENT_DATE LIMIT 1; (with parameters None)
[2025-06-03T03:26:54.421+0000] {base.py:84} INFO - Using connection ID '***_default' for task execution.
[2025-06-03T03:26:54.628+0000] {sql.py:487} INFO - Running statement: SELECT 1 FROM products WHERE DATE(created_at) = CURRENT_DATE LIMIT 1;, parameters: None
[2025-06-03T03:26:54.631+0000] {sql.py:496} INFO - Rows affected: 0
[2025-06-03T03:26:54.632+0000] {taskinstance.py:441} INFO - ::group::Post task execution logs
[2025-06-03T03:26:54.633+0000] {taskinstance.py:2905} ERROR - Task failed with exception
Traceback (most recent call last):
  File "/home/airflow/.local/lib/python3.12/site-packages/airflow/models/taskinstance.py", line 465, in _execute_task
    result = _execute_callable(context=context, **execute_callable_kwargs)
             ^^^^^^^^^^^^^^^^^^^^^^^^^^^^^^^^^^^^^^^^^^^^^^^^^^^^^^^^^^^^^
  File "/home/airflow/.local/lib/python3.12/site-packages/airflow/models/taskinstance.py", line 432, in _execute_callable
    return execute_callable(context=context, **execute_callable_kwargs)
           ^^^^^^^^^^^^^^^^^^^^^^^^^^^^^^^^^^^^^^^^^^^^^^^^^^^^^^^^^^^^
  File "/home/airflow/.local/lib/python3.12/site-packages/airflow/models/baseoperator.py", line 401, in wrapper
    return func(self, *args, **kwargs)
           ^^^^^^^^^^^^^^^^^^^^^^^^^^^
  File "/home/airflow/.local/lib/python3.12/site-packages/airflow/sensors/base.py", line 281, in execute
    raise AirflowSensorTimeout(message)
airflow.exceptions.AirflowSensorTimeout: Sensor has timed out; run duration of 122.856007488 seconds exceeds the specified timeout of 120.0.
[2025-06-03T03:26:54.844+0000] {taskinstance.py:1206} INFO - Immediate failure requested. Marking task as FAILED. dag_id=random_user_pipeline, task_id=wait_for_existing_data, run_id=scheduled__2025-06-02T00:00:00+00:00, execution_date=20250602T000000, start_date=20250603T032449, end_date=20250603T032654
[2025-06-03T03:26:54.875+0000] {logging_mixin.py:188} WARNING - /home/airflow/.local/lib/python3.12/site-packages/airflow/utils/email.py:154 RemovedInAirflow3Warning: Fetching SMTP credentials from configuration variables will be deprecated in a future release. Please set credentials using a connection instead.
[2025-06-03T03:26:54.875+0000] {email.py:271} INFO - Email alerting: attempt 1
[2025-06-03T03:26:56.165+0000] {email.py:282} INFO - Sent an alert email to ['papala.ramesh@quation.in', 'smilesoframs@gmail.com']
[2025-06-03T03:26:58.808+0000] {standard_task_runner.py:110} ERROR - Failed to execute job 455 for task wait_for_existing_data (Sensor has timed out; run duration of 122.856007488 seconds exceeds the specified timeout of 120.0.; 184)
[2025-06-03T03:26:58.998+0000] {local_task_job_runner.py:240} INFO - Task exited with return code 1
[2025-06-03T03:26:59.229+0000] {logging_mixin.py:188} WARNING - /home/airflow/.local/lib/python3.12/site-packages/airflow/models/baseoperator.py:1297 AirflowProviderDeprecationWarning: Call to deprecated class PostgresOperator. (Please use `airflow.providers.common.sql.operators.sql.SQLExecuteQueryOperator`.Also, you can provide `hook_params={'schema': <database>}`.)
[2025-06-03T03:26:59.254+0000] {taskinstance.py:3503} INFO - 0 downstream tasks scheduled from follow-on schedule check
[2025-06-03T03:26:59.260+0000] {local_task_job_runner.py:222} INFO - ::endgroup::
