[2025-04-29T15:49:38.715+0000] {local_task_job_runner.py:120} INFO - ::group::Pre task execution logs
[2025-04-29T15:49:38.951+0000] {taskinstance.py:2076} INFO - Dependencies all met for dep_context=non-requeueable deps ti=<TaskInstance: random_user_pipeline.insert_postgres manual__2025-04-29T15:49:26.923066+00:00 [queued]>
[2025-04-29T15:49:38.966+0000] {taskinstance.py:2076} INFO - Dependencies all met for dep_context=requeueable deps ti=<TaskInstance: random_user_pipeline.insert_postgres manual__2025-04-29T15:49:26.923066+00:00 [queued]>
[2025-04-29T15:49:38.968+0000] {taskinstance.py:2306} INFO - Starting attempt 1 of 2
[2025-04-29T15:49:38.987+0000] {taskinstance.py:2330} INFO - Executing <Task(PythonOperator): insert_postgres> on 2025-04-29 15:49:26.923066+00:00
[2025-04-29T15:49:38.996+0000] {standard_task_runner.py:90} INFO - Running: ['airflow', 'tasks', 'run', 'random_user_pipeline', 'insert_***', 'manual__2025-04-29T15:49:26.923066+00:00', '--job-id', '200', '--raw', '--subdir', 'DAGS_FOLDER/random_user_pipeline.py', '--cfg-path', '/tmp/tmpocgysx00']
[2025-04-29T15:49:38.998+0000] {logging_mixin.py:188} WARNING - /home/airflow/.local/lib/python3.12/site-packages/airflow/task/task_runner/standard_task_runner.py:61 DeprecationWarning: This process (pid=213) is multi-threaded, use of fork() may lead to deadlocks in the child.
[2025-04-29T15:49:38.999+0000] {standard_task_runner.py:91} INFO - Job 200: Subtask insert_***
[2025-04-29T15:49:38.999+0000] {standard_task_runner.py:63} INFO - Started process 214 to run task
[2025-04-29T15:49:39.805+0000] {task_command.py:426} INFO - Running <TaskInstance: random_user_pipeline.insert_postgres manual__2025-04-29T15:49:26.923066+00:00 [running]> on host 4158771de208
[2025-04-29T15:49:41.141+0000] {taskinstance.py:2648} INFO - Exporting env vars: AIRFLOW_CTX_DAG_OWNER='airflow' AIRFLOW_CTX_DAG_ID='random_user_pipeline' AIRFLOW_CTX_TASK_ID='insert_***' AIRFLOW_CTX_EXECUTION_DATE='2025-04-29T15:49:26.923066+00:00' AIRFLOW_CTX_TRY_NUMBER='1' AIRFLOW_CTX_DAG_RUN_ID='manual__2025-04-29T15:49:26.923066+00:00'
[2025-04-29T15:49:41.143+0000] {taskinstance.py:430} INFO - ::endgroup::
[2025-04-29T15:49:41.161+0000] {logging_mixin.py:188} INFO - Parsed using ast.literal_eval (Python dict string).
[2025-04-29T15:49:41.410+0000] {logging_mixin.py:188} INFO - ✅ Database connection established.
[2025-04-29T15:49:41.413+0000] {logging_mixin.py:188} INFO - ✅ Table ready.
[2025-04-29T15:49:41.413+0000] {logging_mixin.py:188} INFO - 
--- Inserting product ---
[2025-04-29T15:49:41.414+0000] {logging_mixin.py:188} INFO - Name: Dolorem possimus et nihil.
[2025-04-29T15:49:41.414+0000] {logging_mixin.py:188} INFO - Description: Error consequatur commodi in eveniet id corrupti. Dolores adipisci veritatis placeat. Facere quia expedita adipisci eius vitae et. Molestiae cupiditate et animi est quidem perspiciatis.
[2025-04-29T15:49:41.415+0000] {logging_mixin.py:188} INFO - EAN: 5969563574005
[2025-04-29T15:49:41.415+0000] {logging_mixin.py:188} INFO - UPC: 344499301119
[2025-04-29T15:49:41.415+0000] {logging_mixin.py:188} INFO - Image: http://placeimg.com/640/480/tech
[2025-04-29T15:49:41.415+0000] {logging_mixin.py:188} INFO - Net Price: 33286.38
[2025-04-29T15:49:41.416+0000] {logging_mixin.py:188} INFO - Taxes: 22.0
[2025-04-29T15:49:41.416+0000] {logging_mixin.py:188} INFO - Price: 40609.38
[2025-04-29T15:49:41.418+0000] {logging_mixin.py:188} INFO - 
--- Inserting product ---
[2025-04-29T15:49:41.419+0000] {logging_mixin.py:188} INFO - Name: Est quia ad autem doloremque.
[2025-04-29T15:49:41.420+0000] {logging_mixin.py:188} INFO - Description: Ipsa doloremque architecto et laborum similique minima debitis. Maxime consequatur tempore quos et. Aut sit tempore provident nam quis.
[2025-04-29T15:49:41.420+0000] {logging_mixin.py:188} INFO - EAN: 1237106787033
[2025-04-29T15:49:41.420+0000] {logging_mixin.py:188} INFO - UPC: 248776101547
[2025-04-29T15:49:41.421+0000] {logging_mixin.py:188} INFO - Image: http://placeimg.com/640/480/tech
[2025-04-29T15:49:41.421+0000] {logging_mixin.py:188} INFO - Net Price: 607.93
[2025-04-29T15:49:41.421+0000] {logging_mixin.py:188} INFO - Taxes: 22.0
[2025-04-29T15:49:41.422+0000] {logging_mixin.py:188} INFO - Price: 741.67
[2025-04-29T15:49:41.423+0000] {logging_mixin.py:188} INFO - 
--- Inserting product ---
[2025-04-29T15:49:41.424+0000] {logging_mixin.py:188} INFO - Name: Ut molestias natus provident.
[2025-04-29T15:49:41.424+0000] {logging_mixin.py:188} INFO - Description: Totam id consequatur qui. Repellat beatae ut qui qui. Omnis quia at odio ea eaque ipsum quo. Omnis blanditiis quam omnis alias dolorum.
[2025-04-29T15:49:41.424+0000] {logging_mixin.py:188} INFO - EAN: 2559598259164
[2025-04-29T15:49:41.425+0000] {logging_mixin.py:188} INFO - UPC: 101096213929
[2025-04-29T15:49:41.425+0000] {logging_mixin.py:188} INFO - Image: http://placeimg.com/640/480/tech
[2025-04-29T15:49:41.425+0000] {logging_mixin.py:188} INFO - Net Price: 360982809.29
[2025-04-29T15:49:41.426+0000] {logging_mixin.py:188} INFO - Taxes: 22.0
[2025-04-29T15:49:41.426+0000] {logging_mixin.py:188} INFO - Price: 440399027.33
[2025-04-29T15:49:41.427+0000] {logging_mixin.py:188} INFO - 
--- Inserting product ---
[2025-04-29T15:49:41.428+0000] {logging_mixin.py:188} INFO - Name: Tenetur hic quo reiciendis.
[2025-04-29T15:49:41.428+0000] {logging_mixin.py:188} INFO - Description: Facilis hic numquam illum neque harum. Et et debitis et. Ad nobis qui sit reiciendis. Et maiores tenetur ut ipsa tempore non.
[2025-04-29T15:49:41.428+0000] {logging_mixin.py:188} INFO - EAN: 0496705557947
[2025-04-29T15:49:41.429+0000] {logging_mixin.py:188} INFO - UPC: 071940618448
[2025-04-29T15:49:41.429+0000] {logging_mixin.py:188} INFO - Image: http://placeimg.com/640/480/tech
[2025-04-29T15:49:41.429+0000] {logging_mixin.py:188} INFO - Net Price: 10.92
[2025-04-29T15:49:41.430+0000] {logging_mixin.py:188} INFO - Taxes: 22.0
[2025-04-29T15:49:41.430+0000] {logging_mixin.py:188} INFO - Price: 13.32
[2025-04-29T15:49:41.431+0000] {logging_mixin.py:188} INFO - 
--- Inserting product ---
[2025-04-29T15:49:41.431+0000] {logging_mixin.py:188} INFO - Name: Est non sed ut libero.
[2025-04-29T15:49:41.432+0000] {logging_mixin.py:188} INFO - Description: Ut autem et nemo quibusdam praesentium doloremque. Aut delectus eum et sit ea maxime. Magni et dolor commodi et in consequatur. Architecto illo earum sit qui optio.
[2025-04-29T15:49:41.432+0000] {logging_mixin.py:188} INFO - EAN: 1920317156483
[2025-04-29T15:49:41.432+0000] {logging_mixin.py:188} INFO - UPC: 401763658134
[2025-04-29T15:49:41.432+0000] {logging_mixin.py:188} INFO - Image: http://placeimg.com/640/480/tech
[2025-04-29T15:49:41.433+0000] {logging_mixin.py:188} INFO - Net Price: 7493965.03
[2025-04-29T15:49:41.433+0000] {logging_mixin.py:188} INFO - Taxes: 22.0
[2025-04-29T15:49:41.433+0000] {logging_mixin.py:188} INFO - Price: 9142637.34
[2025-04-29T15:49:41.435+0000] {logging_mixin.py:188} INFO - 
--- Inserting product ---
[2025-04-29T15:49:41.435+0000] {logging_mixin.py:188} INFO - Name: Est ut harum adipisci rerum.
[2025-04-29T15:49:41.436+0000] {logging_mixin.py:188} INFO - Description: Ut nostrum sunt consequatur doloribus. Sit est harum est in delectus deleniti.
[2025-04-29T15:49:41.436+0000] {logging_mixin.py:188} INFO - EAN: 2896386726096
[2025-04-29T15:49:41.436+0000] {logging_mixin.py:188} INFO - UPC: 866536712101
[2025-04-29T15:49:41.436+0000] {logging_mixin.py:188} INFO - Image: http://placeimg.com/640/480/tech
[2025-04-29T15:49:41.437+0000] {logging_mixin.py:188} INFO - Net Price: 67066.52
[2025-04-29T15:49:41.437+0000] {logging_mixin.py:188} INFO - Taxes: 22.0
[2025-04-29T15:49:41.437+0000] {logging_mixin.py:188} INFO - Price: 81821.15
[2025-04-29T15:49:41.438+0000] {logging_mixin.py:188} INFO - 
--- Inserting product ---
[2025-04-29T15:49:41.439+0000] {logging_mixin.py:188} INFO - Name: Rerum a veritatis et illo.
[2025-04-29T15:49:41.439+0000] {logging_mixin.py:188} INFO - Description: Repellendus commodi provident quia quis. Ex qui veniam dolorem iste nostrum esse animi.
[2025-04-29T15:49:41.439+0000] {logging_mixin.py:188} INFO - EAN: 5692273427780
[2025-04-29T15:49:41.440+0000] {logging_mixin.py:188} INFO - UPC: 499513317539
[2025-04-29T15:49:41.440+0000] {logging_mixin.py:188} INFO - Image: http://placeimg.com/640/480/tech
[2025-04-29T15:49:41.440+0000] {logging_mixin.py:188} INFO - Net Price: 11477959.93
[2025-04-29T15:49:41.441+0000] {logging_mixin.py:188} INFO - Taxes: 22.0
[2025-04-29T15:49:41.441+0000] {logging_mixin.py:188} INFO - Price: 14003111.11
[2025-04-29T15:49:41.442+0000] {logging_mixin.py:188} INFO - 
--- Inserting product ---
[2025-04-29T15:49:41.443+0000] {logging_mixin.py:188} INFO - Name: Libero aut nihil porro iure.
[2025-04-29T15:49:41.443+0000] {logging_mixin.py:188} INFO - Description: Quo sunt natus voluptate minus iste. Accusantium excepturi ratione dolorem eum quis. Perferendis iusto id quia molestias aut consequatur praesentium.
[2025-04-29T15:49:41.443+0000] {logging_mixin.py:188} INFO - EAN: 5818835285852
[2025-04-29T15:49:41.444+0000] {logging_mixin.py:188} INFO - UPC: 002190175264
[2025-04-29T15:49:41.444+0000] {logging_mixin.py:188} INFO - Image: http://placeimg.com/640/480/tech
[2025-04-29T15:49:41.444+0000] {logging_mixin.py:188} INFO - Net Price: 20102545.29
[2025-04-29T15:49:41.445+0000] {logging_mixin.py:188} INFO - Taxes: 22.0
[2025-04-29T15:49:41.445+0000] {logging_mixin.py:188} INFO - Price: 24525105.25
[2025-04-29T15:49:41.446+0000] {logging_mixin.py:188} INFO - 
--- Inserting product ---
[2025-04-29T15:49:41.447+0000] {logging_mixin.py:188} INFO - Name: Quos quas est provident.
[2025-04-29T15:49:41.447+0000] {logging_mixin.py:188} INFO - Description: Cumque quia quia numquam aut. Laudantium dolores blanditiis et voluptas non quas. Quidem sed eveniet voluptate temporibus placeat doloribus. Sed quam temporibus non quidem iure tempore.
[2025-04-29T15:49:41.447+0000] {logging_mixin.py:188} INFO - EAN: 3765530477704
[2025-04-29T15:49:41.448+0000] {logging_mixin.py:188} INFO - UPC: 939375894302
[2025-04-29T15:49:41.448+0000] {logging_mixin.py:188} INFO - Image: http://placeimg.com/640/480/tech
[2025-04-29T15:49:41.448+0000] {logging_mixin.py:188} INFO - Net Price: 49751880.42
[2025-04-29T15:49:41.449+0000] {logging_mixin.py:188} INFO - Taxes: 22.0
[2025-04-29T15:49:41.449+0000] {logging_mixin.py:188} INFO - Price: 60697294.11
[2025-04-29T15:49:41.450+0000] {logging_mixin.py:188} INFO - 
--- Inserting product ---
[2025-04-29T15:49:41.451+0000] {logging_mixin.py:188} INFO - Name: Esse sint est ad error.
[2025-04-29T15:49:41.451+0000] {logging_mixin.py:188} INFO - Description: Enim ut aut aperiam minima velit debitis earum animi. Similique consequuntur labore voluptas earum. Quaerat et fugiat modi cumque officiis quas incidunt doloribus.
[2025-04-29T15:49:41.451+0000] {logging_mixin.py:188} INFO - EAN: 4500691110546
[2025-04-29T15:49:41.452+0000] {logging_mixin.py:188} INFO - UPC: 693479860196
[2025-04-29T15:49:41.452+0000] {logging_mixin.py:188} INFO - Image: http://placeimg.com/640/480/tech
[2025-04-29T15:49:41.452+0000] {logging_mixin.py:188} INFO - Net Price: 6.97
[2025-04-29T15:49:41.452+0000] {logging_mixin.py:188} INFO - Taxes: 22.0
[2025-04-29T15:49:41.453+0000] {logging_mixin.py:188} INFO - Price: 8.5
[2025-04-29T15:49:41.455+0000] {logging_mixin.py:188} INFO - 
✅ Inserted 10 products successfully.
[2025-04-29T15:49:41.455+0000] {logging_mixin.py:188} INFO - 🔒 DB connection closed.
[2025-04-29T15:49:41.456+0000] {python.py:237} INFO - Done. Returned value was: None
[2025-04-29T15:49:41.456+0000] {taskinstance.py:441} INFO - ::group::Post task execution logs
[2025-04-29T15:49:41.690+0000] {taskinstance.py:1206} INFO - Marking task as SUCCESS. dag_id=random_user_pipeline, task_id=insert_***, run_id=manual__2025-04-29T15:49:26.923066+00:00, execution_date=20250429T154926, start_date=20250429T154938, end_date=20250429T154941
[2025-04-29T15:49:41.748+0000] {local_task_job_runner.py:240} INFO - Task exited with return code 0
[2025-04-29T15:49:42.010+0000] {taskinstance.py:3503} INFO - 0 downstream tasks scheduled from follow-on schedule check
[2025-04-29T15:49:42.013+0000] {local_task_job_runner.py:222} INFO - ::endgroup::
