[2025-05-22T12:52:54.191+0000] {local_task_job_runner.py:120} INFO - ::group::Pre task execution logs
[2025-05-22T12:52:54.527+0000] {taskinstance.py:2076} INFO - Dependencies all met for dep_context=non-requeueable deps ti=<TaskInstance: random_user_pipeline.send_summary_email manual__2025-05-22T12:52:40.817447+00:00 [queued]>
[2025-05-22T12:52:54.540+0000] {taskinstance.py:2076} INFO - Dependencies all met for dep_context=requeueable deps ti=<TaskInstance: random_user_pipeline.send_summary_email manual__2025-05-22T12:52:40.817447+00:00 [queued]>
[2025-05-22T12:52:54.542+0000] {taskinstance.py:2306} INFO - Starting attempt 1 of 2
[2025-05-22T12:52:54.559+0000] {taskinstance.py:2330} INFO - Executing <Task(EmailOperator): send_summary_email> on 2025-05-22 12:52:40.817447+00:00
[2025-05-22T12:52:54.566+0000] {logging_mixin.py:188} WARNING - /home/airflow/.local/lib/python3.12/site-packages/airflow/task/task_runner/standard_task_runner.py:61 DeprecationWarning: This process (pid=235) is multi-threaded, use of fork() may lead to deadlocks in the child.
[2025-05-22T12:52:54.567+0000] {standard_task_runner.py:63} INFO - Started process 236 to run task
[2025-05-22T12:52:54.566+0000] {standard_task_runner.py:90} INFO - Running: ['airflow', 'tasks', 'run', 'random_user_pipeline', 'send_summary_email', 'manual__2025-05-22T12:52:40.817447+00:00', '--job-id', '409', '--raw', '--subdir', 'DAGS_FOLDER/random_user_pipeline.py', '--cfg-path', '/tmp/tmpbgp17891']
[2025-05-22T12:52:54.568+0000] {standard_task_runner.py:91} INFO - Job 409: Subtask send_summary_email
[2025-05-22T12:52:55.449+0000] {task_command.py:426} INFO - Running <TaskInstance: random_user_pipeline.send_summary_email manual__2025-05-22T12:52:40.817447+00:00 [running]> on host 9fdc869a03df
[2025-05-22T12:52:57.969+0000] {taskinstance.py:2648} INFO - Exporting env vars: AIRFLOW_CTX_DAG_EMAIL='papala.ramesh@quation.in,smilesoframs@gmail.com,ramesh.rams333@gmail.com' AIRFLOW_CTX_DAG_OWNER='airflow' AIRFLOW_CTX_DAG_ID='random_user_pipeline' AIRFLOW_CTX_TASK_ID='send_summary_email' AIRFLOW_CTX_EXECUTION_DATE='2025-05-22T12:52:40.817447+00:00' AIRFLOW_CTX_TRY_NUMBER='1' AIRFLOW_CTX_DAG_RUN_ID='manual__2025-05-22T12:52:40.817447+00:00'
[2025-05-22T12:52:57.970+0000] {taskinstance.py:430} INFO - ::endgroup::
[2025-05-22T12:52:58.171+0000] {logging_mixin.py:188} WARNING - /home/airflow/.local/lib/python3.12/site-packages/airflow/utils/email.py:154 RemovedInAirflow3Warning: Fetching SMTP credentials from configuration variables will be deprecated in a future release. Please set credentials using a connection instead.
[2025-05-22T12:52:58.172+0000] {email.py:271} INFO - Email alerting: attempt 1
[2025-05-22T12:52:59.480+0000] {email.py:282} INFO - Sent an alert email to ['papala.ramesh@quation.in', 'smilesoframs@gmail.com', 'ramesh.rams333@gmail.com']
[2025-05-22T12:53:01.540+0000] {taskinstance.py:441} INFO - ::group::Post task execution logs
[2025-05-22T12:53:01.752+0000] {taskinstance.py:1206} INFO - Marking task as SUCCESS. dag_id=random_user_pipeline, task_id=send_summary_email, run_id=manual__2025-05-22T12:52:40.817447+00:00, execution_date=20250522T125240, start_date=20250522T125254, end_date=20250522T125301
[2025-05-22T12:53:01.791+0000] {local_task_job_runner.py:240} INFO - Task exited with return code 0
[2025-05-22T12:53:01.970+0000] {taskinstance.py:3503} INFO - 0 downstream tasks scheduled from follow-on schedule check
[2025-05-22T12:53:01.974+0000] {local_task_job_runner.py:222} INFO - ::endgroup::
