[2025-05-03T12:29:01.042+0000] {processor.py:161} INFO - Started process (PID=3958) to work on /opt/airflow/dags/random_user_pipeline.py
[2025-05-03T12:29:01.050+0000] {processor.py:830} INFO - Processing file /opt/airflow/dags/random_user_pipeline.py for tasks to queue
[2025-05-03T12:29:01.063+0000] {logging_mixin.py:188} INFO - [2025-05-03T12:29:01.062+0000] {dagbag.py:545} INFO - Filling up the DagBag from /opt/airflow/dags/random_user_pipeline.py
[2025-05-03T12:29:02.018+0000] {processor.py:840} INFO - DAG(s) 'random_user_pipeline' retrieved from /opt/airflow/dags/random_user_pipeline.py
[2025-05-03T12:29:04.368+0000] {logging_mixin.py:188} INFO - [2025-05-03T12:29:04.367+0000] {dag.py:3096} INFO - Sync 1 DAGs
[2025-05-03T12:29:04.810+0000] {logging_mixin.py:188} INFO - [2025-05-03T12:29:04.809+0000] {dag.py:3954} INFO - Setting next_dagrun for random_user_pipeline to 2025-05-03 00:00:00+00:00, run_after=2025-05-04 00:00:00+00:00
[2025-05-03T12:29:05.309+0000] {processor.py:183} INFO - Processing /opt/airflow/dags/random_user_pipeline.py took 4.292 seconds
[2025-05-03T12:29:35.901+0000] {processor.py:161} INFO - Started process (PID=3964) to work on /opt/airflow/dags/random_user_pipeline.py
[2025-05-03T12:29:35.903+0000] {processor.py:830} INFO - Processing file /opt/airflow/dags/random_user_pipeline.py for tasks to queue
[2025-05-03T12:29:35.908+0000] {logging_mixin.py:188} INFO - [2025-05-03T12:29:35.907+0000] {dagbag.py:545} INFO - Filling up the DagBag from /opt/airflow/dags/random_user_pipeline.py
[2025-05-03T12:29:36.113+0000] {processor.py:840} INFO - DAG(s) 'random_user_pipeline' retrieved from /opt/airflow/dags/random_user_pipeline.py
[2025-05-03T12:29:36.710+0000] {logging_mixin.py:188} INFO - [2025-05-03T12:29:36.709+0000] {dag.py:3096} INFO - Sync 1 DAGs
[2025-05-03T12:29:36.812+0000] {logging_mixin.py:188} INFO - [2025-05-03T12:29:36.811+0000] {dag.py:3954} INFO - Setting next_dagrun for random_user_pipeline to 2025-05-03 00:00:00+00:00, run_after=2025-05-04 00:00:00+00:00
[2025-05-03T12:29:36.912+0000] {processor.py:183} INFO - Processing /opt/airflow/dags/random_user_pipeline.py took 1.025 seconds
[2025-05-03T12:30:07.152+0000] {processor.py:161} INFO - Started process (PID=3969) to work on /opt/airflow/dags/random_user_pipeline.py
[2025-05-03T12:30:07.156+0000] {processor.py:830} INFO - Processing file /opt/airflow/dags/random_user_pipeline.py for tasks to queue
[2025-05-03T12:30:07.162+0000] {logging_mixin.py:188} INFO - [2025-05-03T12:30:07.161+0000] {dagbag.py:545} INFO - Filling up the DagBag from /opt/airflow/dags/random_user_pipeline.py
[2025-05-03T12:30:07.399+0000] {processor.py:840} INFO - DAG(s) 'random_user_pipeline' retrieved from /opt/airflow/dags/random_user_pipeline.py
[2025-05-03T12:30:07.997+0000] {logging_mixin.py:188} INFO - [2025-05-03T12:30:07.996+0000] {dag.py:3096} INFO - Sync 1 DAGs
[2025-05-03T12:30:08.102+0000] {logging_mixin.py:188} INFO - [2025-05-03T12:30:08.101+0000] {dag.py:3954} INFO - Setting next_dagrun for random_user_pipeline to 2025-05-03 00:00:00+00:00, run_after=2025-05-04 00:00:00+00:00
[2025-05-03T12:30:08.236+0000] {processor.py:183} INFO - Processing /opt/airflow/dags/random_user_pipeline.py took 1.108 seconds
[2025-05-03T12:30:38.744+0000] {processor.py:161} INFO - Started process (PID=3974) to work on /opt/airflow/dags/random_user_pipeline.py
[2025-05-03T12:30:38.746+0000] {processor.py:830} INFO - Processing file /opt/airflow/dags/random_user_pipeline.py for tasks to queue
[2025-05-03T12:30:38.750+0000] {logging_mixin.py:188} INFO - [2025-05-03T12:30:38.749+0000] {dagbag.py:545} INFO - Filling up the DagBag from /opt/airflow/dags/random_user_pipeline.py
[2025-05-03T12:30:38.957+0000] {processor.py:840} INFO - DAG(s) 'random_user_pipeline' retrieved from /opt/airflow/dags/random_user_pipeline.py
[2025-05-03T12:30:39.675+0000] {logging_mixin.py:188} INFO - [2025-05-03T12:30:39.675+0000] {dag.py:3096} INFO - Sync 1 DAGs
[2025-05-03T12:30:39.790+0000] {logging_mixin.py:188} INFO - [2025-05-03T12:30:39.789+0000] {dag.py:3954} INFO - Setting next_dagrun for random_user_pipeline to 2025-05-03 00:00:00+00:00, run_after=2025-05-04 00:00:00+00:00
[2025-05-03T12:30:39.906+0000] {processor.py:183} INFO - Processing /opt/airflow/dags/random_user_pipeline.py took 1.176 seconds
[2025-05-03T12:31:10.537+0000] {processor.py:161} INFO - Started process (PID=3979) to work on /opt/airflow/dags/random_user_pipeline.py
[2025-05-03T12:31:10.538+0000] {processor.py:830} INFO - Processing file /opt/airflow/dags/random_user_pipeline.py for tasks to queue
[2025-05-03T12:31:10.541+0000] {logging_mixin.py:188} INFO - [2025-05-03T12:31:10.540+0000] {dagbag.py:545} INFO - Filling up the DagBag from /opt/airflow/dags/random_user_pipeline.py
[2025-05-03T12:31:10.712+0000] {processor.py:840} INFO - DAG(s) 'random_user_pipeline' retrieved from /opt/airflow/dags/random_user_pipeline.py
[2025-05-03T12:31:11.221+0000] {logging_mixin.py:188} INFO - [2025-05-03T12:31:11.221+0000] {dag.py:3096} INFO - Sync 1 DAGs
[2025-05-03T12:31:11.288+0000] {logging_mixin.py:188} INFO - [2025-05-03T12:31:11.287+0000] {dag.py:3954} INFO - Setting next_dagrun for random_user_pipeline to 2025-05-03 00:00:00+00:00, run_after=2025-05-04 00:00:00+00:00
[2025-05-03T12:31:11.354+0000] {processor.py:183} INFO - Processing /opt/airflow/dags/random_user_pipeline.py took 0.827 seconds
[2025-05-03T12:31:41.879+0000] {processor.py:161} INFO - Started process (PID=3984) to work on /opt/airflow/dags/random_user_pipeline.py
[2025-05-03T12:31:41.881+0000] {processor.py:830} INFO - Processing file /opt/airflow/dags/random_user_pipeline.py for tasks to queue
[2025-05-03T12:31:41.884+0000] {logging_mixin.py:188} INFO - [2025-05-03T12:31:41.883+0000] {dagbag.py:545} INFO - Filling up the DagBag from /opt/airflow/dags/random_user_pipeline.py
[2025-05-03T12:31:42.030+0000] {processor.py:840} INFO - DAG(s) 'random_user_pipeline' retrieved from /opt/airflow/dags/random_user_pipeline.py
[2025-05-03T12:31:42.473+0000] {logging_mixin.py:188} INFO - [2025-05-03T12:31:42.473+0000] {dag.py:3096} INFO - Sync 1 DAGs
[2025-05-03T12:31:42.518+0000] {logging_mixin.py:188} INFO - [2025-05-03T12:31:42.518+0000] {dag.py:3954} INFO - Setting next_dagrun for random_user_pipeline to 2025-05-03 00:00:00+00:00, run_after=2025-05-04 00:00:00+00:00
[2025-05-03T12:31:42.571+0000] {processor.py:183} INFO - Processing /opt/airflow/dags/random_user_pipeline.py took 0.708 seconds
[2025-05-03T12:32:13.085+0000] {processor.py:161} INFO - Started process (PID=3989) to work on /opt/airflow/dags/random_user_pipeline.py
[2025-05-03T12:32:13.087+0000] {processor.py:830} INFO - Processing file /opt/airflow/dags/random_user_pipeline.py for tasks to queue
[2025-05-03T12:32:13.091+0000] {logging_mixin.py:188} INFO - [2025-05-03T12:32:13.090+0000] {dagbag.py:545} INFO - Filling up the DagBag from /opt/airflow/dags/random_user_pipeline.py
[2025-05-03T12:32:13.288+0000] {processor.py:840} INFO - DAG(s) 'random_user_pipeline' retrieved from /opt/airflow/dags/random_user_pipeline.py
[2025-05-03T12:32:13.782+0000] {logging_mixin.py:188} INFO - [2025-05-03T12:32:13.782+0000] {dag.py:3096} INFO - Sync 1 DAGs
[2025-05-03T12:32:13.853+0000] {logging_mixin.py:188} INFO - [2025-05-03T12:32:13.852+0000] {dag.py:3954} INFO - Setting next_dagrun for random_user_pipeline to 2025-05-03 00:00:00+00:00, run_after=2025-05-04 00:00:00+00:00
[2025-05-03T12:32:13.939+0000] {processor.py:183} INFO - Processing /opt/airflow/dags/random_user_pipeline.py took 0.870 seconds
[2025-05-03T12:32:44.441+0000] {processor.py:161} INFO - Started process (PID=3994) to work on /opt/airflow/dags/random_user_pipeline.py
[2025-05-03T12:32:44.443+0000] {processor.py:830} INFO - Processing file /opt/airflow/dags/random_user_pipeline.py for tasks to queue
[2025-05-03T12:32:44.446+0000] {logging_mixin.py:188} INFO - [2025-05-03T12:32:44.445+0000] {dagbag.py:545} INFO - Filling up the DagBag from /opt/airflow/dags/random_user_pipeline.py
[2025-05-03T12:32:44.633+0000] {processor.py:840} INFO - DAG(s) 'random_user_pipeline' retrieved from /opt/airflow/dags/random_user_pipeline.py
[2025-05-03T12:32:45.108+0000] {logging_mixin.py:188} INFO - [2025-05-03T12:32:45.108+0000] {dag.py:3096} INFO - Sync 1 DAGs
[2025-05-03T12:32:45.193+0000] {logging_mixin.py:188} INFO - [2025-05-03T12:32:45.193+0000] {dag.py:3954} INFO - Setting next_dagrun for random_user_pipeline to 2025-05-03 00:00:00+00:00, run_after=2025-05-04 00:00:00+00:00
[2025-05-03T12:32:45.307+0000] {processor.py:183} INFO - Processing /opt/airflow/dags/random_user_pipeline.py took 0.873 seconds
[2025-05-03T12:33:15.460+0000] {processor.py:161} INFO - Started process (PID=3999) to work on /opt/airflow/dags/random_user_pipeline.py
[2025-05-03T12:33:15.462+0000] {processor.py:830} INFO - Processing file /opt/airflow/dags/random_user_pipeline.py for tasks to queue
[2025-05-03T12:33:15.465+0000] {logging_mixin.py:188} INFO - [2025-05-03T12:33:15.464+0000] {dagbag.py:545} INFO - Filling up the DagBag from /opt/airflow/dags/random_user_pipeline.py
[2025-05-03T12:33:15.720+0000] {processor.py:840} INFO - DAG(s) 'random_user_pipeline' retrieved from /opt/airflow/dags/random_user_pipeline.py
[2025-05-03T12:33:18.199+0000] {logging_mixin.py:188} INFO - [2025-05-03T12:33:18.198+0000] {dag.py:3096} INFO - Sync 1 DAGs
[2025-05-03T12:33:18.247+0000] {logging_mixin.py:188} INFO - [2025-05-03T12:33:18.247+0000] {dag.py:3954} INFO - Setting next_dagrun for random_user_pipeline to 2025-05-03 00:00:00+00:00, run_after=2025-05-04 00:00:00+00:00
[2025-05-03T12:33:18.305+0000] {processor.py:183} INFO - Processing /opt/airflow/dags/random_user_pipeline.py took 2.854 seconds
[2025-05-03T12:33:48.834+0000] {processor.py:161} INFO - Started process (PID=4004) to work on /opt/airflow/dags/random_user_pipeline.py
[2025-05-03T12:33:48.835+0000] {processor.py:830} INFO - Processing file /opt/airflow/dags/random_user_pipeline.py for tasks to queue
[2025-05-03T12:33:48.838+0000] {logging_mixin.py:188} INFO - [2025-05-03T12:33:48.837+0000] {dagbag.py:545} INFO - Filling up the DagBag from /opt/airflow/dags/random_user_pipeline.py
[2025-05-03T12:33:49.032+0000] {processor.py:840} INFO - DAG(s) 'random_user_pipeline' retrieved from /opt/airflow/dags/random_user_pipeline.py
[2025-05-03T12:33:49.480+0000] {logging_mixin.py:188} INFO - [2025-05-03T12:33:49.480+0000] {dag.py:3096} INFO - Sync 1 DAGs
[2025-05-03T12:33:49.536+0000] {logging_mixin.py:188} INFO - [2025-05-03T12:33:49.536+0000] {dag.py:3954} INFO - Setting next_dagrun for random_user_pipeline to 2025-05-03 00:00:00+00:00, run_after=2025-05-04 00:00:00+00:00
[2025-05-03T12:33:49.589+0000] {processor.py:183} INFO - Processing /opt/airflow/dags/random_user_pipeline.py took 0.761 seconds
[2025-05-03T12:34:20.393+0000] {processor.py:161} INFO - Started process (PID=4009) to work on /opt/airflow/dags/random_user_pipeline.py
[2025-05-03T12:34:20.395+0000] {processor.py:830} INFO - Processing file /opt/airflow/dags/random_user_pipeline.py for tasks to queue
[2025-05-03T12:34:20.398+0000] {logging_mixin.py:188} INFO - [2025-05-03T12:34:20.398+0000] {dagbag.py:545} INFO - Filling up the DagBag from /opt/airflow/dags/random_user_pipeline.py
[2025-05-03T12:34:20.678+0000] {processor.py:840} INFO - DAG(s) 'random_user_pipeline' retrieved from /opt/airflow/dags/random_user_pipeline.py
[2025-05-03T12:34:21.096+0000] {logging_mixin.py:188} INFO - [2025-05-03T12:34:21.095+0000] {dag.py:3096} INFO - Sync 1 DAGs
[2025-05-03T12:34:21.142+0000] {logging_mixin.py:188} INFO - [2025-05-03T12:34:21.141+0000] {dag.py:3954} INFO - Setting next_dagrun for random_user_pipeline to 2025-05-03 00:00:00+00:00, run_after=2025-05-04 00:00:00+00:00
[2025-05-03T12:34:21.193+0000] {processor.py:183} INFO - Processing /opt/airflow/dags/random_user_pipeline.py took 0.806 seconds
[2025-05-03T12:34:51.747+0000] {processor.py:161} INFO - Started process (PID=4018) to work on /opt/airflow/dags/random_user_pipeline.py
[2025-05-03T12:34:51.749+0000] {processor.py:830} INFO - Processing file /opt/airflow/dags/random_user_pipeline.py for tasks to queue
[2025-05-03T12:34:51.753+0000] {logging_mixin.py:188} INFO - [2025-05-03T12:34:51.753+0000] {dagbag.py:545} INFO - Filling up the DagBag from /opt/airflow/dags/random_user_pipeline.py
[2025-05-03T12:34:52.003+0000] {processor.py:840} INFO - DAG(s) 'random_user_pipeline' retrieved from /opt/airflow/dags/random_user_pipeline.py
[2025-05-03T12:34:52.646+0000] {logging_mixin.py:188} INFO - [2025-05-03T12:34:52.645+0000] {dag.py:3096} INFO - Sync 1 DAGs
[2025-05-03T12:34:52.715+0000] {logging_mixin.py:188} INFO - [2025-05-03T12:34:52.715+0000] {dag.py:3954} INFO - Setting next_dagrun for random_user_pipeline to 2025-05-03 00:00:00+00:00, run_after=2025-05-04 00:00:00+00:00
[2025-05-03T12:34:52.793+0000] {processor.py:183} INFO - Processing /opt/airflow/dags/random_user_pipeline.py took 1.059 seconds
[2025-05-03T12:35:23.384+0000] {processor.py:161} INFO - Started process (PID=4023) to work on /opt/airflow/dags/random_user_pipeline.py
[2025-05-03T12:35:23.387+0000] {processor.py:830} INFO - Processing file /opt/airflow/dags/random_user_pipeline.py for tasks to queue
[2025-05-03T12:35:23.392+0000] {logging_mixin.py:188} INFO - [2025-05-03T12:35:23.391+0000] {dagbag.py:545} INFO - Filling up the DagBag from /opt/airflow/dags/random_user_pipeline.py
[2025-05-03T12:35:23.634+0000] {processor.py:840} INFO - DAG(s) 'random_user_pipeline' retrieved from /opt/airflow/dags/random_user_pipeline.py
[2025-05-03T12:35:24.251+0000] {logging_mixin.py:188} INFO - [2025-05-03T12:35:24.250+0000] {dag.py:3096} INFO - Sync 1 DAGs
[2025-05-03T12:35:24.325+0000] {logging_mixin.py:188} INFO - [2025-05-03T12:35:24.324+0000] {dag.py:3954} INFO - Setting next_dagrun for random_user_pipeline to 2025-05-03 00:00:00+00:00, run_after=2025-05-04 00:00:00+00:00
[2025-05-03T12:35:24.397+0000] {processor.py:183} INFO - Processing /opt/airflow/dags/random_user_pipeline.py took 1.028 seconds
[2025-05-03T12:35:55.015+0000] {processor.py:161} INFO - Started process (PID=4028) to work on /opt/airflow/dags/random_user_pipeline.py
[2025-05-03T12:35:55.017+0000] {processor.py:830} INFO - Processing file /opt/airflow/dags/random_user_pipeline.py for tasks to queue
[2025-05-03T12:35:55.021+0000] {logging_mixin.py:188} INFO - [2025-05-03T12:35:55.021+0000] {dagbag.py:545} INFO - Filling up the DagBag from /opt/airflow/dags/random_user_pipeline.py
[2025-05-03T12:35:55.337+0000] {processor.py:840} INFO - DAG(s) 'random_user_pipeline' retrieved from /opt/airflow/dags/random_user_pipeline.py
[2025-05-03T12:35:56.025+0000] {logging_mixin.py:188} INFO - [2025-05-03T12:35:56.024+0000] {dag.py:3096} INFO - Sync 1 DAGs
[2025-05-03T12:35:56.107+0000] {logging_mixin.py:188} INFO - [2025-05-03T12:35:56.106+0000] {dag.py:3954} INFO - Setting next_dagrun for random_user_pipeline to 2025-05-03 00:00:00+00:00, run_after=2025-05-04 00:00:00+00:00
[2025-05-03T12:35:56.200+0000] {processor.py:183} INFO - Processing /opt/airflow/dags/random_user_pipeline.py took 1.195 seconds
