[2025-05-22T05:42:00.869+0000] {local_task_job_runner.py:120} INFO - ::group::Pre task execution logs
[2025-05-22T05:42:01.173+0000] {taskinstance.py:2076} INFO - Dependencies all met for dep_context=non-requeueable deps ti=<TaskInstance: random_user_pipeline.branch_on_count manual__2025-05-22T05:40:44.862630+00:00 [queued]>
[2025-05-22T05:42:01.185+0000] {taskinstance.py:2076} INFO - Dependencies all met for dep_context=requeueable deps ti=<TaskInstance: random_user_pipeline.branch_on_count manual__2025-05-22T05:40:44.862630+00:00 [queued]>
[2025-05-22T05:42:01.187+0000] {taskinstance.py:2306} INFO - Starting attempt 2 of 2
[2025-05-22T05:42:01.202+0000] {taskinstance.py:2330} INFO - Executing <Task(BranchPythonOperator): branch_on_count> on 2025-05-22 05:40:44.862630+00:00
[2025-05-22T05:42:01.210+0000] {logging_mixin.py:188} WARNING - /home/airflow/.local/lib/python3.12/site-packages/airflow/task/task_runner/standard_task_runner.py:61 DeprecationWarning: This process (pid=432) is multi-threaded, use of fork() may lead to deadlocks in the child.
[2025-05-22T05:42:01.209+0000] {standard_task_runner.py:90} INFO - Running: ['airflow', 'tasks', 'run', 'random_user_pipeline', 'branch_on_count', 'manual__2025-05-22T05:40:44.862630+00:00', '--job-id', '384', '--raw', '--subdir', 'DAGS_FOLDER/random_user_pipeline.py', '--cfg-path', '/tmp/tmpgtmrpyit']
[2025-05-22T05:42:01.211+0000] {standard_task_runner.py:63} INFO - Started process 433 to run task
[2025-05-22T05:42:01.211+0000] {standard_task_runner.py:91} INFO - Job 384: Subtask branch_on_count
[2025-05-22T05:42:02.065+0000] {task_command.py:426} INFO - Running <TaskInstance: random_user_pipeline.branch_on_count manual__2025-05-22T05:40:44.862630+00:00 [running]> on host cd3a1fee70a8
[2025-05-22T05:42:03.375+0000] {taskinstance.py:2648} INFO - Exporting env vars: AIRFLOW_CTX_DAG_EMAIL='papala.ramesh@quation.in,smilesoframs@gmail.com,ramesh.rams333@gmail.com' AIRFLOW_CTX_DAG_OWNER='airflow' AIRFLOW_CTX_DAG_ID='random_user_pipeline' AIRFLOW_CTX_TASK_ID='branch_on_count' AIRFLOW_CTX_EXECUTION_DATE='2025-05-22T05:40:44.862630+00:00' AIRFLOW_CTX_TRY_NUMBER='2' AIRFLOW_CTX_DAG_RUN_ID='manual__2025-05-22T05:40:44.862630+00:00'
[2025-05-22T05:42:03.376+0000] {taskinstance.py:430} INFO - ::endgroup::
[2025-05-22T05:42:03.389+0000] {baseoperator.py:400} WARNING - BranchPythonOperator.execute cannot be called outside TaskInstance!
[2025-05-22T05:42:03.399+0000] {crypto.py:82} WARNING - empty cryptography key - values will not be stored encrypted.
[2025-05-22T05:42:03.400+0000] {base.py:84} INFO - Using connection ID '***_default' for task execution.
[2025-05-22T05:42:03.650+0000] {sql.py:487} INFO - Running statement: SELECT COUNT(*) FROM products WHERE DATE(created_at) = CURRENT_DATE;
, parameters: None
[2025-05-22T05:42:03.653+0000] {sql.py:496} INFO - Rows affected: 1
[2025-05-22T05:42:03.655+0000] {python.py:237} INFO - Done. Returned value was: fetch_random_product
[2025-05-22T05:42:03.655+0000] {branch.py:36} INFO - Branch into fetch_random_product
[2025-05-22T05:42:03.655+0000] {skipmixin.py:178} INFO - Following branch fetch_random_product
[2025-05-22T05:42:04.632+0000] {skipmixin.py:246} INFO - Skipping tasks [('skip_fetch_insert', -1)]
[2025-05-22T05:42:05.387+0000] {taskinstance.py:441} INFO - ::group::Post task execution logs
[2025-05-22T05:42:06.151+0000] {taskinstance.py:1206} INFO - Marking task as SUCCESS. dag_id=random_user_pipeline, task_id=branch_on_count, run_id=manual__2025-05-22T05:40:44.862630+00:00, execution_date=20250522T054044, start_date=20250522T054201, end_date=20250522T054206
[2025-05-22T05:42:06.209+0000] {local_task_job_runner.py:240} INFO - Task exited with return code 0
[2025-05-22T05:42:06.538+0000] {logging_mixin.py:188} WARNING - /home/airflow/.local/lib/python3.12/site-packages/airflow/models/baseoperator.py:1297 AirflowProviderDeprecationWarning: Call to deprecated class PostgresOperator. (Please use `airflow.providers.common.sql.operators.sql.SQLExecuteQueryOperator`.Also, you can provide `hook_params={'schema': <database>}`.)
[2025-05-22T05:42:06.575+0000] {taskinstance.py:3503} INFO - 1 downstream tasks scheduled from follow-on schedule check
[2025-05-22T05:42:06.579+0000] {local_task_job_runner.py:222} INFO - ::endgroup::
