[2025-05-24T03:12:53.671+0000] {local_task_job_runner.py:120} INFO - ::group::Pre task execution logs
[2025-05-24T03:12:56.460+0000] {taskinstance.py:2076} INFO - Dependencies all met for dep_context=non-requeueable deps ti=<TaskInstance: random_user_pipeline.wait_for_existing_data scheduled__2025-05-23T00:00:00+00:00 [queued]>
[2025-05-24T03:12:56.648+0000] {taskinstance.py:2076} INFO - Dependencies all met for dep_context=requeueable deps ti=<TaskInstance: random_user_pipeline.wait_for_existing_data scheduled__2025-05-23T00:00:00+00:00 [queued]>
[2025-05-24T03:12:56.673+0000] {taskinstance.py:2306} INFO - Starting attempt 1 of 2
[2025-05-24T03:12:56.915+0000] {taskinstance.py:2330} INFO - Executing <Task(SqlSensor): wait_for_existing_data> on 2025-05-23 00:00:00+00:00
[2025-05-24T03:12:56.963+0000] {logging_mixin.py:188} WARNING - /home/airflow/.local/lib/python3.12/site-packages/airflow/task/task_runner/standard_task_runner.py:61 DeprecationWarning: This process (pid=337) is multi-threaded, use of fork() may lead to deadlocks in the child.
[2025-05-24T03:12:56.955+0000] {standard_task_runner.py:90} INFO - Running: ['airflow', 'tasks', 'run', 'random_user_pipeline', 'wait_for_existing_data', 'scheduled__2025-05-23T00:00:00+00:00', '--job-id', '434', '--raw', '--subdir', 'DAGS_FOLDER/random_user_pipeline.py', '--cfg-path', '/tmp/tmpsggbrz_s']
[2025-05-24T03:12:56.996+0000] {standard_task_runner.py:63} INFO - Started process 345 to run task
[2025-05-24T03:12:57.018+0000] {standard_task_runner.py:91} INFO - Job 434: Subtask wait_for_existing_data
[2025-05-24T03:13:00.508+0000] {task_command.py:426} INFO - Running <TaskInstance: random_user_pipeline.wait_for_existing_data scheduled__2025-05-23T00:00:00+00:00 [running]> on host 45099b717e09
[2025-05-24T03:13:06.465+0000] {taskinstance.py:2648} INFO - Exporting env vars: AIRFLOW_CTX_DAG_EMAIL='papala.ramesh@quation.in,smilesoframs@gmail.com,ramesh.rams333@gmail.com' AIRFLOW_CTX_DAG_OWNER='airflow' AIRFLOW_CTX_DAG_ID='random_user_pipeline' AIRFLOW_CTX_TASK_ID='wait_for_existing_data' AIRFLOW_CTX_EXECUTION_DATE='2025-05-23T00:00:00+00:00' AIRFLOW_CTX_TRY_NUMBER='1' AIRFLOW_CTX_DAG_RUN_ID='scheduled__2025-05-23T00:00:00+00:00'
[2025-05-24T03:13:06.469+0000] {taskinstance.py:430} INFO - ::endgroup::
[2025-05-24T03:13:06.562+0000] {crypto.py:82} WARNING - empty cryptography key - values will not be stored encrypted.
[2025-05-24T03:13:06.587+0000] {base.py:84} INFO - Using connection ID '***_default' for task execution.
[2025-05-24T03:13:06.608+0000] {sql.py:95} INFO - Poking: SELECT 1 FROM products WHERE DATE(created_at) = CURRENT_DATE LIMIT 1; (with parameters None)
[2025-05-24T03:13:06.628+0000] {base.py:84} INFO - Using connection ID '***_default' for task execution.
[2025-05-24T03:13:07.385+0000] {sql.py:487} INFO - Running statement: SELECT 1 FROM products WHERE DATE(created_at) = CURRENT_DATE LIMIT 1;, parameters: None
[2025-05-24T03:13:07.409+0000] {sql.py:496} INFO - Rows affected: 0
[2025-05-24T03:13:37.429+0000] {base.py:84} INFO - Using connection ID '***_default' for task execution.
[2025-05-24T03:13:37.432+0000] {sql.py:95} INFO - Poking: SELECT 1 FROM products WHERE DATE(created_at) = CURRENT_DATE LIMIT 1; (with parameters None)
[2025-05-24T03:13:37.435+0000] {base.py:84} INFO - Using connection ID '***_default' for task execution.
[2025-05-24T03:13:38.252+0000] {sql.py:487} INFO - Running statement: SELECT 1 FROM products WHERE DATE(created_at) = CURRENT_DATE LIMIT 1;, parameters: None
[2025-05-24T03:13:38.263+0000] {sql.py:496} INFO - Rows affected: 0
