[2025-05-23T07:01:12.893+0000] {local_task_job_runner.py:120} INFO - ::group::Pre task execution logs
[2025-05-23T07:01:13.652+0000] {taskinstance.py:2076} INFO - Dependencies all met for dep_context=non-requeueable deps ti=<TaskInstance: random_user_pipeline.send_summary_email scheduled__2025-05-22T00:00:00+00:00 [queued]>
[2025-05-23T07:01:13.690+0000] {taskinstance.py:2076} INFO - Dependencies all met for dep_context=requeueable deps ti=<TaskInstance: random_user_pipeline.send_summary_email scheduled__2025-05-22T00:00:00+00:00 [queued]>
[2025-05-23T07:01:13.691+0000] {taskinstance.py:2306} INFO - Starting attempt 1 of 2
[2025-05-23T07:01:13.747+0000] {taskinstance.py:2330} INFO - Executing <Task(EmailOperator): send_summary_email> on 2025-05-22 00:00:00+00:00
[2025-05-23T07:01:13.773+0000] {logging_mixin.py:188} WARNING - /home/airflow/.local/lib/python3.12/site-packages/airflow/task/task_runner/standard_task_runner.py:61 DeprecationWarning: This process (pid=260) is multi-threaded, use of fork() may lead to deadlocks in the child.
[2025-05-23T07:01:13.763+0000] {standard_task_runner.py:90} INFO - Running: ['airflow', 'tasks', 'run', 'random_user_pipeline', 'send_summary_email', 'scheduled__2025-05-22T00:00:00+00:00', '--job-id', '432', '--raw', '--subdir', 'DAGS_FOLDER/random_user_pipeline.py', '--cfg-path', '/tmp/tmpeecsiidd']
[2025-05-23T07:01:13.776+0000] {standard_task_runner.py:63} INFO - Started process 266 to run task
[2025-05-23T07:01:13.776+0000] {standard_task_runner.py:91} INFO - Job 432: Subtask send_summary_email
[2025-05-23T07:01:15.651+0000] {task_command.py:426} INFO - Running <TaskInstance: random_user_pipeline.send_summary_email scheduled__2025-05-22T00:00:00+00:00 [running]> on host 45099b717e09
[2025-05-23T07:01:25.973+0000] {taskinstance.py:2648} INFO - Exporting env vars: AIRFLOW_CTX_DAG_EMAIL='papala.ramesh@quation.in,smilesoframs@gmail.com,ramesh.rams333@gmail.com' AIRFLOW_CTX_DAG_OWNER='airflow' AIRFLOW_CTX_DAG_ID='random_user_pipeline' AIRFLOW_CTX_TASK_ID='send_summary_email' AIRFLOW_CTX_EXECUTION_DATE='2025-05-22T00:00:00+00:00' AIRFLOW_CTX_TRY_NUMBER='1' AIRFLOW_CTX_DAG_RUN_ID='scheduled__2025-05-22T00:00:00+00:00'
[2025-05-23T07:01:25.975+0000] {taskinstance.py:430} INFO - ::endgroup::
[2025-05-23T07:01:26.725+0000] {logging_mixin.py:188} WARNING - /home/airflow/.local/lib/python3.12/site-packages/airflow/utils/email.py:154 RemovedInAirflow3Warning: Fetching SMTP credentials from configuration variables will be deprecated in a future release. Please set credentials using a connection instead.
[2025-05-23T07:01:26.735+0000] {email.py:271} INFO - Email alerting: attempt 1
[2025-05-23T07:01:29.519+0000] {email.py:282} INFO - Sent an alert email to ['papala.ramesh@quation.in', 'smilesoframs@gmail.com', 'ramesh.rams333@gmail.com']
[2025-05-23T07:01:31.922+0000] {taskinstance.py:441} INFO - ::group::Post task execution logs
[2025-05-23T07:01:34.535+0000] {taskinstance.py:1206} INFO - Marking task as SUCCESS. dag_id=random_user_pipeline, task_id=send_summary_email, run_id=scheduled__2025-05-22T00:00:00+00:00, execution_date=20250522T000000, start_date=20250523T070113, end_date=20250523T070134
[2025-05-23T07:01:38.379+0000] {local_task_job_runner.py:240} INFO - Task exited with return code 0
[2025-05-23T07:01:39.214+0000] {taskinstance.py:3503} INFO - 0 downstream tasks scheduled from follow-on schedule check
[2025-05-23T07:01:39.219+0000] {local_task_job_runner.py:222} INFO - ::endgroup::
