[2025-05-24T03:19:21.265+0000] {local_task_job_runner.py:120} INFO - ::group::Pre task execution logs
[2025-05-24T03:19:21.873+0000] {taskinstance.py:2076} INFO - Dependencies all met for dep_context=non-requeueable deps ti=<TaskInstance: random_user_pipeline.send_summary_email manual__2025-05-24T03:18:59.067460+00:00 [queued]>
[2025-05-24T03:19:21.898+0000] {taskinstance.py:2076} INFO - Dependencies all met for dep_context=requeueable deps ti=<TaskInstance: random_user_pipeline.send_summary_email manual__2025-05-24T03:18:59.067460+00:00 [queued]>
[2025-05-24T03:19:21.901+0000] {taskinstance.py:2306} INFO - Starting attempt 1 of 2
[2025-05-24T03:19:21.935+0000] {taskinstance.py:2330} INFO - Executing <Task(EmailOperator): send_summary_email> on 2025-05-24 03:18:59.067460+00:00
[2025-05-24T03:19:21.948+0000] {logging_mixin.py:188} WARNING - /home/airflow/.local/lib/python3.12/site-packages/airflow/task/task_runner/standard_task_runner.py:61 DeprecationWarning: This process (pid=225) is multi-threaded, use of fork() may lead to deadlocks in the child.
[2025-05-24T03:19:21.950+0000] {standard_task_runner.py:63} INFO - Started process 226 to run task
[2025-05-24T03:19:21.948+0000] {standard_task_runner.py:90} INFO - Running: ['airflow', 'tasks', 'run', 'random_user_pipeline', 'send_summary_email', 'manual__2025-05-24T03:18:59.067460+00:00', '--job-id', '440', '--raw', '--subdir', 'DAGS_FOLDER/random_user_pipeline.py', '--cfg-path', '/tmp/tmp91y0ax36']
[2025-05-24T03:19:21.951+0000] {standard_task_runner.py:91} INFO - Job 440: Subtask send_summary_email
[2025-05-24T03:19:23.535+0000] {task_command.py:426} INFO - Running <TaskInstance: random_user_pipeline.send_summary_email manual__2025-05-24T03:18:59.067460+00:00 [running]> on host ada8de387ebd
[2025-05-24T03:19:33.156+0000] {taskinstance.py:2648} INFO - Exporting env vars: AIRFLOW_CTX_DAG_EMAIL='papala.ramesh@quation.in,smilesoframs@gmail.com,ramesh.rams333@gmail.com' AIRFLOW_CTX_DAG_OWNER='airflow' AIRFLOW_CTX_DAG_ID='random_user_pipeline' AIRFLOW_CTX_TASK_ID='send_summary_email' AIRFLOW_CTX_EXECUTION_DATE='2025-05-24T03:18:59.067460+00:00' AIRFLOW_CTX_TRY_NUMBER='1' AIRFLOW_CTX_DAG_RUN_ID='manual__2025-05-24T03:18:59.067460+00:00'
[2025-05-24T03:19:33.159+0000] {taskinstance.py:430} INFO - ::endgroup::
[2025-05-24T03:19:33.793+0000] {logging_mixin.py:188} WARNING - /home/airflow/.local/lib/python3.12/site-packages/airflow/utils/email.py:154 RemovedInAirflow3Warning: Fetching SMTP credentials from configuration variables will be deprecated in a future release. Please set credentials using a connection instead.
[2025-05-24T03:19:33.794+0000] {email.py:271} INFO - Email alerting: attempt 1
[2025-05-24T03:19:35.186+0000] {email.py:282} INFO - Sent an alert email to ['papala.ramesh@quation.in', 'smilesoframs@gmail.com', 'ramesh.rams333@gmail.com']
[2025-05-24T03:19:37.754+0000] {taskinstance.py:441} INFO - ::group::Post task execution logs
[2025-05-24T03:19:38.435+0000] {taskinstance.py:1206} INFO - Marking task as SUCCESS. dag_id=random_user_pipeline, task_id=send_summary_email, run_id=manual__2025-05-24T03:18:59.067460+00:00, execution_date=20250524T031859, start_date=20250524T031921, end_date=20250524T031938
[2025-05-24T03:19:38.487+0000] {local_task_job_runner.py:240} INFO - Task exited with return code 0
[2025-05-24T03:19:38.988+0000] {taskinstance.py:3503} INFO - 0 downstream tasks scheduled from follow-on schedule check
[2025-05-24T03:19:38.993+0000] {local_task_job_runner.py:222} INFO - ::endgroup::
