[2025-05-22T13:43:16.060+0000] {local_task_job_runner.py:120} INFO - ::group::Pre task execution logs
[2025-05-22T13:43:16.396+0000] {taskinstance.py:2076} INFO - Dependencies all met for dep_context=non-requeueable deps ti=<TaskInstance: random_user_pipeline.wait_for_existing_data manual__2025-05-22T13:43:10.358087+00:00 [queued]>
[2025-05-22T13:43:16.409+0000] {taskinstance.py:2076} INFO - Dependencies all met for dep_context=requeueable deps ti=<TaskInstance: random_user_pipeline.wait_for_existing_data manual__2025-05-22T13:43:10.358087+00:00 [queued]>
[2025-05-22T13:43:16.410+0000] {taskinstance.py:2306} INFO - Starting attempt 1 of 2
[2025-05-22T13:43:16.426+0000] {taskinstance.py:2330} INFO - Executing <Task(SqlSensor): wait_for_existing_data> on 2025-05-22 13:43:10.358087+00:00
[2025-05-22T13:43:16.431+0000] {logging_mixin.py:188} WARNING - /home/airflow/.local/lib/python3.12/site-packages/airflow/task/task_runner/standard_task_runner.py:61 DeprecationWarning: This process (pid=209) is multi-threaded, use of fork() may lead to deadlocks in the child.
[2025-05-22T13:43:16.432+0000] {standard_task_runner.py:63} INFO - Started process 216 to run task
[2025-05-22T13:43:16.431+0000] {standard_task_runner.py:90} INFO - Running: ['airflow', 'tasks', 'run', 'random_user_pipeline', 'wait_for_existing_data', 'manual__2025-05-22T13:43:10.358087+00:00', '--job-id', '418', '--raw', '--subdir', 'DAGS_FOLDER/random_user_pipeline.py', '--cfg-path', '/tmp/tmpnc65nhvo']
[2025-05-22T13:43:16.433+0000] {standard_task_runner.py:91} INFO - Job 418: Subtask wait_for_existing_data
[2025-05-22T13:43:17.343+0000] {task_command.py:426} INFO - Running <TaskInstance: random_user_pipeline.wait_for_existing_data manual__2025-05-22T13:43:10.358087+00:00 [running]> on host ef7940912deb
[2025-05-22T13:43:18.623+0000] {taskinstance.py:2648} INFO - Exporting env vars: AIRFLOW_CTX_DAG_EMAIL='papala.ramesh@quation.in,smilesoframs@gmail.com,ramesh.rams333@gmail.com' AIRFLOW_CTX_DAG_OWNER='airflow' AIRFLOW_CTX_DAG_ID='random_user_pipeline' AIRFLOW_CTX_TASK_ID='wait_for_existing_data' AIRFLOW_CTX_EXECUTION_DATE='2025-05-22T13:43:10.358087+00:00' AIRFLOW_CTX_TRY_NUMBER='1' AIRFLOW_CTX_DAG_RUN_ID='manual__2025-05-22T13:43:10.358087+00:00'
[2025-05-22T13:43:18.624+0000] {taskinstance.py:430} INFO - ::endgroup::
[2025-05-22T13:43:18.659+0000] {crypto.py:82} WARNING - empty cryptography key - values will not be stored encrypted.
[2025-05-22T13:43:18.659+0000] {base.py:84} INFO - Using connection ID '***_default' for task execution.
[2025-05-22T13:43:18.662+0000] {sql.py:95} INFO - Poking: SELECT 1 FROM products WHERE DATE(created_at) = CURRENT_DATE LIMIT 1; (with parameters None)
[2025-05-22T13:43:18.663+0000] {base.py:84} INFO - Using connection ID '***_default' for task execution.
[2025-05-22T13:43:18.960+0000] {sql.py:487} INFO - Running statement: SELECT 1 FROM products WHERE DATE(created_at) = CURRENT_DATE LIMIT 1;, parameters: None
[2025-05-22T13:43:18.965+0000] {sql.py:496} INFO - Rows affected: 1
[2025-05-22T13:43:18.967+0000] {base.py:294} INFO - Success criteria met. Exiting.
[2025-05-22T13:43:18.967+0000] {taskinstance.py:441} INFO - ::group::Post task execution logs
[2025-05-22T13:43:19.299+0000] {taskinstance.py:1206} INFO - Marking task as SUCCESS. dag_id=random_user_pipeline, task_id=wait_for_existing_data, run_id=manual__2025-05-22T13:43:10.358087+00:00, execution_date=20250522T134310, start_date=20250522T134316, end_date=20250522T134319
[2025-05-22T13:43:19.338+0000] {local_task_job_runner.py:240} INFO - Task exited with return code 0
[2025-05-22T13:43:19.532+0000] {logging_mixin.py:188} WARNING - /home/airflow/.local/lib/python3.12/site-packages/airflow/models/baseoperator.py:1297 AirflowProviderDeprecationWarning: Call to deprecated class PostgresOperator. (Please use `airflow.providers.common.sql.operators.sql.SQLExecuteQueryOperator`.Also, you can provide `hook_params={'schema': <database>}`.)
[2025-05-22T13:43:19.567+0000] {taskinstance.py:3503} INFO - 1 downstream tasks scheduled from follow-on schedule check
[2025-05-22T13:43:19.569+0000] {local_task_job_runner.py:222} INFO - ::endgroup::
