[2025-05-19T03:48:33.388+0000] {local_task_job_runner.py:120} INFO - ::group::Pre task execution logs
[2025-05-19T03:48:33.869+0000] {taskinstance.py:2076} INFO - Dependencies all met for dep_context=non-requeueable deps ti=<TaskInstance: random_user_pipeline.insert_postgres manual__2025-05-19T03:48:19.067413+00:00 [queued]>
[2025-05-19T03:48:33.894+0000] {taskinstance.py:2076} INFO - Dependencies all met for dep_context=requeueable deps ti=<TaskInstance: random_user_pipeline.insert_postgres manual__2025-05-19T03:48:19.067413+00:00 [queued]>
[2025-05-19T03:48:33.896+0000] {taskinstance.py:2306} INFO - Starting attempt 1 of 2
[2025-05-19T03:48:33.947+0000] {taskinstance.py:2330} INFO - Executing <Task(PythonOperator): insert_postgres> on 2025-05-19 03:48:19.067413+00:00
[2025-05-19T03:48:33.964+0000] {logging_mixin.py:188} WARNING - /home/airflow/.local/lib/python3.12/site-packages/airflow/task/task_runner/standard_task_runner.py:61 DeprecationWarning: This process (pid=239) is multi-threaded, use of fork() may lead to deadlocks in the child.
[2025-05-19T03:48:33.960+0000] {standard_task_runner.py:90} INFO - Running: ['airflow', 'tasks', 'run', 'random_user_pipeline', 'insert_***', 'manual__2025-05-19T03:48:19.067413+00:00', '--job-id', '284', '--raw', '--subdir', 'DAGS_FOLDER/random_user_pipeline.py', '--cfg-path', '/tmp/tmpgk0nppww']
[2025-05-19T03:48:33.965+0000] {standard_task_runner.py:63} INFO - Started process 255 to run task
[2025-05-19T03:48:33.965+0000] {standard_task_runner.py:91} INFO - Job 284: Subtask insert_***
[2025-05-19T03:48:35.304+0000] {task_command.py:426} INFO - Running <TaskInstance: random_user_pipeline.insert_postgres manual__2025-05-19T03:48:19.067413+00:00 [running]> on host 2bf7307dad55
[2025-05-19T03:48:37.542+0000] {taskinstance.py:2648} INFO - Exporting env vars: AIRFLOW_CTX_DAG_EMAIL='papala.ramesh@quation.in,smilesoframs@gmail.com,ramesh.rams333@gmail.com' AIRFLOW_CTX_DAG_OWNER='airflow' AIRFLOW_CTX_DAG_ID='random_user_pipeline' AIRFLOW_CTX_TASK_ID='insert_***' AIRFLOW_CTX_EXECUTION_DATE='2025-05-19T03:48:19.067413+00:00' AIRFLOW_CTX_TRY_NUMBER='1' AIRFLOW_CTX_DAG_RUN_ID='manual__2025-05-19T03:48:19.067413+00:00'
[2025-05-19T03:48:37.545+0000] {taskinstance.py:430} INFO - ::endgroup::
[2025-05-19T03:48:37.571+0000] {logging_mixin.py:188} INFO - Parsed using ast.literal_eval (Python dict string).
[2025-05-19T03:48:37.944+0000] {logging_mixin.py:188} INFO - ✅ Database connection established.
[2025-05-19T03:48:37.950+0000] {logging_mixin.py:188} INFO - ✅ Table ready.
[2025-05-19T03:48:37.951+0000] {logging_mixin.py:188} INFO - 
--- Inserting product ---
[2025-05-19T03:48:37.952+0000] {logging_mixin.py:188} INFO - Name: Maiores harum ab totam error.
[2025-05-19T03:48:37.952+0000] {logging_mixin.py:188} INFO - Created At: 2025-05-18 03:48:37.951613
[2025-05-19T03:48:37.957+0000] {logging_mixin.py:188} INFO - 
--- Inserting product ---
[2025-05-19T03:48:37.958+0000] {logging_mixin.py:188} INFO - Name: Dolores ipsa nemo ipsa.
[2025-05-19T03:48:37.958+0000] {logging_mixin.py:188} INFO - Created At: 2025-05-18 03:48:37.957542
[2025-05-19T03:48:37.960+0000] {logging_mixin.py:188} INFO - 
--- Inserting product ---
[2025-05-19T03:48:37.961+0000] {logging_mixin.py:188} INFO - Name: Quos officia dicta non est.
[2025-05-19T03:48:37.961+0000] {logging_mixin.py:188} INFO - Created At: 2025-05-18 03:48:37.960817
[2025-05-19T03:48:37.963+0000] {logging_mixin.py:188} INFO - 
--- Inserting product ---
[2025-05-19T03:48:37.965+0000] {logging_mixin.py:188} INFO - Name: Enim ab aut nam quam quos.
[2025-05-19T03:48:37.966+0000] {logging_mixin.py:188} INFO - Created At: 2025-05-18 03:48:37.963679
[2025-05-19T03:48:37.969+0000] {logging_mixin.py:188} INFO - 
--- Inserting product ---
[2025-05-19T03:48:37.971+0000] {logging_mixin.py:188} INFO - Name: Molestiae et voluptas aut.
[2025-05-19T03:48:37.973+0000] {logging_mixin.py:188} INFO - Created At: 2025-05-18 03:48:37.969459
[2025-05-19T03:48:37.976+0000] {logging_mixin.py:188} INFO - 
--- Inserting product ---
[2025-05-19T03:48:37.976+0000] {logging_mixin.py:188} INFO - Name: Saepe est vel consequatur.
[2025-05-19T03:48:37.977+0000] {logging_mixin.py:188} INFO - Created At: 2025-05-18 03:48:37.975935
[2025-05-19T03:48:37.980+0000] {logging_mixin.py:188} INFO - 
--- Inserting product ---
[2025-05-19T03:48:37.980+0000] {logging_mixin.py:188} INFO - Name: Sit at at dolor libero.
[2025-05-19T03:48:37.981+0000] {logging_mixin.py:188} INFO - Created At: 2025-05-18 03:48:37.980114
[2025-05-19T03:48:37.983+0000] {logging_mixin.py:188} INFO - 
--- Inserting product ---
[2025-05-19T03:48:37.983+0000] {logging_mixin.py:188} INFO - Name: Sint quam voluptatem qui.
[2025-05-19T03:48:37.984+0000] {logging_mixin.py:188} INFO - Created At: 2025-05-18 03:48:37.983236
[2025-05-19T03:48:37.986+0000] {logging_mixin.py:188} INFO - 
--- Inserting product ---
[2025-05-19T03:48:37.986+0000] {logging_mixin.py:188} INFO - Name: Ut ipsam et ipsa qui est.
[2025-05-19T03:48:37.987+0000] {logging_mixin.py:188} INFO - Created At: 2025-05-18 03:48:37.986241
[2025-05-19T03:48:37.989+0000] {logging_mixin.py:188} INFO - 
--- Inserting product ---
[2025-05-19T03:48:37.989+0000] {logging_mixin.py:188} INFO - Name: Et id quae iusto nihil.
[2025-05-19T03:48:37.990+0000] {logging_mixin.py:188} INFO - Created At: 2025-05-18 03:48:37.989058
[2025-05-19T03:48:37.992+0000] {logging_mixin.py:188} INFO - 
--- Inserting product ---
[2025-05-19T03:48:37.993+0000] {logging_mixin.py:188} INFO - Name: Quod qui alias non.
[2025-05-19T03:48:37.994+0000] {logging_mixin.py:188} INFO - Created At: 2025-05-18 03:48:37.992728
[2025-05-19T03:48:37.996+0000] {logging_mixin.py:188} INFO - 
--- Inserting product ---
[2025-05-19T03:48:37.997+0000] {logging_mixin.py:188} INFO - Name: Aut error esse quia et.
[2025-05-19T03:48:37.997+0000] {logging_mixin.py:188} INFO - Created At: 2025-05-18 03:48:37.996448
[2025-05-19T03:48:37.999+0000] {logging_mixin.py:188} INFO - 
--- Inserting product ---
[2025-05-19T03:48:38.000+0000] {logging_mixin.py:188} INFO - Name: Adipisci labore illum quia.
[2025-05-19T03:48:38.000+0000] {logging_mixin.py:188} INFO - Created At: 2025-05-18 03:48:37.999419
[2025-05-19T03:48:38.002+0000] {logging_mixin.py:188} INFO - 
--- Inserting product ---
[2025-05-19T03:48:38.002+0000] {logging_mixin.py:188} INFO - Name: A labore dicta rerum ex aut.
[2025-05-19T03:48:38.003+0000] {logging_mixin.py:188} INFO - Created At: 2025-05-18 03:48:38.002312
[2025-05-19T03:48:38.005+0000] {logging_mixin.py:188} INFO - 
--- Inserting product ---
[2025-05-19T03:48:38.005+0000] {logging_mixin.py:188} INFO - Name: Et tempore ipsum commodi.
[2025-05-19T03:48:38.005+0000] {logging_mixin.py:188} INFO - Created At: 2025-05-18 03:48:38.005000
[2025-05-19T03:48:38.007+0000] {logging_mixin.py:188} INFO - 
--- Inserting product ---
[2025-05-19T03:48:38.007+0000] {logging_mixin.py:188} INFO - Name: Ut vero vitae nam ut.
[2025-05-19T03:48:38.008+0000] {logging_mixin.py:188} INFO - Created At: 2025-05-18 03:48:38.007258
[2025-05-19T03:48:38.010+0000] {logging_mixin.py:188} INFO - 
--- Inserting product ---
[2025-05-19T03:48:38.012+0000] {logging_mixin.py:188} INFO - Name: Optio neque et enim deleniti.
[2025-05-19T03:48:38.012+0000] {logging_mixin.py:188} INFO - Created At: 2025-05-18 03:48:38.010094
[2025-05-19T03:48:38.014+0000] {logging_mixin.py:188} INFO - 
--- Inserting product ---
[2025-05-19T03:48:38.014+0000] {logging_mixin.py:188} INFO - Name: Quia enim a ea ducimus rem.
[2025-05-19T03:48:38.015+0000] {logging_mixin.py:188} INFO - Created At: 2025-05-18 03:48:38.014250
[2025-05-19T03:48:38.016+0000] {logging_mixin.py:188} INFO - 
--- Inserting product ---
[2025-05-19T03:48:38.017+0000] {logging_mixin.py:188} INFO - Name: Qui iusto itaque est.
[2025-05-19T03:48:38.017+0000] {logging_mixin.py:188} INFO - Created At: 2025-05-18 03:48:38.016824
[2025-05-19T03:48:38.019+0000] {logging_mixin.py:188} INFO - 
--- Inserting product ---
[2025-05-19T03:48:38.020+0000] {logging_mixin.py:188} INFO - Name: Exercitationem quis ad alias.
[2025-05-19T03:48:38.020+0000] {logging_mixin.py:188} INFO - Created At: 2025-05-18 03:48:38.019579
[2025-05-19T03:48:38.024+0000] {logging_mixin.py:188} INFO - 
✅ Inserted 20 products successfully.
[2025-05-19T03:48:38.025+0000] {logging_mixin.py:188} INFO - 🔒 DB connection closed.
[2025-05-19T03:48:38.026+0000] {python.py:237} INFO - Done. Returned value was: None
[2025-05-19T03:48:38.027+0000] {taskinstance.py:441} INFO - ::group::Post task execution logs
[2025-05-19T03:48:38.424+0000] {taskinstance.py:1206} INFO - Marking task as SUCCESS. dag_id=random_user_pipeline, task_id=insert_***, run_id=manual__2025-05-19T03:48:19.067413+00:00, execution_date=20250519T034819, start_date=20250519T034833, end_date=20250519T034838
[2025-05-19T03:48:38.487+0000] {local_task_job_runner.py:240} INFO - Task exited with return code 0
[2025-05-19T03:48:38.966+0000] {taskinstance.py:3503} INFO - 0 downstream tasks scheduled from follow-on schedule check
[2025-05-19T03:48:38.971+0000] {local_task_job_runner.py:222} INFO - ::endgroup::
