[2025-05-22T12:52:49.966+0000] {local_task_job_runner.py:120} INFO - ::group::Pre task execution logs
[2025-05-22T12:52:50.294+0000] {taskinstance.py:2076} INFO - Dependencies all met for dep_context=non-requeueable deps ti=<TaskInstance: random_user_pipeline.branch_on_count manual__2025-05-22T12:52:40.817447+00:00 [queued]>
[2025-05-22T12:52:50.306+0000] {taskinstance.py:2076} INFO - Dependencies all met for dep_context=requeueable deps ti=<TaskInstance: random_user_pipeline.branch_on_count manual__2025-05-22T12:52:40.817447+00:00 [queued]>
[2025-05-22T12:52:50.307+0000] {taskinstance.py:2306} INFO - Starting attempt 1 of 2
[2025-05-22T12:52:50.325+0000] {taskinstance.py:2330} INFO - Executing <Task(BranchPythonOperator): branch_on_count> on 2025-05-22 12:52:40.817447+00:00
[2025-05-22T12:52:50.332+0000] {logging_mixin.py:188} WARNING - /home/airflow/.local/lib/python3.12/site-packages/airflow/task/task_runner/standard_task_runner.py:61 DeprecationWarning: This process (pid=223) is multi-threaded, use of fork() may lead to deadlocks in the child.
[2025-05-22T12:52:50.332+0000] {standard_task_runner.py:90} INFO - Running: ['airflow', 'tasks', 'run', 'random_user_pipeline', 'branch_on_count', 'manual__2025-05-22T12:52:40.817447+00:00', '--job-id', '408', '--raw', '--subdir', 'DAGS_FOLDER/random_user_pipeline.py', '--cfg-path', '/tmp/tmp1wp4602o']
[2025-05-22T12:52:50.334+0000] {standard_task_runner.py:63} INFO - Started process 224 to run task
[2025-05-22T12:52:50.335+0000] {standard_task_runner.py:91} INFO - Job 408: Subtask branch_on_count
[2025-05-22T12:52:51.616+0000] {task_command.py:426} INFO - Running <TaskInstance: random_user_pipeline.branch_on_count manual__2025-05-22T12:52:40.817447+00:00 [running]> on host 9fdc869a03df
[2025-05-22T12:52:53.175+0000] {taskinstance.py:2648} INFO - Exporting env vars: AIRFLOW_CTX_DAG_EMAIL='papala.ramesh@quation.in,smilesoframs@gmail.com,ramesh.rams333@gmail.com' AIRFLOW_CTX_DAG_OWNER='airflow' AIRFLOW_CTX_DAG_ID='random_user_pipeline' AIRFLOW_CTX_TASK_ID='branch_on_count' AIRFLOW_CTX_EXECUTION_DATE='2025-05-22T12:52:40.817447+00:00' AIRFLOW_CTX_TRY_NUMBER='1' AIRFLOW_CTX_DAG_RUN_ID='manual__2025-05-22T12:52:40.817447+00:00'
[2025-05-22T12:52:53.176+0000] {taskinstance.py:430} INFO - ::endgroup::
[2025-05-22T12:52:53.189+0000] {baseoperator.py:400} WARNING - BranchPythonOperator.execute cannot be called outside TaskInstance!
[2025-05-22T12:52:53.196+0000] {crypto.py:82} WARNING - empty cryptography key - values will not be stored encrypted.
[2025-05-22T12:52:53.197+0000] {base.py:84} INFO - Using connection ID '***_default' for task execution.
[2025-05-22T12:52:53.398+0000] {sql.py:487} INFO - Running statement: SELECT COUNT(*) FROM products WHERE DATE(created_at) = CURRENT_DATE;
, parameters: None
[2025-05-22T12:52:53.401+0000] {sql.py:496} INFO - Rows affected: 1
[2025-05-22T12:52:53.403+0000] {python.py:237} INFO - Done. Returned value was: log_ingestion_audit
[2025-05-22T12:52:53.403+0000] {branch.py:36} INFO - Branch into log_ingestion_audit
[2025-05-22T12:52:53.403+0000] {skipmixin.py:178} INFO - Following branch log_ingestion_audit
[2025-05-22T12:52:54.033+0000] {skipmixin.py:246} INFO - Skipping tasks [('skip_fetch_insert', -1), ('fetch_random_product', -1)]
[2025-05-22T12:52:54.653+0000] {taskinstance.py:441} INFO - ::group::Post task execution logs
[2025-05-22T12:52:55.284+0000] {taskinstance.py:1206} INFO - Marking task as SUCCESS. dag_id=random_user_pipeline, task_id=branch_on_count, run_id=manual__2025-05-22T12:52:40.817447+00:00, execution_date=20250522T125240, start_date=20250522T125250, end_date=20250522T125255
[2025-05-22T12:52:55.332+0000] {local_task_job_runner.py:240} INFO - Task exited with return code 0
[2025-05-22T12:52:55.568+0000] {logging_mixin.py:188} WARNING - /home/airflow/.local/lib/python3.12/site-packages/airflow/models/baseoperator.py:1297 AirflowProviderDeprecationWarning: Call to deprecated class PostgresOperator. (Please use `airflow.providers.common.sql.operators.sql.SQLExecuteQueryOperator`.Also, you can provide `hook_params={'schema': <database>}`.)
[2025-05-22T12:52:55.582+0000] {taskinstance.py:3503} INFO - 0 downstream tasks scheduled from follow-on schedule check
[2025-05-22T12:52:55.585+0000] {local_task_job_runner.py:222} INFO - ::endgroup::
