[2025-05-23T07:00:03.056+0000] {local_task_job_runner.py:120} INFO - ::group::Pre task execution logs
[2025-05-23T07:00:09.831+0000] {taskinstance.py:2076} INFO - Dependencies all met for dep_context=non-requeueable deps ti=<TaskInstance: random_user_pipeline.wait_for_existing_data scheduled__2025-05-22T00:00:00+00:00 [queued]>
[2025-05-23T07:00:10.617+0000] {taskinstance.py:2076} INFO - Dependencies all met for dep_context=requeueable deps ti=<TaskInstance: random_user_pipeline.wait_for_existing_data scheduled__2025-05-22T00:00:00+00:00 [queued]>
[2025-05-23T07:00:10.619+0000] {taskinstance.py:2306} INFO - Starting attempt 1 of 2
[2025-05-23T07:00:11.168+0000] {taskinstance.py:2330} INFO - Executing <Task(SqlSensor): wait_for_existing_data> on 2025-05-22 00:00:00+00:00
[2025-05-23T07:00:11.389+0000] {logging_mixin.py:188} WARNING - /home/airflow/.local/lib/python3.12/site-packages/airflow/task/task_runner/standard_task_runner.py:61 DeprecationWarning: This process (pid=249) is multi-threaded, use of fork() may lead to deadlocks in the child.
[2025-05-23T07:00:11.385+0000] {standard_task_runner.py:90} INFO - Running: ['airflow', 'tasks', 'run', 'random_user_pipeline', 'wait_for_existing_data', 'scheduled__2025-05-22T00:00:00+00:00', '--job-id', '430', '--raw', '--subdir', 'DAGS_FOLDER/random_user_pipeline.py', '--cfg-path', '/tmp/tmp7gbrzwjd']
[2025-05-23T07:00:11.503+0000] {standard_task_runner.py:63} INFO - Started process 253 to run task
[2025-05-23T07:00:11.626+0000] {standard_task_runner.py:91} INFO - Job 430: Subtask wait_for_existing_data
[2025-05-23T07:00:28.587+0000] {task_command.py:426} INFO - Running <TaskInstance: random_user_pipeline.wait_for_existing_data scheduled__2025-05-22T00:00:00+00:00 [running]> on host 45099b717e09
[2025-05-23T07:00:45.452+0000] {taskinstance.py:2648} INFO - Exporting env vars: AIRFLOW_CTX_DAG_EMAIL='papala.ramesh@quation.in,smilesoframs@gmail.com,ramesh.rams333@gmail.com' AIRFLOW_CTX_DAG_OWNER='airflow' AIRFLOW_CTX_DAG_ID='random_user_pipeline' AIRFLOW_CTX_TASK_ID='wait_for_existing_data' AIRFLOW_CTX_EXECUTION_DATE='2025-05-22T00:00:00+00:00' AIRFLOW_CTX_TRY_NUMBER='1' AIRFLOW_CTX_DAG_RUN_ID='scheduled__2025-05-22T00:00:00+00:00'
[2025-05-23T07:00:45.577+0000] {taskinstance.py:430} INFO - ::endgroup::
[2025-05-23T07:00:45.725+0000] {crypto.py:82} WARNING - empty cryptography key - values will not be stored encrypted.
[2025-05-23T07:00:45.827+0000] {base.py:84} INFO - Using connection ID '***_default' for task execution.
[2025-05-23T07:00:45.950+0000] {sql.py:95} INFO - Poking: SELECT 1 FROM products WHERE DATE(created_at) = CURRENT_DATE LIMIT 1; (with parameters None)
[2025-05-23T07:00:45.964+0000] {base.py:84} INFO - Using connection ID '***_default' for task execution.
[2025-05-23T07:00:48.669+0000] {sql.py:487} INFO - Running statement: SELECT 1 FROM products WHERE DATE(created_at) = CURRENT_DATE LIMIT 1;, parameters: None
[2025-05-23T07:00:48.814+0000] {sql.py:496} INFO - Rows affected: 0
[2025-05-23T07:01:18.923+0000] {base.py:84} INFO - Using connection ID '***_default' for task execution.
[2025-05-23T07:01:18.927+0000] {sql.py:95} INFO - Poking: SELECT 1 FROM products WHERE DATE(created_at) = CURRENT_DATE LIMIT 1; (with parameters None)
[2025-05-23T07:01:18.929+0000] {base.py:84} INFO - Using connection ID '***_default' for task execution.
[2025-05-23T07:01:19.956+0000] {sql.py:487} INFO - Running statement: SELECT 1 FROM products WHERE DATE(created_at) = CURRENT_DATE LIMIT 1;, parameters: None
[2025-05-23T07:01:19.981+0000] {sql.py:496} INFO - Rows affected: 0
[2025-05-23T07:01:49.984+0000] {base.py:84} INFO - Using connection ID '***_default' for task execution.
[2025-05-23T07:01:49.987+0000] {sql.py:95} INFO - Poking: SELECT 1 FROM products WHERE DATE(created_at) = CURRENT_DATE LIMIT 1; (with parameters None)
[2025-05-23T07:01:49.989+0000] {base.py:84} INFO - Using connection ID '***_default' for task execution.
[2025-05-23T07:01:50.785+0000] {sql.py:487} INFO - Running statement: SELECT 1 FROM products WHERE DATE(created_at) = CURRENT_DATE LIMIT 1;, parameters: None
[2025-05-23T07:01:50.792+0000] {sql.py:496} INFO - Rows affected: 0
[2025-05-23T07:02:20.793+0000] {base.py:84} INFO - Using connection ID '***_default' for task execution.
[2025-05-23T07:02:20.795+0000] {sql.py:95} INFO - Poking: SELECT 1 FROM products WHERE DATE(created_at) = CURRENT_DATE LIMIT 1; (with parameters None)
[2025-05-23T07:02:20.796+0000] {base.py:84} INFO - Using connection ID '***_default' for task execution.
[2025-05-23T07:02:21.223+0000] {sql.py:487} INFO - Running statement: SELECT 1 FROM products WHERE DATE(created_at) = CURRENT_DATE LIMIT 1;, parameters: None
[2025-05-23T07:02:21.232+0000] {sql.py:496} INFO - Rows affected: 0
[2025-05-23T07:02:51.233+0000] {base.py:84} INFO - Using connection ID '***_default' for task execution.
[2025-05-23T07:02:51.234+0000] {sql.py:95} INFO - Poking: SELECT 1 FROM products WHERE DATE(created_at) = CURRENT_DATE LIMIT 1; (with parameters None)
[2025-05-23T07:02:51.236+0000] {base.py:84} INFO - Using connection ID '***_default' for task execution.
[2025-05-23T07:02:51.655+0000] {sql.py:487} INFO - Running statement: SELECT 1 FROM products WHERE DATE(created_at) = CURRENT_DATE LIMIT 1;, parameters: None
[2025-05-23T07:02:51.664+0000] {sql.py:496} INFO - Rows affected: 0
[2025-05-23T07:02:51.667+0000] {taskinstance.py:441} INFO - ::group::Post task execution logs
[2025-05-23T07:02:51.668+0000] {taskinstance.py:2905} ERROR - Task failed with exception
Traceback (most recent call last):
  File "/home/airflow/.local/lib/python3.12/site-packages/airflow/models/taskinstance.py", line 465, in _execute_task
    result = _execute_callable(context=context, **execute_callable_kwargs)
             ^^^^^^^^^^^^^^^^^^^^^^^^^^^^^^^^^^^^^^^^^^^^^^^^^^^^^^^^^^^^^
  File "/home/airflow/.local/lib/python3.12/site-packages/airflow/models/taskinstance.py", line 432, in _execute_callable
    return execute_callable(context=context, **execute_callable_kwargs)
           ^^^^^^^^^^^^^^^^^^^^^^^^^^^^^^^^^^^^^^^^^^^^^^^^^^^^^^^^^^^^
  File "/home/airflow/.local/lib/python3.12/site-packages/airflow/models/baseoperator.py", line 401, in wrapper
    return func(self, *args, **kwargs)
           ^^^^^^^^^^^^^^^^^^^^^^^^^^^
  File "/home/airflow/.local/lib/python3.12/site-packages/airflow/sensors/base.py", line 281, in execute
    raise AirflowSensorTimeout(message)
airflow.exceptions.AirflowSensorTimeout: Sensor has timed out; run duration of 125.9571820370038 seconds exceeds the specified timeout of 120.0.
[2025-05-23T07:02:52.152+0000] {taskinstance.py:1206} INFO - Immediate failure requested. Marking task as FAILED. dag_id=random_user_pipeline, task_id=wait_for_existing_data, run_id=scheduled__2025-05-22T00:00:00+00:00, execution_date=20250522T000000, start_date=20250523T070010, end_date=20250523T070252
[2025-05-23T07:02:52.196+0000] {logging_mixin.py:188} WARNING - /home/airflow/.local/lib/python3.12/site-packages/airflow/utils/email.py:154 RemovedInAirflow3Warning: Fetching SMTP credentials from configuration variables will be deprecated in a future release. Please set credentials using a connection instead.
[2025-05-23T07:02:52.197+0000] {email.py:271} INFO - Email alerting: attempt 1
[2025-05-23T07:02:53.735+0000] {email.py:282} INFO - Sent an alert email to ['papala.ramesh@quation.in', 'smilesoframs@gmail.com', 'ramesh.rams333@gmail.com']
[2025-05-23T07:02:56.749+0000] {standard_task_runner.py:110} ERROR - Failed to execute job 430 for task wait_for_existing_data (Sensor has timed out; run duration of 125.9571820370038 seconds exceeds the specified timeout of 120.0.; 253)
[2025-05-23T07:02:56.769+0000] {local_task_job_runner.py:240} INFO - Task exited with return code 1
[2025-05-23T07:02:57.312+0000] {logging_mixin.py:188} WARNING - /home/airflow/.local/lib/python3.12/site-packages/airflow/models/baseoperator.py:1297 AirflowProviderDeprecationWarning: Call to deprecated class PostgresOperator. (Please use `airflow.providers.common.sql.operators.sql.SQLExecuteQueryOperator`.Also, you can provide `hook_params={'schema': <database>}`.)
[2025-05-23T07:02:57.345+0000] {taskinstance.py:3503} INFO - 0 downstream tasks scheduled from follow-on schedule check
[2025-05-23T07:02:57.356+0000] {local_task_job_runner.py:222} INFO - ::endgroup::
