[2025-05-19T03:05:34.994+0000] {local_task_job_runner.py:120} INFO - ::group::Pre task execution logs
[2025-05-19T03:05:35.613+0000] {taskinstance.py:2076} INFO - Dependencies all met for dep_context=non-requeueable deps ti=<TaskInstance: random_user_pipeline.insert_postgres scheduled__2025-05-18T00:00:00+00:00 [queued]>
[2025-05-19T03:05:35.646+0000] {taskinstance.py:2076} INFO - Dependencies all met for dep_context=requeueable deps ti=<TaskInstance: random_user_pipeline.insert_postgres scheduled__2025-05-18T00:00:00+00:00 [queued]>
[2025-05-19T03:05:35.648+0000] {taskinstance.py:2306} INFO - Starting attempt 1 of 2
[2025-05-19T03:05:35.703+0000] {taskinstance.py:2330} INFO - Executing <Task(PythonOperator): insert_postgres> on 2025-05-18 00:00:00+00:00
[2025-05-19T03:05:35.732+0000] {standard_task_runner.py:90} INFO - Running: ['airflow', 'tasks', 'run', 'random_user_pipeline', 'insert_***', 'scheduled__2025-05-18T00:00:00+00:00', '--job-id', '271', '--raw', '--subdir', 'DAGS_FOLDER/random_user_pipeline.py', '--cfg-path', '/tmp/tmppytw1yyy']
[2025-05-19T03:05:35.745+0000] {logging_mixin.py:188} WARNING - /home/airflow/.local/lib/python3.12/site-packages/airflow/task/task_runner/standard_task_runner.py:61 DeprecationWarning: This process (pid=191) is multi-threaded, use of fork() may lead to deadlocks in the child.
[2025-05-19T03:05:35.747+0000] {standard_task_runner.py:91} INFO - Job 271: Subtask insert_***
[2025-05-19T03:05:35.748+0000] {standard_task_runner.py:63} INFO - Started process 194 to run task
[2025-05-19T03:05:37.835+0000] {task_command.py:426} INFO - Running <TaskInstance: random_user_pipeline.insert_postgres scheduled__2025-05-18T00:00:00+00:00 [running]> on host 4c5cd93e80a1
[2025-05-19T03:05:42.549+0000] {taskinstance.py:2648} INFO - Exporting env vars: AIRFLOW_CTX_DAG_EMAIL='papala.ramesh@quation.in,smilesoframs@gmail.com,ramesh.rams333@gmail.com' AIRFLOW_CTX_DAG_OWNER='airflow' AIRFLOW_CTX_DAG_ID='random_user_pipeline' AIRFLOW_CTX_TASK_ID='insert_***' AIRFLOW_CTX_EXECUTION_DATE='2025-05-18T00:00:00+00:00' AIRFLOW_CTX_TRY_NUMBER='1' AIRFLOW_CTX_DAG_RUN_ID='scheduled__2025-05-18T00:00:00+00:00'
[2025-05-19T03:05:42.551+0000] {taskinstance.py:430} INFO - ::endgroup::
[2025-05-19T03:05:42.591+0000] {logging_mixin.py:188} INFO - Parsed using ast.literal_eval (Python dict string).
[2025-05-19T03:05:44.406+0000] {logging_mixin.py:188} INFO - ✅ Database connection established.
[2025-05-19T03:05:44.432+0000] {logging_mixin.py:188} INFO - ✅ Table ready.
[2025-05-19T03:05:44.434+0000] {logging_mixin.py:188} INFO - 
--- Inserting product ---
[2025-05-19T03:05:44.442+0000] {logging_mixin.py:188} INFO - Name: Molestiae impedit placeat ea.
[2025-05-19T03:05:44.443+0000] {logging_mixin.py:188} INFO - Description: Ut cumque qui numquam ab molestiae. Ut quas error in et. Quisquam corporis sed perspiciatis eum animi ab ducimus quo. Consequatur quia officia placeat aperiam adipisci debitis.
[2025-05-19T03:05:44.444+0000] {logging_mixin.py:188} INFO - EAN: 9979724950933
[2025-05-19T03:05:44.445+0000] {logging_mixin.py:188} INFO - UPC: 809508118487
[2025-05-19T03:05:44.445+0000] {logging_mixin.py:188} INFO - Image: http://placeimg.com/640/480/tech
[2025-05-19T03:05:44.446+0000] {logging_mixin.py:188} INFO - Net Price: 35.57
[2025-05-19T03:05:44.447+0000] {logging_mixin.py:188} INFO - Taxes: 22.0
[2025-05-19T03:05:44.447+0000] {logging_mixin.py:188} INFO - Price: 43.4
[2025-05-19T03:05:44.455+0000] {logging_mixin.py:188} INFO - 
--- Inserting product ---
[2025-05-19T03:05:44.456+0000] {logging_mixin.py:188} INFO - Name: Ut libero iusto quisquam.
[2025-05-19T03:05:44.464+0000] {logging_mixin.py:188} INFO - Description: Fugit aut laudantium modi odit incidunt. Voluptatibus id voluptates necessitatibus dolores. Amet odio vel veritatis ab voluptate. Omnis aliquid est ut rem itaque et qui.
[2025-05-19T03:05:44.465+0000] {logging_mixin.py:188} INFO - EAN: 5567138541706
[2025-05-19T03:05:44.466+0000] {logging_mixin.py:188} INFO - UPC: 608272754702
[2025-05-19T03:05:44.469+0000] {logging_mixin.py:188} INFO - Image: http://placeimg.com/640/480/tech
[2025-05-19T03:05:44.470+0000] {logging_mixin.py:188} INFO - Net Price: 301.62
[2025-05-19T03:05:44.478+0000] {logging_mixin.py:188} INFO - Taxes: 22.0
[2025-05-19T03:05:44.480+0000] {logging_mixin.py:188} INFO - Price: 367.98
[2025-05-19T03:05:44.485+0000] {logging_mixin.py:188} INFO - 
--- Inserting product ---
[2025-05-19T03:05:44.486+0000] {logging_mixin.py:188} INFO - Name: Modi ea iusto ratione.
[2025-05-19T03:05:44.487+0000] {logging_mixin.py:188} INFO - Description: Facilis maxime aut iure dolores cumque voluptate. Ab omnis nisi asperiores atque. Consequuntur repudiandae neque saepe eum accusamus.
[2025-05-19T03:05:44.488+0000] {logging_mixin.py:188} INFO - EAN: 3492570634681
[2025-05-19T03:05:44.489+0000] {logging_mixin.py:188} INFO - UPC: 824458863720
[2025-05-19T03:05:44.496+0000] {logging_mixin.py:188} INFO - Image: http://placeimg.com/640/480/tech
[2025-05-19T03:05:44.499+0000] {logging_mixin.py:188} INFO - Net Price: 678.06
[2025-05-19T03:05:44.500+0000] {logging_mixin.py:188} INFO - Taxes: 22.0
[2025-05-19T03:05:44.502+0000] {logging_mixin.py:188} INFO - Price: 827.23
[2025-05-19T03:05:44.511+0000] {logging_mixin.py:188} INFO - 
--- Inserting product ---
[2025-05-19T03:05:44.513+0000] {logging_mixin.py:188} INFO - Name: Est nisi dolorem at.
[2025-05-19T03:05:44.515+0000] {logging_mixin.py:188} INFO - Description: Temporibus et accusamus sint voluptate. Et qui et ut id. Voluptatem in ut accusantium dolor. Optio pariatur quas rem impedit eveniet quia quidem.
[2025-05-19T03:05:44.528+0000] {logging_mixin.py:188} INFO - EAN: 0210429306533
[2025-05-19T03:05:44.529+0000] {logging_mixin.py:188} INFO - UPC: 081203040890
[2025-05-19T03:05:44.529+0000] {logging_mixin.py:188} INFO - Image: http://placeimg.com/640/480/tech
[2025-05-19T03:05:44.530+0000] {logging_mixin.py:188} INFO - Net Price: 1226466.49
[2025-05-19T03:05:44.531+0000] {logging_mixin.py:188} INFO - Taxes: 22.0
[2025-05-19T03:05:44.532+0000] {logging_mixin.py:188} INFO - Price: 1496289.12
[2025-05-19T03:05:44.535+0000] {logging_mixin.py:188} INFO - 
--- Inserting product ---
[2025-05-19T03:05:44.536+0000] {logging_mixin.py:188} INFO - Name: Ea quae eum sed.
[2025-05-19T03:05:44.537+0000] {logging_mixin.py:188} INFO - Description: Molestias occaecati quam quaerat aut accusantium sapiente. Qui numquam aut quas incidunt. Soluta amet velit ab modi voluptatem voluptas repudiandae.
[2025-05-19T03:05:44.538+0000] {logging_mixin.py:188} INFO - EAN: 0779629722739
[2025-05-19T03:05:44.538+0000] {logging_mixin.py:188} INFO - UPC: 769473309810
[2025-05-19T03:05:44.540+0000] {logging_mixin.py:188} INFO - Image: http://placeimg.com/640/480/tech
[2025-05-19T03:05:44.541+0000] {logging_mixin.py:188} INFO - Net Price: 15.79
[2025-05-19T03:05:44.542+0000] {logging_mixin.py:188} INFO - Taxes: 22.0
[2025-05-19T03:05:44.543+0000] {logging_mixin.py:188} INFO - Price: 19.26
[2025-05-19T03:05:44.547+0000] {logging_mixin.py:188} INFO - 
--- Inserting product ---
[2025-05-19T03:05:44.548+0000] {logging_mixin.py:188} INFO - Name: Suscipit et minima nihil.
[2025-05-19T03:05:44.548+0000] {logging_mixin.py:188} INFO - Description: Et facilis aut sint vero nisi fugit. Harum velit aut saepe sint magnam. Explicabo corporis perferendis quia. Aspernatur aut qui eum sint quod est perferendis.
[2025-05-19T03:05:44.549+0000] {logging_mixin.py:188} INFO - EAN: 2686481201921
[2025-05-19T03:05:44.550+0000] {logging_mixin.py:188} INFO - UPC: 817005627654
[2025-05-19T03:05:44.551+0000] {logging_mixin.py:188} INFO - Image: http://placeimg.com/640/480/tech
[2025-05-19T03:05:44.552+0000] {logging_mixin.py:188} INFO - Net Price: 7.6
[2025-05-19T03:05:44.553+0000] {logging_mixin.py:188} INFO - Taxes: 22.0
[2025-05-19T03:05:44.554+0000] {logging_mixin.py:188} INFO - Price: 9.27
[2025-05-19T03:05:44.558+0000] {logging_mixin.py:188} INFO - 
--- Inserting product ---
[2025-05-19T03:05:44.559+0000] {logging_mixin.py:188} INFO - Name: Qui sapiente sint qui.
[2025-05-19T03:05:44.560+0000] {logging_mixin.py:188} INFO - Description: Rerum esse aut voluptas sit corporis. Iusto voluptatem dolor consequatur vel dolorum. Eos in et quis amet.
[2025-05-19T03:05:44.561+0000] {logging_mixin.py:188} INFO - EAN: 7078605968479
[2025-05-19T03:05:44.563+0000] {logging_mixin.py:188} INFO - UPC: 637583578308
[2025-05-19T03:05:44.565+0000] {logging_mixin.py:188} INFO - Image: http://placeimg.com/640/480/tech
[2025-05-19T03:05:44.566+0000] {logging_mixin.py:188} INFO - Net Price: 3067.82
[2025-05-19T03:05:44.574+0000] {logging_mixin.py:188} INFO - Taxes: 22.0
[2025-05-19T03:05:44.575+0000] {logging_mixin.py:188} INFO - Price: 3742.74
[2025-05-19T03:05:44.579+0000] {logging_mixin.py:188} INFO - 
--- Inserting product ---
[2025-05-19T03:05:44.580+0000] {logging_mixin.py:188} INFO - Name: Ut debitis neque quo aliquam.
[2025-05-19T03:05:44.581+0000] {logging_mixin.py:188} INFO - Description: Ipsam sint animi est cupiditate veritatis non numquam. Vero et minus molestias sint eos et. Voluptatem fugit omnis aut ipsam.
[2025-05-19T03:05:44.582+0000] {logging_mixin.py:188} INFO - EAN: 0829368404356
[2025-05-19T03:05:44.583+0000] {logging_mixin.py:188} INFO - UPC: 298366165485
[2025-05-19T03:05:44.584+0000] {logging_mixin.py:188} INFO - Image: http://placeimg.com/640/480/tech
[2025-05-19T03:05:44.585+0000] {logging_mixin.py:188} INFO - Net Price: 5020980.93
[2025-05-19T03:05:44.586+0000] {logging_mixin.py:188} INFO - Taxes: 22.0
[2025-05-19T03:05:44.586+0000] {logging_mixin.py:188} INFO - Price: 6125596.73
[2025-05-19T03:05:44.589+0000] {logging_mixin.py:188} INFO - 
--- Inserting product ---
[2025-05-19T03:05:44.591+0000] {logging_mixin.py:188} INFO - Name: Non nobis aut qui ut quo.
[2025-05-19T03:05:44.592+0000] {logging_mixin.py:188} INFO - Description: Officiis eius adipisci autem quia nihil iste quidem id. Aut blanditiis sint sunt maxime. Expedita fugit dolorum et illo ea.
[2025-05-19T03:05:44.595+0000] {logging_mixin.py:188} INFO - EAN: 2590430667556
[2025-05-19T03:05:44.596+0000] {logging_mixin.py:188} INFO - UPC: 260080043438
[2025-05-19T03:05:44.597+0000] {logging_mixin.py:188} INFO - Image: http://placeimg.com/640/480/tech
[2025-05-19T03:05:44.599+0000] {logging_mixin.py:188} INFO - Net Price: 655.77
[2025-05-19T03:05:44.600+0000] {logging_mixin.py:188} INFO - Taxes: 22.0
[2025-05-19T03:05:44.601+0000] {logging_mixin.py:188} INFO - Price: 800.04
[2025-05-19T03:05:44.606+0000] {logging_mixin.py:188} INFO - 
--- Inserting product ---
[2025-05-19T03:05:44.608+0000] {logging_mixin.py:188} INFO - Name: Dolor qui dicta et harum.
[2025-05-19T03:05:44.609+0000] {logging_mixin.py:188} INFO - Description: Repudiandae eligendi veniam amet aliquam. Velit ex tenetur quibusdam aliquam aperiam rerum. Eius ipsa ullam natus sit harum blanditiis.
[2025-05-19T03:05:44.610+0000] {logging_mixin.py:188} INFO - EAN: 6523572281379
[2025-05-19T03:05:44.610+0000] {logging_mixin.py:188} INFO - UPC: 282993361659
[2025-05-19T03:05:44.612+0000] {logging_mixin.py:188} INFO - Image: http://placeimg.com/640/480/tech
[2025-05-19T03:05:44.613+0000] {logging_mixin.py:188} INFO - Net Price: 20475084.15
[2025-05-19T03:05:44.614+0000] {logging_mixin.py:188} INFO - Taxes: 22.0
[2025-05-19T03:05:44.614+0000] {logging_mixin.py:188} INFO - Price: 24979602.66
[2025-05-19T03:05:44.620+0000] {logging_mixin.py:188} INFO - 
✅ Inserted 10 products successfully.
[2025-05-19T03:05:44.622+0000] {logging_mixin.py:188} INFO - 🔒 DB connection closed.
[2025-05-19T03:05:44.623+0000] {python.py:237} INFO - Done. Returned value was: None
[2025-05-19T03:05:44.624+0000] {taskinstance.py:441} INFO - ::group::Post task execution logs
[2025-05-19T03:05:45.185+0000] {taskinstance.py:1206} INFO - Marking task as SUCCESS. dag_id=random_user_pipeline, task_id=insert_***, run_id=scheduled__2025-05-18T00:00:00+00:00, execution_date=20250518T000000, start_date=20250519T030535, end_date=20250519T030545
[2025-05-19T03:05:45.243+0000] {local_task_job_runner.py:240} INFO - Task exited with return code 0
[2025-05-19T03:05:45.911+0000] {taskinstance.py:3503} INFO - 0 downstream tasks scheduled from follow-on schedule check
[2025-05-19T03:05:45.916+0000] {local_task_job_runner.py:222} INFO - ::endgroup::
