[2025-05-21T14:59:08.695+0000] {local_task_job_runner.py:120} INFO - ::group::Pre task execution logs
[2025-05-21T14:59:11.435+0000] {taskinstance.py:2076} INFO - Dependencies all met for dep_context=non-requeueable deps ti=<TaskInstance: random_user_pipeline_with_grouping.log_ingestion_audit manual__2025-05-21T14:58:27.681584+00:00 [queued]>
[2025-05-21T14:59:11.468+0000] {taskinstance.py:2076} INFO - Dependencies all met for dep_context=requeueable deps ti=<TaskInstance: random_user_pipeline_with_grouping.log_ingestion_audit manual__2025-05-21T14:58:27.681584+00:00 [queued]>
[2025-05-21T14:59:11.470+0000] {taskinstance.py:2306} INFO - Starting attempt 1 of 2
[2025-05-21T14:59:11.510+0000] {taskinstance.py:2330} INFO - Executing <Task(PostgresOperator): log_ingestion_audit> on 2025-05-21 14:58:27.681584+00:00
[2025-05-21T14:59:11.523+0000] {standard_task_runner.py:90} INFO - Running: ['airflow', 'tasks', 'run', 'random_user_pipeline_with_grouping', 'log_ingestion_audit', 'manual__2025-05-21T14:58:27.681584+00:00', '--job-id', '351', '--raw', '--subdir', 'DAGS_FOLDER/random_user_pipeline.py', '--cfg-path', '/tmp/tmpvys4iqhe']
[2025-05-21T14:59:11.528+0000] {standard_task_runner.py:91} INFO - Job 351: Subtask log_ingestion_audit
[2025-05-21T14:59:11.529+0000] {logging_mixin.py:188} WARNING - /home/airflow/.local/lib/python3.12/site-packages/airflow/task/task_runner/standard_task_runner.py:61 DeprecationWarning: This process (pid=261) is multi-threaded, use of fork() may lead to deadlocks in the child.
[2025-05-21T14:59:11.530+0000] {standard_task_runner.py:63} INFO - Started process 263 to run task
[2025-05-21T14:59:17.779+0000] {task_command.py:426} INFO - Running <TaskInstance: random_user_pipeline_with_grouping.log_ingestion_audit manual__2025-05-21T14:58:27.681584+00:00 [running]> on host 8db49c6788a7
[2025-05-21T14:59:28.066+0000] {taskinstance.py:2648} INFO - Exporting env vars: AIRFLOW_CTX_DAG_EMAIL='papala.ramesh@quation.in,smilesoframs@gmail.com,ramesh.rams333@gmail.com' AIRFLOW_CTX_DAG_OWNER='airflow' AIRFLOW_CTX_DAG_ID='random_user_pipeline_with_grouping' AIRFLOW_CTX_TASK_ID='log_ingestion_audit' AIRFLOW_CTX_EXECUTION_DATE='2025-05-21T14:58:27.681584+00:00' AIRFLOW_CTX_TRY_NUMBER='1' AIRFLOW_CTX_DAG_RUN_ID='manual__2025-05-21T14:58:27.681584+00:00'
[2025-05-21T14:59:28.070+0000] {taskinstance.py:430} INFO - ::endgroup::
[2025-05-21T14:59:28.096+0000] {sql.py:276} INFO - Executing: -- Create audit table if it doesn't exist
CREATE TABLE IF NOT EXISTS ingestion_audit (
    id SERIAL PRIMARY KEY,
    ingestion_date DATE,
    source TEXT,
    record_count INT,
    status TEXT,
    notes TEXT,
    retry_count INT,
    start_time TIMESTAMP,
    end_time TIMESTAMP,
    logged_at TIMESTAMP DEFAULT CURRENT_TIMESTAMP
);

-- Insert audit log
INSERT INTO ingestion_audit (
    ingestion_date,
    source,
    record_count,
    status,
    notes,
    retry_count,
    start_time,
    end_time
)
VALUES (
    '2025-05-21',
    'random_product_api',
    None,
    'None',
    'None',
    None,
    'None'::timestamp,
    'None'::timestamp
);
[2025-05-21T14:59:28.099+0000] {crypto.py:82} WARNING - empty cryptography key - values will not be stored encrypted.
[2025-05-21T14:59:28.101+0000] {base.py:84} INFO - Using connection ID '***_default' for task execution.
[2025-05-21T14:59:28.107+0000] {base.py:84} INFO - Using connection ID '***_default' for task execution.
[2025-05-21T14:59:28.886+0000] {sql.py:487} INFO - Running statement: -- Create audit table if it doesn't exist
CREATE TABLE IF NOT EXISTS ingestion_audit (
    id SERIAL PRIMARY KEY,
    ingestion_date DATE,
    source TEXT,
    record_count INT,
    status TEXT,
    notes TEXT,
    retry_count INT,
    start_time TIMESTAMP,
    end_time TIMESTAMP,
    logged_at TIMESTAMP DEFAULT CURRENT_TIMESTAMP
);

-- Insert audit log
INSERT INTO ingestion_audit (
    ingestion_date,
    source,
    record_count,
    status,
    notes,
    retry_count,
    start_time,
    end_time
)
VALUES (
    '2025-05-21',
    'random_product_api',
    None,
    'None',
    'None',
    None,
    'None'::timestamp,
    'None'::timestamp
);, parameters: None
[2025-05-21T14:59:28.892+0000] {taskinstance.py:441} INFO - ::group::Post task execution logs
[2025-05-21T14:59:28.894+0000] {taskinstance.py:2905} ERROR - Task failed with exception
Traceback (most recent call last):
  File "/home/airflow/.local/lib/python3.12/site-packages/airflow/models/taskinstance.py", line 465, in _execute_task
    result = _execute_callable(context=context, **execute_callable_kwargs)
             ^^^^^^^^^^^^^^^^^^^^^^^^^^^^^^^^^^^^^^^^^^^^^^^^^^^^^^^^^^^^^
  File "/home/airflow/.local/lib/python3.12/site-packages/airflow/models/taskinstance.py", line 432, in _execute_callable
    return execute_callable(context=context, **execute_callable_kwargs)
           ^^^^^^^^^^^^^^^^^^^^^^^^^^^^^^^^^^^^^^^^^^^^^^^^^^^^^^^^^^^^
  File "/home/airflow/.local/lib/python3.12/site-packages/airflow/models/baseoperator.py", line 401, in wrapper
    return func(self, *args, **kwargs)
           ^^^^^^^^^^^^^^^^^^^^^^^^^^^
  File "/home/airflow/.local/lib/python3.12/site-packages/airflow/providers/common/sql/operators/sql.py", line 282, in execute
    output = hook.run(
             ^^^^^^^^^
  File "/home/airflow/.local/lib/python3.12/site-packages/airflow/providers/common/sql/hooks/sql.py", line 435, in run
    self._run_command(cur, sql_statement, parameters)
  File "/home/airflow/.local/lib/python3.12/site-packages/airflow/providers/common/sql/hooks/sql.py", line 492, in _run_command
    cur.execute(sql_statement)
psycopg2.errors.UndefinedColumn: column "none" does not exist
LINE 29:     None,
             ^
HINT:  Perhaps you meant to reference the column "ingestion_audit.notes".

[2025-05-21T14:59:29.570+0000] {taskinstance.py:1206} INFO - Marking task as UP_FOR_RETRY. dag_id=random_user_pipeline_with_grouping, task_id=log_ingestion_audit, run_id=manual__2025-05-21T14:58:27.681584+00:00, execution_date=20250521T145827, start_date=20250521T145911, end_date=20250521T145929
[2025-05-21T14:59:29.611+0000] {standard_task_runner.py:110} ERROR - Failed to execute job 351 for task log_ingestion_audit (column "none" does not exist
LINE 29:     None,
             ^
HINT:  Perhaps you meant to reference the column "ingestion_audit.notes".
; 263)
[2025-05-21T14:59:29.661+0000] {local_task_job_runner.py:240} INFO - Task exited with return code 1
[2025-05-21T14:59:30.324+0000] {taskinstance.py:3503} INFO - 0 downstream tasks scheduled from follow-on schedule check
[2025-05-21T14:59:30.329+0000] {local_task_job_runner.py:222} INFO - ::endgroup::
