[2025-05-24T03:31:46.777+0000] {local_task_job_runner.py:120} INFO - ::group::Pre task execution logs
[2025-05-24T03:31:47.270+0000] {taskinstance.py:2076} INFO - Dependencies all met for dep_context=non-requeueable deps ti=<TaskInstance: random_user_pipeline.wait_for_existing_data manual__2025-05-24T03:31:42.290300+00:00 [queued]>
[2025-05-24T03:31:47.294+0000] {taskinstance.py:2076} INFO - Dependencies all met for dep_context=requeueable deps ti=<TaskInstance: random_user_pipeline.wait_for_existing_data manual__2025-05-24T03:31:42.290300+00:00 [queued]>
[2025-05-24T03:31:47.295+0000] {taskinstance.py:2306} INFO - Starting attempt 1 of 2
[2025-05-24T03:31:47.328+0000] {taskinstance.py:2330} INFO - Executing <Task(SqlSensor): wait_for_existing_data> on 2025-05-24 03:31:42.290300+00:00
[2025-05-24T03:31:47.345+0000] {logging_mixin.py:188} WARNING - /home/airflow/.local/lib/python3.12/site-packages/airflow/task/task_runner/standard_task_runner.py:61 DeprecationWarning: This process (pid=303) is multi-threaded, use of fork() may lead to deadlocks in the child.
[2025-05-24T03:31:47.344+0000] {standard_task_runner.py:90} INFO - Running: ['airflow', 'tasks', 'run', 'random_user_pipeline', 'wait_for_existing_data', 'manual__2025-05-24T03:31:42.290300+00:00', '--job-id', '444', '--raw', '--subdir', 'DAGS_FOLDER/random_user_pipeline.py', '--cfg-path', '/tmp/tmpgdf6m083']
[2025-05-24T03:31:47.348+0000] {standard_task_runner.py:63} INFO - Started process 304 to run task
[2025-05-24T03:31:47.348+0000] {standard_task_runner.py:91} INFO - Job 444: Subtask wait_for_existing_data
[2025-05-24T03:31:48.774+0000] {task_command.py:426} INFO - Running <TaskInstance: random_user_pipeline.wait_for_existing_data manual__2025-05-24T03:31:42.290300+00:00 [running]> on host fed8e0f764cf
[2025-05-24T03:31:50.615+0000] {taskinstance.py:2648} INFO - Exporting env vars: AIRFLOW_CTX_DAG_EMAIL='papala.ramesh@quation.in,smilesoframs@gmail.com,ramesh.rams333@gmail.com' AIRFLOW_CTX_DAG_OWNER='airflow' AIRFLOW_CTX_DAG_ID='random_user_pipeline' AIRFLOW_CTX_TASK_ID='wait_for_existing_data' AIRFLOW_CTX_EXECUTION_DATE='2025-05-24T03:31:42.290300+00:00' AIRFLOW_CTX_TRY_NUMBER='1' AIRFLOW_CTX_DAG_RUN_ID='manual__2025-05-24T03:31:42.290300+00:00'
[2025-05-24T03:31:50.617+0000] {taskinstance.py:430} INFO - ::endgroup::
[2025-05-24T03:31:50.647+0000] {crypto.py:82} WARNING - empty cryptography key - values will not be stored encrypted.
[2025-05-24T03:31:50.649+0000] {base.py:84} INFO - Using connection ID '***_default' for task execution.
[2025-05-24T03:31:50.656+0000] {sql.py:95} INFO - Poking: SELECT 1 FROM products WHERE DATE(created_at) = CURRENT_DATE LIMIT 1; (with parameters None)
[2025-05-24T03:31:50.658+0000] {base.py:84} INFO - Using connection ID '***_default' for task execution.
[2025-05-24T03:31:51.123+0000] {sql.py:487} INFO - Running statement: SELECT 1 FROM products WHERE DATE(created_at) = CURRENT_DATE LIMIT 1;, parameters: None
[2025-05-24T03:31:51.130+0000] {sql.py:496} INFO - Rows affected: 0
[2025-05-24T03:32:21.131+0000] {base.py:84} INFO - Using connection ID '***_default' for task execution.
[2025-05-24T03:32:21.133+0000] {sql.py:95} INFO - Poking: SELECT 1 FROM products WHERE DATE(created_at) = CURRENT_DATE LIMIT 1; (with parameters None)
[2025-05-24T03:32:21.134+0000] {base.py:84} INFO - Using connection ID '***_default' for task execution.
[2025-05-24T03:32:21.579+0000] {sql.py:487} INFO - Running statement: SELECT 1 FROM products WHERE DATE(created_at) = CURRENT_DATE LIMIT 1;, parameters: None
[2025-05-24T03:32:21.586+0000] {sql.py:496} INFO - Rows affected: 0
[2025-05-24T03:32:51.589+0000] {base.py:84} INFO - Using connection ID '***_default' for task execution.
[2025-05-24T03:32:51.591+0000] {sql.py:95} INFO - Poking: SELECT 1 FROM products WHERE DATE(created_at) = CURRENT_DATE LIMIT 1; (with parameters None)
[2025-05-24T03:32:51.592+0000] {base.py:84} INFO - Using connection ID '***_default' for task execution.
[2025-05-24T03:32:52.017+0000] {sql.py:487} INFO - Running statement: SELECT 1 FROM products WHERE DATE(created_at) = CURRENT_DATE LIMIT 1;, parameters: None
[2025-05-24T03:32:52.023+0000] {sql.py:496} INFO - Rows affected: 1
[2025-05-24T03:32:52.026+0000] {base.py:294} INFO - Success criteria met. Exiting.
[2025-05-24T03:32:52.026+0000] {taskinstance.py:441} INFO - ::group::Post task execution logs
[2025-05-24T03:32:52.488+0000] {taskinstance.py:1206} INFO - Marking task as SUCCESS. dag_id=random_user_pipeline, task_id=wait_for_existing_data, run_id=manual__2025-05-24T03:31:42.290300+00:00, execution_date=20250524T033142, start_date=20250524T033147, end_date=20250524T033252
[2025-05-24T03:32:52.553+0000] {local_task_job_runner.py:240} INFO - Task exited with return code 0
[2025-05-24T03:32:53.003+0000] {logging_mixin.py:188} WARNING - /home/airflow/.local/lib/python3.12/site-packages/airflow/models/baseoperator.py:1297 AirflowProviderDeprecationWarning: Call to deprecated class PostgresOperator. (Please use `airflow.providers.common.sql.operators.sql.SQLExecuteQueryOperator`.Also, you can provide `hook_params={'schema': <database>}`.)
[2025-05-24T03:32:53.057+0000] {taskinstance.py:3503} INFO - 1 downstream tasks scheduled from follow-on schedule check
[2025-05-24T03:32:53.061+0000] {local_task_job_runner.py:222} INFO - ::endgroup::
