[2025-05-22T03:07:47.390+0000] {local_task_job_runner.py:120} INFO - ::group::Pre task execution logs
[2025-05-22T03:07:47.594+0000] {taskinstance.py:2076} INFO - Dependencies all met for dep_context=non-requeueable deps ti=<TaskInstance: random_user_pipeline.wait_for_fresh_data manual__2025-05-22T03:07:45.252195+00:00 [queued]>
[2025-05-22T03:07:47.605+0000] {taskinstance.py:2076} INFO - Dependencies all met for dep_context=requeueable deps ti=<TaskInstance: random_user_pipeline.wait_for_fresh_data manual__2025-05-22T03:07:45.252195+00:00 [queued]>
[2025-05-22T03:07:47.606+0000] {taskinstance.py:2306} INFO - Starting attempt 1 of 2
[2025-05-22T03:07:47.621+0000] {taskinstance.py:2330} INFO - Executing <Task(SqlSensor): wait_for_fresh_data> on 2025-05-22 03:07:45.252195+00:00
[2025-05-22T03:07:47.628+0000] {standard_task_runner.py:90} INFO - Running: ['airflow', 'tasks', 'run', 'random_user_pipeline', 'wait_for_fresh_data', 'manual__2025-05-22T03:07:45.252195+00:00', '--job-id', '362', '--raw', '--subdir', 'DAGS_FOLDER/random_user_pipeline.py', '--cfg-path', '/tmp/tmpzmns0d3a']
[2025-05-22T03:07:47.630+0000] {logging_mixin.py:188} WARNING - /home/airflow/.local/lib/python3.12/site-packages/airflow/task/task_runner/standard_task_runner.py:61 DeprecationWarning: This process (pid=244) is multi-threaded, use of fork() may lead to deadlocks in the child.
[2025-05-22T03:07:47.631+0000] {standard_task_runner.py:91} INFO - Job 362: Subtask wait_for_fresh_data
[2025-05-22T03:07:47.631+0000] {standard_task_runner.py:63} INFO - Started process 245 to run task
[2025-05-22T03:07:48.407+0000] {task_command.py:426} INFO - Running <TaskInstance: random_user_pipeline.wait_for_fresh_data manual__2025-05-22T03:07:45.252195+00:00 [running]> on host 4b4dcd5b52ac
[2025-05-22T03:07:49.482+0000] {taskinstance.py:2648} INFO - Exporting env vars: AIRFLOW_CTX_DAG_EMAIL='papala.ramesh@quation.in,smilesoframs@gmail.com,ramesh.rams333@gmail.com' AIRFLOW_CTX_DAG_OWNER='airflow' AIRFLOW_CTX_DAG_ID='random_user_pipeline' AIRFLOW_CTX_TASK_ID='wait_for_fresh_data' AIRFLOW_CTX_EXECUTION_DATE='2025-05-22T03:07:45.252195+00:00' AIRFLOW_CTX_TRY_NUMBER='1' AIRFLOW_CTX_DAG_RUN_ID='manual__2025-05-22T03:07:45.252195+00:00'
[2025-05-22T03:07:49.484+0000] {taskinstance.py:430} INFO - ::endgroup::
[2025-05-22T03:07:49.517+0000] {crypto.py:82} WARNING - empty cryptography key - values will not be stored encrypted.
[2025-05-22T03:07:49.517+0000] {base.py:84} INFO - Using connection ID '***_default' for task execution.
[2025-05-22T03:07:49.520+0000] {sql.py:95} INFO - Poking: SELECT COUNT(*) = 0 FROM products WHERE DATE(created_at) = CURRENT_DATE; (with parameters None)
[2025-05-22T03:07:49.520+0000] {base.py:84} INFO - Using connection ID '***_default' for task execution.
[2025-05-22T03:07:49.919+0000] {sql.py:487} INFO - Running statement: SELECT COUNT(*) = 0 FROM products WHERE DATE(created_at) = CURRENT_DATE;, parameters: None
[2025-05-22T03:07:49.922+0000] {sql.py:496} INFO - Rows affected: 1
[2025-05-22T03:08:19.923+0000] {base.py:84} INFO - Using connection ID '***_default' for task execution.
[2025-05-22T03:08:19.924+0000] {sql.py:95} INFO - Poking: SELECT COUNT(*) = 0 FROM products WHERE DATE(created_at) = CURRENT_DATE; (with parameters None)
[2025-05-22T03:08:19.924+0000] {base.py:84} INFO - Using connection ID '***_default' for task execution.
[2025-05-22T03:08:20.135+0000] {sql.py:487} INFO - Running statement: SELECT COUNT(*) = 0 FROM products WHERE DATE(created_at) = CURRENT_DATE;, parameters: None
[2025-05-22T03:08:20.141+0000] {sql.py:496} INFO - Rows affected: 1
[2025-05-22T03:08:50.142+0000] {base.py:84} INFO - Using connection ID '***_default' for task execution.
[2025-05-22T03:08:50.143+0000] {sql.py:95} INFO - Poking: SELECT COUNT(*) = 0 FROM products WHERE DATE(created_at) = CURRENT_DATE; (with parameters None)
[2025-05-22T03:08:50.144+0000] {base.py:84} INFO - Using connection ID '***_default' for task execution.
[2025-05-22T03:08:50.377+0000] {sql.py:487} INFO - Running statement: SELECT COUNT(*) = 0 FROM products WHERE DATE(created_at) = CURRENT_DATE;, parameters: None
[2025-05-22T03:08:50.381+0000] {sql.py:496} INFO - Rows affected: 1
[2025-05-22T03:09:20.383+0000] {base.py:84} INFO - Using connection ID '***_default' for task execution.
[2025-05-22T03:09:20.383+0000] {sql.py:95} INFO - Poking: SELECT COUNT(*) = 0 FROM products WHERE DATE(created_at) = CURRENT_DATE; (with parameters None)
[2025-05-22T03:09:20.384+0000] {base.py:84} INFO - Using connection ID '***_default' for task execution.
[2025-05-22T03:09:20.583+0000] {sql.py:487} INFO - Running statement: SELECT COUNT(*) = 0 FROM products WHERE DATE(created_at) = CURRENT_DATE;, parameters: None
[2025-05-22T03:09:20.588+0000] {sql.py:496} INFO - Rows affected: 1
[2025-05-22T03:09:50.590+0000] {base.py:84} INFO - Using connection ID '***_default' for task execution.
[2025-05-22T03:09:50.591+0000] {sql.py:95} INFO - Poking: SELECT COUNT(*) = 0 FROM products WHERE DATE(created_at) = CURRENT_DATE; (with parameters None)
[2025-05-22T03:09:50.593+0000] {base.py:84} INFO - Using connection ID '***_default' for task execution.
[2025-05-22T03:09:50.774+0000] {sql.py:487} INFO - Running statement: SELECT COUNT(*) = 0 FROM products WHERE DATE(created_at) = CURRENT_DATE;, parameters: None
[2025-05-22T03:09:50.778+0000] {sql.py:496} INFO - Rows affected: 1
[2025-05-22T03:09:50.780+0000] {taskinstance.py:441} INFO - ::group::Post task execution logs
[2025-05-22T03:09:50.781+0000] {taskinstance.py:2905} ERROR - Task failed with exception
Traceback (most recent call last):
  File "/home/airflow/.local/lib/python3.12/site-packages/airflow/models/taskinstance.py", line 465, in _execute_task
    result = _execute_callable(context=context, **execute_callable_kwargs)
             ^^^^^^^^^^^^^^^^^^^^^^^^^^^^^^^^^^^^^^^^^^^^^^^^^^^^^^^^^^^^^
  File "/home/airflow/.local/lib/python3.12/site-packages/airflow/models/taskinstance.py", line 432, in _execute_callable
    return execute_callable(context=context, **execute_callable_kwargs)
           ^^^^^^^^^^^^^^^^^^^^^^^^^^^^^^^^^^^^^^^^^^^^^^^^^^^^^^^^^^^^
  File "/home/airflow/.local/lib/python3.12/site-packages/airflow/models/baseoperator.py", line 401, in wrapper
    return func(self, *args, **kwargs)
           ^^^^^^^^^^^^^^^^^^^^^^^^^^^
  File "/home/airflow/.local/lib/python3.12/site-packages/airflow/sensors/base.py", line 281, in execute
    raise AirflowSensorTimeout(message)
airflow.exceptions.AirflowSensorTimeout: Sensor has timed out; run duration of 121.27136731499922 seconds exceeds the specified timeout of 120.0.
[2025-05-22T03:09:50.985+0000] {taskinstance.py:1206} INFO - Immediate failure requested. Marking task as FAILED. dag_id=random_user_pipeline, task_id=wait_for_fresh_data, run_id=manual__2025-05-22T03:07:45.252195+00:00, execution_date=20250522T030745, start_date=20250522T030747, end_date=20250522T030950
[2025-05-22T03:09:51.008+0000] {logging_mixin.py:188} WARNING - /home/airflow/.local/lib/python3.12/site-packages/airflow/utils/email.py:154 RemovedInAirflow3Warning: Fetching SMTP credentials from configuration variables will be deprecated in a future release. Please set credentials using a connection instead.
[2025-05-22T03:09:51.009+0000] {email.py:271} INFO - Email alerting: attempt 1
[2025-05-22T03:09:53.102+0000] {email.py:282} INFO - Sent an alert email to ['papala.ramesh@quation.in', 'smilesoframs@gmail.com', 'ramesh.rams333@gmail.com']
[2025-05-22T03:09:55.524+0000] {standard_task_runner.py:110} ERROR - Failed to execute job 362 for task wait_for_fresh_data (Sensor has timed out; run duration of 121.27136731499922 seconds exceeds the specified timeout of 120.0.; 245)
[2025-05-22T03:09:55.543+0000] {local_task_job_runner.py:240} INFO - Task exited with return code 1
[2025-05-22T03:09:55.719+0000] {logging_mixin.py:188} WARNING - /home/airflow/.local/lib/python3.12/site-packages/airflow/models/baseoperator.py:1297 AirflowProviderDeprecationWarning: Call to deprecated class PostgresOperator. (Please use `airflow.providers.common.sql.operators.sql.SQLExecuteQueryOperator`.Also, you can provide `hook_params={'schema': <database>}`.)
[2025-05-22T03:09:55.743+0000] {taskinstance.py:3503} INFO - 0 downstream tasks scheduled from follow-on schedule check
[2025-05-22T03:09:55.749+0000] {local_task_job_runner.py:222} INFO - ::endgroup::
