[2025-05-23T06:59:30.956+0000] {processor.py:161} INFO - Started process (PID=246) to work on /opt/airflow/dags/random_user_pipeline.py
[2025-05-23T06:59:30.969+0000] {processor.py:830} INFO - Processing file /opt/airflow/dags/random_user_pipeline.py for tasks to queue
[2025-05-23T06:59:30.981+0000] {logging_mixin.py:188} INFO - [2025-05-23T06:59:30.974+0000] {dagbag.py:545} INFO - Filling up the DagBag from /opt/airflow/dags/random_user_pipeline.py
[2025-05-23T06:59:35.617+0000] {logging_mixin.py:188} WARNING - /home/airflow/.local/lib/python3.12/site-packages/airflow/models/baseoperator.py:485 RemovedInAirflow3Warning: provide_context is deprecated as of 2.0 and is no longer required
[2025-05-23T06:59:36.568+0000] {processor.py:840} INFO - DAG(s) 'random_user_pipeline' retrieved from /opt/airflow/dags/random_user_pipeline.py
[2025-05-23T06:59:45.642+0000] {logging_mixin.py:188} INFO - [2025-05-23T06:59:45.641+0000] {dag.py:3096} INFO - Sync 1 DAGs
[2025-05-23T06:59:46.358+0000] {logging_mixin.py:188} INFO - [2025-05-23T06:59:46.358+0000] {dag.py:3954} INFO - Setting next_dagrun for random_user_pipeline to 2025-05-23 00:00:00+00:00, run_after=2025-05-24 00:00:00+00:00
[2025-05-23T06:59:47.065+0000] {processor.py:183} INFO - Processing /opt/airflow/dags/random_user_pipeline.py took 16.137 seconds
[2025-05-23T07:00:19.812+0000] {processor.py:161} INFO - Started process (PID=254) to work on /opt/airflow/dags/random_user_pipeline.py
[2025-05-23T07:00:19.815+0000] {processor.py:830} INFO - Processing file /opt/airflow/dags/random_user_pipeline.py for tasks to queue
[2025-05-23T07:00:19.828+0000] {logging_mixin.py:188} INFO - [2025-05-23T07:00:19.827+0000] {dagbag.py:545} INFO - Filling up the DagBag from /opt/airflow/dags/random_user_pipeline.py
[2025-05-23T07:00:25.192+0000] {logging_mixin.py:188} WARNING - /home/airflow/.local/lib/python3.12/site-packages/airflow/models/baseoperator.py:485 RemovedInAirflow3Warning: provide_context is deprecated as of 2.0 and is no longer required
[2025-05-23T07:00:27.379+0000] {processor.py:840} INFO - DAG(s) 'random_user_pipeline' retrieved from /opt/airflow/dags/random_user_pipeline.py
[2025-05-23T07:00:36.331+0000] {logging_mixin.py:188} INFO - [2025-05-23T07:00:36.330+0000] {dag.py:3096} INFO - Sync 1 DAGs
[2025-05-23T07:00:36.916+0000] {logging_mixin.py:188} INFO - [2025-05-23T07:00:36.915+0000] {dag.py:3954} INFO - Setting next_dagrun for random_user_pipeline to 2025-05-23 00:00:00+00:00, run_after=2025-05-24 00:00:00+00:00
[2025-05-23T07:00:37.428+0000] {processor.py:183} INFO - Processing /opt/airflow/dags/random_user_pipeline.py took 17.644 seconds
[2025-05-23T07:01:07.894+0000] {processor.py:161} INFO - Started process (PID=261) to work on /opt/airflow/dags/random_user_pipeline.py
[2025-05-23T07:01:08.113+0000] {processor.py:830} INFO - Processing file /opt/airflow/dags/random_user_pipeline.py for tasks to queue
[2025-05-23T07:01:08.119+0000] {logging_mixin.py:188} INFO - [2025-05-23T07:01:08.118+0000] {dagbag.py:545} INFO - Filling up the DagBag from /opt/airflow/dags/random_user_pipeline.py
[2025-05-23T07:01:09.547+0000] {logging_mixin.py:188} WARNING - /home/airflow/.local/lib/python3.12/site-packages/airflow/models/baseoperator.py:485 RemovedInAirflow3Warning: provide_context is deprecated as of 2.0 and is no longer required
[2025-05-23T07:01:09.785+0000] {processor.py:840} INFO - DAG(s) 'random_user_pipeline' retrieved from /opt/airflow/dags/random_user_pipeline.py
[2025-05-23T07:01:11.421+0000] {logging_mixin.py:188} INFO - [2025-05-23T07:01:11.420+0000] {dag.py:3096} INFO - Sync 1 DAGs
[2025-05-23T07:01:11.526+0000] {logging_mixin.py:188} INFO - [2025-05-23T07:01:11.526+0000] {dag.py:3954} INFO - Setting next_dagrun for random_user_pipeline to 2025-05-23 00:00:00+00:00, run_after=2025-05-24 00:00:00+00:00
[2025-05-23T07:01:11.718+0000] {processor.py:183} INFO - Processing /opt/airflow/dags/random_user_pipeline.py took 3.863 seconds
[2025-05-23T07:01:41.975+0000] {processor.py:161} INFO - Started process (PID=267) to work on /opt/airflow/dags/random_user_pipeline.py
[2025-05-23T07:01:41.977+0000] {processor.py:830} INFO - Processing file /opt/airflow/dags/random_user_pipeline.py for tasks to queue
[2025-05-23T07:01:41.980+0000] {logging_mixin.py:188} INFO - [2025-05-23T07:01:41.979+0000] {dagbag.py:545} INFO - Filling up the DagBag from /opt/airflow/dags/random_user_pipeline.py
[2025-05-23T07:01:42.243+0000] {logging_mixin.py:188} WARNING - /home/airflow/.local/lib/python3.12/site-packages/airflow/models/baseoperator.py:485 RemovedInAirflow3Warning: provide_context is deprecated as of 2.0 and is no longer required
[2025-05-23T07:01:42.295+0000] {processor.py:840} INFO - DAG(s) 'random_user_pipeline' retrieved from /opt/airflow/dags/random_user_pipeline.py
[2025-05-23T07:01:42.844+0000] {logging_mixin.py:188} INFO - [2025-05-23T07:01:42.843+0000] {dag.py:3096} INFO - Sync 1 DAGs
[2025-05-23T07:01:42.890+0000] {logging_mixin.py:188} INFO - [2025-05-23T07:01:42.890+0000] {dag.py:3954} INFO - Setting next_dagrun for random_user_pipeline to 2025-05-23 00:00:00+00:00, run_after=2025-05-24 00:00:00+00:00
[2025-05-23T07:01:42.963+0000] {processor.py:183} INFO - Processing /opt/airflow/dags/random_user_pipeline.py took 0.996 seconds
[2025-05-23T07:02:13.518+0000] {processor.py:161} INFO - Started process (PID=272) to work on /opt/airflow/dags/random_user_pipeline.py
[2025-05-23T07:02:13.520+0000] {processor.py:830} INFO - Processing file /opt/airflow/dags/random_user_pipeline.py for tasks to queue
[2025-05-23T07:02:13.522+0000] {logging_mixin.py:188} INFO - [2025-05-23T07:02:13.521+0000] {dagbag.py:545} INFO - Filling up the DagBag from /opt/airflow/dags/random_user_pipeline.py
[2025-05-23T07:02:13.807+0000] {logging_mixin.py:188} WARNING - /home/airflow/.local/lib/python3.12/site-packages/airflow/models/baseoperator.py:485 RemovedInAirflow3Warning: provide_context is deprecated as of 2.0 and is no longer required
[2025-05-23T07:02:13.854+0000] {processor.py:840} INFO - DAG(s) 'random_user_pipeline' retrieved from /opt/airflow/dags/random_user_pipeline.py
[2025-05-23T07:02:14.419+0000] {logging_mixin.py:188} INFO - [2025-05-23T07:02:14.419+0000] {dag.py:3096} INFO - Sync 1 DAGs
[2025-05-23T07:02:14.472+0000] {logging_mixin.py:188} INFO - [2025-05-23T07:02:14.472+0000] {dag.py:3954} INFO - Setting next_dagrun for random_user_pipeline to 2025-05-23 00:00:00+00:00, run_after=2025-05-24 00:00:00+00:00
[2025-05-23T07:02:14.538+0000] {processor.py:183} INFO - Processing /opt/airflow/dags/random_user_pipeline.py took 1.029 seconds
[2025-05-23T07:02:45.023+0000] {processor.py:161} INFO - Started process (PID=277) to work on /opt/airflow/dags/random_user_pipeline.py
[2025-05-23T07:02:45.024+0000] {processor.py:830} INFO - Processing file /opt/airflow/dags/random_user_pipeline.py for tasks to queue
[2025-05-23T07:02:45.027+0000] {logging_mixin.py:188} INFO - [2025-05-23T07:02:45.027+0000] {dagbag.py:545} INFO - Filling up the DagBag from /opt/airflow/dags/random_user_pipeline.py
[2025-05-23T07:02:45.305+0000] {logging_mixin.py:188} WARNING - /home/airflow/.local/lib/python3.12/site-packages/airflow/models/baseoperator.py:485 RemovedInAirflow3Warning: provide_context is deprecated as of 2.0 and is no longer required
[2025-05-23T07:02:45.352+0000] {processor.py:840} INFO - DAG(s) 'random_user_pipeline' retrieved from /opt/airflow/dags/random_user_pipeline.py
[2025-05-23T07:02:45.860+0000] {logging_mixin.py:188} INFO - [2025-05-23T07:02:45.860+0000] {dag.py:3096} INFO - Sync 1 DAGs
[2025-05-23T07:02:45.914+0000] {logging_mixin.py:188} INFO - [2025-05-23T07:02:45.913+0000] {dag.py:3954} INFO - Setting next_dagrun for random_user_pipeline to 2025-05-23 00:00:00+00:00, run_after=2025-05-24 00:00:00+00:00
[2025-05-23T07:02:45.981+0000] {processor.py:183} INFO - Processing /opt/airflow/dags/random_user_pipeline.py took 0.965 seconds
[2025-05-23T07:03:16.491+0000] {processor.py:161} INFO - Started process (PID=282) to work on /opt/airflow/dags/random_user_pipeline.py
[2025-05-23T07:03:16.492+0000] {processor.py:830} INFO - Processing file /opt/airflow/dags/random_user_pipeline.py for tasks to queue
[2025-05-23T07:03:16.495+0000] {logging_mixin.py:188} INFO - [2025-05-23T07:03:16.495+0000] {dagbag.py:545} INFO - Filling up the DagBag from /opt/airflow/dags/random_user_pipeline.py
[2025-05-23T07:03:16.807+0000] {logging_mixin.py:188} WARNING - /home/airflow/.local/lib/python3.12/site-packages/airflow/models/baseoperator.py:485 RemovedInAirflow3Warning: provide_context is deprecated as of 2.0 and is no longer required
[2025-05-23T07:03:16.847+0000] {processor.py:840} INFO - DAG(s) 'random_user_pipeline' retrieved from /opt/airflow/dags/random_user_pipeline.py
[2025-05-23T07:03:17.323+0000] {logging_mixin.py:188} INFO - [2025-05-23T07:03:17.322+0000] {dag.py:3096} INFO - Sync 1 DAGs
[2025-05-23T07:03:17.378+0000] {logging_mixin.py:188} INFO - [2025-05-23T07:03:17.377+0000] {dag.py:3954} INFO - Setting next_dagrun for random_user_pipeline to 2025-05-23 00:00:00+00:00, run_after=2025-05-24 00:00:00+00:00
[2025-05-23T07:03:17.438+0000] {processor.py:183} INFO - Processing /opt/airflow/dags/random_user_pipeline.py took 0.954 seconds
[2025-05-23T07:03:47.950+0000] {processor.py:161} INFO - Started process (PID=287) to work on /opt/airflow/dags/random_user_pipeline.py
[2025-05-23T07:03:47.952+0000] {processor.py:830} INFO - Processing file /opt/airflow/dags/random_user_pipeline.py for tasks to queue
[2025-05-23T07:03:47.956+0000] {logging_mixin.py:188} INFO - [2025-05-23T07:03:47.955+0000] {dagbag.py:545} INFO - Filling up the DagBag from /opt/airflow/dags/random_user_pipeline.py
[2025-05-23T07:03:48.170+0000] {logging_mixin.py:188} WARNING - /home/airflow/.local/lib/python3.12/site-packages/airflow/models/baseoperator.py:485 RemovedInAirflow3Warning: provide_context is deprecated as of 2.0 and is no longer required
[2025-05-23T07:03:48.201+0000] {processor.py:840} INFO - DAG(s) 'random_user_pipeline' retrieved from /opt/airflow/dags/random_user_pipeline.py
[2025-05-23T07:03:50.633+0000] {logging_mixin.py:188} INFO - [2025-05-23T07:03:50.632+0000] {dag.py:3096} INFO - Sync 1 DAGs
[2025-05-23T07:03:50.687+0000] {logging_mixin.py:188} INFO - [2025-05-23T07:03:50.686+0000] {dag.py:3954} INFO - Setting next_dagrun for random_user_pipeline to 2025-05-23 00:00:00+00:00, run_after=2025-05-24 00:00:00+00:00
[2025-05-23T07:03:50.762+0000] {processor.py:183} INFO - Processing /opt/airflow/dags/random_user_pipeline.py took 2.823 seconds
[2025-05-23T07:18:27.427+0000] {processor.py:161} INFO - Started process (PID=292) to work on /opt/airflow/dags/random_user_pipeline.py
[2025-05-23T07:18:27.431+0000] {processor.py:830} INFO - Processing file /opt/airflow/dags/random_user_pipeline.py for tasks to queue
[2025-05-23T07:18:27.435+0000] {logging_mixin.py:188} INFO - [2025-05-23T07:18:27.434+0000] {dagbag.py:545} INFO - Filling up the DagBag from /opt/airflow/dags/random_user_pipeline.py
[2025-05-23T07:18:30.705+0000] {logging_mixin.py:188} WARNING - /home/airflow/.local/lib/python3.12/site-packages/airflow/models/baseoperator.py:485 RemovedInAirflow3Warning: provide_context is deprecated as of 2.0 and is no longer required
[2025-05-23T07:18:32.247+0000] {processor.py:840} INFO - DAG(s) 'random_user_pipeline' retrieved from /opt/airflow/dags/random_user_pipeline.py
[2025-05-23T07:18:36.941+0000] {logging_mixin.py:188} INFO - [2025-05-23T07:18:36.940+0000] {dag.py:3096} INFO - Sync 1 DAGs
[2025-05-23T07:18:37.767+0000] {logging_mixin.py:188} INFO - [2025-05-23T07:18:37.766+0000] {dag.py:3954} INFO - Setting next_dagrun for random_user_pipeline to 2025-05-23 00:00:00+00:00, run_after=2025-05-24 00:00:00+00:00
[2025-05-23T07:18:39.390+0000] {processor.py:183} INFO - Processing /opt/airflow/dags/random_user_pipeline.py took 11.986 seconds
[2025-05-23T07:19:09.573+0000] {processor.py:161} INFO - Started process (PID=297) to work on /opt/airflow/dags/random_user_pipeline.py
[2025-05-23T07:19:09.575+0000] {processor.py:830} INFO - Processing file /opt/airflow/dags/random_user_pipeline.py for tasks to queue
[2025-05-23T07:19:09.580+0000] {logging_mixin.py:188} INFO - [2025-05-23T07:19:09.579+0000] {dagbag.py:545} INFO - Filling up the DagBag from /opt/airflow/dags/random_user_pipeline.py
[2025-05-23T07:19:09.874+0000] {logging_mixin.py:188} WARNING - /home/airflow/.local/lib/python3.12/site-packages/airflow/models/baseoperator.py:485 RemovedInAirflow3Warning: provide_context is deprecated as of 2.0 and is no longer required
[2025-05-23T07:19:09.929+0000] {processor.py:840} INFO - DAG(s) 'random_user_pipeline' retrieved from /opt/airflow/dags/random_user_pipeline.py
[2025-05-23T07:19:10.452+0000] {logging_mixin.py:188} INFO - [2025-05-23T07:19:10.451+0000] {dag.py:3096} INFO - Sync 1 DAGs
[2025-05-23T07:19:10.507+0000] {logging_mixin.py:188} INFO - [2025-05-23T07:19:10.507+0000] {dag.py:3954} INFO - Setting next_dagrun for random_user_pipeline to 2025-05-23 00:00:00+00:00, run_after=2025-05-24 00:00:00+00:00
[2025-05-23T07:19:10.569+0000] {processor.py:183} INFO - Processing /opt/airflow/dags/random_user_pipeline.py took 1.011 seconds
[2025-05-23T07:19:41.567+0000] {processor.py:161} INFO - Started process (PID=302) to work on /opt/airflow/dags/random_user_pipeline.py
[2025-05-23T07:19:41.568+0000] {processor.py:830} INFO - Processing file /opt/airflow/dags/random_user_pipeline.py for tasks to queue
[2025-05-23T07:19:41.571+0000] {logging_mixin.py:188} INFO - [2025-05-23T07:19:41.570+0000] {dagbag.py:545} INFO - Filling up the DagBag from /opt/airflow/dags/random_user_pipeline.py
[2025-05-23T07:19:41.843+0000] {logging_mixin.py:188} WARNING - /home/airflow/.local/lib/python3.12/site-packages/airflow/models/baseoperator.py:485 RemovedInAirflow3Warning: provide_context is deprecated as of 2.0 and is no longer required
[2025-05-23T07:19:41.883+0000] {processor.py:840} INFO - DAG(s) 'random_user_pipeline' retrieved from /opt/airflow/dags/random_user_pipeline.py
[2025-05-23T07:19:42.447+0000] {logging_mixin.py:188} INFO - [2025-05-23T07:19:42.446+0000] {dag.py:3096} INFO - Sync 1 DAGs
[2025-05-23T07:19:42.523+0000] {logging_mixin.py:188} INFO - [2025-05-23T07:19:42.522+0000] {dag.py:3954} INFO - Setting next_dagrun for random_user_pipeline to 2025-05-23 00:00:00+00:00, run_after=2025-05-24 00:00:00+00:00
[2025-05-23T07:19:42.610+0000] {processor.py:183} INFO - Processing /opt/airflow/dags/random_user_pipeline.py took 1.056 seconds
[2025-05-23T07:20:13.190+0000] {processor.py:161} INFO - Started process (PID=307) to work on /opt/airflow/dags/random_user_pipeline.py
[2025-05-23T07:20:13.192+0000] {processor.py:830} INFO - Processing file /opt/airflow/dags/random_user_pipeline.py for tasks to queue
[2025-05-23T07:20:13.196+0000] {logging_mixin.py:188} INFO - [2025-05-23T07:20:13.195+0000] {dagbag.py:545} INFO - Filling up the DagBag from /opt/airflow/dags/random_user_pipeline.py
[2025-05-23T07:20:13.495+0000] {logging_mixin.py:188} WARNING - /home/airflow/.local/lib/python3.12/site-packages/airflow/models/baseoperator.py:485 RemovedInAirflow3Warning: provide_context is deprecated as of 2.0 and is no longer required
[2025-05-23T07:20:13.554+0000] {processor.py:840} INFO - DAG(s) 'random_user_pipeline' retrieved from /opt/airflow/dags/random_user_pipeline.py
[2025-05-23T07:20:14.153+0000] {logging_mixin.py:188} INFO - [2025-05-23T07:20:14.152+0000] {dag.py:3096} INFO - Sync 1 DAGs
[2025-05-23T07:20:14.270+0000] {logging_mixin.py:188} INFO - [2025-05-23T07:20:14.269+0000] {dag.py:3954} INFO - Setting next_dagrun for random_user_pipeline to 2025-05-23 00:00:00+00:00, run_after=2025-05-24 00:00:00+00:00
[2025-05-23T07:20:14.377+0000] {processor.py:183} INFO - Processing /opt/airflow/dags/random_user_pipeline.py took 1.209 seconds
[2025-05-23T07:20:44.669+0000] {processor.py:161} INFO - Started process (PID=312) to work on /opt/airflow/dags/random_user_pipeline.py
[2025-05-23T07:20:44.671+0000] {processor.py:830} INFO - Processing file /opt/airflow/dags/random_user_pipeline.py for tasks to queue
[2025-05-23T07:20:44.673+0000] {logging_mixin.py:188} INFO - [2025-05-23T07:20:44.673+0000] {dagbag.py:545} INFO - Filling up the DagBag from /opt/airflow/dags/random_user_pipeline.py
[2025-05-23T07:20:44.958+0000] {logging_mixin.py:188} WARNING - /home/airflow/.local/lib/python3.12/site-packages/airflow/models/baseoperator.py:485 RemovedInAirflow3Warning: provide_context is deprecated as of 2.0 and is no longer required
[2025-05-23T07:20:45.003+0000] {processor.py:840} INFO - DAG(s) 'random_user_pipeline' retrieved from /opt/airflow/dags/random_user_pipeline.py
[2025-05-23T07:20:45.725+0000] {logging_mixin.py:188} INFO - [2025-05-23T07:20:45.724+0000] {dag.py:3096} INFO - Sync 1 DAGs
[2025-05-23T07:20:45.868+0000] {logging_mixin.py:188} INFO - [2025-05-23T07:20:45.868+0000] {dag.py:3954} INFO - Setting next_dagrun for random_user_pipeline to 2025-05-23 00:00:00+00:00, run_after=2025-05-24 00:00:00+00:00
[2025-05-23T07:20:45.974+0000] {processor.py:183} INFO - Processing /opt/airflow/dags/random_user_pipeline.py took 1.313 seconds
[2025-05-23T07:21:16.424+0000] {processor.py:161} INFO - Started process (PID=317) to work on /opt/airflow/dags/random_user_pipeline.py
[2025-05-23T07:21:16.426+0000] {processor.py:830} INFO - Processing file /opt/airflow/dags/random_user_pipeline.py for tasks to queue
[2025-05-23T07:21:16.430+0000] {logging_mixin.py:188} INFO - [2025-05-23T07:21:16.429+0000] {dagbag.py:545} INFO - Filling up the DagBag from /opt/airflow/dags/random_user_pipeline.py
[2025-05-23T07:21:16.752+0000] {logging_mixin.py:188} WARNING - /home/airflow/.local/lib/python3.12/site-packages/airflow/models/baseoperator.py:485 RemovedInAirflow3Warning: provide_context is deprecated as of 2.0 and is no longer required
[2025-05-23T07:21:16.813+0000] {processor.py:840} INFO - DAG(s) 'random_user_pipeline' retrieved from /opt/airflow/dags/random_user_pipeline.py
[2025-05-23T07:21:17.476+0000] {logging_mixin.py:188} INFO - [2025-05-23T07:21:17.475+0000] {dag.py:3096} INFO - Sync 1 DAGs
[2025-05-23T07:21:17.583+0000] {logging_mixin.py:188} INFO - [2025-05-23T07:21:17.583+0000] {dag.py:3954} INFO - Setting next_dagrun for random_user_pipeline to 2025-05-23 00:00:00+00:00, run_after=2025-05-24 00:00:00+00:00
[2025-05-23T07:21:17.686+0000] {processor.py:183} INFO - Processing /opt/airflow/dags/random_user_pipeline.py took 1.273 seconds
[2025-05-23T07:21:47.981+0000] {processor.py:161} INFO - Started process (PID=322) to work on /opt/airflow/dags/random_user_pipeline.py
[2025-05-23T07:21:47.984+0000] {processor.py:830} INFO - Processing file /opt/airflow/dags/random_user_pipeline.py for tasks to queue
[2025-05-23T07:21:47.987+0000] {logging_mixin.py:188} INFO - [2025-05-23T07:21:47.987+0000] {dagbag.py:545} INFO - Filling up the DagBag from /opt/airflow/dags/random_user_pipeline.py
[2025-05-23T07:21:48.274+0000] {logging_mixin.py:188} WARNING - /home/airflow/.local/lib/python3.12/site-packages/airflow/models/baseoperator.py:485 RemovedInAirflow3Warning: provide_context is deprecated as of 2.0 and is no longer required
[2025-05-23T07:21:48.310+0000] {processor.py:840} INFO - DAG(s) 'random_user_pipeline' retrieved from /opt/airflow/dags/random_user_pipeline.py
[2025-05-23T07:21:49.042+0000] {logging_mixin.py:188} INFO - [2025-05-23T07:21:49.041+0000] {dag.py:3096} INFO - Sync 1 DAGs
[2025-05-23T07:21:49.112+0000] {logging_mixin.py:188} INFO - [2025-05-23T07:21:49.112+0000] {dag.py:3954} INFO - Setting next_dagrun for random_user_pipeline to 2025-05-23 00:00:00+00:00, run_after=2025-05-24 00:00:00+00:00
[2025-05-23T07:21:49.202+0000] {processor.py:183} INFO - Processing /opt/airflow/dags/random_user_pipeline.py took 1.232 seconds
[2025-05-23T07:22:19.701+0000] {processor.py:161} INFO - Started process (PID=327) to work on /opt/airflow/dags/random_user_pipeline.py
[2025-05-23T07:22:19.703+0000] {processor.py:830} INFO - Processing file /opt/airflow/dags/random_user_pipeline.py for tasks to queue
[2025-05-23T07:22:19.706+0000] {logging_mixin.py:188} INFO - [2025-05-23T07:22:19.705+0000] {dagbag.py:545} INFO - Filling up the DagBag from /opt/airflow/dags/random_user_pipeline.py
[2025-05-23T07:22:20.003+0000] {logging_mixin.py:188} WARNING - /home/airflow/.local/lib/python3.12/site-packages/airflow/models/baseoperator.py:485 RemovedInAirflow3Warning: provide_context is deprecated as of 2.0 and is no longer required
[2025-05-23T07:22:20.047+0000] {processor.py:840} INFO - DAG(s) 'random_user_pipeline' retrieved from /opt/airflow/dags/random_user_pipeline.py
[2025-05-23T07:22:20.649+0000] {logging_mixin.py:188} INFO - [2025-05-23T07:22:20.645+0000] {dag.py:3096} INFO - Sync 1 DAGs
[2025-05-23T07:22:20.720+0000] {logging_mixin.py:188} INFO - [2025-05-23T07:22:20.720+0000] {dag.py:3954} INFO - Setting next_dagrun for random_user_pipeline to 2025-05-23 00:00:00+00:00, run_after=2025-05-24 00:00:00+00:00
[2025-05-23T07:22:20.788+0000] {processor.py:183} INFO - Processing /opt/airflow/dags/random_user_pipeline.py took 1.095 seconds
[2025-05-23T07:22:51.188+0000] {processor.py:161} INFO - Started process (PID=332) to work on /opt/airflow/dags/random_user_pipeline.py
[2025-05-23T07:22:51.190+0000] {processor.py:830} INFO - Processing file /opt/airflow/dags/random_user_pipeline.py for tasks to queue
[2025-05-23T07:22:51.194+0000] {logging_mixin.py:188} INFO - [2025-05-23T07:22:51.193+0000] {dagbag.py:545} INFO - Filling up the DagBag from /opt/airflow/dags/random_user_pipeline.py
[2025-05-23T07:22:51.479+0000] {logging_mixin.py:188} WARNING - /home/airflow/.local/lib/python3.12/site-packages/airflow/models/baseoperator.py:485 RemovedInAirflow3Warning: provide_context is deprecated as of 2.0 and is no longer required
[2025-05-23T07:22:51.535+0000] {processor.py:840} INFO - DAG(s) 'random_user_pipeline' retrieved from /opt/airflow/dags/random_user_pipeline.py
[2025-05-23T07:22:54.064+0000] {logging_mixin.py:188} INFO - [2025-05-23T07:22:54.064+0000] {dag.py:3096} INFO - Sync 1 DAGs
[2025-05-23T07:22:54.124+0000] {logging_mixin.py:188} INFO - [2025-05-23T07:22:54.124+0000] {dag.py:3954} INFO - Setting next_dagrun for random_user_pipeline to 2025-05-23 00:00:00+00:00, run_after=2025-05-24 00:00:00+00:00
[2025-05-23T07:22:54.194+0000] {processor.py:183} INFO - Processing /opt/airflow/dags/random_user_pipeline.py took 3.013 seconds
