[2025-04-29T14:53:23.763+0000] {local_task_job_runner.py:120} INFO - ::group::Pre task execution logs
[2025-04-29T14:53:24.240+0000] {taskinstance.py:2076} INFO - Dependencies all met for dep_context=non-requeueable deps ti=<TaskInstance: random_user_pipeline.insert_postgres manual__2025-04-29T14:53:09.271436+00:00 [queued]>
[2025-04-29T14:53:24.263+0000] {taskinstance.py:2076} INFO - Dependencies all met for dep_context=requeueable deps ti=<TaskInstance: random_user_pipeline.insert_postgres manual__2025-04-29T14:53:09.271436+00:00 [queued]>
[2025-04-29T14:53:24.265+0000] {taskinstance.py:2306} INFO - Starting attempt 1 of 2
[2025-04-29T14:53:24.297+0000] {taskinstance.py:2330} INFO - Executing <Task(PythonOperator): insert_postgres> on 2025-04-29 14:53:09.271436+00:00
[2025-04-29T14:53:24.307+0000] {standard_task_runner.py:90} INFO - Running: ['airflow', 'tasks', 'run', 'random_user_pipeline', 'insert_***', 'manual__2025-04-29T14:53:09.271436+00:00', '--job-id', '136', '--raw', '--subdir', 'DAGS_FOLDER/random_user_pipeline.py', '--cfg-path', '/tmp/tmp117cayr5']
[2025-04-29T14:53:24.313+0000] {standard_task_runner.py:91} INFO - Job 136: Subtask insert_***
[2025-04-29T14:53:24.314+0000] {logging_mixin.py:188} WARNING - /home/airflow/.local/lib/python3.12/site-packages/airflow/task/task_runner/standard_task_runner.py:61 DeprecationWarning: This process (pid=209) is multi-threaded, use of fork() may lead to deadlocks in the child.
[2025-04-29T14:53:24.315+0000] {standard_task_runner.py:63} INFO - Started process 210 to run task
[2025-04-29T14:53:25.738+0000] {task_command.py:426} INFO - Running <TaskInstance: random_user_pipeline.insert_postgres manual__2025-04-29T14:53:09.271436+00:00 [running]> on host db92725332e9
[2025-04-29T14:53:32.505+0000] {taskinstance.py:2648} INFO - Exporting env vars: AIRFLOW_CTX_DAG_OWNER='airflow' AIRFLOW_CTX_DAG_ID='random_user_pipeline' AIRFLOW_CTX_TASK_ID='insert_***' AIRFLOW_CTX_EXECUTION_DATE='2025-04-29T14:53:09.271436+00:00' AIRFLOW_CTX_TRY_NUMBER='1' AIRFLOW_CTX_DAG_RUN_ID='manual__2025-04-29T14:53:09.271436+00:00'
[2025-04-29T14:53:32.507+0000] {taskinstance.py:430} INFO - ::endgroup::
[2025-04-29T14:53:32.525+0000] {taskinstance.py:441} INFO - ::group::Post task execution logs
[2025-04-29T14:53:32.526+0000] {taskinstance.py:2905} ERROR - Task failed with exception
Traceback (most recent call last):
  File "/home/airflow/.local/lib/python3.12/site-packages/airflow/models/taskinstance.py", line 465, in _execute_task
    result = _execute_callable(context=context, **execute_callable_kwargs)
             ^^^^^^^^^^^^^^^^^^^^^^^^^^^^^^^^^^^^^^^^^^^^^^^^^^^^^^^^^^^^^
  File "/home/airflow/.local/lib/python3.12/site-packages/airflow/models/taskinstance.py", line 432, in _execute_callable
    return execute_callable(context=context, **execute_callable_kwargs)
           ^^^^^^^^^^^^^^^^^^^^^^^^^^^^^^^^^^^^^^^^^^^^^^^^^^^^^^^^^^^^
  File "/home/airflow/.local/lib/python3.12/site-packages/airflow/models/baseoperator.py", line 401, in wrapper
    return func(self, *args, **kwargs)
           ^^^^^^^^^^^^^^^^^^^^^^^^^^^
  File "/home/airflow/.local/lib/python3.12/site-packages/airflow/operators/python.py", line 235, in execute
    return_value = self.execute_callable()
                   ^^^^^^^^^^^^^^^^^^^^^^^
  File "/home/airflow/.local/lib/python3.12/site-packages/airflow/operators/python.py", line 252, in execute_callable
    return self.python_callable(*self.op_args, **self.op_kwargs)
           ^^^^^^^^^^^^^^^^^^^^^^^^^^^^^^^^^^^^^^^^^^^^^^^^^^^^^
  File "/opt/airflow/dags/storage/postgres_loader/write_to_postgres.py", line 7, in write_to_postgres
    if not data or 'data' not in data or not isinstance(data['data'], list):
                                                        ~~~~^^^^^^^^
TypeError: string indices must be integers, not 'str'
[2025-04-29T14:53:33.163+0000] {taskinstance.py:1206} INFO - Marking task as UP_FOR_RETRY. dag_id=random_user_pipeline, task_id=insert_***, run_id=manual__2025-04-29T14:53:09.271436+00:00, execution_date=20250429T145309, start_date=20250429T145324, end_date=20250429T145333
[2025-04-29T14:53:33.205+0000] {standard_task_runner.py:110} ERROR - Failed to execute job 136 for task insert_*** (string indices must be integers, not 'str'; 210)
[2025-04-29T14:53:33.229+0000] {local_task_job_runner.py:240} INFO - Task exited with return code 1
[2025-04-29T14:53:33.718+0000] {taskinstance.py:3503} INFO - 0 downstream tasks scheduled from follow-on schedule check
[2025-04-29T14:53:33.723+0000] {local_task_job_runner.py:222} INFO - ::endgroup::
