[2025-05-04T03:27:35.061+0000] {local_task_job_runner.py:120} INFO - ::group::Pre task execution logs
[2025-05-04T03:27:35.337+0000] {taskinstance.py:2076} INFO - Dependencies all met for dep_context=non-requeueable deps ti=<TaskInstance: random_user_pipeline.insert_postgres scheduled__2025-05-03T00:00:00+00:00 [queued]>
[2025-05-04T03:27:35.351+0000] {taskinstance.py:2076} INFO - Dependencies all met for dep_context=requeueable deps ti=<TaskInstance: random_user_pipeline.insert_postgres scheduled__2025-05-03T00:00:00+00:00 [queued]>
[2025-05-04T03:27:35.352+0000] {taskinstance.py:2306} INFO - Starting attempt 1 of 2
[2025-05-04T03:27:35.371+0000] {taskinstance.py:2330} INFO - Executing <Task(PythonOperator): insert_postgres> on 2025-05-03 00:00:00+00:00
[2025-05-04T03:27:35.381+0000] {standard_task_runner.py:90} INFO - Running: ['airflow', 'tasks', 'run', 'random_user_pipeline', 'insert_***', 'scheduled__2025-05-03T00:00:00+00:00', '--job-id', '212', '--raw', '--subdir', 'DAGS_FOLDER/random_user_pipeline.py', '--cfg-path', '/tmp/tmp2px7b5yk']
[2025-05-04T03:27:35.385+0000] {standard_task_runner.py:91} INFO - Job 212: Subtask insert_***
[2025-05-04T03:27:35.387+0000] {logging_mixin.py:188} WARNING - /home/airflow/.local/lib/python3.12/site-packages/airflow/task/task_runner/standard_task_runner.py:61 DeprecationWarning: This process (pid=4093) is multi-threaded, use of fork() may lead to deadlocks in the child.
[2025-05-04T03:27:35.388+0000] {standard_task_runner.py:63} INFO - Started process 4094 to run task
[2025-05-04T03:27:36.135+0000] {task_command.py:426} INFO - Running <TaskInstance: random_user_pipeline.insert_postgres scheduled__2025-05-03T00:00:00+00:00 [running]> on host 4158771de208
[2025-05-04T03:27:37.437+0000] {taskinstance.py:2648} INFO - Exporting env vars: AIRFLOW_CTX_DAG_OWNER='airflow' AIRFLOW_CTX_DAG_ID='random_user_pipeline' AIRFLOW_CTX_TASK_ID='insert_***' AIRFLOW_CTX_EXECUTION_DATE='2025-05-03T00:00:00+00:00' AIRFLOW_CTX_TRY_NUMBER='1' AIRFLOW_CTX_DAG_RUN_ID='scheduled__2025-05-03T00:00:00+00:00'
[2025-05-04T03:27:37.439+0000] {taskinstance.py:430} INFO - ::endgroup::
[2025-05-04T03:27:37.453+0000] {logging_mixin.py:188} INFO - Parsed using ast.literal_eval (Python dict string).
[2025-05-04T03:27:37.643+0000] {logging_mixin.py:188} INFO - ✅ Database connection established.
[2025-05-04T03:27:37.648+0000] {logging_mixin.py:188} INFO - ✅ Table ready.
[2025-05-04T03:27:37.649+0000] {logging_mixin.py:188} INFO - 
--- Inserting product ---
[2025-05-04T03:27:37.649+0000] {logging_mixin.py:188} INFO - Name: Dolorum voluptates non optio.
[2025-05-04T03:27:37.650+0000] {logging_mixin.py:188} INFO - Description: Magni et sed veniam alias odit ea optio. Quis et et est aut. Maiores laboriosam alias rem fugiat quos et velit rerum.
[2025-05-04T03:27:37.650+0000] {logging_mixin.py:188} INFO - EAN: 7745780642646
[2025-05-04T03:27:37.651+0000] {logging_mixin.py:188} INFO - UPC: 580774583158
[2025-05-04T03:27:37.651+0000] {logging_mixin.py:188} INFO - Image: http://placeimg.com/640/480/tech
[2025-05-04T03:27:37.652+0000] {logging_mixin.py:188} INFO - Net Price: 7.32
[2025-05-04T03:27:37.652+0000] {logging_mixin.py:188} INFO - Taxes: 22.0
[2025-05-04T03:27:37.653+0000] {logging_mixin.py:188} INFO - Price: 8.93
[2025-05-04T03:27:37.656+0000] {logging_mixin.py:188} INFO - 
--- Inserting product ---
[2025-05-04T03:27:37.656+0000] {logging_mixin.py:188} INFO - Name: Sed non aut eos quo vel.
[2025-05-04T03:27:37.657+0000] {logging_mixin.py:188} INFO - Description: Officia sed ad debitis. Cum doloribus quisquam error repellendus hic sunt. Expedita aut omnis animi corrupti ut maxime adipisci.
[2025-05-04T03:27:37.657+0000] {logging_mixin.py:188} INFO - EAN: 2959580916738
[2025-05-04T03:27:37.658+0000] {logging_mixin.py:188} INFO - UPC: 159676601195
[2025-05-04T03:27:37.658+0000] {logging_mixin.py:188} INFO - Image: http://placeimg.com/640/480/tech
[2025-05-04T03:27:37.659+0000] {logging_mixin.py:188} INFO - Net Price: 10478.71
[2025-05-04T03:27:37.659+0000] {logging_mixin.py:188} INFO - Taxes: 22.0
[2025-05-04T03:27:37.660+0000] {logging_mixin.py:188} INFO - Price: 12784.03
[2025-05-04T03:27:37.662+0000] {logging_mixin.py:188} INFO - 
--- Inserting product ---
[2025-05-04T03:27:37.662+0000] {logging_mixin.py:188} INFO - Name: Nisi cum dolores placeat qui.
[2025-05-04T03:27:37.663+0000] {logging_mixin.py:188} INFO - Description: Soluta dolorem praesentium rerum dicta. Eveniet in repellat vel. Sint beatae recusandae dolores modi.
[2025-05-04T03:27:37.663+0000] {logging_mixin.py:188} INFO - EAN: 3821551991336
[2025-05-04T03:27:37.664+0000] {logging_mixin.py:188} INFO - UPC: 236950946138
[2025-05-04T03:27:37.664+0000] {logging_mixin.py:188} INFO - Image: http://placeimg.com/640/480/tech
[2025-05-04T03:27:37.665+0000] {logging_mixin.py:188} INFO - Net Price: 723826676.67
[2025-05-04T03:27:37.666+0000] {logging_mixin.py:188} INFO - Taxes: 22.0
[2025-05-04T03:27:37.666+0000] {logging_mixin.py:188} INFO - Price: 883068545.54
[2025-05-04T03:27:37.668+0000] {logging_mixin.py:188} INFO - 
--- Inserting product ---
[2025-05-04T03:27:37.669+0000] {logging_mixin.py:188} INFO - Name: Et est quia minus quas.
[2025-05-04T03:27:37.669+0000] {logging_mixin.py:188} INFO - Description: Ipsa tenetur voluptas commodi officia quod minima. Non cumque voluptatem consequatur rerum est quia assumenda sapiente.
[2025-05-04T03:27:37.670+0000] {logging_mixin.py:188} INFO - EAN: 3105300644637
[2025-05-04T03:27:37.671+0000] {logging_mixin.py:188} INFO - UPC: 261826079699
[2025-05-04T03:27:37.671+0000] {logging_mixin.py:188} INFO - Image: http://placeimg.com/640/480/tech
[2025-05-04T03:27:37.672+0000] {logging_mixin.py:188} INFO - Net Price: 10059.09
[2025-05-04T03:27:37.672+0000] {logging_mixin.py:188} INFO - Taxes: 22.0
[2025-05-04T03:27:37.673+0000] {logging_mixin.py:188} INFO - Price: 12272.09
[2025-05-04T03:27:37.674+0000] {logging_mixin.py:188} INFO - 
--- Inserting product ---
[2025-05-04T03:27:37.675+0000] {logging_mixin.py:188} INFO - Name: Laborum non quia quos culpa.
[2025-05-04T03:27:37.675+0000] {logging_mixin.py:188} INFO - Description: Debitis non enim quos est id ad ut. Modi eligendi dolore assumenda quae placeat culpa. Amet atque quia quod blanditiis exercitationem. Inventore nulla delectus commodi saepe nobis.
[2025-05-04T03:27:37.675+0000] {logging_mixin.py:188} INFO - EAN: 5352473431863
[2025-05-04T03:27:37.676+0000] {logging_mixin.py:188} INFO - UPC: 931210763297
[2025-05-04T03:27:37.676+0000] {logging_mixin.py:188} INFO - Image: http://placeimg.com/640/480/tech
[2025-05-04T03:27:37.677+0000] {logging_mixin.py:188} INFO - Net Price: 510901.8
[2025-05-04T03:27:37.677+0000] {logging_mixin.py:188} INFO - Taxes: 22.0
[2025-05-04T03:27:37.677+0000] {logging_mixin.py:188} INFO - Price: 623300.2
[2025-05-04T03:27:37.678+0000] {logging_mixin.py:188} INFO - 
--- Inserting product ---
[2025-05-04T03:27:37.679+0000] {logging_mixin.py:188} INFO - Name: Omnis ut eos facere ea.
[2025-05-04T03:27:37.679+0000] {logging_mixin.py:188} INFO - Description: Quidem maxime nisi rerum deserunt quibusdam iure incidunt. Quia aut expedita quia provident. Voluptates corrupti rerum ipsa dolor dolor nesciunt.
[2025-05-04T03:27:37.679+0000] {logging_mixin.py:188} INFO - EAN: 7051386502384
[2025-05-04T03:27:37.680+0000] {logging_mixin.py:188} INFO - UPC: 272193744362
[2025-05-04T03:27:37.680+0000] {logging_mixin.py:188} INFO - Image: http://placeimg.com/640/480/tech
[2025-05-04T03:27:37.680+0000] {logging_mixin.py:188} INFO - Net Price: 0.72
[2025-05-04T03:27:37.680+0000] {logging_mixin.py:188} INFO - Taxes: 22.0
[2025-05-04T03:27:37.681+0000] {logging_mixin.py:188} INFO - Price: 0.88
[2025-05-04T03:27:37.682+0000] {logging_mixin.py:188} INFO - 
--- Inserting product ---
[2025-05-04T03:27:37.682+0000] {logging_mixin.py:188} INFO - Name: Tempora rem fugiat enim id.
[2025-05-04T03:27:37.682+0000] {logging_mixin.py:188} INFO - Description: Eos sit hic nisi dignissimos. Aperiam sed in corrupti magni excepturi et. Velit vitae blanditiis velit. Rerum quia rem ut ut voluptatum consectetur.
[2025-05-04T03:27:37.682+0000] {logging_mixin.py:188} INFO - EAN: 7985125315495
[2025-05-04T03:27:37.683+0000] {logging_mixin.py:188} INFO - UPC: 802940089515
[2025-05-04T03:27:37.683+0000] {logging_mixin.py:188} INFO - Image: http://placeimg.com/640/480/tech
[2025-05-04T03:27:37.683+0000] {logging_mixin.py:188} INFO - Net Price: 1244339.96
[2025-05-04T03:27:37.683+0000] {logging_mixin.py:188} INFO - Taxes: 22.0
[2025-05-04T03:27:37.684+0000] {logging_mixin.py:188} INFO - Price: 1518094.75
[2025-05-04T03:27:37.685+0000] {logging_mixin.py:188} INFO - 
--- Inserting product ---
[2025-05-04T03:27:37.685+0000] {logging_mixin.py:188} INFO - Name: Laboriosam facilis vel id.
[2025-05-04T03:27:37.685+0000] {logging_mixin.py:188} INFO - Description: Impedit minus maxime magnam aperiam qui aut libero et. Quia enim possimus modi cum et voluptatibus. Illo labore aut provident deleniti consequatur rerum laudantium.
[2025-05-04T03:27:37.685+0000] {logging_mixin.py:188} INFO - EAN: 4133897026658
[2025-05-04T03:27:37.686+0000] {logging_mixin.py:188} INFO - UPC: 725534050150
[2025-05-04T03:27:37.686+0000] {logging_mixin.py:188} INFO - Image: http://placeimg.com/640/480/tech
[2025-05-04T03:27:37.686+0000] {logging_mixin.py:188} INFO - Net Price: 398413.46
[2025-05-04T03:27:37.686+0000] {logging_mixin.py:188} INFO - Taxes: 22.0
[2025-05-04T03:27:37.687+0000] {logging_mixin.py:188} INFO - Price: 486064.42
[2025-05-04T03:27:37.687+0000] {logging_mixin.py:188} INFO - 
--- Inserting product ---
[2025-05-04T03:27:37.688+0000] {logging_mixin.py:188} INFO - Name: Ipsa repellendus eaque enim.
[2025-05-04T03:27:37.688+0000] {logging_mixin.py:188} INFO - Description: Impedit aut aliquam fugiat aut. Dolores quia impedit quia aut fuga impedit. Voluptas ratione tenetur tempore vitae. Ipsam iste dicta corporis eligendi quas est.
[2025-05-04T03:27:37.688+0000] {logging_mixin.py:188} INFO - EAN: 0993514706172
[2025-05-04T03:27:37.688+0000] {logging_mixin.py:188} INFO - UPC: 011718562265
[2025-05-04T03:27:37.689+0000] {logging_mixin.py:188} INFO - Image: http://placeimg.com/640/480/tech
[2025-05-04T03:27:37.689+0000] {logging_mixin.py:188} INFO - Net Price: 647564.04
[2025-05-04T03:27:37.689+0000] {logging_mixin.py:188} INFO - Taxes: 22.0
[2025-05-04T03:27:37.689+0000] {logging_mixin.py:188} INFO - Price: 790028.13
[2025-05-04T03:27:37.690+0000] {logging_mixin.py:188} INFO - 
--- Inserting product ---
[2025-05-04T03:27:37.690+0000] {logging_mixin.py:188} INFO - Name: Cum quisquam temporibus qui.
[2025-05-04T03:27:37.691+0000] {logging_mixin.py:188} INFO - Description: Et omnis sequi itaque officia rerum mollitia. Ab quam eius voluptatem voluptatem minima. Ex dolor quo maiores dolorem est delectus. Explicabo aut est minus laboriosam et voluptatum pariatur maxime.
[2025-05-04T03:27:37.691+0000] {logging_mixin.py:188} INFO - EAN: 9035272332000
[2025-05-04T03:27:37.691+0000] {logging_mixin.py:188} INFO - UPC: 410568399483
[2025-05-04T03:27:37.691+0000] {logging_mixin.py:188} INFO - Image: http://placeimg.com/640/480/tech
[2025-05-04T03:27:37.692+0000] {logging_mixin.py:188} INFO - Net Price: 1924.94
[2025-05-04T03:27:37.692+0000] {logging_mixin.py:188} INFO - Taxes: 22.0
[2025-05-04T03:27:37.692+0000] {logging_mixin.py:188} INFO - Price: 2348.43
[2025-05-04T03:27:37.694+0000] {logging_mixin.py:188} INFO - 
✅ Inserted 10 products successfully.
[2025-05-04T03:27:37.695+0000] {logging_mixin.py:188} INFO - 🔒 DB connection closed.
[2025-05-04T03:27:37.695+0000] {python.py:237} INFO - Done. Returned value was: None
[2025-05-04T03:27:37.695+0000] {taskinstance.py:441} INFO - ::group::Post task execution logs
[2025-05-04T03:27:37.929+0000] {taskinstance.py:1206} INFO - Marking task as SUCCESS. dag_id=random_user_pipeline, task_id=insert_***, run_id=scheduled__2025-05-03T00:00:00+00:00, execution_date=20250503T000000, start_date=20250504T032735, end_date=20250504T032737
[2025-05-04T03:27:37.978+0000] {local_task_job_runner.py:240} INFO - Task exited with return code 0
[2025-05-04T03:27:38.176+0000] {taskinstance.py:3503} INFO - 0 downstream tasks scheduled from follow-on schedule check
[2025-05-04T03:27:38.179+0000] {local_task_job_runner.py:222} INFO - ::endgroup::
