[2025-04-28T16:30:47.940+0000] {local_task_job_runner.py:120} INFO - ::group::Pre task execution logs
[2025-04-28T16:30:48.454+0000] {taskinstance.py:2076} INFO - Dependencies all met for dep_context=non-requeueable deps ti=<TaskInstance: random_user_pipeline.insert_postgres manual__2025-04-28T16:30:28.870520+00:00 [queued]>
[2025-04-28T16:30:48.478+0000] {taskinstance.py:2076} INFO - Dependencies all met for dep_context=requeueable deps ti=<TaskInstance: random_user_pipeline.insert_postgres manual__2025-04-28T16:30:28.870520+00:00 [queued]>
[2025-04-28T16:30:48.479+0000] {taskinstance.py:2306} INFO - Starting attempt 1 of 2
[2025-04-28T16:30:48.507+0000] {taskinstance.py:2330} INFO - Executing <Task(PythonOperator): insert_postgres> on 2025-04-28 16:30:28.870520+00:00
[2025-04-28T16:30:48.518+0000] {standard_task_runner.py:90} INFO - Running: ['airflow', 'tasks', 'run', 'random_user_pipeline', 'insert_***', 'manual__2025-04-28T16:30:28.870520+00:00', '--job-id', '107', '--raw', '--subdir', 'DAGS_FOLDER/random_user_pipeline.py', '--cfg-path', '/tmp/tmp8zmgli8x']
[2025-04-28T16:30:48.522+0000] {standard_task_runner.py:91} INFO - Job 107: Subtask insert_***
[2025-04-28T16:30:48.524+0000] {logging_mixin.py:188} WARNING - /home/airflow/.local/lib/python3.12/site-packages/airflow/task/task_runner/standard_task_runner.py:61 DeprecationWarning: This process (pid=211) is multi-threaded, use of fork() may lead to deadlocks in the child.
[2025-04-28T16:30:48.525+0000] {standard_task_runner.py:63} INFO - Started process 212 to run task
[2025-04-28T16:30:49.967+0000] {task_command.py:426} INFO - Running <TaskInstance: random_user_pipeline.insert_postgres manual__2025-04-28T16:30:28.870520+00:00 [running]> on host 04b4fc26656e
[2025-04-28T16:30:52.539+0000] {taskinstance.py:2648} INFO - Exporting env vars: AIRFLOW_CTX_DAG_OWNER='airflow' AIRFLOW_CTX_DAG_ID='random_user_pipeline' AIRFLOW_CTX_TASK_ID='insert_***' AIRFLOW_CTX_EXECUTION_DATE='2025-04-28T16:30:28.870520+00:00' AIRFLOW_CTX_TRY_NUMBER='1' AIRFLOW_CTX_DAG_RUN_ID='manual__2025-04-28T16:30:28.870520+00:00'
[2025-04-28T16:30:52.542+0000] {taskinstance.py:430} INFO - ::endgroup::
[2025-04-28T16:30:52.561+0000] {logging_mixin.py:188} INFO - Fetched Product Data: N
[2025-04-28T16:30:53.008+0000] {logging_mixin.py:188} INFO - Database connection established.
[2025-04-28T16:30:53.015+0000] {logging_mixin.py:188} INFO - Table creation or existence check passed.
[2025-04-28T16:30:53.016+0000] {logging_mixin.py:188} INFO - Error during database operation: string indices must be integers, not 'str'
[2025-04-28T16:30:53.020+0000] {logging_mixin.py:188} INFO - Database connection closed.
[2025-04-28T16:30:53.021+0000] {taskinstance.py:441} INFO - ::group::Post task execution logs
[2025-04-28T16:30:53.023+0000] {taskinstance.py:2905} ERROR - Task failed with exception
Traceback (most recent call last):
  File "/home/airflow/.local/lib/python3.12/site-packages/airflow/models/taskinstance.py", line 465, in _execute_task
    result = _execute_callable(context=context, **execute_callable_kwargs)
             ^^^^^^^^^^^^^^^^^^^^^^^^^^^^^^^^^^^^^^^^^^^^^^^^^^^^^^^^^^^^^
  File "/home/airflow/.local/lib/python3.12/site-packages/airflow/models/taskinstance.py", line 432, in _execute_callable
    return execute_callable(context=context, **execute_callable_kwargs)
           ^^^^^^^^^^^^^^^^^^^^^^^^^^^^^^^^^^^^^^^^^^^^^^^^^^^^^^^^^^^^
  File "/home/airflow/.local/lib/python3.12/site-packages/airflow/models/baseoperator.py", line 401, in wrapper
    return func(self, *args, **kwargs)
           ^^^^^^^^^^^^^^^^^^^^^^^^^^^
  File "/home/airflow/.local/lib/python3.12/site-packages/airflow/operators/python.py", line 235, in execute
    return_value = self.execute_callable()
                   ^^^^^^^^^^^^^^^^^^^^^^^
  File "/home/airflow/.local/lib/python3.12/site-packages/airflow/operators/python.py", line 252, in execute_callable
    return self.python_callable(*self.op_args, **self.op_kwargs)
           ^^^^^^^^^^^^^^^^^^^^^^^^^^^^^^^^^^^^^^^^^^^^^^^^^^^^^
  File "/opt/airflow/dags/storage/postgres_loader/write_to_postgres.py", line 67, in write_to_postgres
    raise e
  File "/opt/airflow/dags/storage/postgres_loader/write_to_postgres.py", line 50, in write_to_postgres
    product['name'],
    ~~~~~~~^^^^^^^^
TypeError: string indices must be integers, not 'str'
[2025-04-28T16:30:53.483+0000] {taskinstance.py:1206} INFO - Marking task as UP_FOR_RETRY. dag_id=random_user_pipeline, task_id=insert_***, run_id=manual__2025-04-28T16:30:28.870520+00:00, execution_date=20250428T163028, start_date=20250428T163048, end_date=20250428T163053
[2025-04-28T16:30:53.528+0000] {standard_task_runner.py:110} ERROR - Failed to execute job 107 for task insert_*** (string indices must be integers, not 'str'; 212)
[2025-04-28T16:30:54.447+0000] {local_task_job_runner.py:240} INFO - Task exited with return code 1
[2025-04-28T16:30:54.923+0000] {taskinstance.py:3503} INFO - 0 downstream tasks scheduled from follow-on schedule check
[2025-04-28T16:30:54.928+0000] {local_task_job_runner.py:222} INFO - ::endgroup::
