[2025-05-19T04:49:29.943+0000] {local_task_job_runner.py:120} INFO - ::group::Pre task execution logs
[2025-05-19T04:49:30.181+0000] {taskinstance.py:2076} INFO - Dependencies all met for dep_context=non-requeueable deps ti=<TaskInstance: random_user_pipeline.log_ingestion_audit manual__2025-05-19T04:48:08.374124+00:00 [queued]>
[2025-05-19T04:49:30.197+0000] {taskinstance.py:2076} INFO - Dependencies all met for dep_context=requeueable deps ti=<TaskInstance: random_user_pipeline.log_ingestion_audit manual__2025-05-19T04:48:08.374124+00:00 [queued]>
[2025-05-19T04:49:30.199+0000] {taskinstance.py:2306} INFO - Starting attempt 2 of 2
[2025-05-19T04:49:30.218+0000] {taskinstance.py:2330} INFO - Executing <Task(PostgresOperator): log_ingestion_audit> on 2025-05-19 04:48:08.374124+00:00
[2025-05-19T04:49:30.225+0000] {standard_task_runner.py:90} INFO - Running: ['airflow', 'tasks', 'run', 'random_user_pipeline', 'log_ingestion_audit', 'manual__2025-05-19T04:48:08.374124+00:00', '--job-id', '289', '--raw', '--subdir', 'DAGS_FOLDER/random_user_pipeline.py', '--cfg-path', '/tmp/tmpif1j0nby']
[2025-05-19T04:49:30.227+0000] {standard_task_runner.py:91} INFO - Job 289: Subtask log_ingestion_audit
[2025-05-19T04:49:30.229+0000] {logging_mixin.py:188} WARNING - /home/airflow/.local/lib/python3.12/site-packages/airflow/task/task_runner/standard_task_runner.py:61 DeprecationWarning: This process (pid=273) is multi-threaded, use of fork() may lead to deadlocks in the child.
[2025-05-19T04:49:30.230+0000] {standard_task_runner.py:63} INFO - Started process 274 to run task
[2025-05-19T04:49:30.983+0000] {task_command.py:426} INFO - Running <TaskInstance: random_user_pipeline.log_ingestion_audit manual__2025-05-19T04:48:08.374124+00:00 [running]> on host 959123ff7751
[2025-05-19T04:49:32.245+0000] {taskinstance.py:2648} INFO - Exporting env vars: AIRFLOW_CTX_DAG_EMAIL='papala.ramesh@quation.in,smilesoframs@gmail.com,ramesh.rams333@gmail.com' AIRFLOW_CTX_DAG_OWNER='airflow' AIRFLOW_CTX_DAG_ID='random_user_pipeline' AIRFLOW_CTX_TASK_ID='log_ingestion_audit' AIRFLOW_CTX_EXECUTION_DATE='2025-05-19T04:48:08.374124+00:00' AIRFLOW_CTX_TRY_NUMBER='2' AIRFLOW_CTX_DAG_RUN_ID='manual__2025-05-19T04:48:08.374124+00:00'
[2025-05-19T04:49:32.247+0000] {taskinstance.py:430} INFO - ::endgroup::
[2025-05-19T04:49:32.259+0000] {sql.py:276} INFO - Executing: -- Create audit table if it doesn't exist
CREATE TABLE IF NOT EXISTS ingestion_audit (
    id SERIAL PRIMARY KEY,
    ingestion_date DATE,
    source TEXT,
    record_count INT,
    status TEXT,
    notes TEXT,
    logged_at TIMESTAMP DEFAULT CURRENT_TIMESTAMP
);

-- Insert audit log
INSERT INTO ingestion_audit (
    ingestion_date,
    source,
    record_count,
    status,
    notes
)
VALUES (
    '2025-05-19',
    'random_product_api',
    20,
    'success',
    'Ingested via Airflow DAG random_user_pipeline'
);
[2025-05-19T04:49:32.261+0000] {crypto.py:82} WARNING - empty cryptography key - values will not be stored encrypted.
[2025-05-19T04:49:32.262+0000] {base.py:84} INFO - Using connection ID '***_default' for task execution.
[2025-05-19T04:49:32.263+0000] {taskinstance.py:441} INFO - ::group::Post task execution logs
[2025-05-19T04:49:32.465+0000] {taskinstance.py:2905} ERROR - Task failed with exception
Traceback (most recent call last):
  File "/home/airflow/.local/lib/python3.12/site-packages/airflow/models/taskinstance.py", line 465, in _execute_task
    result = _execute_callable(context=context, **execute_callable_kwargs)
             ^^^^^^^^^^^^^^^^^^^^^^^^^^^^^^^^^^^^^^^^^^^^^^^^^^^^^^^^^^^^^
  File "/home/airflow/.local/lib/python3.12/site-packages/airflow/models/taskinstance.py", line 432, in _execute_callable
    return execute_callable(context=context, **execute_callable_kwargs)
           ^^^^^^^^^^^^^^^^^^^^^^^^^^^^^^^^^^^^^^^^^^^^^^^^^^^^^^^^^^^^
  File "/home/airflow/.local/lib/python3.12/site-packages/airflow/models/baseoperator.py", line 401, in wrapper
    return func(self, *args, **kwargs)
           ^^^^^^^^^^^^^^^^^^^^^^^^^^^
  File "/home/airflow/.local/lib/python3.12/site-packages/airflow/providers/common/sql/operators/sql.py", line 277, in execute
    hook = self.get_db_hook()
           ^^^^^^^^^^^^^^^^^^
  File "/home/airflow/.local/lib/python3.12/site-packages/airflow/providers/common/sql/operators/sql.py", line 188, in get_db_hook
    return self._hook
           ^^^^^^^^^^
  File "/usr/local/lib/python3.12/functools.py", line 995, in __get__
    val = self.func(instance)
          ^^^^^^^^^^^^^^^^^^^
  File "/home/airflow/.local/lib/python3.12/site-packages/airflow/providers/common/sql/operators/sql.py", line 151, in _hook
    hook = conn.get_hook(hook_params=self.hook_params)
           ^^^^^^^^^^^^^^^^^^^^^^^^^^^^^^^^^^^^^^^^^^^
  File "/home/airflow/.local/lib/python3.12/site-packages/airflow/models/connection.py", line 403, in get_hook
    raise AirflowException(f'Unknown hook type "{self.conn_type}"')
airflow.exceptions.AirflowException: Unknown hook type "***ql+psycopg2"
[2025-05-19T04:49:32.471+0000] {taskinstance.py:1206} INFO - Marking task as FAILED. dag_id=random_user_pipeline, task_id=log_ingestion_audit, run_id=manual__2025-05-19T04:48:08.374124+00:00, execution_date=20250519T044808, start_date=20250519T044930, end_date=20250519T044932
[2025-05-19T04:49:32.500+0000] {logging_mixin.py:188} WARNING - /home/airflow/.local/lib/python3.12/site-packages/airflow/utils/email.py:154 RemovedInAirflow3Warning: Fetching SMTP credentials from configuration variables will be deprecated in a future release. Please set credentials using a connection instead.
[2025-05-19T04:49:32.501+0000] {email.py:271} INFO - Email alerting: attempt 1
[2025-05-19T04:49:33.817+0000] {email.py:282} INFO - Sent an alert email to ['papala.ramesh@quation.in', 'smilesoframs@gmail.com', 'ramesh.rams333@gmail.com']
[2025-05-19T04:49:36.405+0000] {standard_task_runner.py:110} ERROR - Failed to execute job 289 for task log_ingestion_audit (Unknown hook type "***ql+psycopg2"; 274)
[2025-05-19T04:49:36.449+0000] {local_task_job_runner.py:240} INFO - Task exited with return code 1
[2025-05-19T04:49:36.700+0000] {taskinstance.py:3503} INFO - 0 downstream tasks scheduled from follow-on schedule check
[2025-05-19T04:49:36.704+0000] {local_task_job_runner.py:222} INFO - ::endgroup::
