[2025-05-22T05:47:04.173+0000] {local_task_job_runner.py:120} INFO - ::group::Pre task execution logs
[2025-05-22T05:47:04.450+0000] {taskinstance.py:2076} INFO - Dependencies all met for dep_context=non-requeueable deps ti=<TaskInstance: random_user_pipeline.wait_for_existing_data manual__2025-05-22T05:47:02.479168+00:00 [queued]>
[2025-05-22T05:47:04.464+0000] {taskinstance.py:2076} INFO - Dependencies all met for dep_context=requeueable deps ti=<TaskInstance: random_user_pipeline.wait_for_existing_data manual__2025-05-22T05:47:02.479168+00:00 [queued]>
[2025-05-22T05:47:04.464+0000] {taskinstance.py:2306} INFO - Starting attempt 1 of 2
[2025-05-22T05:47:04.482+0000] {taskinstance.py:2330} INFO - Executing <Task(SqlSensor): wait_for_existing_data> on 2025-05-22 05:47:02.479168+00:00
[2025-05-22T05:47:04.489+0000] {logging_mixin.py:188} WARNING - /home/airflow/.local/lib/python3.12/site-packages/airflow/task/task_runner/standard_task_runner.py:61 DeprecationWarning: This process (pid=633) is multi-threaded, use of fork() may lead to deadlocks in the child.
[2025-05-22T05:47:04.490+0000] {standard_task_runner.py:63} INFO - Started process 635 to run task
[2025-05-22T05:47:04.489+0000] {standard_task_runner.py:90} INFO - Running: ['airflow', 'tasks', 'run', 'random_user_pipeline', 'wait_for_existing_data', 'manual__2025-05-22T05:47:02.479168+00:00', '--job-id', '387', '--raw', '--subdir', 'DAGS_FOLDER/random_user_pipeline.py', '--cfg-path', '/tmp/tmp1dchep6h']
[2025-05-22T05:47:04.492+0000] {standard_task_runner.py:91} INFO - Job 387: Subtask wait_for_existing_data
[2025-05-22T05:47:05.364+0000] {task_command.py:426} INFO - Running <TaskInstance: random_user_pipeline.wait_for_existing_data manual__2025-05-22T05:47:02.479168+00:00 [running]> on host cd3a1fee70a8
[2025-05-22T05:47:06.606+0000] {taskinstance.py:2648} INFO - Exporting env vars: AIRFLOW_CTX_DAG_EMAIL='papala.ramesh@quation.in,smilesoframs@gmail.com,ramesh.rams333@gmail.com' AIRFLOW_CTX_DAG_OWNER='airflow' AIRFLOW_CTX_DAG_ID='random_user_pipeline' AIRFLOW_CTX_TASK_ID='wait_for_existing_data' AIRFLOW_CTX_EXECUTION_DATE='2025-05-22T05:47:02.479168+00:00' AIRFLOW_CTX_TRY_NUMBER='1' AIRFLOW_CTX_DAG_RUN_ID='manual__2025-05-22T05:47:02.479168+00:00'
[2025-05-22T05:47:06.607+0000] {taskinstance.py:430} INFO - ::endgroup::
[2025-05-22T05:47:06.624+0000] {crypto.py:82} WARNING - empty cryptography key - values will not be stored encrypted.
[2025-05-22T05:47:06.624+0000] {base.py:84} INFO - Using connection ID '***_default' for task execution.
[2025-05-22T05:47:06.628+0000] {sql.py:95} INFO - Poking: SELECT 1 FROM products WHERE DATE(created_at) = CURRENT_DATE LIMIT 1; (with parameters None)
[2025-05-22T05:47:06.629+0000] {base.py:84} INFO - Using connection ID '***_default' for task execution.
[2025-05-22T05:47:06.929+0000] {sql.py:487} INFO - Running statement: SELECT 1 FROM products WHERE DATE(created_at) = CURRENT_DATE LIMIT 1;, parameters: None
[2025-05-22T05:47:06.934+0000] {sql.py:496} INFO - Rows affected: 1
[2025-05-22T05:47:06.936+0000] {base.py:294} INFO - Success criteria met. Exiting.
[2025-05-22T05:47:06.937+0000] {taskinstance.py:441} INFO - ::group::Post task execution logs
[2025-05-22T05:47:07.371+0000] {taskinstance.py:1206} INFO - Marking task as SUCCESS. dag_id=random_user_pipeline, task_id=wait_for_existing_data, run_id=manual__2025-05-22T05:47:02.479168+00:00, execution_date=20250522T054702, start_date=20250522T054704, end_date=20250522T054707
[2025-05-22T05:47:07.396+0000] {local_task_job_runner.py:240} INFO - Task exited with return code 0
[2025-05-22T05:47:07.821+0000] {logging_mixin.py:188} WARNING - /home/airflow/.local/lib/python3.12/site-packages/airflow/models/baseoperator.py:1297 AirflowProviderDeprecationWarning: Call to deprecated class PostgresOperator. (Please use `airflow.providers.common.sql.operators.sql.SQLExecuteQueryOperator`.Also, you can provide `hook_params={'schema': <database>}`.)
[2025-05-22T05:47:07.849+0000] {taskinstance.py:3503} INFO - 1 downstream tasks scheduled from follow-on schedule check
[2025-05-22T05:47:07.852+0000] {local_task_job_runner.py:222} INFO - ::endgroup::
