[2025-06-03T03:35:50.235+0000] {local_task_job_runner.py:120} INFO - ::group::Pre task execution logs
[2025-06-03T03:35:50.421+0000] {taskinstance.py:2076} INFO - Dependencies all met for dep_context=non-requeueable deps ti=<TaskInstance: random_user_pipeline.wait_for_existing_data manual__2025-06-03T03:35:49.016065+00:00 [queued]>
[2025-06-03T03:35:50.432+0000] {taskinstance.py:2076} INFO - Dependencies all met for dep_context=requeueable deps ti=<TaskInstance: random_user_pipeline.wait_for_existing_data manual__2025-06-03T03:35:49.016065+00:00 [queued]>
[2025-06-03T03:35:50.434+0000] {taskinstance.py:2306} INFO - Starting attempt 1 of 2
[2025-06-03T03:35:50.450+0000] {taskinstance.py:2330} INFO - Executing <Task(SqlSensor): wait_for_existing_data> on 2025-06-03 03:35:49.016065+00:00
[2025-06-03T03:35:50.457+0000] {logging_mixin.py:188} WARNING - /home/airflow/.local/lib/python3.12/site-packages/airflow/task/task_runner/standard_task_runner.py:61 DeprecationWarning: This process (pid=313) is multi-threaded, use of fork() may lead to deadlocks in the child.
[2025-06-03T03:35:50.458+0000] {standard_task_runner.py:63} INFO - Started process 314 to run task
[2025-06-03T03:35:50.457+0000] {standard_task_runner.py:90} INFO - Running: ['airflow', 'tasks', 'run', 'random_user_pipeline', 'wait_for_existing_data', 'manual__2025-06-03T03:35:49.016065+00:00', '--job-id', '457', '--raw', '--subdir', 'DAGS_FOLDER/random_user_pipeline.py', '--cfg-path', '/tmp/tmpq50fboka']
[2025-06-03T03:35:50.459+0000] {standard_task_runner.py:91} INFO - Job 457: Subtask wait_for_existing_data
[2025-06-03T03:35:51.053+0000] {task_command.py:426} INFO - Running <TaskInstance: random_user_pipeline.wait_for_existing_data manual__2025-06-03T03:35:49.016065+00:00 [running]> on host 87db888b1009
[2025-06-03T03:35:51.994+0000] {taskinstance.py:2648} INFO - Exporting env vars: AIRFLOW_CTX_DAG_EMAIL='papala.ramesh@quation.in,smilesoframs@gmail.com' AIRFLOW_CTX_DAG_OWNER='airflow' AIRFLOW_CTX_DAG_ID='random_user_pipeline' AIRFLOW_CTX_TASK_ID='wait_for_existing_data' AIRFLOW_CTX_EXECUTION_DATE='2025-06-03T03:35:49.016065+00:00' AIRFLOW_CTX_TRY_NUMBER='1' AIRFLOW_CTX_DAG_RUN_ID='manual__2025-06-03T03:35:49.016065+00:00'
[2025-06-03T03:35:51.995+0000] {taskinstance.py:430} INFO - ::endgroup::
[2025-06-03T03:35:52.007+0000] {crypto.py:82} WARNING - empty cryptography key - values will not be stored encrypted.
[2025-06-03T03:35:52.007+0000] {base.py:84} INFO - Using connection ID '***_default' for task execution.
[2025-06-03T03:35:52.010+0000] {sql.py:95} INFO - Poking: SELECT 1 FROM products WHERE DATE(created_at) = CURRENT_DATE LIMIT 1; (with parameters None)
[2025-06-03T03:35:52.011+0000] {base.py:84} INFO - Using connection ID '***_default' for task execution.
[2025-06-03T03:35:52.222+0000] {sql.py:487} INFO - Running statement: SELECT 1 FROM products WHERE DATE(created_at) = CURRENT_DATE LIMIT 1;, parameters: None
[2025-06-03T03:35:52.226+0000] {sql.py:496} INFO - Rows affected: 0
[2025-06-03T03:36:22.226+0000] {base.py:84} INFO - Using connection ID '***_default' for task execution.
[2025-06-03T03:36:22.227+0000] {sql.py:95} INFO - Poking: SELECT 1 FROM products WHERE DATE(created_at) = CURRENT_DATE LIMIT 1; (with parameters None)
[2025-06-03T03:36:22.228+0000] {base.py:84} INFO - Using connection ID '***_default' for task execution.
[2025-06-03T03:36:22.441+0000] {sql.py:487} INFO - Running statement: SELECT 1 FROM products WHERE DATE(created_at) = CURRENT_DATE LIMIT 1;, parameters: None
[2025-06-03T03:36:22.445+0000] {sql.py:496} INFO - Rows affected: 0
[2025-06-03T03:36:52.445+0000] {base.py:84} INFO - Using connection ID '***_default' for task execution.
[2025-06-03T03:36:52.447+0000] {sql.py:95} INFO - Poking: SELECT 1 FROM products WHERE DATE(created_at) = CURRENT_DATE LIMIT 1; (with parameters None)
[2025-06-03T03:36:52.449+0000] {base.py:84} INFO - Using connection ID '***_default' for task execution.
[2025-06-03T03:36:52.637+0000] {sql.py:487} INFO - Running statement: SELECT 1 FROM products WHERE DATE(created_at) = CURRENT_DATE LIMIT 1;, parameters: None
[2025-06-03T03:36:52.641+0000] {sql.py:496} INFO - Rows affected: 0
[2025-06-03T03:37:22.643+0000] {base.py:84} INFO - Using connection ID '***_default' for task execution.
[2025-06-03T03:37:22.644+0000] {sql.py:95} INFO - Poking: SELECT 1 FROM products WHERE DATE(created_at) = CURRENT_DATE LIMIT 1; (with parameters None)
[2025-06-03T03:37:22.645+0000] {base.py:84} INFO - Using connection ID '***_default' for task execution.
[2025-06-03T03:37:22.841+0000] {sql.py:487} INFO - Running statement: SELECT 1 FROM products WHERE DATE(created_at) = CURRENT_DATE LIMIT 1;, parameters: None
[2025-06-03T03:37:22.845+0000] {sql.py:496} INFO - Rows affected: 0
[2025-06-03T03:37:52.845+0000] {base.py:84} INFO - Using connection ID '***_default' for task execution.
[2025-06-03T03:37:52.846+0000] {sql.py:95} INFO - Poking: SELECT 1 FROM products WHERE DATE(created_at) = CURRENT_DATE LIMIT 1; (with parameters None)
[2025-06-03T03:37:52.847+0000] {base.py:84} INFO - Using connection ID '***_default' for task execution.
[2025-06-03T03:37:54.112+0000] {sql.py:487} INFO - Running statement: SELECT 1 FROM products WHERE DATE(created_at) = CURRENT_DATE LIMIT 1;, parameters: None
[2025-06-03T03:37:54.117+0000] {sql.py:496} INFO - Rows affected: 0
[2025-06-03T03:37:54.118+0000] {taskinstance.py:441} INFO - ::group::Post task execution logs
[2025-06-03T03:37:54.119+0000] {taskinstance.py:2905} ERROR - Task failed with exception
Traceback (most recent call last):
  File "/home/airflow/.local/lib/python3.12/site-packages/airflow/models/taskinstance.py", line 465, in _execute_task
    result = _execute_callable(context=context, **execute_callable_kwargs)
             ^^^^^^^^^^^^^^^^^^^^^^^^^^^^^^^^^^^^^^^^^^^^^^^^^^^^^^^^^^^^^
  File "/home/airflow/.local/lib/python3.12/site-packages/airflow/models/taskinstance.py", line 432, in _execute_callable
    return execute_callable(context=context, **execute_callable_kwargs)
           ^^^^^^^^^^^^^^^^^^^^^^^^^^^^^^^^^^^^^^^^^^^^^^^^^^^^^^^^^^^^
  File "/home/airflow/.local/lib/python3.12/site-packages/airflow/models/baseoperator.py", line 401, in wrapper
    return func(self, *args, **kwargs)
           ^^^^^^^^^^^^^^^^^^^^^^^^^^^
  File "/home/airflow/.local/lib/python3.12/site-packages/airflow/sensors/base.py", line 281, in execute
    raise AirflowSensorTimeout(message)
airflow.exceptions.AirflowSensorTimeout: Sensor has timed out; run duration of 122.11909281399994 seconds exceeds the specified timeout of 120.0.
[2025-06-03T03:37:54.304+0000] {taskinstance.py:1206} INFO - Immediate failure requested. Marking task as FAILED. dag_id=random_user_pipeline, task_id=wait_for_existing_data, run_id=manual__2025-06-03T03:35:49.016065+00:00, execution_date=20250603T033549, start_date=20250603T033550, end_date=20250603T033754
[2025-06-03T03:37:54.328+0000] {logging_mixin.py:188} WARNING - /home/airflow/.local/lib/python3.12/site-packages/airflow/utils/email.py:154 RemovedInAirflow3Warning: Fetching SMTP credentials from configuration variables will be deprecated in a future release. Please set credentials using a connection instead.
[2025-06-03T03:37:54.328+0000] {email.py:271} INFO - Email alerting: attempt 1
[2025-06-03T03:37:55.692+0000] {email.py:282} INFO - Sent an alert email to ['papala.ramesh@quation.in', 'smilesoframs@gmail.com']
[2025-06-03T03:37:57.885+0000] {standard_task_runner.py:110} ERROR - Failed to execute job 457 for task wait_for_existing_data (Sensor has timed out; run duration of 122.11909281399994 seconds exceeds the specified timeout of 120.0.; 314)
[2025-06-03T03:37:57.919+0000] {local_task_job_runner.py:240} INFO - Task exited with return code 1
[2025-06-03T03:37:58.119+0000] {logging_mixin.py:188} WARNING - /home/airflow/.local/lib/python3.12/site-packages/airflow/models/baseoperator.py:1297 AirflowProviderDeprecationWarning: Call to deprecated class PostgresOperator. (Please use `airflow.providers.common.sql.operators.sql.SQLExecuteQueryOperator`.Also, you can provide `hook_params={'schema': <database>}`.)
[2025-06-03T03:37:58.144+0000] {taskinstance.py:3503} INFO - 0 downstream tasks scheduled from follow-on schedule check
[2025-06-03T03:37:58.150+0000] {local_task_job_runner.py:222} INFO - ::endgroup::
